[0.524s] Invoking command in '/home/kelvinku/networked_robotics/ros2_localization/src/localization': PYTHONPATH=/home/kelvinku/networked_robotics/ros2_localization/build/localization/prefix_override:/home/kelvinku/networked_robotics/ros2_localization/install/localization/lib/python3.10/site-packages:${PYTHONPATH} /usr/bin/python3 setup.py egg_info --egg-base ../../build/localization build --build-base /home/kelvinku/networked_robotics/ros2_localization/build/localization/build install --record /home/kelvinku/networked_robotics/ros2_localization/build/localization/install.log --single-version-externally-managed
[0.649s] running egg_info
[0.649s] writing ../../build/localization/localization.egg-info/PKG-INFO
[0.649s] writing dependency_links to ../../build/localization/localization.egg-info/dependency_links.txt
[0.649s] writing entry points to ../../build/localization/localization.egg-info/entry_points.txt
[0.649s] writing requirements to ../../build/localization/localization.egg-info/requires.txt
[0.650s] writing top-level names to ../../build/localization/localization.egg-info/top_level.txt
[0.650s] reading manifest file '../../build/localization/localization.egg-info/SOURCES.txt'
[0.651s] writing manifest file '../../build/localization/localization.egg-info/SOURCES.txt'
[0.651s] running build
[0.651s] running build_py
[0.651s] running install
[0.651s] running install_lib
[0.651s] running install_data
[0.652s] running install_egg_info
[0.652s] removing '/home/kelvinku/networked_robotics/ros2_localization/install/localization/lib/python3.10/site-packages/localization-0.0.0-py3.10.egg-info' (and everything under it)
[0.652s] Copying ../../build/localization/localization.egg-info to /home/kelvinku/networked_robotics/ros2_localization/install/localization/lib/python3.10/site-packages/localization-0.0.0-py3.10.egg-info
[0.653s] running install_scripts
[0.664s] Installing converter script to /home/kelvinku/networked_robotics/ros2_localization/install/localization/lib/localization
[0.664s] Installing poller script to /home/kelvinku/networked_robotics/ros2_localization/install/localization/lib/localization
[0.664s] writing list of installed files to '/home/kelvinku/networked_robotics/ros2_localization/build/localization/install.log'
[0.678s] Invoked command in '/home/kelvinku/networked_robotics/ros2_localization/src/localization' returned '0': PYTHONPATH=/home/kelvinku/networked_robotics/ros2_localization/build/localization/prefix_override:/home/kelvinku/networked_robotics/ros2_localization/install/localization/lib/python3.10/site-packages:${PYTHONPATH} /usr/bin/python3 setup.py egg_info --egg-base ../../build/localization build --build-base /home/kelvinku/networked_robotics/ros2_localization/build/localization/build install --record /home/kelvinku/networked_robotics/ros2_localization/build/localization/install.log --single-version-externally-managed
