[0.082s] DEBUG:colcon:Command line arguments: ['/usr/local/bin/colcon', 'build']
[0.082s] DEBUG:colcon:Parsed command line arguments: Namespace(log_base=None, log_level=None, verb_name='build', build_base='build', install_base='install', merge_install=False, symlink_install=False, test_result_base=None, continue_on_error=False, executor='parallel', parallel_workers=8, event_handlers=None, ignore_user_meta=False, metas=['./colcon.meta'], base_paths=['.'], packages_ignore=None, packages_ignore_regex=None, paths=None, packages_up_to=None, packages_up_to_regex=None, packages_above=None, packages_above_and_dependencies=None, packages_above_depth=None, packages_select_by_dep=None, packages_skip_by_dep=None, packages_skip_up_to=None, packages_select_build_failed=False, packages_skip_build_finished=False, packages_select_test_failures=False, packages_skip_test_passed=False, packages_select=None, packages_skip=None, packages_select_regex=None, packages_skip_regex=None, packages_start=None, packages_end=None, cmake_args=None, cmake_target=None, cmake_target_skip_unavailable=False, cmake_clean_cache=False, cmake_clean_first=False, cmake_force_configure=False, ament_cmake_args=None, catkin_cmake_args=None, catkin_skip_building_tests=False, verb_parser=<colcon_defaults.argument_parser.defaults.DefaultArgumentsDecorator object at 0x7a5db53f0880>, verb_extension=<colcon_core.verb.build.BuildVerb object at 0x7a5db5354640>, main=<bound method BuildVerb.main of <colcon_core.verb.build.BuildVerb object at 0x7a5db5354640>>)
[0.214s] Level 1:colcon.colcon_core.package_discovery:discover_packages(colcon_meta) check parameters
[0.214s] Level 1:colcon.colcon_core.package_discovery:discover_packages(recursive) check parameters
[0.214s] Level 1:colcon.colcon_core.package_discovery:discover_packages(ignore) check parameters
[0.214s] Level 1:colcon.colcon_core.package_discovery:discover_packages(path) check parameters
[0.214s] Level 1:colcon.colcon_core.package_discovery:discover_packages(colcon_meta) discover
[0.214s] Level 1:colcon.colcon_core.package_discovery:discover_packages(recursive) discover
[0.214s] INFO:colcon.colcon_core.package_discovery:Crawling recursively for packages in '/home/laprp/Documents/ebug-network/ros/src'
[0.214s] Level 1:colcon.colcon_core.package_identification:_identify(.) by extensions ['ignore', 'ignore_ament_install']
[0.214s] Level 1:colcon.colcon_core.package_identification:_identify(.) by extension 'ignore'
[0.214s] Level 1:colcon.colcon_core.package_identification:_identify(.) by extension 'ignore_ament_install'
[0.214s] Level 1:colcon.colcon_core.package_identification:_identify(.) by extensions ['colcon_pkg']
[0.214s] Level 1:colcon.colcon_core.package_identification:_identify(.) by extension 'colcon_pkg'
[0.214s] Level 1:colcon.colcon_core.package_identification:_identify(.) by extensions ['colcon_meta']
[0.214s] Level 1:colcon.colcon_core.package_identification:_identify(.) by extension 'colcon_meta'
[0.214s] Level 1:colcon.colcon_core.package_identification:_identify(.) by extensions ['ros']
[0.214s] Level 1:colcon.colcon_core.package_identification:_identify(.) by extension 'ros'
[0.222s] Level 1:colcon.colcon_core.package_identification:_identify(.) by extensions ['cmake', 'python']
[0.222s] Level 1:colcon.colcon_core.package_identification:_identify(.) by extension 'cmake'
[0.222s] Level 1:colcon.colcon_core.package_identification:_identify(.) by extension 'python'
[0.222s] Level 1:colcon.colcon_core.package_identification:_identify(.) by extensions ['python_setup_py']
[0.222s] Level 1:colcon.colcon_core.package_identification:_identify(.) by extension 'python_setup_py'
[0.222s] Level 1:colcon.colcon_core.package_identification:_identify(build) by extensions ['ignore', 'ignore_ament_install']
[0.222s] Level 1:colcon.colcon_core.package_identification:_identify(build) by extension 'ignore'
[0.222s] Level 1:colcon.colcon_core.package_identification:_identify(build) ignored
[0.222s] Level 1:colcon.colcon_core.package_identification:_identify(ebug) by extensions ['ignore', 'ignore_ament_install']
[0.223s] Level 1:colcon.colcon_core.package_identification:_identify(ebug) by extension 'ignore'
[0.223s] Level 1:colcon.colcon_core.package_identification:_identify(ebug) by extension 'ignore_ament_install'
[0.223s] Level 1:colcon.colcon_core.package_identification:_identify(ebug) by extensions ['colcon_pkg']
[0.223s] Level 1:colcon.colcon_core.package_identification:_identify(ebug) by extension 'colcon_pkg'
[0.223s] Level 1:colcon.colcon_core.package_identification:_identify(ebug) by extensions ['colcon_meta']
[0.223s] Level 1:colcon.colcon_core.package_identification:_identify(ebug) by extension 'colcon_meta'
[0.223s] Level 1:colcon.colcon_core.package_identification:_identify(ebug) by extensions ['ros']
[0.223s] Level 1:colcon.colcon_core.package_identification:_identify(ebug) by extension 'ros'
[0.225s] DEBUG:colcon.colcon_core.package_identification:Package 'ebug' with type 'ros.ament_python' and name 'ebug'
[0.225s] Level 1:colcon.colcon_core.package_identification:_identify(ebug_base) by extensions ['ignore', 'ignore_ament_install']
[0.225s] Level 1:colcon.colcon_core.package_identification:_identify(ebug_base) by extension 'ignore'
[0.226s] Level 1:colcon.colcon_core.package_identification:_identify(ebug_base) by extension 'ignore_ament_install'
[0.226s] Level 1:colcon.colcon_core.package_identification:_identify(ebug_base) by extensions ['colcon_pkg']
[0.226s] Level 1:colcon.colcon_core.package_identification:_identify(ebug_base) by extension 'colcon_pkg'
[0.226s] Level 1:colcon.colcon_core.package_identification:_identify(ebug_base) by extensions ['colcon_meta']
[0.226s] Level 1:colcon.colcon_core.package_identification:_identify(ebug_base) by extension 'colcon_meta'
[0.226s] Level 1:colcon.colcon_core.package_identification:_identify(ebug_base) by extensions ['ros']
[0.226s] Level 1:colcon.colcon_core.package_identification:_identify(ebug_base) by extension 'ros'
[0.227s] DEBUG:colcon.colcon_core.package_identification:Package 'ebug_base' with type 'ros.ament_cmake' and name 'ebug_base'
[0.227s] Level 1:colcon.colcon_core.package_identification:_identify(install) by extensions ['ignore', 'ignore_ament_install']
[0.227s] Level 1:colcon.colcon_core.package_identification:_identify(install) by extension 'ignore'
[0.227s] Level 1:colcon.colcon_core.package_identification:_identify(install) ignored
[0.227s] Level 1:colcon.colcon_core.package_identification:_identify(log) by extensions ['ignore', 'ignore_ament_install']
[0.227s] Level 1:colcon.colcon_core.package_identification:_identify(log) by extension 'ignore'
[0.227s] Level 1:colcon.colcon_core.package_identification:_identify(log) ignored
[0.227s] Level 1:colcon.colcon_core.package_discovery:discover_packages(recursive) using defaults
[0.227s] Level 1:colcon.colcon_core.package_discovery:discover_packages(ignore) discover
[0.227s] Level 1:colcon.colcon_core.package_discovery:discover_packages(ignore) using defaults
[0.227s] Level 1:colcon.colcon_core.package_discovery:discover_packages(path) discover
[0.227s] Level 1:colcon.colcon_core.package_discovery:discover_packages(path) using defaults
[0.242s] Level 5:colcon.colcon_core.verb:set package 'ebug_base' build argument 'cmake_args' from command line to 'None'
[0.242s] Level 5:colcon.colcon_core.verb:set package 'ebug_base' build argument 'cmake_target' from command line to 'None'
[0.242s] Level 5:colcon.colcon_core.verb:set package 'ebug_base' build argument 'cmake_target_skip_unavailable' from command line to 'False'
[0.242s] Level 5:colcon.colcon_core.verb:set package 'ebug_base' build argument 'cmake_clean_cache' from command line to 'False'
[0.242s] Level 5:colcon.colcon_core.verb:set package 'ebug_base' build argument 'cmake_clean_first' from command line to 'False'
[0.242s] Level 5:colcon.colcon_core.verb:set package 'ebug_base' build argument 'cmake_force_configure' from command line to 'False'
[0.242s] Level 5:colcon.colcon_core.verb:set package 'ebug_base' build argument 'ament_cmake_args' from command line to 'None'
[0.242s] Level 5:colcon.colcon_core.verb:set package 'ebug_base' build argument 'catkin_cmake_args' from command line to 'None'
[0.242s] Level 5:colcon.colcon_core.verb:set package 'ebug_base' build argument 'catkin_skip_building_tests' from command line to 'False'
[0.242s] DEBUG:colcon.colcon_core.verb:Building package 'ebug_base' with the following arguments: {'ament_cmake_args': None, 'build_base': '/home/laprp/Documents/ebug-network/ros/src/build/ebug_base', 'catkin_cmake_args': None, 'catkin_skip_building_tests': False, 'cmake_args': None, 'cmake_clean_cache': False, 'cmake_clean_first': False, 'cmake_force_configure': False, 'cmake_target': None, 'cmake_target_skip_unavailable': False, 'install_base': '/home/laprp/Documents/ebug-network/ros/src/install/ebug_base', 'merge_install': False, 'path': '/home/laprp/Documents/ebug-network/ros/src/ebug_base', 'symlink_install': False, 'test_result_base': None}
[0.242s] Level 5:colcon.colcon_core.verb:set package 'ebug' build argument 'cmake_args' from command line to 'None'
[0.242s] Level 5:colcon.colcon_core.verb:set package 'ebug' build argument 'cmake_target' from command line to 'None'
[0.242s] Level 5:colcon.colcon_core.verb:set package 'ebug' build argument 'cmake_target_skip_unavailable' from command line to 'False'
[0.242s] Level 5:colcon.colcon_core.verb:set package 'ebug' build argument 'cmake_clean_cache' from command line to 'False'
[0.242s] Level 5:colcon.colcon_core.verb:set package 'ebug' build argument 'cmake_clean_first' from command line to 'False'
[0.242s] Level 5:colcon.colcon_core.verb:set package 'ebug' build argument 'cmake_force_configure' from command line to 'False'
[0.242s] Level 5:colcon.colcon_core.verb:set package 'ebug' build argument 'ament_cmake_args' from command line to 'None'
[0.242s] Level 5:colcon.colcon_core.verb:set package 'ebug' build argument 'catkin_cmake_args' from command line to 'None'
[0.242s] Level 5:colcon.colcon_core.verb:set package 'ebug' build argument 'catkin_skip_building_tests' from command line to 'False'
[0.242s] DEBUG:colcon.colcon_core.verb:Building package 'ebug' with the following arguments: {'ament_cmake_args': None, 'build_base': '/home/laprp/Documents/ebug-network/ros/src/build/ebug', 'catkin_cmake_args': None, 'catkin_skip_building_tests': False, 'cmake_args': None, 'cmake_clean_cache': False, 'cmake_clean_first': False, 'cmake_force_configure': False, 'cmake_target': None, 'cmake_target_skip_unavailable': False, 'install_base': '/home/laprp/Documents/ebug-network/ros/src/install/ebug', 'merge_install': False, 'path': '/home/laprp/Documents/ebug-network/ros/src/ebug', 'symlink_install': False, 'test_result_base': None}
[0.242s] INFO:colcon.colcon_core.executor:Executing jobs using 'parallel' executor
[0.243s] DEBUG:colcon.colcon_parallel_executor.executor.parallel:run_until_complete
[0.243s] INFO:colcon.colcon_ros.task.ament_cmake.build:Building ROS package in '/home/laprp/Documents/ebug-network/ros/src/ebug_base' with build type 'ament_cmake'
[0.243s] INFO:colcon.colcon_cmake.task.cmake.build:Building CMake package in '/home/laprp/Documents/ebug-network/ros/src/ebug_base'
[0.246s] INFO:colcon.colcon_core.plugin_system:Skipping extension 'colcon_core.shell.bat': Not used on non-Windows systems
[0.246s] INFO:colcon.colcon_core.shell:Skip shell extension 'powershell' for command environment: Not usable outside of PowerShell
[0.246s] DEBUG:colcon.colcon_core.shell:Skip shell extension 'dsv' for command environment
[0.251s] DEBUG:colcon.colcon_core.event_handler.log_command:Invoking command in '/home/laprp/Documents/ebug-network/ros/src/build/ebug_base': CMAKE_PREFIX_PATH=/opt/ros/humble /usr/bin/cmake /home/laprp/Documents/ebug-network/ros/src/ebug_base -DCMAKE_INSTALL_PREFIX=/home/laprp/Documents/ebug-network/ros/src/install/ebug_base
[4.140s] DEBUG:colcon.colcon_core.event_handler.log_command:Invoked command in '/home/laprp/Documents/ebug-network/ros/src/build/ebug_base' returned '0': CMAKE_PREFIX_PATH=/opt/ros/humble /usr/bin/cmake /home/laprp/Documents/ebug-network/ros/src/ebug_base -DCMAKE_INSTALL_PREFIX=/home/laprp/Documents/ebug-network/ros/src/install/ebug_base
[4.141s] DEBUG:colcon.colcon_core.event_handler.log_command:Invoking command in '/home/laprp/Documents/ebug-network/ros/src/build/ebug_base': CMAKE_PREFIX_PATH=/opt/ros/humble /usr/bin/cmake --build /home/laprp/Documents/ebug-network/ros/src/build/ebug_base -- -j8 -l8
[21.647s] DEBUG:colcon.colcon_core.event_handler.log_command:Invoked command in '/home/laprp/Documents/ebug-network/ros/src/build/ebug_base' returned '0': CMAKE_PREFIX_PATH=/opt/ros/humble /usr/bin/cmake --build /home/laprp/Documents/ebug-network/ros/src/build/ebug_base -- -j8 -l8
[21.752s] DEBUG:colcon.colcon_core.event_handler.log_command:Invoking command in '/home/laprp/Documents/ebug-network/ros/src/build/ebug_base': CMAKE_PREFIX_PATH=/opt/ros/humble /usr/bin/cmake --install /home/laprp/Documents/ebug-network/ros/src/build/ebug_base
[21.825s] Level 1:colcon.colcon_core.environment:create_environment_scripts_only(ebug_base)
[21.825s] DEBUG:colcon.colcon_core.event_handler.log_command:Invoked command in '/home/laprp/Documents/ebug-network/ros/src/build/ebug_base' returned '0': CMAKE_PREFIX_PATH=/opt/ros/humble /usr/bin/cmake --install /home/laprp/Documents/ebug-network/ros/src/build/ebug_base
[21.828s] Level 1:colcon.colcon_core.environment:checking '/home/laprp/Documents/ebug-network/ros/src/install/ebug_base' for CMake module files
[21.829s] Level 1:colcon.colcon_core.environment:checking '/home/laprp/Documents/ebug-network/ros/src/install/ebug_base' for CMake config files
[21.829s] Level 1:colcon.colcon_core.shell:create_environment_hook('ebug_base', 'cmake_prefix_path')
[21.830s] INFO:colcon.colcon_core.shell:Creating environment hook '/home/laprp/Documents/ebug-network/ros/src/install/ebug_base/share/ebug_base/hook/cmake_prefix_path.ps1'
[21.830s] INFO:colcon.colcon_core.shell:Creating environment descriptor '/home/laprp/Documents/ebug-network/ros/src/install/ebug_base/share/ebug_base/hook/cmake_prefix_path.dsv'
[21.831s] INFO:colcon.colcon_core.shell:Creating environment hook '/home/laprp/Documents/ebug-network/ros/src/install/ebug_base/share/ebug_base/hook/cmake_prefix_path.sh'
[21.831s] Level 1:colcon.colcon_core.environment:checking '/home/laprp/Documents/ebug-network/ros/src/install/ebug_base/lib'
[21.832s] Level 1:colcon.colcon_core.shell:create_environment_hook('ebug_base', 'ld_library_path_lib')
[21.832s] INFO:colcon.colcon_core.shell:Creating environment hook '/home/laprp/Documents/ebug-network/ros/src/install/ebug_base/share/ebug_base/hook/ld_library_path_lib.ps1'
[21.832s] INFO:colcon.colcon_core.shell:Creating environment descriptor '/home/laprp/Documents/ebug-network/ros/src/install/ebug_base/share/ebug_base/hook/ld_library_path_lib.dsv'
[21.832s] INFO:colcon.colcon_core.shell:Creating environment hook '/home/laprp/Documents/ebug-network/ros/src/install/ebug_base/share/ebug_base/hook/ld_library_path_lib.sh'
[21.833s] Level 1:colcon.colcon_core.environment:checking '/home/laprp/Documents/ebug-network/ros/src/install/ebug_base/bin'
[21.833s] Level 1:colcon.colcon_core.environment:checking '/home/laprp/Documents/ebug-network/ros/src/install/ebug_base/lib/pkgconfig/ebug_base.pc'
[21.834s] Level 1:colcon.colcon_core.environment:checking '/home/laprp/Documents/ebug-network/ros/src/install/ebug_base/lib/python3.10/site-packages'
[21.834s] Level 1:colcon.colcon_core.environment:checking '/home/laprp/Documents/ebug-network/ros/src/install/ebug_base/bin'
[21.835s] INFO:colcon.colcon_core.shell:Creating package script '/home/laprp/Documents/ebug-network/ros/src/install/ebug_base/share/ebug_base/package.ps1'
[21.836s] INFO:colcon.colcon_core.shell:Creating package descriptor '/home/laprp/Documents/ebug-network/ros/src/install/ebug_base/share/ebug_base/package.dsv'
[21.836s] INFO:colcon.colcon_core.shell:Creating package script '/home/laprp/Documents/ebug-network/ros/src/install/ebug_base/share/ebug_base/package.sh'
[21.837s] INFO:colcon.colcon_core.shell:Creating package script '/home/laprp/Documents/ebug-network/ros/src/install/ebug_base/share/ebug_base/package.bash'
[21.838s] INFO:colcon.colcon_core.shell:Creating package script '/home/laprp/Documents/ebug-network/ros/src/install/ebug_base/share/ebug_base/package.zsh'
[21.838s] Level 1:colcon.colcon_core.environment:create_file_with_runtime_dependencies(/home/laprp/Documents/ebug-network/ros/src/install/ebug_base/share/colcon-core/packages/ebug_base)
[21.932s] Level 1:colcon.colcon_core.environment:create_environment_scripts_only(ebug_base)
[21.932s] Level 1:colcon.colcon_core.environment:checking '/home/laprp/Documents/ebug-network/ros/src/install/ebug_base' for CMake module files
[21.933s] Level 1:colcon.colcon_core.environment:checking '/home/laprp/Documents/ebug-network/ros/src/install/ebug_base' for CMake config files
[21.933s] Level 1:colcon.colcon_core.shell:create_environment_hook('ebug_base', 'cmake_prefix_path')
[21.933s] INFO:colcon.colcon_core.shell:Creating environment hook '/home/laprp/Documents/ebug-network/ros/src/install/ebug_base/share/ebug_base/hook/cmake_prefix_path.ps1'
[21.933s] INFO:colcon.colcon_core.shell:Creating environment descriptor '/home/laprp/Documents/ebug-network/ros/src/install/ebug_base/share/ebug_base/hook/cmake_prefix_path.dsv'
[21.934s] INFO:colcon.colcon_core.shell:Creating environment hook '/home/laprp/Documents/ebug-network/ros/src/install/ebug_base/share/ebug_base/hook/cmake_prefix_path.sh'
[21.934s] Level 1:colcon.colcon_core.environment:checking '/home/laprp/Documents/ebug-network/ros/src/install/ebug_base/lib'
[21.934s] Level 1:colcon.colcon_core.shell:create_environment_hook('ebug_base', 'ld_library_path_lib')
[21.935s] INFO:colcon.colcon_core.shell:Creating environment hook '/home/laprp/Documents/ebug-network/ros/src/install/ebug_base/share/ebug_base/hook/ld_library_path_lib.ps1'
[21.935s] INFO:colcon.colcon_core.shell:Creating environment descriptor '/home/laprp/Documents/ebug-network/ros/src/install/ebug_base/share/ebug_base/hook/ld_library_path_lib.dsv'
[21.935s] INFO:colcon.colcon_core.shell:Creating environment hook '/home/laprp/Documents/ebug-network/ros/src/install/ebug_base/share/ebug_base/hook/ld_library_path_lib.sh'
[21.935s] Level 1:colcon.colcon_core.environment:checking '/home/laprp/Documents/ebug-network/ros/src/install/ebug_base/bin'
[21.935s] Level 1:colcon.colcon_core.environment:checking '/home/laprp/Documents/ebug-network/ros/src/install/ebug_base/lib/pkgconfig/ebug_base.pc'
[21.936s] Level 1:colcon.colcon_core.environment:checking '/home/laprp/Documents/ebug-network/ros/src/install/ebug_base/lib/python3.10/site-packages'
[21.936s] Level 1:colcon.colcon_core.environment:checking '/home/laprp/Documents/ebug-network/ros/src/install/ebug_base/bin'
[21.936s] INFO:colcon.colcon_core.shell:Creating package script '/home/laprp/Documents/ebug-network/ros/src/install/ebug_base/share/ebug_base/package.ps1'
[21.936s] INFO:colcon.colcon_core.shell:Creating package descriptor '/home/laprp/Documents/ebug-network/ros/src/install/ebug_base/share/ebug_base/package.dsv'
[21.937s] INFO:colcon.colcon_core.shell:Creating package script '/home/laprp/Documents/ebug-network/ros/src/install/ebug_base/share/ebug_base/package.sh'
[21.937s] INFO:colcon.colcon_core.shell:Creating package script '/home/laprp/Documents/ebug-network/ros/src/install/ebug_base/share/ebug_base/package.bash'
[21.937s] INFO:colcon.colcon_core.shell:Creating package script '/home/laprp/Documents/ebug-network/ros/src/install/ebug_base/share/ebug_base/package.zsh'
[21.938s] Level 1:colcon.colcon_core.environment:create_file_with_runtime_dependencies(/home/laprp/Documents/ebug-network/ros/src/install/ebug_base/share/colcon-core/packages/ebug_base)
[21.938s] INFO:colcon.colcon_ros.task.ament_python.build:Building ROS package in '/home/laprp/Documents/ebug-network/ros/src/ebug' with build type 'ament_python'
[21.938s] Level 1:colcon.colcon_core.shell:create_environment_hook('ebug', 'ament_prefix_path')
[21.938s] INFO:colcon.colcon_core.shell:Creating environment hook '/home/laprp/Documents/ebug-network/ros/src/install/ebug/share/ebug/hook/ament_prefix_path.ps1'
[21.939s] INFO:colcon.colcon_core.shell:Creating environment descriptor '/home/laprp/Documents/ebug-network/ros/src/install/ebug/share/ebug/hook/ament_prefix_path.dsv'
[21.939s] INFO:colcon.colcon_core.shell:Creating environment hook '/home/laprp/Documents/ebug-network/ros/src/install/ebug/share/ebug/hook/ament_prefix_path.sh'
[21.940s] INFO:colcon.colcon_core.shell:Skip shell extension 'powershell' for command environment: Not usable outside of PowerShell
[21.940s] DEBUG:colcon.colcon_core.shell:Skip shell extension 'dsv' for command environment
[22.171s] INFO:colcon.colcon_core.task.python.build:Building Python package in '/home/laprp/Documents/ebug-network/ros/src/ebug'
[22.171s] INFO:colcon.colcon_core.shell:Skip shell extension 'powershell' for command environment: Not usable outside of PowerShell
[22.171s] DEBUG:colcon.colcon_core.shell:Skip shell extension 'dsv' for command environment
[22.485s] DEBUG:colcon.colcon_core.event_handler.log_command:Invoking command in '/home/laprp/Documents/ebug-network/ros/src/ebug': AMENT_PREFIX_PATH=/home/laprp/Documents/ebug-network/ros/src/install/ebug_base:${AMENT_PREFIX_PATH} CMAKE_PREFIX_PATH=/home/laprp/Documents/ebug-network/ros/src/install/ebug_base LD_LIBRARY_PATH=/home/laprp/Documents/ebug-network/ros/src/install/ebug_base/lib:${LD_LIBRARY_PATH} PYTHONPATH=/home/laprp/Documents/ebug-network/ros/src/build/ebug/prefix_override:/home/laprp/Documents/ebug-network/ros/src/install/ebug/lib/python3.10/site-packages:/home/laprp/Documents/ebug-network/ros/src/install/ebug_base/local/lib/python3.10/dist-packages:${PYTHONPATH} /usr/bin/python3 -W ignore:setup.py install is deprecated setup.py egg_info --egg-base ../build/ebug build --build-base /home/laprp/Documents/ebug-network/ros/src/build/ebug/build install --record /home/laprp/Documents/ebug-network/ros/src/build/ebug/install.log --single-version-externally-managed install_data
[22.761s] Level 1:colcon.colcon_core.environment:checking '/home/laprp/Documents/ebug-network/ros/src/install/ebug' for CMake module files
[22.762s] DEBUG:colcon.colcon_core.event_handler.log_command:Invoked command in '/home/laprp/Documents/ebug-network/ros/src/ebug' returned '0': AMENT_PREFIX_PATH=/home/laprp/Documents/ebug-network/ros/src/install/ebug_base:${AMENT_PREFIX_PATH} CMAKE_PREFIX_PATH=/home/laprp/Documents/ebug-network/ros/src/install/ebug_base LD_LIBRARY_PATH=/home/laprp/Documents/ebug-network/ros/src/install/ebug_base/lib:${LD_LIBRARY_PATH} PYTHONPATH=/home/laprp/Documents/ebug-network/ros/src/build/ebug/prefix_override:/home/laprp/Documents/ebug-network/ros/src/install/ebug/lib/python3.10/site-packages:/home/laprp/Documents/ebug-network/ros/src/install/ebug_base/local/lib/python3.10/dist-packages:${PYTHONPATH} /usr/bin/python3 -W ignore:setup.py install is deprecated setup.py egg_info --egg-base ../build/ebug build --build-base /home/laprp/Documents/ebug-network/ros/src/build/ebug/build install --record /home/laprp/Documents/ebug-network/ros/src/build/ebug/install.log --single-version-externally-managed install_data
[22.762s] Level 1:colcon.colcon_core.environment:checking '/home/laprp/Documents/ebug-network/ros/src/install/ebug' for CMake config files
[22.763s] Level 1:colcon.colcon_core.environment:checking '/home/laprp/Documents/ebug-network/ros/src/install/ebug/lib'
[22.763s] Level 1:colcon.colcon_core.environment:checking '/home/laprp/Documents/ebug-network/ros/src/install/ebug/bin'
[22.763s] Level 1:colcon.colcon_core.environment:checking '/home/laprp/Documents/ebug-network/ros/src/install/ebug/lib/pkgconfig/ebug.pc'
[22.763s] Level 1:colcon.colcon_core.environment:checking '/home/laprp/Documents/ebug-network/ros/src/install/ebug/lib/python3.10/site-packages'
[22.763s] Level 1:colcon.colcon_core.shell:create_environment_hook('ebug', 'pythonpath')
[22.763s] INFO:colcon.colcon_core.shell:Creating environment hook '/home/laprp/Documents/ebug-network/ros/src/install/ebug/share/ebug/hook/pythonpath.ps1'
[22.764s] INFO:colcon.colcon_core.shell:Creating environment descriptor '/home/laprp/Documents/ebug-network/ros/src/install/ebug/share/ebug/hook/pythonpath.dsv'
[22.764s] INFO:colcon.colcon_core.shell:Creating environment hook '/home/laprp/Documents/ebug-network/ros/src/install/ebug/share/ebug/hook/pythonpath.sh'
[22.764s] Level 1:colcon.colcon_core.environment:checking '/home/laprp/Documents/ebug-network/ros/src/install/ebug/bin'
[22.764s] Level 1:colcon.colcon_core.environment:create_environment_scripts_only(ebug)
[22.765s] INFO:colcon.colcon_core.shell:Creating package script '/home/laprp/Documents/ebug-network/ros/src/install/ebug/share/ebug/package.ps1'
[22.765s] INFO:colcon.colcon_core.shell:Creating package descriptor '/home/laprp/Documents/ebug-network/ros/src/install/ebug/share/ebug/package.dsv'
[22.765s] INFO:colcon.colcon_core.shell:Creating package script '/home/laprp/Documents/ebug-network/ros/src/install/ebug/share/ebug/package.sh'
[22.766s] INFO:colcon.colcon_core.shell:Creating package script '/home/laprp/Documents/ebug-network/ros/src/install/ebug/share/ebug/package.bash'
[22.766s] INFO:colcon.colcon_core.shell:Creating package script '/home/laprp/Documents/ebug-network/ros/src/install/ebug/share/ebug/package.zsh'
[22.766s] Level 1:colcon.colcon_core.environment:create_file_with_runtime_dependencies(/home/laprp/Documents/ebug-network/ros/src/install/ebug/share/colcon-core/packages/ebug)
[22.766s] DEBUG:colcon.colcon_parallel_executor.executor.parallel:closing loop
[22.767s] DEBUG:colcon.colcon_parallel_executor.executor.parallel:loop closed
[22.767s] DEBUG:colcon.colcon_parallel_executor.executor.parallel:run_until_complete finished with '0'
[22.767s] DEBUG:colcon.colcon_core.event_reactor:joining thread
[22.773s] INFO:colcon.colcon_core.plugin_system:Skipping extension 'colcon_notification.desktop_notification.terminal_notifier': Not used on non-Darwin systems
[22.773s] INFO:colcon.colcon_core.plugin_system:Skipping extension 'colcon_notification.desktop_notification.win32': Not used on non-Windows systems
[22.773s] INFO:colcon.colcon_notification.desktop_notification:Sending desktop notification using 'notify2'
[22.775s] DEBUG:colcon.colcon_notification.desktop_notification.notify2:Failed to initialize notify2: org.freedesktop.DBus.Error.Spawn.ExecFailed: /usr/bin/dbus-launch terminated abnormally without any error message
[22.775s] DEBUG:colcon.colcon_core.event_reactor:joined thread
[22.776s] INFO:colcon.colcon_core.shell:Creating prefix script '/home/laprp/Documents/ebug-network/ros/src/install/local_setup.ps1'
[22.777s] INFO:colcon.colcon_core.shell:Creating prefix util module '/home/laprp/Documents/ebug-network/ros/src/install/_local_setup_util_ps1.py'
[22.779s] INFO:colcon.colcon_core.shell:Creating prefix chain script '/home/laprp/Documents/ebug-network/ros/src/install/setup.ps1'
[22.781s] INFO:colcon.colcon_core.shell:Creating prefix script '/home/laprp/Documents/ebug-network/ros/src/install/local_setup.sh'
[22.781s] INFO:colcon.colcon_core.shell:Creating prefix util module '/home/laprp/Documents/ebug-network/ros/src/install/_local_setup_util_sh.py'
[22.782s] INFO:colcon.colcon_core.shell:Creating prefix chain script '/home/laprp/Documents/ebug-network/ros/src/install/setup.sh'
[22.782s] INFO:colcon.colcon_core.shell:Creating prefix script '/home/laprp/Documents/ebug-network/ros/src/install/local_setup.bash'
[22.783s] INFO:colcon.colcon_core.shell:Creating prefix chain script '/home/laprp/Documents/ebug-network/ros/src/install/setup.bash'
[22.784s] INFO:colcon.colcon_core.shell:Creating prefix script '/home/laprp/Documents/ebug-network/ros/src/install/local_setup.zsh'
[22.784s] INFO:colcon.colcon_core.shell:Creating prefix chain script '/home/laprp/Documents/ebug-network/ros/src/install/setup.zsh'
