running egg_info
creating ../../build/control/control.egg-info
writing ../../build/control/control.egg-info/PKG-INFO
writing dependency_links to ../../build/control/control.egg-info/dependency_links.txt
writing entry points to ../../build/control/control.egg-info/entry_points.txt
writing requirements to ../../build/control/control.egg-info/requires.txt
writing top-level names to ../../build/control/control.egg-info/top_level.txt
writing manifest file '../../build/control/control.egg-info/SOURCES.txt'
reading manifest file '../../build/control/control.egg-info/SOURCES.txt'
writing manifest file '../../build/control/control.egg-info/SOURCES.txt'
running build
running build_py
creating /home/kelvinku/networked_robotics/ros2_localization/build/control/build
creating /home/kelvinku/networked_robotics/ros2_localization/build/control/build/lib
creating /home/kelvinku/networked_robotics/ros2_localization/build/control/build/lib/control
copying control/ROBOT.py -> /home/kelvinku/networked_robotics/ros2_localization/build/control/build/lib/control
copying control/robot_controller.py -> /home/kelvinku/networked_robotics/ros2_localization/build/control/build/lib/control
copying control/__init__.py -> /home/kelvinku/networked_robotics/ros2_localization/build/control/build/lib/control
copying control/a_star.py -> /home/kelvinku/networked_robotics/ros2_localization/build/control/build/lib/control
running install
/usr/lib/python3/dist-packages/setuptools/command/install.py:34: SetuptoolsDeprecationWarning: setup.py install is deprecated. Use build and pip and other standards-based tools.
  warnings.warn(
running install_lib
creating /home/kelvinku/networked_robotics/ros2_localization/install/control/lib/python3.10/site-packages/control
copying /home/kelvinku/networked_robotics/ros2_localization/build/control/build/lib/control/ROBOT.py -> /home/kelvinku/networked_robotics/ros2_localization/install/control/lib/python3.10/site-packages/control
copying /home/kelvinku/networked_robotics/ros2_localization/build/control/build/lib/control/robot_controller.py -> /home/kelvinku/networked_robotics/ros2_localization/install/control/lib/python3.10/site-packages/control
copying /home/kelvinku/networked_robotics/ros2_localization/build/control/build/lib/control/__init__.py -> /home/kelvinku/networked_robotics/ros2_localization/install/control/lib/python3.10/site-packages/control
copying /home/kelvinku/networked_robotics/ros2_localization/build/control/build/lib/control/a_star.py -> /home/kelvinku/networked_robotics/ros2_localization/install/control/lib/python3.10/site-packages/control
byte-compiling /home/kelvinku/networked_robotics/ros2_localization/install/control/lib/python3.10/site-packages/control/ROBOT.py to ROBOT.cpython-310.pyc
byte-compiling /home/kelvinku/networked_robotics/ros2_localization/install/control/lib/python3.10/site-packages/control/robot_controller.py to robot_controller.cpython-310.pyc
byte-compiling /home/kelvinku/networked_robotics/ros2_localization/install/control/lib/python3.10/site-packages/control/__init__.py to __init__.cpython-310.pyc
byte-compiling /home/kelvinku/networked_robotics/ros2_localization/install/control/lib/python3.10/site-packages/control/a_star.py to a_star.cpython-310.pyc
running install_data
creating /home/kelvinku/networked_robotics/ros2_localization/install/control/share/ament_index
creating /home/kelvinku/networked_robotics/ros2_localization/install/control/share/ament_index/resource_index
creating /home/kelvinku/networked_robotics/ros2_localization/install/control/share/ament_index/resource_index/packages
copying resource/control -> /home/kelvinku/networked_robotics/ros2_localization/install/control/share/ament_index/resource_index/packages
copying package.xml -> /home/kelvinku/networked_robotics/ros2_localization/install/control/share/control
running install_egg_info
Copying ../../build/control/control.egg-info to /home/kelvinku/networked_robotics/ros2_localization/install/control/lib/python3.10/site-packages/control-0.0.0-py3.10.egg-info
running install_scripts
Installing robot script to /home/kelvinku/networked_robotics/ros2_localization/install/control/lib/control
writing list of installed files to '/home/kelvinku/networked_robotics/ros2_localization/build/control/install.log'
