[0.485s] Invoking command in '/home/kelvinku/networked_robotics/ros2_localization/src/control': PYTHONPATH=/home/kelvinku/networked_robotics/ros2_localization/build/control/prefix_override:/home/kelvinku/networked_robotics/ros2_localization/install/control/lib/python3.10/site-packages:${PYTHONPATH} /usr/bin/python3 setup.py egg_info --egg-base ../../build/control build --build-base /home/kelvinku/networked_robotics/ros2_localization/build/control/build install --record /home/kelvinku/networked_robotics/ros2_localization/build/control/install.log --single-version-externally-managed
[0.594s] running egg_info
[0.594s] creating ../../build/control/control.egg-info
[0.595s] writing ../../build/control/control.egg-info/PKG-INFO
[0.595s] writing dependency_links to ../../build/control/control.egg-info/dependency_links.txt
[0.595s] writing entry points to ../../build/control/control.egg-info/entry_points.txt
[0.595s] writing requirements to ../../build/control/control.egg-info/requires.txt
[0.595s] writing top-level names to ../../build/control/control.egg-info/top_level.txt
[0.595s] writing manifest file '../../build/control/control.egg-info/SOURCES.txt'
[0.595s] reading manifest file '../../build/control/control.egg-info/SOURCES.txt'
[0.596s] writing manifest file '../../build/control/control.egg-info/SOURCES.txt'
[0.596s] running build
[0.596s] running build_py
[0.596s] creating /home/kelvinku/networked_robotics/ros2_localization/build/control/build
[0.596s] creating /home/kelvinku/networked_robotics/ros2_localization/build/control/build/lib
[0.596s] creating /home/kelvinku/networked_robotics/ros2_localization/build/control/build/lib/control
[0.596s] copying control/ROBOT.py -> /home/kelvinku/networked_robotics/ros2_localization/build/control/build/lib/control
[0.596s] copying control/robot_controller.py -> /home/kelvinku/networked_robotics/ros2_localization/build/control/build/lib/control
[0.596s] copying control/__init__.py -> /home/kelvinku/networked_robotics/ros2_localization/build/control/build/lib/control
[0.596s] copying control/a_star.py -> /home/kelvinku/networked_robotics/ros2_localization/build/control/build/lib/control
[0.596s] running install
[0.597s] /usr/lib/python3/dist-packages/setuptools/command/install.py:34: SetuptoolsDeprecationWarning: setup.py install is deprecated. Use build and pip and other standards-based tools.
[0.597s]   warnings.warn(
[0.597s] running install_lib
[0.597s] creating /home/kelvinku/networked_robotics/ros2_localization/install/control/lib/python3.10/site-packages/control
[0.597s] copying /home/kelvinku/networked_robotics/ros2_localization/build/control/build/lib/control/ROBOT.py -> /home/kelvinku/networked_robotics/ros2_localization/install/control/lib/python3.10/site-packages/control
[0.597s] copying /home/kelvinku/networked_robotics/ros2_localization/build/control/build/lib/control/robot_controller.py -> /home/kelvinku/networked_robotics/ros2_localization/install/control/lib/python3.10/site-packages/control
[0.597s] copying /home/kelvinku/networked_robotics/ros2_localization/build/control/build/lib/control/__init__.py -> /home/kelvinku/networked_robotics/ros2_localization/install/control/lib/python3.10/site-packages/control
[0.597s] copying /home/kelvinku/networked_robotics/ros2_localization/build/control/build/lib/control/a_star.py -> /home/kelvinku/networked_robotics/ros2_localization/install/control/lib/python3.10/site-packages/control
[0.597s] byte-compiling /home/kelvinku/networked_robotics/ros2_localization/install/control/lib/python3.10/site-packages/control/ROBOT.py to ROBOT.cpython-310.pyc
[0.597s] byte-compiling /home/kelvinku/networked_robotics/ros2_localization/install/control/lib/python3.10/site-packages/control/robot_controller.py to robot_controller.cpython-310.pyc
[0.598s] byte-compiling /home/kelvinku/networked_robotics/ros2_localization/install/control/lib/python3.10/site-packages/control/__init__.py to __init__.cpython-310.pyc
[0.598s] byte-compiling /home/kelvinku/networked_robotics/ros2_localization/install/control/lib/python3.10/site-packages/control/a_star.py to a_star.cpython-310.pyc
[0.599s] running install_data
[0.599s] creating /home/kelvinku/networked_robotics/ros2_localization/install/control/share/ament_index
[0.599s] creating /home/kelvinku/networked_robotics/ros2_localization/install/control/share/ament_index/resource_index
[0.599s] creating /home/kelvinku/networked_robotics/ros2_localization/install/control/share/ament_index/resource_index/packages
[0.599s] copying resource/control -> /home/kelvinku/networked_robotics/ros2_localization/install/control/share/ament_index/resource_index/packages
[0.599s] copying package.xml -> /home/kelvinku/networked_robotics/ros2_localization/install/control/share/control
[0.599s] running install_egg_info
[0.600s] Copying ../../build/control/control.egg-info to /home/kelvinku/networked_robotics/ros2_localization/install/control/lib/python3.10/site-packages/control-0.0.0-py3.10.egg-info
[0.600s] running install_scripts
[0.613s] Installing robot script to /home/kelvinku/networked_robotics/ros2_localization/install/control/lib/control
[0.613s] writing list of installed files to '/home/kelvinku/networked_robotics/ros2_localization/build/control/install.log'
[0.626s] Invoked command in '/home/kelvinku/networked_robotics/ros2_localization/src/control' returned '0': PYTHONPATH=/home/kelvinku/networked_robotics/ros2_localization/build/control/prefix_override:/home/kelvinku/networked_robotics/ros2_localization/install/control/lib/python3.10/site-packages:${PYTHONPATH} /usr/bin/python3 setup.py egg_info --egg-base ../../build/control build --build-base /home/kelvinku/networked_robotics/ros2_localization/build/control/build install --record /home/kelvinku/networked_robotics/ros2_localization/build/control/install.log --single-version-externally-managed
