-- The C compiler identification is GNU 11.4.0
-- The CXX compiler identification is GNU 11.4.0
-- Detecting C compiler ABI info
-- Detecting C compiler ABI info - done
-- Check for working C compiler: /usr/bin/cc - skipped
-- Detecting C compile features
-- Detecting C compile features - done
-- Detecting CXX compiler ABI info
-- Detecting CXX compiler ABI info - done
-- Check for working CXX compiler: /usr/bin/c++ - skipped
-- Detecting CXX compile features
-- Detecting CXX compile features - done
-- Found ament_cmake: 1.3.8 (/opt/ros/humble/share/ament_cmake/cmake)
-- Found Python3: /usr/bin/python3 (found version "3.10.12") found components: Interpreter 
-- Found rclcpp: 16.0.8 (/opt/ros/humble/share/rclcpp/cmake)
-- Found rosidl_generator_c: 3.1.5 (/opt/ros/humble/share/rosidl_generator_c/cmake)
-- Found rosidl_adapter: 3.1.5 (/opt/ros/humble/share/rosidl_adapter/cmake)
-- Found rosidl_generator_cpp: 3.1.5 (/opt/ros/humble/share/rosidl_generator_cpp/cmake)
-- Using all available rosidl_typesupport_c: rosidl_typesupport_fastrtps_c;rosidl_typesupport_introspection_c
-- Using all available rosidl_typesupport_cpp: rosidl_typesupport_fastrtps_cpp;rosidl_typesupport_introspection_cpp
-- Found rmw_implementation_cmake: 6.1.1 (/opt/ros/humble/share/rmw_implementation_cmake/cmake)
-- Found rmw_fastrtps_cpp: 6.2.6 (/opt/ros/humble/share/rmw_fastrtps_cpp/cmake)
-- Found OpenSSL: /usr/lib/x86_64-linux-gnu/libcrypto.so (found version "3.0.2")  
-- Found FastRTPS: /opt/ros/humble/include  
-- Using RMW implementation 'rmw_fastrtps_cpp' as default
-- Looking for pthread.h
-- Looking for pthread.h - found
-- Performing Test CMAKE_HAVE_LIBC_PTHREAD
-- Performing Test CMAKE_HAVE_LIBC_PTHREAD - Success
-- Found Threads: TRUE  
-- Found rclcpp_components: 16.0.8 (/opt/ros/humble/share/rclcpp_components/cmake)
-- Found rosidl_default_generators: 1.2.0 (/opt/ros/humble/share/rosidl_default_generators/cmake)
-- Found nav_msgs: 4.2.3 (/opt/ros/humble/share/nav_msgs/cmake)
-- Found sensor_msgs: 4.2.3 (/opt/ros/humble/share/sensor_msgs/cmake)
-- Found tf2: 0.25.6 (/opt/ros/humble/share/tf2/cmake)
-- Found tf2_msgs: 0.25.6 (/opt/ros/humble/share/tf2_msgs/cmake)
-- Found message_filters: 4.3.3 (/opt/ros/humble/share/message_filters/cmake)
-- Found image_transport: 3.1.8 (/opt/ros/humble/share/image_transport/cmake)
-- Found compressed_image_transport: 2.5.1 (/opt/ros/humble/share/compressed_image_transport/cmake)
-- Found image_proc: 3.0.4 (/opt/ros/humble/share/image_proc/cmake)
-- Found grid_map_cmake_helpers: 2.0.0 (/opt/ros/humble/share/grid_map_cmake_helpers/cmake)
-- Found grid_map: 2.0.0 (/opt/ros/humble/share/grid_map/cmake)
-- Found grid_map_core: 2.0.0 (/opt/ros/humble/share/grid_map_core/cmake)
-- Found grid_map_ros: 2.0.0 (/opt/ros/humble/share/grid_map_ros/cmake)
-- Found grid_map_rviz_plugin: 2.0.0 (/opt/ros/humble/share/grid_map_rviz_plugin/cmake)
-- Setting OGRE_DIR to: '/opt/ros/humble/share/rviz_ogre_vendor/cmake/../../../opt/rviz_ogre_vendor/lib/OGRE/cmake'
-- Found OGRE
--   static     : OFF
--   components : HLMS;MeshLodGenerator;Overlay;Paging;Property;RTShaderSystem;Terrain;Volume
--   plugins    : Plugin_BSPSceneManager;Plugin_OctreeSceneManager;Plugin_PCZSceneManager;Plugin_ParticleFX;RenderSystem_GL;RenderSystem_GL3Plus;Codec_STBI
--   media      : /opt/ros/humble/opt/rviz_ogre_vendor/share/OGRE/Media
-- OGRE_LIBRARIES: OgreHLMS;OgreMeshLodGenerator;OgreOverlay;OgrePaging;OgreProperty;OgreRTShaderSystem;OgreTerrain;OgreVolume;OgreMain
-- OGRE_LIBRARY_DIRS: /opt/ros/humble/opt/rviz_ogre_vendor/lib
-- OGRE_PLUGINS: Plugin_BSPSceneManager;Plugin_OctreeSceneManager;Plugin_PCZSceneManager;Plugin_ParticleFX;RenderSystem_GL;RenderSystem_GL3Plus;Codec_STBI
-- OGRE_PLUGIN_DIR: /opt/ros/humble/opt/rviz_ogre_vendor/lib/OGRE
-- rviz_ogre_vendor::OgreOverlay for IMPORTED_LOCATION_RELEASE: /opt/ros/humble/opt/rviz_ogre_vendor/lib/libOgreOverlay.so
-- rviz_ogre_vendor::OgreOverlay for IMPORTED_LOCATION_DEBUG: /opt/ros/humble/opt/rviz_ogre_vendor/lib/libOgreOverlay.so
-- rviz_ogre_vendor::OgreMain for IMPORTED_LOCATION_RELEASE: /opt/ros/humble/opt/rviz_ogre_vendor/lib/libOgreMain.so
-- rviz_ogre_vendor::OgreMain for IMPORTED_LOCATION_DEBUG: /opt/ros/humble/opt/rviz_ogre_vendor/lib/libOgreMain.so
-- Found ZLIB: /usr/lib/x86_64-linux-gnu/libz.so (found version "1.2.11") 
-- Found OpenGL: /usr/lib/x86_64-linux-gnu/libOpenGL.so   
-- Found X11: /usr/include   
-- Looking for XOpenDisplay in /usr/lib/x86_64-linux-gnu/libX11.so;/usr/lib/x86_64-linux-gnu/libXext.so
-- Looking for XOpenDisplay in /usr/lib/x86_64-linux-gnu/libX11.so;/usr/lib/x86_64-linux-gnu/libXext.so - found
-- Looking for gethostbyname
-- Looking for gethostbyname - found
-- Looking for connect
-- Looking for connect - found
-- Looking for remove
-- Looking for remove - found
-- Looking for shmat
-- Looking for shmat - found
-- Looking for IceConnectionNumber in ICE
-- Looking for IceConnectionNumber in ICE - found
-- rviz_ogre_vendor::RenderSystem_GL for IMPORTED_LOCATION_RELEASE: _render_system_gl_static_library_abs-NOTFOUND
-- rviz_ogre_vendor::RenderSystem_GL for IMPORTED_LOCATION_DEBUG: _render_system_gl_static_library_abs-NOTFOUND
-- library: /usr/lib/x86_64-linux-gnu/libcurl.so
-- Found Eigen3: TRUE (found version "3.4.0") 
-- Ensuring Eigen3 include directory is part of orocos-kdl CMake target
-- Found grid_map_visualization: 2.0.0 (/opt/ros/humble/share/grid_map_visualization/cmake)
-- Setting build type to Release as none was specified.
-- Found ament_cmake_ros: 0.10.0 (/opt/ros/humble/share/ament_cmake_ros/cmake)
-- Using all available rosidl_typesupport_c: rosidl_typesupport_fastrtps_c;rosidl_typesupport_introspection_c
-- Using all available rosidl_typesupport_cpp: rosidl_typesupport_fastrtps_cpp;rosidl_typesupport_introspection_cpp
-- Found PythonInterp: /usr/bin/python3 (found suitable version "3.10.12", minimum required is "3.6") 
-- Found python_cmake_module: 0.10.0 (/opt/ros/humble/share/python_cmake_module/cmake)
-- Found PythonLibs: /usr/lib/x86_64-linux-gnu/libpython3.10.so (found suitable version "3.10.12", minimum required is "3.5") 
-- Using PYTHON_EXECUTABLE: /usr/bin/python3
-- Using PYTHON_INCLUDE_DIRS: /usr/include/python3.10
-- Using PYTHON_LIBRARIES: /usr/lib/x86_64-linux-gnu/libpython3.10.so
-- Found PythonExtra: .so  
-- Found ament_lint_auto: 0.12.10 (/opt/ros/humble/share/ament_lint_auto/cmake)
-- Added test 'cppcheck' to perform static code analysis on C / C++ code
-- Configured cppcheck include dirs: /home/laprp/Documents/ebug-network/ros/src/ebug_base/include
-- Configured cppcheck exclude dirs and/or files: 
-- Added test 'lint_cmake' to check CMake code style
-- Added test 'uncrustify' to check C / C++ code style
-- Configured uncrustify additional arguments: 
-- Added test 'xmllint' to check XML markup files
-- Configuring done
-- Generating done
-- Build files have been written to: /home/laprp/Documents/ebug-network/ros/src/build/ebug_base
[  1%] [34m[1mGenerating C code for ROS interfaces[0m
[ 10%] [32mBuilding CXX object CMakeFiles/jpeg_republisher.dir/rclcpp_components/node_main_jpeg_republisher.cpp.o[0m
[ 10%] [32mBuilding CXX object CMakeFiles/jpeg_republisher_component.dir/src/jpeg_republisher.cpp.o[0m
[ 10%] [34m[1mGenerating C++ code for ROS interfaces[0m
[ 11%] [32mBuilding CXX object CMakeFiles/byte_rectifier_component.dir/src/byte_rectifier.cpp.o[0m
[ 11%] [32mBuilding CXX object CMakeFiles/gridmap_controller.dir/rclcpp_components/node_main_gridmap_controller.cpp.o[0m
[ 11%] [32mBuilding CXX object CMakeFiles/byte_rectifier.dir/rclcpp_components/node_main_byte_rectifier.cpp.o[0m
[ 11%] Built target ament_cmake_python_copy_ebug_base
running egg_info
creating ebug_base.egg-info
writing ebug_base.egg-info/PKG-INFO
writing dependency_links to ebug_base.egg-info/dependency_links.txt
writing top-level names to ebug_base.egg-info/top_level.txt
writing manifest file 'ebug_base.egg-info/SOURCES.txt'
reading manifest file 'ebug_base.egg-info/SOURCES.txt'
writing manifest file 'ebug_base.egg-info/SOURCES.txt'
[ 11%] Built target ament_cmake_python_build_ebug_base_egg
[ 11%] Built target ebug_base__cpp
[ 13%] [34m[1mGenerating C++ type support dispatch for ROS interfaces[0m
[ 15%] [34m[1mGenerating C++ type support for eProsima Fast-RTPS[0m
[ 16%] [32mBuilding C object CMakeFiles/ebug_base__rosidl_generator_c.dir/rosidl_generator_c/ebug_base/srv/detail/compute_target__functions.c.o[0m
[ 18%] [32mBuilding C object CMakeFiles/ebug_base__rosidl_generator_c.dir/rosidl_generator_c/ebug_base/msg/detail/robot_pose__functions.c.o[0m
[ 20%] [32mBuilding C object CMakeFiles/ebug_base__rosidl_generator_c.dir/rosidl_generator_c/ebug_base/msg/detail/control_command__functions.c.o[0m
[ 22%] [32mBuilding CXX object CMakeFiles/ebug_base__rosidl_typesupport_cpp.dir/rosidl_typesupport_cpp/ebug_base/srv/compute_target__type_support.cpp.o[0m
[ 23%] [32m[1mLinking C shared library libebug_base__rosidl_generator_c.so[0m
[ 23%] Built target ebug_base__rosidl_generator_c
[ 25%] [34m[1mGenerating C++ introspection for ROS interfaces[0m
[ 27%] [32mBuilding CXX object CMakeFiles/ebug_base__rosidl_typesupport_fastrtps_cpp.dir/rosidl_typesupport_fastrtps_cpp/ebug_base/srv/detail/dds_fastrtps/compute_target__type_support.cpp.o[0m
[ 28%] [32mBuilding CXX object CMakeFiles/ebug_base__rosidl_typesupport_cpp.dir/rosidl_typesupport_cpp/ebug_base/msg/robot_pose__type_support.cpp.o[0m
[ 30%] [32mBuilding CXX object CMakeFiles/ebug_base__rosidl_typesupport_introspection_cpp.dir/rosidl_typesupport_introspection_cpp/ebug_base/srv/detail/compute_target__type_support.cpp.o[0m
[ 32%] [32mBuilding CXX object CMakeFiles/ebug_base__rosidl_typesupport_cpp.dir/rosidl_typesupport_cpp/ebug_base/msg/control_command__type_support.cpp.o[0m
[ 33%] [32mBuilding CXX object CMakeFiles/ebug_base__rosidl_typesupport_fastrtps_cpp.dir/rosidl_typesupport_fastrtps_cpp/ebug_base/msg/detail/dds_fastrtps/robot_pose__type_support.cpp.o[0m
[ 35%] [32m[1mLinking CXX shared library libebug_base__rosidl_typesupport_cpp.so[0m
[ 35%] Built target ebug_base__rosidl_typesupport_cpp
[ 37%] [34m[1mGenerating C type support for eProsima Fast-RTPS[0m
[ 38%] [32mBuilding CXX object CMakeFiles/ebug_base__rosidl_typesupport_introspection_cpp.dir/rosidl_typesupport_introspection_cpp/ebug_base/msg/detail/robot_pose__type_support.cpp.o[0m
[ 40%] [32mBuilding CXX object CMakeFiles/ebug_base__rosidl_typesupport_fastrtps_cpp.dir/rosidl_typesupport_fastrtps_cpp/ebug_base/msg/detail/dds_fastrtps/control_command__type_support.cpp.o[0m
[ 42%] [32mBuilding CXX object CMakeFiles/ebug_base__rosidl_typesupport_introspection_cpp.dir/rosidl_typesupport_introspection_cpp/ebug_base/msg/detail/control_command__type_support.cpp.o[0m
[ 44%] [32mBuilding CXX object CMakeFiles/ebug_base__rosidl_typesupport_fastrtps_c.dir/rosidl_typesupport_fastrtps_c/ebug_base/srv/detail/compute_target__type_support_c.cpp.o[0m
[ 45%] [32m[1mLinking CXX shared library libebug_base__rosidl_typesupport_fastrtps_cpp.so[0m
[ 45%] Built target ebug_base__rosidl_typesupport_fastrtps_cpp
[ 47%] [34m[1mGenerating C introspection for ROS interfaces[0m
[ 49%] [32m[1mLinking CXX shared library libebug_base__rosidl_typesupport_introspection_cpp.so[0m
[ 49%] Built target ebug_base__rosidl_typesupport_introspection_cpp
[ 50%] [34m[1mGenerating C type support dispatch for ROS interfaces[0m
[ 52%] [32mBuilding CXX object CMakeFiles/ebug_base__rosidl_typesupport_fastrtps_c.dir/rosidl_typesupport_fastrtps_c/ebug_base/msg/detail/robot_pose__type_support_c.cpp.o[0m
[ 54%] [32mBuilding C object CMakeFiles/ebug_base__rosidl_typesupport_introspection_c.dir/rosidl_typesupport_introspection_c/ebug_base/srv/detail/compute_target__type_support.c.o[0m
[ 55%] [32mBuilding C object CMakeFiles/ebug_base__rosidl_typesupport_introspection_c.dir/rosidl_typesupport_introspection_c/ebug_base/msg/detail/robot_pose__type_support.c.o[0m
[ 57%] [32mBuilding C object CMakeFiles/ebug_base__rosidl_typesupport_introspection_c.dir/rosidl_typesupport_introspection_c/ebug_base/msg/detail/control_command__type_support.c.o[0m
[ 59%] [32mBuilding CXX object CMakeFiles/ebug_base__rosidl_typesupport_c.dir/rosidl_typesupport_c/ebug_base/srv/compute_target__type_support.cpp.o[0m
[ 61%] [32m[1mLinking C shared library libebug_base__rosidl_typesupport_introspection_c.so[0m
[ 61%] Built target ebug_base__rosidl_typesupport_introspection_c
[ 62%] [32mBuilding CXX object CMakeFiles/ebug_base__rosidl_typesupport_fastrtps_c.dir/rosidl_typesupport_fastrtps_c/ebug_base/msg/detail/control_command__type_support_c.cpp.o[0m
[ 64%] [32mBuilding CXX object CMakeFiles/ebug_base__rosidl_typesupport_c.dir/rosidl_typesupport_c/ebug_base/msg/robot_pose__type_support.cpp.o[0m
[ 66%] [32mBuilding CXX object CMakeFiles/gridmap_controller_component.dir/src/gridmap_controller.cpp.o[0m
[ 67%] [32mBuilding CXX object CMakeFiles/ebug_base__rosidl_typesupport_c.dir/rosidl_typesupport_c/ebug_base/msg/control_command__type_support.cpp.o[0m
[ 69%] [32m[1mLinking CXX shared library libebug_base__rosidl_typesupport_c.so[0m
[ 69%] Built target ebug_base__rosidl_typesupport_c
[ 71%] [32m[1mLinking CXX shared library libebug_base__rosidl_typesupport_fastrtps_c.so[0m
[ 71%] Built target ebug_base__rosidl_typesupport_fastrtps_c
[ 71%] Built target ebug_base
[ 72%] [34m[1mGenerating Python code for ROS interfaces[0m
[ 76%] [32m[1mLinking CXX executable gridmap_controller[0m
[ 76%] [32m[1mLinking CXX executable byte_rectifier[0m
[ 76%] Built target byte_rectifier
[ 77%] [32m[1mLinking CXX executable jpeg_republisher[0m
[ 77%] Built target gridmap_controller
[ 77%] Built target jpeg_republisher
[ 77%] Built target ebug_base__py
[ 81%] [32mBuilding C object CMakeFiles/ebug_base__rosidl_generator_py.dir/rosidl_generator_py/ebug_base/srv/_compute_target_s.c.o[0m
[ 81%] [32mBuilding C object CMakeFiles/ebug_base__rosidl_generator_py.dir/rosidl_generator_py/ebug_base/msg/_robot_pose_s.c.o[0m
[ 83%] [32mBuilding C object CMakeFiles/ebug_base__rosidl_generator_py.dir/rosidl_generator_py/ebug_base/msg/_control_command_s.c.o[0m
[ 84%] [32m[1mLinking C shared library rosidl_generator_py/ebug_base/libebug_base__rosidl_generator_py.so[0m
[ 84%] Built target ebug_base__rosidl_generator_py
[ 86%] [32mBuilding C object CMakeFiles/ebug_base__rosidl_typesupport_fastrtps_c__pyext.dir/rosidl_generator_py/ebug_base/_ebug_base_s.ep.rosidl_typesupport_fastrtps_c.c.o[0m
[ 88%] [32mBuilding C object CMakeFiles/ebug_base__rosidl_typesupport_introspection_c__pyext.dir/rosidl_generator_py/ebug_base/_ebug_base_s.ep.rosidl_typesupport_introspection_c.c.o[0m
[ 89%] [32mBuilding C object CMakeFiles/ebug_base__rosidl_typesupport_c__pyext.dir/rosidl_generator_py/ebug_base/_ebug_base_s.ep.rosidl_typesupport_c.c.o[0m
[ 93%] [32m[1mLinking C shared library rosidl_generator_py/ebug_base/ebug_base_s__rosidl_typesupport_c.cpython-310-x86_64-linux-gnu.so[0m
[ 94%] [32m[1mLinking C shared library rosidl_generator_py/ebug_base/ebug_base_s__rosidl_typesupport_fastrtps_c.cpython-310-x86_64-linux-gnu.so[0m
[ 94%] [32m[1mLinking C shared library rosidl_generator_py/ebug_base/ebug_base_s__rosidl_typesupport_introspection_c.cpython-310-x86_64-linux-gnu.so[0m
[ 94%] Built target ebug_base__rosidl_typesupport_introspection_c__pyext
[ 94%] Built target ebug_base__rosidl_typesupport_fastrtps_c__pyext
[ 94%] Built target ebug_base__rosidl_typesupport_c__pyext
[ 96%] [32m[1mLinking CXX shared library libjpeg_republisher_component.so[0m
[ 96%] Built target jpeg_republisher_component
[ 98%] [32m[1mLinking CXX shared library libbyte_rectifier_component.so[0m
[ 98%] Built target byte_rectifier_component
[100%] [32m[1mLinking CXX shared library libgridmap_controller_component.so[0m
[100%] Built target gridmap_controller_component
-- Install configuration: "Release"
-- Installing: /home/laprp/Documents/ebug-network/ros/src/install/ebug_base/share/ament_index/resource_index/rosidl_interfaces/ebug_base
-- Installing: /home/laprp/Documents/ebug-network/ros/src/install/ebug_base/include/ebug_base/ebug_base
-- Installing: /home/laprp/Documents/ebug-network/ros/src/install/ebug_base/include/ebug_base/ebug_base/srv
-- Installing: /home/laprp/Documents/ebug-network/ros/src/install/ebug_base/include/ebug_base/ebug_base/srv/detail
-- Installing: /home/laprp/Documents/ebug-network/ros/src/install/ebug_base/include/ebug_base/ebug_base/srv/detail/compute_target__functions.h
-- Installing: /home/laprp/Documents/ebug-network/ros/src/install/ebug_base/include/ebug_base/ebug_base/srv/detail/compute_target__type_support.h
-- Installing: /home/laprp/Documents/ebug-network/ros/src/install/ebug_base/include/ebug_base/ebug_base/srv/detail/compute_target__functions.c
-- Installing: /home/laprp/Documents/ebug-network/ros/src/install/ebug_base/include/ebug_base/ebug_base/srv/detail/compute_target__struct.h
-- Installing: /home/laprp/Documents/ebug-network/ros/src/install/ebug_base/include/ebug_base/ebug_base/srv/compute_target.h
-- Installing: /home/laprp/Documents/ebug-network/ros/src/install/ebug_base/include/ebug_base/ebug_base/msg
-- Installing: /home/laprp/Documents/ebug-network/ros/src/install/ebug_base/include/ebug_base/ebug_base/msg/control_command.h
-- Installing: /home/laprp/Documents/ebug-network/ros/src/install/ebug_base/include/ebug_base/ebug_base/msg/robot_pose.h
-- Installing: /home/laprp/Documents/ebug-network/ros/src/install/ebug_base/include/ebug_base/ebug_base/msg/rosidl_generator_c__visibility_control.h
-- Installing: /home/laprp/Documents/ebug-network/ros/src/install/ebug_base/include/ebug_base/ebug_base/msg/detail
-- Installing: /home/laprp/Documents/ebug-network/ros/src/install/ebug_base/include/ebug_base/ebug_base/msg/detail/robot_pose__functions.c
-- Installing: /home/laprp/Documents/ebug-network/ros/src/install/ebug_base/include/ebug_base/ebug_base/msg/detail/robot_pose__functions.h
-- Installing: /home/laprp/Documents/ebug-network/ros/src/install/ebug_base/include/ebug_base/ebug_base/msg/detail/control_command__struct.h
-- Installing: /home/laprp/Documents/ebug-network/ros/src/install/ebug_base/include/ebug_base/ebug_base/msg/detail/control_command__type_support.h
-- Installing: /home/laprp/Documents/ebug-network/ros/src/install/ebug_base/include/ebug_base/ebug_base/msg/detail/robot_pose__struct.h
-- Installing: /home/laprp/Documents/ebug-network/ros/src/install/ebug_base/include/ebug_base/ebug_base/msg/detail/control_command__functions.c
-- Installing: /home/laprp/Documents/ebug-network/ros/src/install/ebug_base/include/ebug_base/ebug_base/msg/detail/control_command__functions.h
-- Installing: /home/laprp/Documents/ebug-network/ros/src/install/ebug_base/include/ebug_base/ebug_base/msg/detail/robot_pose__type_support.h
-- Installing: /home/laprp/Documents/ebug-network/ros/src/install/ebug_base/share/ebug_base/environment/library_path.sh
-- Installing: /home/laprp/Documents/ebug-network/ros/src/install/ebug_base/share/ebug_base/environment/library_path.dsv
-- Installing: /home/laprp/Documents/ebug-network/ros/src/install/ebug_base/lib/libebug_base__rosidl_generator_c.so
-- Set runtime path of "/home/laprp/Documents/ebug-network/ros/src/install/ebug_base/lib/libebug_base__rosidl_generator_c.so" to ""
-- Up-to-date: /home/laprp/Documents/ebug-network/ros/src/install/ebug_base/include/ebug_base/ebug_base
-- Up-to-date: /home/laprp/Documents/ebug-network/ros/src/install/ebug_base/include/ebug_base/ebug_base/srv
-- Up-to-date: /home/laprp/Documents/ebug-network/ros/src/install/ebug_base/include/ebug_base/ebug_base/srv/detail
-- Installing: /home/laprp/Documents/ebug-network/ros/src/install/ebug_base/include/ebug_base/ebug_base/srv/detail/compute_target__rosidl_typesupport_fastrtps_c.h
-- Up-to-date: /home/laprp/Documents/ebug-network/ros/src/install/ebug_base/include/ebug_base/ebug_base/msg
-- Up-to-date: /home/laprp/Documents/ebug-network/ros/src/install/ebug_base/include/ebug_base/ebug_base/msg/detail
-- Installing: /home/laprp/Documents/ebug-network/ros/src/install/ebug_base/include/ebug_base/ebug_base/msg/detail/robot_pose__rosidl_typesupport_fastrtps_c.h
-- Installing: /home/laprp/Documents/ebug-network/ros/src/install/ebug_base/include/ebug_base/ebug_base/msg/detail/control_command__rosidl_typesupport_fastrtps_c.h
-- Installing: /home/laprp/Documents/ebug-network/ros/src/install/ebug_base/include/ebug_base/ebug_base/msg/rosidl_typesupport_fastrtps_c__visibility_control.h
-- Installing: /home/laprp/Documents/ebug-network/ros/src/install/ebug_base/lib/libebug_base__rosidl_typesupport_fastrtps_c.so
-- Set runtime path of "/home/laprp/Documents/ebug-network/ros/src/install/ebug_base/lib/libebug_base__rosidl_typesupport_fastrtps_c.so" to ""
-- Up-to-date: /home/laprp/Documents/ebug-network/ros/src/install/ebug_base/include/ebug_base/ebug_base
-- Up-to-date: /home/laprp/Documents/ebug-network/ros/src/install/ebug_base/include/ebug_base/ebug_base/srv
-- Up-to-date: /home/laprp/Documents/ebug-network/ros/src/install/ebug_base/include/ebug_base/ebug_base/srv/detail
-- Installing: /home/laprp/Documents/ebug-network/ros/src/install/ebug_base/include/ebug_base/ebug_base/srv/detail/compute_target__traits.hpp
-- Installing: /home/laprp/Documents/ebug-network/ros/src/install/ebug_base/include/ebug_base/ebug_base/srv/detail/compute_target__builder.hpp
-- Installing: /home/laprp/Documents/ebug-network/ros/src/install/ebug_base/include/ebug_base/ebug_base/srv/detail/compute_target__struct.hpp
-- Installing: /home/laprp/Documents/ebug-network/ros/src/install/ebug_base/include/ebug_base/ebug_base/srv/compute_target.hpp
-- Up-to-date: /home/laprp/Documents/ebug-network/ros/src/install/ebug_base/include/ebug_base/ebug_base/msg
-- Installing: /home/laprp/Documents/ebug-network/ros/src/install/ebug_base/include/ebug_base/ebug_base/msg/robot_pose.hpp
-- Up-to-date: /home/laprp/Documents/ebug-network/ros/src/install/ebug_base/include/ebug_base/ebug_base/msg/detail
-- Installing: /home/laprp/Documents/ebug-network/ros/src/install/ebug_base/include/ebug_base/ebug_base/msg/detail/robot_pose__struct.hpp
-- Installing: /home/laprp/Documents/ebug-network/ros/src/install/ebug_base/include/ebug_base/ebug_base/msg/detail/control_command__struct.hpp
-- Installing: /home/laprp/Documents/ebug-network/ros/src/install/ebug_base/include/ebug_base/ebug_base/msg/detail/control_command__builder.hpp
-- Installing: /home/laprp/Documents/ebug-network/ros/src/install/ebug_base/include/ebug_base/ebug_base/msg/detail/robot_pose__traits.hpp
-- Installing: /home/laprp/Documents/ebug-network/ros/src/install/ebug_base/include/ebug_base/ebug_base/msg/detail/robot_pose__builder.hpp
-- Installing: /home/laprp/Documents/ebug-network/ros/src/install/ebug_base/include/ebug_base/ebug_base/msg/detail/control_command__traits.hpp
-- Installing: /home/laprp/Documents/ebug-network/ros/src/install/ebug_base/include/ebug_base/ebug_base/msg/control_command.hpp
-- Up-to-date: /home/laprp/Documents/ebug-network/ros/src/install/ebug_base/include/ebug_base/ebug_base
-- Up-to-date: /home/laprp/Documents/ebug-network/ros/src/install/ebug_base/include/ebug_base/ebug_base/srv
-- Up-to-date: /home/laprp/Documents/ebug-network/ros/src/install/ebug_base/include/ebug_base/ebug_base/srv/detail
-- Installing: /home/laprp/Documents/ebug-network/ros/src/install/ebug_base/include/ebug_base/ebug_base/srv/detail/compute_target__rosidl_typesupport_fastrtps_cpp.hpp
-- Installing: /home/laprp/Documents/ebug-network/ros/src/install/ebug_base/include/ebug_base/ebug_base/srv/detail/dds_fastrtps
-- Up-to-date: /home/laprp/Documents/ebug-network/ros/src/install/ebug_base/include/ebug_base/ebug_base/msg
-- Up-to-date: /home/laprp/Documents/ebug-network/ros/src/install/ebug_base/include/ebug_base/ebug_base/msg/detail
-- Installing: /home/laprp/Documents/ebug-network/ros/src/install/ebug_base/include/ebug_base/ebug_base/msg/detail/robot_pose__rosidl_typesupport_fastrtps_cpp.hpp
-- Installing: /home/laprp/Documents/ebug-network/ros/src/install/ebug_base/include/ebug_base/ebug_base/msg/detail/control_command__rosidl_typesupport_fastrtps_cpp.hpp
-- Installing: /home/laprp/Documents/ebug-network/ros/src/install/ebug_base/include/ebug_base/ebug_base/msg/detail/dds_fastrtps
-- Installing: /home/laprp/Documents/ebug-network/ros/src/install/ebug_base/include/ebug_base/ebug_base/msg/rosidl_typesupport_fastrtps_cpp__visibility_control.h
-- Installing: /home/laprp/Documents/ebug-network/ros/src/install/ebug_base/lib/libebug_base__rosidl_typesupport_fastrtps_cpp.so
-- Set runtime path of "/home/laprp/Documents/ebug-network/ros/src/install/ebug_base/lib/libebug_base__rosidl_typesupport_fastrtps_cpp.so" to ""
-- Up-to-date: /home/laprp/Documents/ebug-network/ros/src/install/ebug_base/include/ebug_base/ebug_base
-- Up-to-date: /home/laprp/Documents/ebug-network/ros/src/install/ebug_base/include/ebug_base/ebug_base/srv
-- Up-to-date: /home/laprp/Documents/ebug-network/ros/src/install/ebug_base/include/ebug_base/ebug_base/srv/detail
-- Installing: /home/laprp/Documents/ebug-network/ros/src/install/ebug_base/include/ebug_base/ebug_base/srv/detail/compute_target__rosidl_typesupport_introspection_c.h
-- Installing: /home/laprp/Documents/ebug-network/ros/src/install/ebug_base/include/ebug_base/ebug_base/srv/detail/compute_target__type_support.c
-- Up-to-date: /home/laprp/Documents/ebug-network/ros/src/install/ebug_base/include/ebug_base/ebug_base/msg
-- Up-to-date: /home/laprp/Documents/ebug-network/ros/src/install/ebug_base/include/ebug_base/ebug_base/msg/detail
-- Installing: /home/laprp/Documents/ebug-network/ros/src/install/ebug_base/include/ebug_base/ebug_base/msg/detail/control_command__rosidl_typesupport_introspection_c.h
-- Installing: /home/laprp/Documents/ebug-network/ros/src/install/ebug_base/include/ebug_base/ebug_base/msg/detail/robot_pose__type_support.c
-- Installing: /home/laprp/Documents/ebug-network/ros/src/install/ebug_base/include/ebug_base/ebug_base/msg/detail/control_command__type_support.c
-- Installing: /home/laprp/Documents/ebug-network/ros/src/install/ebug_base/include/ebug_base/ebug_base/msg/detail/robot_pose__rosidl_typesupport_introspection_c.h
-- Installing: /home/laprp/Documents/ebug-network/ros/src/install/ebug_base/include/ebug_base/ebug_base/msg/rosidl_typesupport_introspection_c__visibility_control.h
-- Installing: /home/laprp/Documents/ebug-network/ros/src/install/ebug_base/lib/libebug_base__rosidl_typesupport_introspection_c.so
-- Set runtime path of "/home/laprp/Documents/ebug-network/ros/src/install/ebug_base/lib/libebug_base__rosidl_typesupport_introspection_c.so" to ""
-- Installing: /home/laprp/Documents/ebug-network/ros/src/install/ebug_base/lib/libebug_base__rosidl_typesupport_c.so
-- Set runtime path of "/home/laprp/Documents/ebug-network/ros/src/install/ebug_base/lib/libebug_base__rosidl_typesupport_c.so" to ""
-- Up-to-date: /home/laprp/Documents/ebug-network/ros/src/install/ebug_base/include/ebug_base/ebug_base
-- Up-to-date: /home/laprp/Documents/ebug-network/ros/src/install/ebug_base/include/ebug_base/ebug_base/srv
-- Up-to-date: /home/laprp/Documents/ebug-network/ros/src/install/ebug_base/include/ebug_base/ebug_base/srv/detail
-- Installing: /home/laprp/Documents/ebug-network/ros/src/install/ebug_base/include/ebug_base/ebug_base/srv/detail/compute_target__type_support.cpp
-- Installing: /home/laprp/Documents/ebug-network/ros/src/install/ebug_base/include/ebug_base/ebug_base/srv/detail/compute_target__rosidl_typesupport_introspection_cpp.hpp
-- Up-to-date: /home/laprp/Documents/ebug-network/ros/src/install/ebug_base/include/ebug_base/ebug_base/msg
-- Up-to-date: /home/laprp/Documents/ebug-network/ros/src/install/ebug_base/include/ebug_base/ebug_base/msg/detail
-- Installing: /home/laprp/Documents/ebug-network/ros/src/install/ebug_base/include/ebug_base/ebug_base/msg/detail/control_command__type_support.cpp
-- Installing: /home/laprp/Documents/ebug-network/ros/src/install/ebug_base/include/ebug_base/ebug_base/msg/detail/robot_pose__rosidl_typesupport_introspection_cpp.hpp
-- Installing: /home/laprp/Documents/ebug-network/ros/src/install/ebug_base/include/ebug_base/ebug_base/msg/detail/control_command__rosidl_typesupport_introspection_cpp.hpp
-- Installing: /home/laprp/Documents/ebug-network/ros/src/install/ebug_base/include/ebug_base/ebug_base/msg/detail/robot_pose__type_support.cpp
-- Installing: /home/laprp/Documents/ebug-network/ros/src/install/ebug_base/lib/libebug_base__rosidl_typesupport_introspection_cpp.so
-- Set runtime path of "/home/laprp/Documents/ebug-network/ros/src/install/ebug_base/lib/libebug_base__rosidl_typesupport_introspection_cpp.so" to ""
-- Installing: /home/laprp/Documents/ebug-network/ros/src/install/ebug_base/lib/libebug_base__rosidl_typesupport_cpp.so
-- Set runtime path of "/home/laprp/Documents/ebug-network/ros/src/install/ebug_base/lib/libebug_base__rosidl_typesupport_cpp.so" to ""
-- Installing: /home/laprp/Documents/ebug-network/ros/src/install/ebug_base/share/ebug_base/environment/pythonpath.sh
-- Installing: /home/laprp/Documents/ebug-network/ros/src/install/ebug_base/share/ebug_base/environment/pythonpath.dsv
-- Installing: /home/laprp/Documents/ebug-network/ros/src/install/ebug_base/local/lib/python3.10/dist-packages/ebug_base-0.0.0-py3.10.egg-info
-- Installing: /home/laprp/Documents/ebug-network/ros/src/install/ebug_base/local/lib/python3.10/dist-packages/ebug_base-0.0.0-py3.10.egg-info/dependency_links.txt
-- Installing: /home/laprp/Documents/ebug-network/ros/src/install/ebug_base/local/lib/python3.10/dist-packages/ebug_base-0.0.0-py3.10.egg-info/PKG-INFO
-- Installing: /home/laprp/Documents/ebug-network/ros/src/install/ebug_base/local/lib/python3.10/dist-packages/ebug_base-0.0.0-py3.10.egg-info/top_level.txt
-- Installing: /home/laprp/Documents/ebug-network/ros/src/install/ebug_base/local/lib/python3.10/dist-packages/ebug_base-0.0.0-py3.10.egg-info/SOURCES.txt
-- Installing: /home/laprp/Documents/ebug-network/ros/src/install/ebug_base/local/lib/python3.10/dist-packages/ebug_base
-- Installing: /home/laprp/Documents/ebug-network/ros/src/install/ebug_base/local/lib/python3.10/dist-packages/ebug_base/__init__.py
-- Installing: /home/laprp/Documents/ebug-network/ros/src/install/ebug_base/local/lib/python3.10/dist-packages/ebug_base/ebug_base_s__rosidl_typesupport_fastrtps_c.cpython-310-x86_64-linux-gnu.so
-- Installing: /home/laprp/Documents/ebug-network/ros/src/install/ebug_base/local/lib/python3.10/dist-packages/ebug_base/_ebug_base_s.ep.rosidl_typesupport_c.c
-- Installing: /home/laprp/Documents/ebug-network/ros/src/install/ebug_base/local/lib/python3.10/dist-packages/ebug_base/ebug_base_s__rosidl_typesupport_introspection_c.cpython-310-x86_64-linux-gnu.so
-- Installing: /home/laprp/Documents/ebug-network/ros/src/install/ebug_base/local/lib/python3.10/dist-packages/ebug_base/ebug_base_s__rosidl_typesupport_c.cpython-310-x86_64-linux-gnu.so
-- Installing: /home/laprp/Documents/ebug-network/ros/src/install/ebug_base/local/lib/python3.10/dist-packages/ebug_base/_ebug_base_s.ep.rosidl_typesupport_introspection_c.c
-- Installing: /home/laprp/Documents/ebug-network/ros/src/install/ebug_base/local/lib/python3.10/dist-packages/ebug_base/libebug_base__rosidl_generator_py.so
-- Installing: /home/laprp/Documents/ebug-network/ros/src/install/ebug_base/local/lib/python3.10/dist-packages/ebug_base/_ebug_base_s.ep.rosidl_typesupport_fastrtps_c.c
-- Installing: /home/laprp/Documents/ebug-network/ros/src/install/ebug_base/local/lib/python3.10/dist-packages/ebug_base/srv
-- Installing: /home/laprp/Documents/ebug-network/ros/src/install/ebug_base/local/lib/python3.10/dist-packages/ebug_base/srv/__init__.py
-- Installing: /home/laprp/Documents/ebug-network/ros/src/install/ebug_base/local/lib/python3.10/dist-packages/ebug_base/srv/_compute_target_s.c
-- Installing: /home/laprp/Documents/ebug-network/ros/src/install/ebug_base/local/lib/python3.10/dist-packages/ebug_base/srv/_compute_target.py
-- Installing: /home/laprp/Documents/ebug-network/ros/src/install/ebug_base/local/lib/python3.10/dist-packages/ebug_base/msg
-- Installing: /home/laprp/Documents/ebug-network/ros/src/install/ebug_base/local/lib/python3.10/dist-packages/ebug_base/msg/__init__.py
-- Installing: /home/laprp/Documents/ebug-network/ros/src/install/ebug_base/local/lib/python3.10/dist-packages/ebug_base/msg/_robot_pose_s.c
-- Installing: /home/laprp/Documents/ebug-network/ros/src/install/ebug_base/local/lib/python3.10/dist-packages/ebug_base/msg/_control_command.py
-- Installing: /home/laprp/Documents/ebug-network/ros/src/install/ebug_base/local/lib/python3.10/dist-packages/ebug_base/msg/_control_command_s.c
-- Installing: /home/laprp/Documents/ebug-network/ros/src/install/ebug_base/local/lib/python3.10/dist-packages/ebug_base/msg/_robot_pose.py
Listing '/home/laprp/Documents/ebug-network/ros/src/install/ebug_base/local/lib/python3.10/dist-packages/ebug_base'...
Compiling '/home/laprp/Documents/ebug-network/ros/src/install/ebug_base/local/lib/python3.10/dist-packages/ebug_base/__init__.py'...
Listing '/home/laprp/Documents/ebug-network/ros/src/install/ebug_base/local/lib/python3.10/dist-packages/ebug_base/msg'...
Compiling '/home/laprp/Documents/ebug-network/ros/src/install/ebug_base/local/lib/python3.10/dist-packages/ebug_base/msg/__init__.py'...
Compiling '/home/laprp/Documents/ebug-network/ros/src/install/ebug_base/local/lib/python3.10/dist-packages/ebug_base/msg/_control_command.py'...
Compiling '/home/laprp/Documents/ebug-network/ros/src/install/ebug_base/local/lib/python3.10/dist-packages/ebug_base/msg/_robot_pose.py'...
Listing '/home/laprp/Documents/ebug-network/ros/src/install/ebug_base/local/lib/python3.10/dist-packages/ebug_base/srv'...
Compiling '/home/laprp/Documents/ebug-network/ros/src/install/ebug_base/local/lib/python3.10/dist-packages/ebug_base/srv/__init__.py'...
Compiling '/home/laprp/Documents/ebug-network/ros/src/install/ebug_base/local/lib/python3.10/dist-packages/ebug_base/srv/_compute_target.py'...
-- Installing: /home/laprp/Documents/ebug-network/ros/src/install/ebug_base/local/lib/python3.10/dist-packages/ebug_base/ebug_base_s__rosidl_typesupport_fastrtps_c.cpython-310-x86_64-linux-gnu.so
-- Set runtime path of "/home/laprp/Documents/ebug-network/ros/src/install/ebug_base/local/lib/python3.10/dist-packages/ebug_base/ebug_base_s__rosidl_typesupport_fastrtps_c.cpython-310-x86_64-linux-gnu.so" to ""
-- Installing: /home/laprp/Documents/ebug-network/ros/src/install/ebug_base/local/lib/python3.10/dist-packages/ebug_base/ebug_base_s__rosidl_typesupport_introspection_c.cpython-310-x86_64-linux-gnu.so
-- Set runtime path of "/home/laprp/Documents/ebug-network/ros/src/install/ebug_base/local/lib/python3.10/dist-packages/ebug_base/ebug_base_s__rosidl_typesupport_introspection_c.cpython-310-x86_64-linux-gnu.so" to ""
-- Installing: /home/laprp/Documents/ebug-network/ros/src/install/ebug_base/local/lib/python3.10/dist-packages/ebug_base/ebug_base_s__rosidl_typesupport_c.cpython-310-x86_64-linux-gnu.so
-- Set runtime path of "/home/laprp/Documents/ebug-network/ros/src/install/ebug_base/local/lib/python3.10/dist-packages/ebug_base/ebug_base_s__rosidl_typesupport_c.cpython-310-x86_64-linux-gnu.so" to ""
-- Installing: /home/laprp/Documents/ebug-network/ros/src/install/ebug_base/lib/libebug_base__rosidl_generator_py.so
-- Set runtime path of "/home/laprp/Documents/ebug-network/ros/src/install/ebug_base/lib/libebug_base__rosidl_generator_py.so" to ""
-- Installing: /home/laprp/Documents/ebug-network/ros/src/install/ebug_base/share/ebug_base/srv/ComputeTarget.idl
-- Installing: /home/laprp/Documents/ebug-network/ros/src/install/ebug_base/share/ebug_base/msg/RobotPose.idl
-- Installing: /home/laprp/Documents/ebug-network/ros/src/install/ebug_base/share/ebug_base/msg/ControlCommand.idl
-- Installing: /home/laprp/Documents/ebug-network/ros/src/install/ebug_base/share/ebug_base/srv/ComputeTarget.srv
-- Installing: /home/laprp/Documents/ebug-network/ros/src/install/ebug_base/share/ebug_base/srv/ComputeTarget_Request.msg
-- Installing: /home/laprp/Documents/ebug-network/ros/src/install/ebug_base/share/ebug_base/srv/ComputeTarget_Response.msg
-- Installing: /home/laprp/Documents/ebug-network/ros/src/install/ebug_base/share/ebug_base/msg/RobotPose.msg
-- Installing: /home/laprp/Documents/ebug-network/ros/src/install/ebug_base/share/ebug_base/msg/ControlCommand.msg
-- Installing: /home/laprp/Documents/ebug-network/ros/src/install/ebug_base/lib/ebug_base/byte_rectifier
-- Set runtime path of "/home/laprp/Documents/ebug-network/ros/src/install/ebug_base/lib/ebug_base/byte_rectifier" to ""
-- Installing: /home/laprp/Documents/ebug-network/ros/src/install/ebug_base/lib/ebug_base/jpeg_republisher
-- Set runtime path of "/home/laprp/Documents/ebug-network/ros/src/install/ebug_base/lib/ebug_base/jpeg_republisher" to ""
-- Installing: /home/laprp/Documents/ebug-network/ros/src/install/ebug_base/lib/ebug_base/gridmap_controller
-- Set runtime path of "/home/laprp/Documents/ebug-network/ros/src/install/ebug_base/lib/ebug_base/gridmap_controller" to ""
-- Up-to-date: /home/laprp/Documents/ebug-network/ros/src/install/ebug_base/include/ebug_base
-- Up-to-date: /home/laprp/Documents/ebug-network/ros/src/install/ebug_base/include/ebug_base/ebug_base
-- Installing: /home/laprp/Documents/ebug-network/ros/src/install/ebug_base/include/ebug_base/ebug_base/gridmap_controller.hpp
-- Installing: /home/laprp/Documents/ebug-network/ros/src/install/ebug_base/include/ebug_base/ebug_base/jpeg_republisher.hpp
-- Installing: /home/laprp/Documents/ebug-network/ros/src/install/ebug_base/include/ebug_base/ebug_base/byte_rectifier.hpp
-- Installing: /home/laprp/Documents/ebug-network/ros/src/install/ebug_base/lib/libbyte_rectifier_component.so
-- Set runtime path of "/home/laprp/Documents/ebug-network/ros/src/install/ebug_base/lib/libbyte_rectifier_component.so" to ""
-- Installing: /home/laprp/Documents/ebug-network/ros/src/install/ebug_base/lib/libjpeg_republisher_component.so
-- Set runtime path of "/home/laprp/Documents/ebug-network/ros/src/install/ebug_base/lib/libjpeg_republisher_component.so" to ""
-- Installing: /home/laprp/Documents/ebug-network/ros/src/install/ebug_base/lib/libgridmap_controller_component.so
-- Set runtime path of "/home/laprp/Documents/ebug-network/ros/src/install/ebug_base/lib/libgridmap_controller_component.so" to ""
-- Installing: /home/laprp/Documents/ebug-network/ros/src/install/ebug_base/share/ament_index/resource_index/package_run_dependencies/ebug_base
-- Installing: /home/laprp/Documents/ebug-network/ros/src/install/ebug_base/share/ament_index/resource_index/parent_prefix_path/ebug_base
-- Installing: /home/laprp/Documents/ebug-network/ros/src/install/ebug_base/share/ebug_base/environment/ament_prefix_path.sh
-- Installing: /home/laprp/Documents/ebug-network/ros/src/install/ebug_base/share/ebug_base/environment/ament_prefix_path.dsv
-- Installing: /home/laprp/Documents/ebug-network/ros/src/install/ebug_base/share/ebug_base/environment/path.sh
-- Installing: /home/laprp/Documents/ebug-network/ros/src/install/ebug_base/share/ebug_base/environment/path.dsv
-- Installing: /home/laprp/Documents/ebug-network/ros/src/install/ebug_base/share/ebug_base/local_setup.bash
-- Installing: /home/laprp/Documents/ebug-network/ros/src/install/ebug_base/share/ebug_base/local_setup.sh
-- Installing: /home/laprp/Documents/ebug-network/ros/src/install/ebug_base/share/ebug_base/local_setup.zsh
-- Installing: /home/laprp/Documents/ebug-network/ros/src/install/ebug_base/share/ebug_base/local_setup.dsv
-- Installing: /home/laprp/Documents/ebug-network/ros/src/install/ebug_base/share/ebug_base/package.dsv
-- Installing: /home/laprp/Documents/ebug-network/ros/src/install/ebug_base/share/ament_index/resource_index/packages/ebug_base
-- Installing: /home/laprp/Documents/ebug-network/ros/src/install/ebug_base/share/ebug_base/cmake/export_ebug_base__rosidl_generator_cExport.cmake
-- Installing: /home/laprp/Documents/ebug-network/ros/src/install/ebug_base/share/ebug_base/cmake/export_ebug_base__rosidl_generator_cExport-release.cmake
-- Installing: /home/laprp/Documents/ebug-network/ros/src/install/ebug_base/share/ebug_base/cmake/export_ebug_base__rosidl_typesupport_fastrtps_cExport.cmake
-- Installing: /home/laprp/Documents/ebug-network/ros/src/install/ebug_base/share/ebug_base/cmake/export_ebug_base__rosidl_typesupport_fastrtps_cExport-release.cmake
-- Installing: /home/laprp/Documents/ebug-network/ros/src/install/ebug_base/share/ebug_base/cmake/export_ebug_base__rosidl_generator_cppExport.cmake
-- Installing: /home/laprp/Documents/ebug-network/ros/src/install/ebug_base/share/ebug_base/cmake/export_ebug_base__rosidl_typesupport_fastrtps_cppExport.cmake
-- Installing: /home/laprp/Documents/ebug-network/ros/src/install/ebug_base/share/ebug_base/cmake/export_ebug_base__rosidl_typesupport_fastrtps_cppExport-release.cmake
-- Installing: /home/laprp/Documents/ebug-network/ros/src/install/ebug_base/share/ebug_base/cmake/ebug_base__rosidl_typesupport_introspection_cExport.cmake
-- Installing: /home/laprp/Documents/ebug-network/ros/src/install/ebug_base/share/ebug_base/cmake/ebug_base__rosidl_typesupport_introspection_cExport-release.cmake
-- Installing: /home/laprp/Documents/ebug-network/ros/src/install/ebug_base/share/ebug_base/cmake/ebug_base__rosidl_typesupport_cExport.cmake
-- Installing: /home/laprp/Documents/ebug-network/ros/src/install/ebug_base/share/ebug_base/cmake/ebug_base__rosidl_typesupport_cExport-release.cmake
-- Installing: /home/laprp/Documents/ebug-network/ros/src/install/ebug_base/share/ebug_base/cmake/ebug_base__rosidl_typesupport_introspection_cppExport.cmake
-- Installing: /home/laprp/Documents/ebug-network/ros/src/install/ebug_base/share/ebug_base/cmake/ebug_base__rosidl_typesupport_introspection_cppExport-release.cmake
-- Installing: /home/laprp/Documents/ebug-network/ros/src/install/ebug_base/share/ebug_base/cmake/ebug_base__rosidl_typesupport_cppExport.cmake
-- Installing: /home/laprp/Documents/ebug-network/ros/src/install/ebug_base/share/ebug_base/cmake/ebug_base__rosidl_typesupport_cppExport-release.cmake
-- Installing: /home/laprp/Documents/ebug-network/ros/src/install/ebug_base/share/ebug_base/cmake/export_ebug_base__rosidl_generator_pyExport.cmake
-- Installing: /home/laprp/Documents/ebug-network/ros/src/install/ebug_base/share/ebug_base/cmake/export_ebug_base__rosidl_generator_pyExport-release.cmake
-- Installing: /home/laprp/Documents/ebug-network/ros/src/install/ebug_base/share/ament_index/resource_index/rclcpp_components/ebug_base
-- Installing: /home/laprp/Documents/ebug-network/ros/src/install/ebug_base/share/ebug_base/cmake/rosidl_cmake-extras.cmake
-- Installing: /home/laprp/Documents/ebug-network/ros/src/install/ebug_base/share/ebug_base/cmake/ament_cmake_export_dependencies-extras.cmake
-- Installing: /home/laprp/Documents/ebug-network/ros/src/install/ebug_base/share/ebug_base/cmake/ament_cmake_export_include_directories-extras.cmake
-- Installing: /home/laprp/Documents/ebug-network/ros/src/install/ebug_base/share/ebug_base/cmake/ament_cmake_export_libraries-extras.cmake
-- Installing: /home/laprp/Documents/ebug-network/ros/src/install/ebug_base/share/ebug_base/cmake/ament_cmake_export_targets-extras.cmake
-- Installing: /home/laprp/Documents/ebug-network/ros/src/install/ebug_base/share/ebug_base/cmake/rosidl_cmake_export_typesupport_targets-extras.cmake
-- Installing: /home/laprp/Documents/ebug-network/ros/src/install/ebug_base/share/ebug_base/cmake/rosidl_cmake_export_typesupport_libraries-extras.cmake
-- Installing: /home/laprp/Documents/ebug-network/ros/src/install/ebug_base/share/ebug_base/cmake/ebug_baseConfig.cmake
-- Installing: /home/laprp/Documents/ebug-network/ros/src/install/ebug_base/share/ebug_base/cmake/ebug_baseConfig-version.cmake
-- Installing: /home/laprp/Documents/ebug-network/ros/src/install/ebug_base/share/ebug_base/package.xml
