[0.007s] Invoking command in '/home/laprp/Documents/ebug-network/ros/src/build/ebug_base': CMAKE_PREFIX_PATH=/opt/ros/humble /usr/bin/cmake /home/laprp/Documents/ebug-network/ros/src/ebug_base -DCMAKE_INSTALL_PREFIX=/home/laprp/Documents/ebug-network/ros/src/install/ebug_base
[0.069s] -- The C compiler identification is GNU 11.4.0
[0.127s] -- The CXX compiler identification is GNU 11.4.0
[0.134s] -- Detecting C compiler ABI info
[0.177s] -- Detecting C compiler ABI info - done
[0.181s] -- Check for working C compiler: /usr/bin/cc - skipped
[0.181s] -- Detecting C compile features
[0.182s] -- Detecting C compile features - done
[0.184s] -- Detecting CXX compiler ABI info
[0.232s] -- Detecting CXX compiler ABI info - done
[0.236s] -- Check for working CXX compiler: /usr/bin/c++ - skipped
[0.236s] -- Detecting CXX compile features
[0.237s] -- Detecting CXX compile features - done
[0.256s] -- Found ament_cmake: 1.3.8 (/opt/ros/humble/share/ament_cmake/cmake)
[0.344s] -- Found Python3: /usr/bin/python3 (found version "3.10.12") found components: Interpreter 
[0.400s] -- Found rclcpp: 16.0.8 (/opt/ros/humble/share/rclcpp/cmake)
[0.427s] -- Found rosidl_generator_c: 3.1.5 (/opt/ros/humble/share/rosidl_generator_c/cmake)
[0.430s] -- Found rosidl_adapter: 3.1.5 (/opt/ros/humble/share/rosidl_adapter/cmake)
[0.436s] -- Found rosidl_generator_cpp: 3.1.5 (/opt/ros/humble/share/rosidl_generator_cpp/cmake)
[0.446s] -- Using all available rosidl_typesupport_c: rosidl_typesupport_fastrtps_c;rosidl_typesupport_introspection_c
[0.458s] -- Using all available rosidl_typesupport_cpp: rosidl_typesupport_fastrtps_cpp;rosidl_typesupport_introspection_cpp
[0.502s] -- Found rmw_implementation_cmake: 6.1.1 (/opt/ros/humble/share/rmw_implementation_cmake/cmake)
[0.504s] -- Found rmw_fastrtps_cpp: 6.2.6 (/opt/ros/humble/share/rmw_fastrtps_cpp/cmake)
[0.566s] -- Found OpenSSL: /usr/lib/x86_64-linux-gnu/libcrypto.so (found version "3.0.2")  
[0.582s] -- Found FastRTPS: /opt/ros/humble/include  
[0.608s] -- Using RMW implementation 'rmw_fastrtps_cpp' as default
[0.615s] -- Looking for pthread.h
[0.663s] -- Looking for pthread.h - found
[0.663s] -- Performing Test CMAKE_HAVE_LIBC_PTHREAD
[0.705s] -- Performing Test CMAKE_HAVE_LIBC_PTHREAD - Success
[0.706s] -- Found Threads: TRUE  
[0.805s] -- Found rclcpp_components: 16.0.8 (/opt/ros/humble/share/rclcpp_components/cmake)
[0.848s] -- Found rosidl_default_generators: 1.2.0 (/opt/ros/humble/share/rosidl_default_generators/cmake)
[0.854s] -- Found nav_msgs: 4.2.3 (/opt/ros/humble/share/nav_msgs/cmake)
[0.938s] -- Found sensor_msgs: 4.2.3 (/opt/ros/humble/share/sensor_msgs/cmake)
[0.991s] -- Found tf2: 0.25.6 (/opt/ros/humble/share/tf2/cmake)
[0.996s] -- Found tf2_msgs: 0.25.6 (/opt/ros/humble/share/tf2_msgs/cmake)
[1.090s] -- Found message_filters: 4.3.3 (/opt/ros/humble/share/message_filters/cmake)
[1.094s] -- Found image_transport: 3.1.8 (/opt/ros/humble/share/image_transport/cmake)
[1.112s] -- Found compressed_image_transport: 2.5.1 (/opt/ros/humble/share/compressed_image_transport/cmake)
[1.113s] -- Found image_proc: 3.0.4 (/opt/ros/humble/share/image_proc/cmake)
[1.172s] -- Found grid_map_cmake_helpers: 2.0.0 (/opt/ros/humble/share/grid_map_cmake_helpers/cmake)
[1.175s] -- Found grid_map: 2.0.0 (/opt/ros/humble/share/grid_map/cmake)
[1.176s] -- Found grid_map_core: 2.0.0 (/opt/ros/humble/share/grid_map_core/cmake)
[1.177s] -- Found grid_map_ros: 2.0.0 (/opt/ros/humble/share/grid_map_ros/cmake)
[1.511s] -- Found grid_map_rviz_plugin: 2.0.0 (/opt/ros/humble/share/grid_map_rviz_plugin/cmake)
[1.523s] -- Setting OGRE_DIR to: '/opt/ros/humble/share/rviz_ogre_vendor/cmake/../../../opt/rviz_ogre_vendor/lib/OGRE/cmake'
[1.524s] -- Found OGRE
[1.524s] --   static     : OFF
[1.524s] --   components : HLMS;MeshLodGenerator;Overlay;Paging;Property;RTShaderSystem;Terrain;Volume
[1.524s] --   plugins    : Plugin_BSPSceneManager;Plugin_OctreeSceneManager;Plugin_PCZSceneManager;Plugin_ParticleFX;RenderSystem_GL;RenderSystem_GL3Plus;Codec_STBI
[1.524s] --   media      : /opt/ros/humble/opt/rviz_ogre_vendor/share/OGRE/Media
[1.524s] -- OGRE_LIBRARIES: OgreHLMS;OgreMeshLodGenerator;OgreOverlay;OgrePaging;OgreProperty;OgreRTShaderSystem;OgreTerrain;OgreVolume;OgreMain
[1.524s] -- OGRE_LIBRARY_DIRS: /opt/ros/humble/opt/rviz_ogre_vendor/lib
[1.524s] -- OGRE_PLUGINS: Plugin_BSPSceneManager;Plugin_OctreeSceneManager;Plugin_PCZSceneManager;Plugin_ParticleFX;RenderSystem_GL;RenderSystem_GL3Plus;Codec_STBI
[1.524s] -- OGRE_PLUGIN_DIR: /opt/ros/humble/opt/rviz_ogre_vendor/lib/OGRE
[1.525s] -- rviz_ogre_vendor::OgreOverlay for IMPORTED_LOCATION_RELEASE: /opt/ros/humble/opt/rviz_ogre_vendor/lib/libOgreOverlay.so
[1.525s] -- rviz_ogre_vendor::OgreOverlay for IMPORTED_LOCATION_DEBUG: /opt/ros/humble/opt/rviz_ogre_vendor/lib/libOgreOverlay.so
[1.525s] -- rviz_ogre_vendor::OgreMain for IMPORTED_LOCATION_RELEASE: /opt/ros/humble/opt/rviz_ogre_vendor/lib/libOgreMain.so
[1.525s] -- rviz_ogre_vendor::OgreMain for IMPORTED_LOCATION_DEBUG: /opt/ros/humble/opt/rviz_ogre_vendor/lib/libOgreMain.so
[1.536s] -- Found ZLIB: /usr/lib/x86_64-linux-gnu/libz.so (found version "1.2.11") 
[1.539s] -- Found OpenGL: /usr/lib/x86_64-linux-gnu/libOpenGL.so   
[1.591s] -- Found X11: /usr/include   
[1.591s] -- Looking for XOpenDisplay in /usr/lib/x86_64-linux-gnu/libX11.so;/usr/lib/x86_64-linux-gnu/libXext.so
[1.633s] -- Looking for XOpenDisplay in /usr/lib/x86_64-linux-gnu/libX11.so;/usr/lib/x86_64-linux-gnu/libXext.so - found
[1.634s] -- Looking for gethostbyname
[1.674s] -- Looking for gethostbyname - found
[1.674s] -- Looking for connect
[1.713s] -- Looking for connect - found
[1.713s] -- Looking for remove
[1.752s] -- Looking for remove - found
[1.752s] -- Looking for shmat
[1.791s] -- Looking for shmat - found
[1.791s] -- Looking for IceConnectionNumber in ICE
[1.832s] -- Looking for IceConnectionNumber in ICE - found
[1.833s] -- rviz_ogre_vendor::RenderSystem_GL for IMPORTED_LOCATION_RELEASE: _render_system_gl_static_library_abs-NOTFOUND
[1.833s] -- rviz_ogre_vendor::RenderSystem_GL for IMPORTED_LOCATION_DEBUG: _render_system_gl_static_library_abs-NOTFOUND
[1.883s] -- library: /usr/lib/x86_64-linux-gnu/libcurl.so
[1.911s] -- Found Eigen3: TRUE (found version "3.4.0") 
[1.911s] -- Ensuring Eigen3 include directory is part of orocos-kdl CMake target
[2.074s] -- Found grid_map_visualization: 2.0.0 (/opt/ros/humble/share/grid_map_visualization/cmake)
[2.359s] -- Setting build type to Release as none was specified.
[2.572s] -- Found ament_cmake_ros: 0.10.0 (/opt/ros/humble/share/ament_cmake_ros/cmake)
[2.847s] -- Using all available rosidl_typesupport_c: rosidl_typesupport_fastrtps_c;rosidl_typesupport_introspection_c
[2.944s] -- Using all available rosidl_typesupport_cpp: rosidl_typesupport_fastrtps_cpp;rosidl_typesupport_introspection_cpp
[2.959s] -- Found PythonInterp: /usr/bin/python3 (found suitable version "3.10.12", minimum required is "3.6") 
[2.960s] -- Found python_cmake_module: 0.10.0 (/opt/ros/humble/share/python_cmake_module/cmake)
[2.978s] -- Found PythonLibs: /usr/lib/x86_64-linux-gnu/libpython3.10.so (found suitable version "3.10.12", minimum required is "3.5") 
[2.978s] -- Using PYTHON_EXECUTABLE: /usr/bin/python3
[2.978s] -- Using PYTHON_INCLUDE_DIRS: /usr/include/python3.10
[2.978s] -- Using PYTHON_LIBRARIES: /usr/lib/x86_64-linux-gnu/libpython3.10.so
[2.991s] -- Found PythonExtra: .so  
[3.773s] -- Found ament_lint_auto: 0.12.10 (/opt/ros/humble/share/ament_lint_auto/cmake)
[3.789s] -- Added test 'cppcheck' to perform static code analysis on C / C++ code
[3.790s] -- Configured cppcheck include dirs: /home/laprp/Documents/ebug-network/ros/src/ebug_base/include
[3.790s] -- Configured cppcheck exclude dirs and/or files: 
[3.791s] -- Added test 'lint_cmake' to check CMake code style
[3.792s] -- Added test 'uncrustify' to check C / C++ code style
[3.792s] -- Configured uncrustify additional arguments: 
[3.792s] -- Added test 'xmllint' to check XML markup files
[3.794s] -- Configuring done
[3.882s] -- Generating done
[3.885s] -- Build files have been written to: /home/laprp/Documents/ebug-network/ros/src/build/ebug_base
[3.896s] Invoked command in '/home/laprp/Documents/ebug-network/ros/src/build/ebug_base' returned '0': CMAKE_PREFIX_PATH=/opt/ros/humble /usr/bin/cmake /home/laprp/Documents/ebug-network/ros/src/ebug_base -DCMAKE_INSTALL_PREFIX=/home/laprp/Documents/ebug-network/ros/src/install/ebug_base
[3.897s] Invoking command in '/home/laprp/Documents/ebug-network/ros/src/build/ebug_base': CMAKE_PREFIX_PATH=/opt/ros/humble /usr/bin/cmake --build /home/laprp/Documents/ebug-network/ros/src/build/ebug_base -- -j8 -l8
[3.926s] [  1%] [34m[1mGenerating C code for ROS interfaces[0m
[3.935s] [ 10%] [32mBuilding CXX object CMakeFiles/jpeg_republisher.dir/rclcpp_components/node_main_jpeg_republisher.cpp.o[0m
[3.935s] [ 10%] [32mBuilding CXX object CMakeFiles/jpeg_republisher_component.dir/src/jpeg_republisher.cpp.o[0m
[3.935s] [ 10%] [34m[1mGenerating C++ code for ROS interfaces[0m
[3.935s] [ 11%] [32mBuilding CXX object CMakeFiles/byte_rectifier_component.dir/src/byte_rectifier.cpp.o[0m
[3.935s] [ 11%] [32mBuilding CXX object CMakeFiles/gridmap_controller.dir/rclcpp_components/node_main_gridmap_controller.cpp.o[0m
[3.936s] [ 11%] [32mBuilding CXX object CMakeFiles/byte_rectifier.dir/rclcpp_components/node_main_byte_rectifier.cpp.o[0m
[3.944s] [ 11%] Built target ament_cmake_python_copy_ebug_base
[4.174s] running egg_info
[4.175s] creating ebug_base.egg-info
[4.175s] writing ebug_base.egg-info/PKG-INFO
[4.175s] writing dependency_links to ebug_base.egg-info/dependency_links.txt
[4.175s] writing top-level names to ebug_base.egg-info/top_level.txt
[4.175s] writing manifest file 'ebug_base.egg-info/SOURCES.txt'
[4.177s] reading manifest file 'ebug_base.egg-info/SOURCES.txt'
[4.178s] writing manifest file 'ebug_base.egg-info/SOURCES.txt'
[4.202s] [ 11%] Built target ament_cmake_python_build_ebug_base_egg
[4.361s] [ 11%] Built target ebug_base__cpp
[4.378s] [ 13%] [34m[1mGenerating C++ type support dispatch for ROS interfaces[0m
[4.394s] [ 15%] [34m[1mGenerating C++ type support for eProsima Fast-RTPS[0m
[4.444s] [ 16%] [32mBuilding C object CMakeFiles/ebug_base__rosidl_generator_c.dir/rosidl_generator_c/ebug_base/srv/detail/compute_target__functions.c.o[0m
[4.636s] [ 18%] [32mBuilding C object CMakeFiles/ebug_base__rosidl_generator_c.dir/rosidl_generator_c/ebug_base/msg/detail/robot_pose__functions.c.o[0m
[4.739s] [ 20%] [32mBuilding C object CMakeFiles/ebug_base__rosidl_generator_c.dir/rosidl_generator_c/ebug_base/msg/detail/control_command__functions.c.o[0m
[4.764s] [ 22%] [32mBuilding CXX object CMakeFiles/ebug_base__rosidl_typesupport_cpp.dir/rosidl_typesupport_cpp/ebug_base/srv/compute_target__type_support.cpp.o[0m
[4.840s] [ 23%] [32m[1mLinking C shared library libebug_base__rosidl_generator_c.so[0m
[4.881s] [ 23%] Built target ebug_base__rosidl_generator_c
[4.891s] [ 25%] [34m[1mGenerating C++ introspection for ROS interfaces[0m
[4.892s] [ 27%] [32mBuilding CXX object CMakeFiles/ebug_base__rosidl_typesupport_fastrtps_cpp.dir/rosidl_typesupport_fastrtps_cpp/ebug_base/srv/detail/dds_fastrtps/compute_target__type_support.cpp.o[0m
[5.106s] [ 28%] [32mBuilding CXX object CMakeFiles/ebug_base__rosidl_typesupport_cpp.dir/rosidl_typesupport_cpp/ebug_base/msg/robot_pose__type_support.cpp.o[0m
[5.409s] [ 30%] [32mBuilding CXX object CMakeFiles/ebug_base__rosidl_typesupport_introspection_cpp.dir/rosidl_typesupport_introspection_cpp/ebug_base/srv/detail/compute_target__type_support.cpp.o[0m
[5.515s] [ 32%] [32mBuilding CXX object CMakeFiles/ebug_base__rosidl_typesupport_cpp.dir/rosidl_typesupport_cpp/ebug_base/msg/control_command__type_support.cpp.o[0m
[5.520s] [ 33%] [32mBuilding CXX object CMakeFiles/ebug_base__rosidl_typesupport_fastrtps_cpp.dir/rosidl_typesupport_fastrtps_cpp/ebug_base/msg/detail/dds_fastrtps/robot_pose__type_support.cpp.o[0m
[5.936s] [ 35%] [32m[1mLinking CXX shared library libebug_base__rosidl_typesupport_cpp.so[0m
[6.007s] [ 35%] Built target ebug_base__rosidl_typesupport_cpp
[6.022s] [ 37%] [34m[1mGenerating C type support for eProsima Fast-RTPS[0m
[6.037s] [ 38%] [32mBuilding CXX object CMakeFiles/ebug_base__rosidl_typesupport_introspection_cpp.dir/rosidl_typesupport_introspection_cpp/ebug_base/msg/detail/robot_pose__type_support.cpp.o[0m
[6.163s] [ 40%] [32mBuilding CXX object CMakeFiles/ebug_base__rosidl_typesupport_fastrtps_cpp.dir/rosidl_typesupport_fastrtps_cpp/ebug_base/msg/detail/dds_fastrtps/control_command__type_support.cpp.o[0m
[6.632s] [ 42%] [32mBuilding CXX object CMakeFiles/ebug_base__rosidl_typesupport_introspection_cpp.dir/rosidl_typesupport_introspection_cpp/ebug_base/msg/detail/control_command__type_support.cpp.o[0m
[6.714s] [ 44%] [32mBuilding CXX object CMakeFiles/ebug_base__rosidl_typesupport_fastrtps_c.dir/rosidl_typesupport_fastrtps_c/ebug_base/srv/detail/compute_target__type_support_c.cpp.o[0m
[6.769s] [ 45%] [32m[1mLinking CXX shared library libebug_base__rosidl_typesupport_fastrtps_cpp.so[0m
[6.891s] [ 45%] Built target ebug_base__rosidl_typesupport_fastrtps_cpp
[6.904s] [ 47%] [34m[1mGenerating C introspection for ROS interfaces[0m
[7.201s] [ 49%] [32m[1mLinking CXX shared library libebug_base__rosidl_typesupport_introspection_cpp.so[0m
[7.301s] [ 49%] Built target ebug_base__rosidl_typesupport_introspection_cpp
[7.315s] [ 50%] [34m[1mGenerating C type support dispatch for ROS interfaces[0m
[7.335s] [ 52%] [32mBuilding CXX object CMakeFiles/ebug_base__rosidl_typesupport_fastrtps_c.dir/rosidl_typesupport_fastrtps_c/ebug_base/msg/detail/robot_pose__type_support_c.cpp.o[0m
[7.506s] [ 54%] [32mBuilding C object CMakeFiles/ebug_base__rosidl_typesupport_introspection_c.dir/rosidl_typesupport_introspection_c/ebug_base/srv/detail/compute_target__type_support.c.o[0m
[7.633s] [ 55%] [32mBuilding C object CMakeFiles/ebug_base__rosidl_typesupport_introspection_c.dir/rosidl_typesupport_introspection_c/ebug_base/msg/detail/robot_pose__type_support.c.o[0m
[7.772s] [ 57%] [32mBuilding C object CMakeFiles/ebug_base__rosidl_typesupport_introspection_c.dir/rosidl_typesupport_introspection_c/ebug_base/msg/detail/control_command__type_support.c.o[0m
[7.864s] [ 59%] [32mBuilding CXX object CMakeFiles/ebug_base__rosidl_typesupport_c.dir/rosidl_typesupport_c/ebug_base/srv/compute_target__type_support.cpp.o[0m
[7.868s] [ 61%] [32m[1mLinking C shared library libebug_base__rosidl_typesupport_introspection_c.so[0m
[7.927s] [ 61%] Built target ebug_base__rosidl_typesupport_introspection_c
[7.933s] [ 62%] [32mBuilding CXX object CMakeFiles/ebug_base__rosidl_typesupport_fastrtps_c.dir/rosidl_typesupport_fastrtps_c/ebug_base/msg/detail/control_command__type_support_c.cpp.o[0m
[7.943s] [ 64%] [32mBuilding CXX object CMakeFiles/ebug_base__rosidl_typesupport_c.dir/rosidl_typesupport_c/ebug_base/msg/robot_pose__type_support.cpp.o[0m
[7.994s] [ 66%] [32mBuilding CXX object CMakeFiles/gridmap_controller_component.dir/src/gridmap_controller.cpp.o[0m
[7.998s] [ 67%] [32mBuilding CXX object CMakeFiles/ebug_base__rosidl_typesupport_c.dir/rosidl_typesupport_c/ebug_base/msg/control_command__type_support.cpp.o[0m
[8.061s] [ 69%] [32m[1mLinking CXX shared library libebug_base__rosidl_typesupport_c.so[0m
[8.118s] [ 69%] Built target ebug_base__rosidl_typesupport_c
[8.503s] [ 71%] [32m[1mLinking CXX shared library libebug_base__rosidl_typesupport_fastrtps_c.so[0m
[8.626s] [ 71%] Built target ebug_base__rosidl_typesupport_fastrtps_c
[8.653s] [ 71%] Built target ebug_base
[8.682s] [ 72%] [34m[1mGenerating Python code for ROS interfaces[0m
[8.972s] [ 76%] [32m[1mLinking CXX executable gridmap_controller[0m
[8.972s] [ 76%] [32m[1mLinking CXX executable byte_rectifier[0m
[9.150s] [ 76%] Built target byte_rectifier
[9.150s] [ 77%] [32m[1mLinking CXX executable jpeg_republisher[0m
[9.154s] [ 77%] Built target gridmap_controller
[9.255s] [ 77%] Built target jpeg_republisher
[9.461s] [ 77%] Built target ebug_base__py
[9.482s] [ 81%] [32mBuilding C object CMakeFiles/ebug_base__rosidl_generator_py.dir/rosidl_generator_py/ebug_base/srv/_compute_target_s.c.o[0m
[9.482s] [ 81%] [32mBuilding C object CMakeFiles/ebug_base__rosidl_generator_py.dir/rosidl_generator_py/ebug_base/msg/_robot_pose_s.c.o[0m
[9.482s] [ 83%] [32mBuilding C object CMakeFiles/ebug_base__rosidl_generator_py.dir/rosidl_generator_py/ebug_base/msg/_control_command_s.c.o[0m
[9.692s] [ 84%] [32m[1mLinking C shared library rosidl_generator_py/ebug_base/libebug_base__rosidl_generator_py.so[0m
[9.731s] [ 84%] Built target ebug_base__rosidl_generator_py
[9.756s] [ 86%] [32mBuilding C object CMakeFiles/ebug_base__rosidl_typesupport_fastrtps_c__pyext.dir/rosidl_generator_py/ebug_base/_ebug_base_s.ep.rosidl_typesupport_fastrtps_c.c.o[0m
[9.756s] [ 88%] [32mBuilding C object CMakeFiles/ebug_base__rosidl_typesupport_introspection_c__pyext.dir/rosidl_generator_py/ebug_base/_ebug_base_s.ep.rosidl_typesupport_introspection_c.c.o[0m
[9.757s] [ 89%] [32mBuilding C object CMakeFiles/ebug_base__rosidl_typesupport_c__pyext.dir/rosidl_generator_py/ebug_base/_ebug_base_s.ep.rosidl_typesupport_c.c.o[0m
[10.004s] [ 93%] [32m[1mLinking C shared library rosidl_generator_py/ebug_base/ebug_base_s__rosidl_typesupport_c.cpython-310-x86_64-linux-gnu.so[0m
[10.004s] [ 94%] [32m[1mLinking C shared library rosidl_generator_py/ebug_base/ebug_base_s__rosidl_typesupport_fastrtps_c.cpython-310-x86_64-linux-gnu.so[0m
[10.004s] [ 94%] [32m[1mLinking C shared library rosidl_generator_py/ebug_base/ebug_base_s__rosidl_typesupport_introspection_c.cpython-310-x86_64-linux-gnu.so[0m
[10.049s] [ 94%] Built target ebug_base__rosidl_typesupport_introspection_c__pyext
[10.053s] [ 94%] Built target ebug_base__rosidl_typesupport_fastrtps_c__pyext
[10.056s] [ 94%] Built target ebug_base__rosidl_typesupport_c__pyext
[14.163s] [ 96%] [32m[1mLinking CXX shared library libjpeg_republisher_component.so[0m
[14.279s] [ 96%] Built target jpeg_republisher_component
[16.106s] [ 98%] [32m[1mLinking CXX shared library libbyte_rectifier_component.so[0m
[16.245s] [ 98%] Built target byte_rectifier_component
[20.992s] [100%] [32m[1mLinking CXX shared library libgridmap_controller_component.so[0m
[21.391s] [100%] Built target gridmap_controller_component
[21.404s] Invoked command in '/home/laprp/Documents/ebug-network/ros/src/build/ebug_base' returned '0': CMAKE_PREFIX_PATH=/opt/ros/humble /usr/bin/cmake --build /home/laprp/Documents/ebug-network/ros/src/build/ebug_base -- -j8 -l8
[21.508s] Invoking command in '/home/laprp/Documents/ebug-network/ros/src/build/ebug_base': CMAKE_PREFIX_PATH=/opt/ros/humble /usr/bin/cmake --install /home/laprp/Documents/ebug-network/ros/src/build/ebug_base
[21.515s] -- Install configuration: "Release"
[21.515s] -- Installing: /home/laprp/Documents/ebug-network/ros/src/install/ebug_base/share/ament_index/resource_index/rosidl_interfaces/ebug_base
[21.515s] -- Installing: /home/laprp/Documents/ebug-network/ros/src/install/ebug_base/include/ebug_base/ebug_base
[21.516s] -- Installing: /home/laprp/Documents/ebug-network/ros/src/install/ebug_base/include/ebug_base/ebug_base/srv
[21.516s] -- Installing: /home/laprp/Documents/ebug-network/ros/src/install/ebug_base/include/ebug_base/ebug_base/srv/detail
[21.516s] -- Installing: /home/laprp/Documents/ebug-network/ros/src/install/ebug_base/include/ebug_base/ebug_base/srv/detail/compute_target__functions.h
[21.516s] -- Installing: /home/laprp/Documents/ebug-network/ros/src/install/ebug_base/include/ebug_base/ebug_base/srv/detail/compute_target__type_support.h
[21.516s] -- Installing: /home/laprp/Documents/ebug-network/ros/src/install/ebug_base/include/ebug_base/ebug_base/srv/detail/compute_target__functions.c
[21.516s] -- Installing: /home/laprp/Documents/ebug-network/ros/src/install/ebug_base/include/ebug_base/ebug_base/srv/detail/compute_target__struct.h
[21.516s] -- Installing: /home/laprp/Documents/ebug-network/ros/src/install/ebug_base/include/ebug_base/ebug_base/srv/compute_target.h
[21.516s] -- Installing: /home/laprp/Documents/ebug-network/ros/src/install/ebug_base/include/ebug_base/ebug_base/msg
[21.516s] -- Installing: /home/laprp/Documents/ebug-network/ros/src/install/ebug_base/include/ebug_base/ebug_base/msg/control_command.h
[21.516s] -- Installing: /home/laprp/Documents/ebug-network/ros/src/install/ebug_base/include/ebug_base/ebug_base/msg/robot_pose.h
[21.516s] -- Installing: /home/laprp/Documents/ebug-network/ros/src/install/ebug_base/include/ebug_base/ebug_base/msg/rosidl_generator_c__visibility_control.h
[21.517s] -- Installing: /home/laprp/Documents/ebug-network/ros/src/install/ebug_base/include/ebug_base/ebug_base/msg/detail
[21.517s] -- Installing: /home/laprp/Documents/ebug-network/ros/src/install/ebug_base/include/ebug_base/ebug_base/msg/detail/robot_pose__functions.c
[21.517s] -- Installing: /home/laprp/Documents/ebug-network/ros/src/install/ebug_base/include/ebug_base/ebug_base/msg/detail/robot_pose__functions.h
[21.517s] -- Installing: /home/laprp/Documents/ebug-network/ros/src/install/ebug_base/include/ebug_base/ebug_base/msg/detail/control_command__struct.h
[21.517s] -- Installing: /home/laprp/Documents/ebug-network/ros/src/install/ebug_base/include/ebug_base/ebug_base/msg/detail/control_command__type_support.h
[21.517s] -- Installing: /home/laprp/Documents/ebug-network/ros/src/install/ebug_base/include/ebug_base/ebug_base/msg/detail/robot_pose__struct.h
[21.517s] -- Installing: /home/laprp/Documents/ebug-network/ros/src/install/ebug_base/include/ebug_base/ebug_base/msg/detail/control_command__functions.c
[21.517s] -- Installing: /home/laprp/Documents/ebug-network/ros/src/install/ebug_base/include/ebug_base/ebug_base/msg/detail/control_command__functions.h
[21.517s] -- Installing: /home/laprp/Documents/ebug-network/ros/src/install/ebug_base/include/ebug_base/ebug_base/msg/detail/robot_pose__type_support.h
[21.517s] -- Installing: /home/laprp/Documents/ebug-network/ros/src/install/ebug_base/share/ebug_base/environment/library_path.sh
[21.518s] -- Installing: /home/laprp/Documents/ebug-network/ros/src/install/ebug_base/share/ebug_base/environment/library_path.dsv
[21.518s] -- Installing: /home/laprp/Documents/ebug-network/ros/src/install/ebug_base/lib/libebug_base__rosidl_generator_c.so
[21.518s] -- Set runtime path of "/home/laprp/Documents/ebug-network/ros/src/install/ebug_base/lib/libebug_base__rosidl_generator_c.so" to ""
[21.518s] -- Up-to-date: /home/laprp/Documents/ebug-network/ros/src/install/ebug_base/include/ebug_base/ebug_base
[21.518s] -- Up-to-date: /home/laprp/Documents/ebug-network/ros/src/install/ebug_base/include/ebug_base/ebug_base/srv
[21.518s] -- Up-to-date: /home/laprp/Documents/ebug-network/ros/src/install/ebug_base/include/ebug_base/ebug_base/srv/detail
[21.518s] -- Installing: /home/laprp/Documents/ebug-network/ros/src/install/ebug_base/include/ebug_base/ebug_base/srv/detail/compute_target__rosidl_typesupport_fastrtps_c.h
[21.518s] -- Up-to-date: /home/laprp/Documents/ebug-network/ros/src/install/ebug_base/include/ebug_base/ebug_base/msg
[21.519s] -- Up-to-date: /home/laprp/Documents/ebug-network/ros/src/install/ebug_base/include/ebug_base/ebug_base/msg/detail
[21.519s] -- Installing: /home/laprp/Documents/ebug-network/ros/src/install/ebug_base/include/ebug_base/ebug_base/msg/detail/robot_pose__rosidl_typesupport_fastrtps_c.h
[21.519s] -- Installing: /home/laprp/Documents/ebug-network/ros/src/install/ebug_base/include/ebug_base/ebug_base/msg/detail/control_command__rosidl_typesupport_fastrtps_c.h
[21.519s] -- Installing: /home/laprp/Documents/ebug-network/ros/src/install/ebug_base/include/ebug_base/ebug_base/msg/rosidl_typesupport_fastrtps_c__visibility_control.h
[21.519s] -- Installing: /home/laprp/Documents/ebug-network/ros/src/install/ebug_base/lib/libebug_base__rosidl_typesupport_fastrtps_c.so
[21.519s] -- Set runtime path of "/home/laprp/Documents/ebug-network/ros/src/install/ebug_base/lib/libebug_base__rosidl_typesupport_fastrtps_c.so" to ""
[21.519s] -- Up-to-date: /home/laprp/Documents/ebug-network/ros/src/install/ebug_base/include/ebug_base/ebug_base
[21.519s] -- Up-to-date: /home/laprp/Documents/ebug-network/ros/src/install/ebug_base/include/ebug_base/ebug_base/srv
[21.519s] -- Up-to-date: /home/laprp/Documents/ebug-network/ros/src/install/ebug_base/include/ebug_base/ebug_base/srv/detail
[21.519s] -- Installing: /home/laprp/Documents/ebug-network/ros/src/install/ebug_base/include/ebug_base/ebug_base/srv/detail/compute_target__traits.hpp
[21.519s] -- Installing: /home/laprp/Documents/ebug-network/ros/src/install/ebug_base/include/ebug_base/ebug_base/srv/detail/compute_target__builder.hpp
[21.520s] -- Installing: /home/laprp/Documents/ebug-network/ros/src/install/ebug_base/include/ebug_base/ebug_base/srv/detail/compute_target__struct.hpp
[21.520s] -- Installing: /home/laprp/Documents/ebug-network/ros/src/install/ebug_base/include/ebug_base/ebug_base/srv/compute_target.hpp
[21.520s] -- Up-to-date: /home/laprp/Documents/ebug-network/ros/src/install/ebug_base/include/ebug_base/ebug_base/msg
[21.520s] -- Installing: /home/laprp/Documents/ebug-network/ros/src/install/ebug_base/include/ebug_base/ebug_base/msg/robot_pose.hpp
[21.520s] -- Up-to-date: /home/laprp/Documents/ebug-network/ros/src/install/ebug_base/include/ebug_base/ebug_base/msg/detail
[21.520s] -- Installing: /home/laprp/Documents/ebug-network/ros/src/install/ebug_base/include/ebug_base/ebug_base/msg/detail/robot_pose__struct.hpp
[21.520s] -- Installing: /home/laprp/Documents/ebug-network/ros/src/install/ebug_base/include/ebug_base/ebug_base/msg/detail/control_command__struct.hpp
[21.520s] -- Installing: /home/laprp/Documents/ebug-network/ros/src/install/ebug_base/include/ebug_base/ebug_base/msg/detail/control_command__builder.hpp
[21.520s] -- Installing: /home/laprp/Documents/ebug-network/ros/src/install/ebug_base/include/ebug_base/ebug_base/msg/detail/robot_pose__traits.hpp
[21.520s] -- Installing: /home/laprp/Documents/ebug-network/ros/src/install/ebug_base/include/ebug_base/ebug_base/msg/detail/robot_pose__builder.hpp
[21.520s] -- Installing: /home/laprp/Documents/ebug-network/ros/src/install/ebug_base/include/ebug_base/ebug_base/msg/detail/control_command__traits.hpp
[21.520s] -- Installing: /home/laprp/Documents/ebug-network/ros/src/install/ebug_base/include/ebug_base/ebug_base/msg/control_command.hpp
[21.521s] -- Up-to-date: /home/laprp/Documents/ebug-network/ros/src/install/ebug_base/include/ebug_base/ebug_base
[21.521s] -- Up-to-date: /home/laprp/Documents/ebug-network/ros/src/install/ebug_base/include/ebug_base/ebug_base/srv
[21.521s] -- Up-to-date: /home/laprp/Documents/ebug-network/ros/src/install/ebug_base/include/ebug_base/ebug_base/srv/detail
[21.521s] -- Installing: /home/laprp/Documents/ebug-network/ros/src/install/ebug_base/include/ebug_base/ebug_base/srv/detail/compute_target__rosidl_typesupport_fastrtps_cpp.hpp
[21.521s] -- Installing: /home/laprp/Documents/ebug-network/ros/src/install/ebug_base/include/ebug_base/ebug_base/srv/detail/dds_fastrtps
[21.521s] -- Up-to-date: /home/laprp/Documents/ebug-network/ros/src/install/ebug_base/include/ebug_base/ebug_base/msg
[21.521s] -- Up-to-date: /home/laprp/Documents/ebug-network/ros/src/install/ebug_base/include/ebug_base/ebug_base/msg/detail
[21.521s] -- Installing: /home/laprp/Documents/ebug-network/ros/src/install/ebug_base/include/ebug_base/ebug_base/msg/detail/robot_pose__rosidl_typesupport_fastrtps_cpp.hpp
[21.521s] -- Installing: /home/laprp/Documents/ebug-network/ros/src/install/ebug_base/include/ebug_base/ebug_base/msg/detail/control_command__rosidl_typesupport_fastrtps_cpp.hpp
[21.521s] -- Installing: /home/laprp/Documents/ebug-network/ros/src/install/ebug_base/include/ebug_base/ebug_base/msg/detail/dds_fastrtps
[21.521s] -- Installing: /home/laprp/Documents/ebug-network/ros/src/install/ebug_base/include/ebug_base/ebug_base/msg/rosidl_typesupport_fastrtps_cpp__visibility_control.h
[21.521s] -- Installing: /home/laprp/Documents/ebug-network/ros/src/install/ebug_base/lib/libebug_base__rosidl_typesupport_fastrtps_cpp.so
[21.522s] -- Set runtime path of "/home/laprp/Documents/ebug-network/ros/src/install/ebug_base/lib/libebug_base__rosidl_typesupport_fastrtps_cpp.so" to ""
[21.522s] -- Up-to-date: /home/laprp/Documents/ebug-network/ros/src/install/ebug_base/include/ebug_base/ebug_base
[21.522s] -- Up-to-date: /home/laprp/Documents/ebug-network/ros/src/install/ebug_base/include/ebug_base/ebug_base/srv
[21.522s] -- Up-to-date: /home/laprp/Documents/ebug-network/ros/src/install/ebug_base/include/ebug_base/ebug_base/srv/detail
[21.522s] -- Installing: /home/laprp/Documents/ebug-network/ros/src/install/ebug_base/include/ebug_base/ebug_base/srv/detail/compute_target__rosidl_typesupport_introspection_c.h
[21.522s] -- Installing: /home/laprp/Documents/ebug-network/ros/src/install/ebug_base/include/ebug_base/ebug_base/srv/detail/compute_target__type_support.c
[21.522s] -- Up-to-date: /home/laprp/Documents/ebug-network/ros/src/install/ebug_base/include/ebug_base/ebug_base/msg
[21.522s] -- Up-to-date: /home/laprp/Documents/ebug-network/ros/src/install/ebug_base/include/ebug_base/ebug_base/msg/detail
[21.522s] -- Installing: /home/laprp/Documents/ebug-network/ros/src/install/ebug_base/include/ebug_base/ebug_base/msg/detail/control_command__rosidl_typesupport_introspection_c.h
[21.522s] -- Installing: /home/laprp/Documents/ebug-network/ros/src/install/ebug_base/include/ebug_base/ebug_base/msg/detail/robot_pose__type_support.c
[21.522s] -- Installing: /home/laprp/Documents/ebug-network/ros/src/install/ebug_base/include/ebug_base/ebug_base/msg/detail/control_command__type_support.c
[21.522s] -- Installing: /home/laprp/Documents/ebug-network/ros/src/install/ebug_base/include/ebug_base/ebug_base/msg/detail/robot_pose__rosidl_typesupport_introspection_c.h
[21.522s] -- Installing: /home/laprp/Documents/ebug-network/ros/src/install/ebug_base/include/ebug_base/ebug_base/msg/rosidl_typesupport_introspection_c__visibility_control.h
[21.523s] -- Installing: /home/laprp/Documents/ebug-network/ros/src/install/ebug_base/lib/libebug_base__rosidl_typesupport_introspection_c.so
[21.523s] -- Set runtime path of "/home/laprp/Documents/ebug-network/ros/src/install/ebug_base/lib/libebug_base__rosidl_typesupport_introspection_c.so" to ""
[21.523s] -- Installing: /home/laprp/Documents/ebug-network/ros/src/install/ebug_base/lib/libebug_base__rosidl_typesupport_c.so
[21.523s] -- Set runtime path of "/home/laprp/Documents/ebug-network/ros/src/install/ebug_base/lib/libebug_base__rosidl_typesupport_c.so" to ""
[21.523s] -- Up-to-date: /home/laprp/Documents/ebug-network/ros/src/install/ebug_base/include/ebug_base/ebug_base
[21.523s] -- Up-to-date: /home/laprp/Documents/ebug-network/ros/src/install/ebug_base/include/ebug_base/ebug_base/srv
[21.523s] -- Up-to-date: /home/laprp/Documents/ebug-network/ros/src/install/ebug_base/include/ebug_base/ebug_base/srv/detail
[21.523s] -- Installing: /home/laprp/Documents/ebug-network/ros/src/install/ebug_base/include/ebug_base/ebug_base/srv/detail/compute_target__type_support.cpp
[21.524s] -- Installing: /home/laprp/Documents/ebug-network/ros/src/install/ebug_base/include/ebug_base/ebug_base/srv/detail/compute_target__rosidl_typesupport_introspection_cpp.hpp
[21.524s] -- Up-to-date: /home/laprp/Documents/ebug-network/ros/src/install/ebug_base/include/ebug_base/ebug_base/msg
[21.524s] -- Up-to-date: /home/laprp/Documents/ebug-network/ros/src/install/ebug_base/include/ebug_base/ebug_base/msg/detail
[21.524s] -- Installing: /home/laprp/Documents/ebug-network/ros/src/install/ebug_base/include/ebug_base/ebug_base/msg/detail/control_command__type_support.cpp
[21.524s] -- Installing: /home/laprp/Documents/ebug-network/ros/src/install/ebug_base/include/ebug_base/ebug_base/msg/detail/robot_pose__rosidl_typesupport_introspection_cpp.hpp
[21.524s] -- Installing: /home/laprp/Documents/ebug-network/ros/src/install/ebug_base/include/ebug_base/ebug_base/msg/detail/control_command__rosidl_typesupport_introspection_cpp.hpp
[21.524s] -- Installing: /home/laprp/Documents/ebug-network/ros/src/install/ebug_base/include/ebug_base/ebug_base/msg/detail/robot_pose__type_support.cpp
[21.524s] -- Installing: /home/laprp/Documents/ebug-network/ros/src/install/ebug_base/lib/libebug_base__rosidl_typesupport_introspection_cpp.so
[21.524s] -- Set runtime path of "/home/laprp/Documents/ebug-network/ros/src/install/ebug_base/lib/libebug_base__rosidl_typesupport_introspection_cpp.so" to ""
[21.524s] -- Installing: /home/laprp/Documents/ebug-network/ros/src/install/ebug_base/lib/libebug_base__rosidl_typesupport_cpp.so
[21.525s] -- Set runtime path of "/home/laprp/Documents/ebug-network/ros/src/install/ebug_base/lib/libebug_base__rosidl_typesupport_cpp.so" to ""
[21.525s] -- Installing: /home/laprp/Documents/ebug-network/ros/src/install/ebug_base/share/ebug_base/environment/pythonpath.sh
[21.525s] -- Installing: /home/laprp/Documents/ebug-network/ros/src/install/ebug_base/share/ebug_base/environment/pythonpath.dsv
[21.525s] -- Installing: /home/laprp/Documents/ebug-network/ros/src/install/ebug_base/local/lib/python3.10/dist-packages/ebug_base-0.0.0-py3.10.egg-info
[21.525s] -- Installing: /home/laprp/Documents/ebug-network/ros/src/install/ebug_base/local/lib/python3.10/dist-packages/ebug_base-0.0.0-py3.10.egg-info/dependency_links.txt
[21.525s] -- Installing: /home/laprp/Documents/ebug-network/ros/src/install/ebug_base/local/lib/python3.10/dist-packages/ebug_base-0.0.0-py3.10.egg-info/PKG-INFO
[21.525s] -- Installing: /home/laprp/Documents/ebug-network/ros/src/install/ebug_base/local/lib/python3.10/dist-packages/ebug_base-0.0.0-py3.10.egg-info/top_level.txt
[21.525s] -- Installing: /home/laprp/Documents/ebug-network/ros/src/install/ebug_base/local/lib/python3.10/dist-packages/ebug_base-0.0.0-py3.10.egg-info/SOURCES.txt
[21.525s] -- Installing: /home/laprp/Documents/ebug-network/ros/src/install/ebug_base/local/lib/python3.10/dist-packages/ebug_base
[21.526s] -- Installing: /home/laprp/Documents/ebug-network/ros/src/install/ebug_base/local/lib/python3.10/dist-packages/ebug_base/__init__.py
[21.526s] -- Installing: /home/laprp/Documents/ebug-network/ros/src/install/ebug_base/local/lib/python3.10/dist-packages/ebug_base/ebug_base_s__rosidl_typesupport_fastrtps_c.cpython-310-x86_64-linux-gnu.so
[21.526s] -- Installing: /home/laprp/Documents/ebug-network/ros/src/install/ebug_base/local/lib/python3.10/dist-packages/ebug_base/_ebug_base_s.ep.rosidl_typesupport_c.c
[21.526s] -- Installing: /home/laprp/Documents/ebug-network/ros/src/install/ebug_base/local/lib/python3.10/dist-packages/ebug_base/ebug_base_s__rosidl_typesupport_introspection_c.cpython-310-x86_64-linux-gnu.so
[21.526s] -- Installing: /home/laprp/Documents/ebug-network/ros/src/install/ebug_base/local/lib/python3.10/dist-packages/ebug_base/ebug_base_s__rosidl_typesupport_c.cpython-310-x86_64-linux-gnu.so
[21.526s] -- Installing: /home/laprp/Documents/ebug-network/ros/src/install/ebug_base/local/lib/python3.10/dist-packages/ebug_base/_ebug_base_s.ep.rosidl_typesupport_introspection_c.c
[21.526s] -- Installing: /home/laprp/Documents/ebug-network/ros/src/install/ebug_base/local/lib/python3.10/dist-packages/ebug_base/libebug_base__rosidl_generator_py.so
[21.526s] -- Installing: /home/laprp/Documents/ebug-network/ros/src/install/ebug_base/local/lib/python3.10/dist-packages/ebug_base/_ebug_base_s.ep.rosidl_typesupport_fastrtps_c.c
[21.526s] -- Installing: /home/laprp/Documents/ebug-network/ros/src/install/ebug_base/local/lib/python3.10/dist-packages/ebug_base/srv
[21.526s] -- Installing: /home/laprp/Documents/ebug-network/ros/src/install/ebug_base/local/lib/python3.10/dist-packages/ebug_base/srv/__init__.py
[21.526s] -- Installing: /home/laprp/Documents/ebug-network/ros/src/install/ebug_base/local/lib/python3.10/dist-packages/ebug_base/srv/_compute_target_s.c
[21.526s] -- Installing: /home/laprp/Documents/ebug-network/ros/src/install/ebug_base/local/lib/python3.10/dist-packages/ebug_base/srv/_compute_target.py
[21.527s] -- Installing: /home/laprp/Documents/ebug-network/ros/src/install/ebug_base/local/lib/python3.10/dist-packages/ebug_base/msg
[21.527s] -- Installing: /home/laprp/Documents/ebug-network/ros/src/install/ebug_base/local/lib/python3.10/dist-packages/ebug_base/msg/__init__.py
[21.527s] -- Installing: /home/laprp/Documents/ebug-network/ros/src/install/ebug_base/local/lib/python3.10/dist-packages/ebug_base/msg/_robot_pose_s.c
[21.527s] -- Installing: /home/laprp/Documents/ebug-network/ros/src/install/ebug_base/local/lib/python3.10/dist-packages/ebug_base/msg/_control_command.py
[21.527s] -- Installing: /home/laprp/Documents/ebug-network/ros/src/install/ebug_base/local/lib/python3.10/dist-packages/ebug_base/msg/_control_command_s.c
[21.527s] -- Installing: /home/laprp/Documents/ebug-network/ros/src/install/ebug_base/local/lib/python3.10/dist-packages/ebug_base/msg/_robot_pose.py
[21.563s] Listing '/home/laprp/Documents/ebug-network/ros/src/install/ebug_base/local/lib/python3.10/dist-packages/ebug_base'...
[21.563s] Compiling '/home/laprp/Documents/ebug-network/ros/src/install/ebug_base/local/lib/python3.10/dist-packages/ebug_base/__init__.py'...
[21.563s] Listing '/home/laprp/Documents/ebug-network/ros/src/install/ebug_base/local/lib/python3.10/dist-packages/ebug_base/msg'...
[21.563s] Compiling '/home/laprp/Documents/ebug-network/ros/src/install/ebug_base/local/lib/python3.10/dist-packages/ebug_base/msg/__init__.py'...
[21.564s] Compiling '/home/laprp/Documents/ebug-network/ros/src/install/ebug_base/local/lib/python3.10/dist-packages/ebug_base/msg/_control_command.py'...
[21.564s] Compiling '/home/laprp/Documents/ebug-network/ros/src/install/ebug_base/local/lib/python3.10/dist-packages/ebug_base/msg/_robot_pose.py'...
[21.564s] Listing '/home/laprp/Documents/ebug-network/ros/src/install/ebug_base/local/lib/python3.10/dist-packages/ebug_base/srv'...
[21.564s] Compiling '/home/laprp/Documents/ebug-network/ros/src/install/ebug_base/local/lib/python3.10/dist-packages/ebug_base/srv/__init__.py'...
[21.564s] Compiling '/home/laprp/Documents/ebug-network/ros/src/install/ebug_base/local/lib/python3.10/dist-packages/ebug_base/srv/_compute_target.py'...
[21.567s] -- Installing: /home/laprp/Documents/ebug-network/ros/src/install/ebug_base/local/lib/python3.10/dist-packages/ebug_base/ebug_base_s__rosidl_typesupport_fastrtps_c.cpython-310-x86_64-linux-gnu.so
[21.567s] -- Set runtime path of "/home/laprp/Documents/ebug-network/ros/src/install/ebug_base/local/lib/python3.10/dist-packages/ebug_base/ebug_base_s__rosidl_typesupport_fastrtps_c.cpython-310-x86_64-linux-gnu.so" to ""
[21.568s] -- Installing: /home/laprp/Documents/ebug-network/ros/src/install/ebug_base/local/lib/python3.10/dist-packages/ebug_base/ebug_base_s__rosidl_typesupport_introspection_c.cpython-310-x86_64-linux-gnu.so
[21.568s] -- Set runtime path of "/home/laprp/Documents/ebug-network/ros/src/install/ebug_base/local/lib/python3.10/dist-packages/ebug_base/ebug_base_s__rosidl_typesupport_introspection_c.cpython-310-x86_64-linux-gnu.so" to ""
[21.568s] -- Installing: /home/laprp/Documents/ebug-network/ros/src/install/ebug_base/local/lib/python3.10/dist-packages/ebug_base/ebug_base_s__rosidl_typesupport_c.cpython-310-x86_64-linux-gnu.so
[21.568s] -- Set runtime path of "/home/laprp/Documents/ebug-network/ros/src/install/ebug_base/local/lib/python3.10/dist-packages/ebug_base/ebug_base_s__rosidl_typesupport_c.cpython-310-x86_64-linux-gnu.so" to ""
[21.568s] -- Installing: /home/laprp/Documents/ebug-network/ros/src/install/ebug_base/lib/libebug_base__rosidl_generator_py.so
[21.569s] -- Set runtime path of "/home/laprp/Documents/ebug-network/ros/src/install/ebug_base/lib/libebug_base__rosidl_generator_py.so" to ""
[21.569s] -- Installing: /home/laprp/Documents/ebug-network/ros/src/install/ebug_base/share/ebug_base/srv/ComputeTarget.idl
[21.569s] -- Installing: /home/laprp/Documents/ebug-network/ros/src/install/ebug_base/share/ebug_base/msg/RobotPose.idl
[21.569s] -- Installing: /home/laprp/Documents/ebug-network/ros/src/install/ebug_base/share/ebug_base/msg/ControlCommand.idl
[21.569s] -- Installing: /home/laprp/Documents/ebug-network/ros/src/install/ebug_base/share/ebug_base/srv/ComputeTarget.srv
[21.569s] -- Installing: /home/laprp/Documents/ebug-network/ros/src/install/ebug_base/share/ebug_base/srv/ComputeTarget_Request.msg
[21.569s] -- Installing: /home/laprp/Documents/ebug-network/ros/src/install/ebug_base/share/ebug_base/srv/ComputeTarget_Response.msg
[21.569s] -- Installing: /home/laprp/Documents/ebug-network/ros/src/install/ebug_base/share/ebug_base/msg/RobotPose.msg
[21.569s] -- Installing: /home/laprp/Documents/ebug-network/ros/src/install/ebug_base/share/ebug_base/msg/ControlCommand.msg
[21.569s] -- Installing: /home/laprp/Documents/ebug-network/ros/src/install/ebug_base/lib/ebug_base/byte_rectifier
[21.570s] -- Set runtime path of "/home/laprp/Documents/ebug-network/ros/src/install/ebug_base/lib/ebug_base/byte_rectifier" to ""
[21.570s] -- Installing: /home/laprp/Documents/ebug-network/ros/src/install/ebug_base/lib/ebug_base/jpeg_republisher
[21.570s] -- Set runtime path of "/home/laprp/Documents/ebug-network/ros/src/install/ebug_base/lib/ebug_base/jpeg_republisher" to ""
[21.570s] -- Installing: /home/laprp/Documents/ebug-network/ros/src/install/ebug_base/lib/ebug_base/gridmap_controller
[21.570s] -- Set runtime path of "/home/laprp/Documents/ebug-network/ros/src/install/ebug_base/lib/ebug_base/gridmap_controller" to ""
[21.570s] -- Up-to-date: /home/laprp/Documents/ebug-network/ros/src/install/ebug_base/include/ebug_base
[21.570s] -- Up-to-date: /home/laprp/Documents/ebug-network/ros/src/install/ebug_base/include/ebug_base/ebug_base
[21.571s] -- Installing: /home/laprp/Documents/ebug-network/ros/src/install/ebug_base/include/ebug_base/ebug_base/gridmap_controller.hpp
[21.571s] -- Installing: /home/laprp/Documents/ebug-network/ros/src/install/ebug_base/include/ebug_base/ebug_base/jpeg_republisher.hpp
[21.571s] -- Installing: /home/laprp/Documents/ebug-network/ros/src/install/ebug_base/include/ebug_base/ebug_base/byte_rectifier.hpp
[21.571s] -- Installing: /home/laprp/Documents/ebug-network/ros/src/install/ebug_base/lib/libbyte_rectifier_component.so
[21.572s] -- Set runtime path of "/home/laprp/Documents/ebug-network/ros/src/install/ebug_base/lib/libbyte_rectifier_component.so" to ""
[21.572s] -- Installing: /home/laprp/Documents/ebug-network/ros/src/install/ebug_base/lib/libjpeg_republisher_component.so
[21.573s] -- Set runtime path of "/home/laprp/Documents/ebug-network/ros/src/install/ebug_base/lib/libjpeg_republisher_component.so" to ""
[21.573s] -- Installing: /home/laprp/Documents/ebug-network/ros/src/install/ebug_base/lib/libgridmap_controller_component.so
[21.574s] -- Set runtime path of "/home/laprp/Documents/ebug-network/ros/src/install/ebug_base/lib/libgridmap_controller_component.so" to ""
[21.574s] -- Installing: /home/laprp/Documents/ebug-network/ros/src/install/ebug_base/share/ament_index/resource_index/package_run_dependencies/ebug_base
[21.574s] -- Installing: /home/laprp/Documents/ebug-network/ros/src/install/ebug_base/share/ament_index/resource_index/parent_prefix_path/ebug_base
[21.574s] -- Installing: /home/laprp/Documents/ebug-network/ros/src/install/ebug_base/share/ebug_base/environment/ament_prefix_path.sh
[21.575s] -- Installing: /home/laprp/Documents/ebug-network/ros/src/install/ebug_base/share/ebug_base/environment/ament_prefix_path.dsv
[21.575s] -- Installing: /home/laprp/Documents/ebug-network/ros/src/install/ebug_base/share/ebug_base/environment/path.sh
[21.575s] -- Installing: /home/laprp/Documents/ebug-network/ros/src/install/ebug_base/share/ebug_base/environment/path.dsv
[21.575s] -- Installing: /home/laprp/Documents/ebug-network/ros/src/install/ebug_base/share/ebug_base/local_setup.bash
[21.575s] -- Installing: /home/laprp/Documents/ebug-network/ros/src/install/ebug_base/share/ebug_base/local_setup.sh
[21.575s] -- Installing: /home/laprp/Documents/ebug-network/ros/src/install/ebug_base/share/ebug_base/local_setup.zsh
[21.575s] -- Installing: /home/laprp/Documents/ebug-network/ros/src/install/ebug_base/share/ebug_base/local_setup.dsv
[21.575s] -- Installing: /home/laprp/Documents/ebug-network/ros/src/install/ebug_base/share/ebug_base/package.dsv
[21.575s] -- Installing: /home/laprp/Documents/ebug-network/ros/src/install/ebug_base/share/ament_index/resource_index/packages/ebug_base
[21.575s] -- Installing: /home/laprp/Documents/ebug-network/ros/src/install/ebug_base/share/ebug_base/cmake/export_ebug_base__rosidl_generator_cExport.cmake
[21.576s] -- Installing: /home/laprp/Documents/ebug-network/ros/src/install/ebug_base/share/ebug_base/cmake/export_ebug_base__rosidl_generator_cExport-release.cmake
[21.576s] -- Installing: /home/laprp/Documents/ebug-network/ros/src/install/ebug_base/share/ebug_base/cmake/export_ebug_base__rosidl_typesupport_fastrtps_cExport.cmake
[21.576s] -- Installing: /home/laprp/Documents/ebug-network/ros/src/install/ebug_base/share/ebug_base/cmake/export_ebug_base__rosidl_typesupport_fastrtps_cExport-release.cmake
[21.576s] -- Installing: /home/laprp/Documents/ebug-network/ros/src/install/ebug_base/share/ebug_base/cmake/export_ebug_base__rosidl_generator_cppExport.cmake
[21.576s] -- Installing: /home/laprp/Documents/ebug-network/ros/src/install/ebug_base/share/ebug_base/cmake/export_ebug_base__rosidl_typesupport_fastrtps_cppExport.cmake
[21.576s] -- Installing: /home/laprp/Documents/ebug-network/ros/src/install/ebug_base/share/ebug_base/cmake/export_ebug_base__rosidl_typesupport_fastrtps_cppExport-release.cmake
[21.576s] -- Installing: /home/laprp/Documents/ebug-network/ros/src/install/ebug_base/share/ebug_base/cmake/ebug_base__rosidl_typesupport_introspection_cExport.cmake
[21.576s] -- Installing: /home/laprp/Documents/ebug-network/ros/src/install/ebug_base/share/ebug_base/cmake/ebug_base__rosidl_typesupport_introspection_cExport-release.cmake
[21.577s] -- Installing: /home/laprp/Documents/ebug-network/ros/src/install/ebug_base/share/ebug_base/cmake/ebug_base__rosidl_typesupport_cExport.cmake
[21.577s] -- Installing: /home/laprp/Documents/ebug-network/ros/src/install/ebug_base/share/ebug_base/cmake/ebug_base__rosidl_typesupport_cExport-release.cmake
[21.577s] -- Installing: /home/laprp/Documents/ebug-network/ros/src/install/ebug_base/share/ebug_base/cmake/ebug_base__rosidl_typesupport_introspection_cppExport.cmake
[21.577s] -- Installing: /home/laprp/Documents/ebug-network/ros/src/install/ebug_base/share/ebug_base/cmake/ebug_base__rosidl_typesupport_introspection_cppExport-release.cmake
[21.578s] -- Installing: /home/laprp/Documents/ebug-network/ros/src/install/ebug_base/share/ebug_base/cmake/ebug_base__rosidl_typesupport_cppExport.cmake
[21.578s] -- Installing: /home/laprp/Documents/ebug-network/ros/src/install/ebug_base/share/ebug_base/cmake/ebug_base__rosidl_typesupport_cppExport-release.cmake
[21.578s] -- Installing: /home/laprp/Documents/ebug-network/ros/src/install/ebug_base/share/ebug_base/cmake/export_ebug_base__rosidl_generator_pyExport.cmake
[21.578s] -- Installing: /home/laprp/Documents/ebug-network/ros/src/install/ebug_base/share/ebug_base/cmake/export_ebug_base__rosidl_generator_pyExport-release.cmake
[21.578s] -- Installing: /home/laprp/Documents/ebug-network/ros/src/install/ebug_base/share/ament_index/resource_index/rclcpp_components/ebug_base
[21.578s] -- Installing: /home/laprp/Documents/ebug-network/ros/src/install/ebug_base/share/ebug_base/cmake/rosidl_cmake-extras.cmake
[21.578s] -- Installing: /home/laprp/Documents/ebug-network/ros/src/install/ebug_base/share/ebug_base/cmake/ament_cmake_export_dependencies-extras.cmake
[21.578s] -- Installing: /home/laprp/Documents/ebug-network/ros/src/install/ebug_base/share/ebug_base/cmake/ament_cmake_export_include_directories-extras.cmake
[21.578s] -- Installing: /home/laprp/Documents/ebug-network/ros/src/install/ebug_base/share/ebug_base/cmake/ament_cmake_export_libraries-extras.cmake
[21.579s] -- Installing: /home/laprp/Documents/ebug-network/ros/src/install/ebug_base/share/ebug_base/cmake/ament_cmake_export_targets-extras.cmake
[21.579s] -- Installing: /home/laprp/Documents/ebug-network/ros/src/install/ebug_base/share/ebug_base/cmake/rosidl_cmake_export_typesupport_targets-extras.cmake
[21.579s] -- Installing: /home/laprp/Documents/ebug-network/ros/src/install/ebug_base/share/ebug_base/cmake/rosidl_cmake_export_typesupport_libraries-extras.cmake
[21.579s] -- Installing: /home/laprp/Documents/ebug-network/ros/src/install/ebug_base/share/ebug_base/cmake/ebug_baseConfig.cmake
[21.579s] -- Installing: /home/laprp/Documents/ebug-network/ros/src/install/ebug_base/share/ebug_base/cmake/ebug_baseConfig-version.cmake
[21.579s] -- Installing: /home/laprp/Documents/ebug-network/ros/src/install/ebug_base/share/ebug_base/package.xml
[21.581s] Invoked command in '/home/laprp/Documents/ebug-network/ros/src/build/ebug_base' returned '0': CMAKE_PREFIX_PATH=/opt/ros/humble /usr/bin/cmake --install /home/laprp/Documents/ebug-network/ros/src/build/ebug_base
