running egg_info
creating ../../build/localization/localization.egg-info
writing ../../build/localization/localization.egg-info/PKG-INFO
writing dependency_links to ../../build/localization/localization.egg-info/dependency_links.txt
writing entry points to ../../build/localization/localization.egg-info/entry_points.txt
writing requirements to ../../build/localization/localization.egg-info/requires.txt
writing top-level names to ../../build/localization/localization.egg-info/top_level.txt
writing manifest file '../../build/localization/localization.egg-info/SOURCES.txt'
reading manifest file '../../build/localization/localization.egg-info/SOURCES.txt'
writing manifest file '../../build/localization/localization.egg-info/SOURCES.txt'
running build
running build_py
creating /home/kelvinku/networked_robotics/ros2_localization/build/localization/build
creating /home/kelvinku/networked_robotics/ros2_localization/build/localization/build/lib
creating /home/kelvinku/networked_robotics/ros2_localization/build/localization/build/lib/localization
copying localization/converter.py -> /home/kelvinku/networked_robotics/ros2_localization/build/localization/build/lib/localization
copying localization/__init__.py -> /home/kelvinku/networked_robotics/ros2_localization/build/localization/build/lib/localization
copying localization/poller.py -> /home/kelvinku/networked_robotics/ros2_localization/build/localization/build/lib/localization
running install
running install_lib
creating /home/kelvinku/networked_robotics/ros2_localization/install/localization/lib/python3.10/site-packages/localization
copying /home/kelvinku/networked_robotics/ros2_localization/build/localization/build/lib/localization/converter.py -> /home/kelvinku/networked_robotics/ros2_localization/install/localization/lib/python3.10/site-packages/localization
copying /home/kelvinku/networked_robotics/ros2_localization/build/localization/build/lib/localization/__init__.py -> /home/kelvinku/networked_robotics/ros2_localization/install/localization/lib/python3.10/site-packages/localization
copying /home/kelvinku/networked_robotics/ros2_localization/build/localization/build/lib/localization/poller.py -> /home/kelvinku/networked_robotics/ros2_localization/install/localization/lib/python3.10/site-packages/localization
byte-compiling /home/kelvinku/networked_robotics/ros2_localization/install/localization/lib/python3.10/site-packages/localization/converter.py to converter.cpython-310.pyc
byte-compiling /home/kelvinku/networked_robotics/ros2_localization/install/localization/lib/python3.10/site-packages/localization/__init__.py to __init__.cpython-310.pyc
byte-compiling /home/kelvinku/networked_robotics/ros2_localization/install/localization/lib/python3.10/site-packages/localization/poller.py to poller.cpython-310.pyc
running install_data
creating /home/kelvinku/networked_robotics/ros2_localization/install/localization/share/ament_index
creating /home/kelvinku/networked_robotics/ros2_localization/install/localization/share/ament_index/resource_index
creating /home/kelvinku/networked_robotics/ros2_localization/install/localization/share/ament_index/resource_index/packages
copying resource/localization -> /home/kelvinku/networked_robotics/ros2_localization/install/localization/share/ament_index/resource_index/packages
copying package.xml -> /home/kelvinku/networked_robotics/ros2_localization/install/localization/share/localization
creating /home/kelvinku/networked_robotics/ros2_localization/install/localization/share/localization/launch
copying launch/raspi_nodes.launch.py -> /home/kelvinku/networked_robotics/ros2_localization/install/localization/share/localization/launch
copying launch/remote_nodes.launch.py -> /home/kelvinku/networked_robotics/ros2_localization/install/localization/share/localization/launch
creating /home/kelvinku/networked_robotics/ros2_localization/install/localization/share/localization/config
copying config/ekf.yaml -> /home/kelvinku/networked_robotics/ros2_localization/install/localization/share/localization/config
copying config/ekf_odom.yaml -> /home/kelvinku/networked_robotics/ros2_localization/install/localization/share/localization/config
copying config/aprilTag.yaml -> /home/kelvinku/networked_robotics/ros2_localization/install/localization/share/localization/config
running install_egg_info
Copying ../../build/localization/localization.egg-info to /home/kelvinku/networked_robotics/ros2_localization/install/localization/lib/python3.10/site-packages/localization-0.0.0-py3.10.egg-info
running install_scripts
Installing converter script to /home/kelvinku/networked_robotics/ros2_localization/install/localization/lib/localization
Installing poller script to /home/kelvinku/networked_robotics/ros2_localization/install/localization/lib/localization
writing list of installed files to '/home/kelvinku/networked_robotics/ros2_localization/build/localization/install.log'
