[0.456s] Invoking command in '/home/kelvinku/networked_robotics/ros2_localization/src/localization': PYTHONPATH=/home/kelvinku/networked_robotics/ros2_localization/build/localization/prefix_override:/home/kelvinku/networked_robotics/ros2_localization/install/localization/lib/python3.10/site-packages:${PYTHONPATH} /usr/bin/python3 setup.py egg_info --egg-base ../../build/localization build --build-base /home/kelvinku/networked_robotics/ros2_localization/build/localization/build install --record /home/kelvinku/networked_robotics/ros2_localization/build/localization/install.log --single-version-externally-managed
[0.568s] running egg_info
[0.569s] creating ../../build/localization/localization.egg-info
[0.569s] writing ../../build/localization/localization.egg-info/PKG-INFO
[0.569s] writing dependency_links to ../../build/localization/localization.egg-info/dependency_links.txt
[0.569s] writing entry points to ../../build/localization/localization.egg-info/entry_points.txt
[0.569s] writing requirements to ../../build/localization/localization.egg-info/requires.txt
[0.569s] writing top-level names to ../../build/localization/localization.egg-info/top_level.txt
[0.570s] writing manifest file '../../build/localization/localization.egg-info/SOURCES.txt'
[0.570s] reading manifest file '../../build/localization/localization.egg-info/SOURCES.txt'
[0.571s] writing manifest file '../../build/localization/localization.egg-info/SOURCES.txt'
[0.571s] running build
[0.571s] running build_py
[0.571s] creating /home/kelvinku/networked_robotics/ros2_localization/build/localization/build
[0.571s] creating /home/kelvinku/networked_robotics/ros2_localization/build/localization/build/lib
[0.571s] creating /home/kelvinku/networked_robotics/ros2_localization/build/localization/build/lib/localization
[0.571s] copying localization/converter.py -> /home/kelvinku/networked_robotics/ros2_localization/build/localization/build/lib/localization
[0.571s] copying localization/__init__.py -> /home/kelvinku/networked_robotics/ros2_localization/build/localization/build/lib/localization
[0.571s] copying localization/poller.py -> /home/kelvinku/networked_robotics/ros2_localization/build/localization/build/lib/localization
[0.571s] running install
[0.571s] running install_lib
[0.572s] /usr/lib/python3/dist-packages/setuptools/command/install.py:34: SetuptoolsDeprecationWarning: setup.py install is deprecated. Use build and pip and other standards-based tools.
[0.572s]   warnings.warn(
[0.572s] creating /home/kelvinku/networked_robotics/ros2_localization/install/localization/lib/python3.10/site-packages/localization
[0.572s] copying /home/kelvinku/networked_robotics/ros2_localization/build/localization/build/lib/localization/converter.py -> /home/kelvinku/networked_robotics/ros2_localization/install/localization/lib/python3.10/site-packages/localization
[0.572s] copying /home/kelvinku/networked_robotics/ros2_localization/build/localization/build/lib/localization/__init__.py -> /home/kelvinku/networked_robotics/ros2_localization/install/localization/lib/python3.10/site-packages/localization
[0.572s] copying /home/kelvinku/networked_robotics/ros2_localization/build/localization/build/lib/localization/poller.py -> /home/kelvinku/networked_robotics/ros2_localization/install/localization/lib/python3.10/site-packages/localization
[0.572s] byte-compiling /home/kelvinku/networked_robotics/ros2_localization/install/localization/lib/python3.10/site-packages/localization/converter.py to converter.cpython-310.pyc
[0.573s] byte-compiling /home/kelvinku/networked_robotics/ros2_localization/install/localization/lib/python3.10/site-packages/localization/__init__.py to __init__.cpython-310.pyc
[0.573s] byte-compiling /home/kelvinku/networked_robotics/ros2_localization/install/localization/lib/python3.10/site-packages/localization/poller.py to poller.cpython-310.pyc
[0.573s] running install_data
[0.574s] creating /home/kelvinku/networked_robotics/ros2_localization/install/localization/share/ament_index
[0.574s] creating /home/kelvinku/networked_robotics/ros2_localization/install/localization/share/ament_index/resource_index
[0.574s] creating /home/kelvinku/networked_robotics/ros2_localization/install/localization/share/ament_index/resource_index/packages
[0.574s] copying resource/localization -> /home/kelvinku/networked_robotics/ros2_localization/install/localization/share/ament_index/resource_index/packages
[0.574s] copying package.xml -> /home/kelvinku/networked_robotics/ros2_localization/install/localization/share/localization
[0.574s] creating /home/kelvinku/networked_robotics/ros2_localization/install/localization/share/localization/launch
[0.574s] copying launch/raspi_nodes.launch.py -> /home/kelvinku/networked_robotics/ros2_localization/install/localization/share/localization/launch
[0.574s] copying launch/remote_nodes.launch.py -> /home/kelvinku/networked_robotics/ros2_localization/install/localization/share/localization/launch
[0.574s] creating /home/kelvinku/networked_robotics/ros2_localization/install/localization/share/localization/config
[0.574s] copying config/ekf.yaml -> /home/kelvinku/networked_robotics/ros2_localization/install/localization/share/localization/config
[0.574s] copying config/ekf_odom.yaml -> /home/kelvinku/networked_robotics/ros2_localization/install/localization/share/localization/config
[0.574s] copying config/aprilTag.yaml -> /home/kelvinku/networked_robotics/ros2_localization/install/localization/share/localization/config
[0.574s] running install_egg_info
[0.575s] Copying ../../build/localization/localization.egg-info to /home/kelvinku/networked_robotics/ros2_localization/install/localization/lib/python3.10/site-packages/localization-0.0.0-py3.10.egg-info
[0.575s] running install_scripts
[0.587s] Installing converter script to /home/kelvinku/networked_robotics/ros2_localization/install/localization/lib/localization
[0.587s] Installing poller script to /home/kelvinku/networked_robotics/ros2_localization/install/localization/lib/localization
[0.587s] writing list of installed files to '/home/kelvinku/networked_robotics/ros2_localization/build/localization/install.log'
[0.644s] Invoked command in '/home/kelvinku/networked_robotics/ros2_localization/src/localization' returned '0': PYTHONPATH=/home/kelvinku/networked_robotics/ros2_localization/build/localization/prefix_override:/home/kelvinku/networked_robotics/ros2_localization/install/localization/lib/python3.10/site-packages:${PYTHONPATH} /usr/bin/python3 setup.py egg_info --egg-base ../../build/localization build --build-base /home/kelvinku/networked_robotics/ros2_localization/build/localization/build install --record /home/kelvinku/networked_robotics/ros2_localization/build/localization/install.log --single-version-externally-managed
