/home/kelvinku/networked_robotics/ros2_localization/install/localization/lib/python3.10/site-packages/localization/converter.py
/home/kelvinku/networked_robotics/ros2_localization/install/localization/lib/python3.10/site-packages/localization/__init__.py
/home/kelvinku/networked_robotics/ros2_localization/install/localization/lib/python3.10/site-packages/localization/poller.py
/home/kelvinku/networked_robotics/ros2_localization/install/localization/lib/python3.10/site-packages/localization/__pycache__/converter.cpython-310.pyc
/home/kelvinku/networked_robotics/ros2_localization/install/localization/lib/python3.10/site-packages/localization/__pycache__/__init__.cpython-310.pyc
/home/kelvinku/networked_robotics/ros2_localization/install/localization/lib/python3.10/site-packages/localization/__pycache__/poller.cpython-310.pyc
/home/kelvinku/networked_robotics/ros2_localization/install/localization/share/ament_index/resource_index/packages/localization
/home/kelvinku/networked_robotics/ros2_localization/install/localization/share/localization/package.xml
/home/kelvinku/networked_robotics/ros2_localization/install/localization/share/localization/launch/raspi_nodes.launch.py
/home/kelvinku/networked_robotics/ros2_localization/install/localization/share/localization/launch/remote_nodes.launch.py
/home/kelvinku/networked_robotics/ros2_localization/install/localization/share/localization/config/ekf.yaml
/home/kelvinku/networked_robotics/ros2_localization/install/localization/share/localization/config/ekf_odom.yaml
/home/kelvinku/networked_robotics/ros2_localization/install/localization/share/localization/config/aprilTag.yaml
/home/kelvinku/networked_robotics/ros2_localization/install/localization/lib/python3.10/site-packages/localization-0.0.0-py3.10.egg-info/top_level.txt
/home/kelvinku/networked_robotics/ros2_localization/install/localization/lib/python3.10/site-packages/localization-0.0.0-py3.10.egg-info/entry_points.txt
/home/kelvinku/networked_robotics/ros2_localization/install/localization/lib/python3.10/site-packages/localization-0.0.0-py3.10.egg-info/SOURCES.txt
/home/kelvinku/networked_robotics/ros2_localization/install/localization/lib/python3.10/site-packages/localization-0.0.0-py3.10.egg-info/PKG-INFO
/home/kelvinku/networked_robotics/ros2_localization/install/localization/lib/python3.10/site-packages/localization-0.0.0-py3.10.egg-info/zip-safe
/home/kelvinku/networked_robotics/ros2_localization/install/localization/lib/python3.10/site-packages/localization-0.0.0-py3.10.egg-info/requires.txt
/home/kelvinku/networked_robotics/ros2_localization/install/localization/lib/python3.10/site-packages/localization-0.0.0-py3.10.egg-info/dependency_links.txt
/home/kelvinku/networked_robotics/ros2_localization/install/localization/lib/localization/converter
/home/kelvinku/networked_robotics/ros2_localization/install/localization/lib/localization/poller
