[0.006s] Invoking command in '/home/laprp/Documents/ebug-network/build/ebug_base': CMAKE_PREFIX_PATH=/opt/ros/humble /usr/bin/cmake /home/laprp/Documents/ebug-network/ros/src/ebug_base -DCMAKE_INSTALL_PREFIX=/home/laprp/Documents/ebug-network/install/ebug_base
[0.044s] -- The C compiler identification is GNU 11.4.0
[0.079s] -- The CXX compiler identification is GNU 11.4.0
[0.086s] -- Detecting C compiler ABI info
[0.128s] -- Detecting C compiler ABI info - done
[0.132s] -- Check for working C compiler: /usr/bin/cc - skipped
[0.132s] -- Detecting C compile features
[0.133s] -- Detecting C compile features - done
[0.135s] -- Detecting CXX compiler ABI info
[0.184s] -- Detecting CXX compiler ABI info - done
[0.188s] -- Check for working CXX compiler: /usr/bin/c++ - skipped
[0.188s] -- Detecting CXX compile features
[0.188s] -- Detecting CXX compile features - done
[0.204s] -- Found ament_cmake: 1.3.8 (/opt/ros/humble/share/ament_cmake/cmake)
[0.294s] -- Found Python3: /usr/bin/python3 (found version "3.10.12") found components: Interpreter 
[0.352s] -- Found rclcpp: 16.0.8 (/opt/ros/humble/share/rclcpp/cmake)
[0.377s] -- Found rosidl_generator_c: 3.1.5 (/opt/ros/humble/share/rosidl_generator_c/cmake)
[0.380s] -- Found rosidl_adapter: 3.1.5 (/opt/ros/humble/share/rosidl_adapter/cmake)
[0.386s] -- Found rosidl_generator_cpp: 3.1.5 (/opt/ros/humble/share/rosidl_generator_cpp/cmake)
[0.396s] -- Using all available rosidl_typesupport_c: rosidl_typesupport_fastrtps_c;rosidl_typesupport_introspection_c
[0.408s] -- Using all available rosidl_typesupport_cpp: rosidl_typesupport_fastrtps_cpp;rosidl_typesupport_introspection_cpp
[0.455s] -- Found rmw_implementation_cmake: 6.1.1 (/opt/ros/humble/share/rmw_implementation_cmake/cmake)
[0.457s] -- Found rmw_fastrtps_cpp: 6.2.6 (/opt/ros/humble/share/rmw_fastrtps_cpp/cmake)
[0.525s] -- Found OpenSSL: /usr/lib/x86_64-linux-gnu/libcrypto.so (found version "3.0.2")  
[0.544s] -- Found FastRTPS: /opt/ros/humble/include  
[0.575s] -- Using RMW implementation 'rmw_fastrtps_cpp' as default
[0.583s] -- Looking for pthread.h
[0.626s] -- Looking for pthread.h - found
[0.626s] -- Performing Test CMAKE_HAVE_LIBC_PTHREAD
[0.670s] -- Performing Test CMAKE_HAVE_LIBC_PTHREAD - Success
[0.671s] -- Found Threads: TRUE  
[0.771s] -- Found rclcpp_components: 16.0.8 (/opt/ros/humble/share/rclcpp_components/cmake)
[0.813s] -- Found rosidl_default_generators: 1.2.0 (/opt/ros/humble/share/rosidl_default_generators/cmake)
[0.819s] -- Found nav_msgs: 4.2.3 (/opt/ros/humble/share/nav_msgs/cmake)
[0.896s] -- Found sensor_msgs: 4.2.3 (/opt/ros/humble/share/sensor_msgs/cmake)
[0.947s] -- Found tf2: 0.25.6 (/opt/ros/humble/share/tf2/cmake)
[0.953s] -- Found tf2_msgs: 0.25.6 (/opt/ros/humble/share/tf2_msgs/cmake)
[1.045s] -- Found message_filters: 4.3.3 (/opt/ros/humble/share/message_filters/cmake)
[1.049s] -- Found image_transport: 3.1.8 (/opt/ros/humble/share/image_transport/cmake)
[1.067s] -- Found compressed_image_transport: 2.5.1 (/opt/ros/humble/share/compressed_image_transport/cmake)
[1.068s] -- Found image_proc: 3.0.4 (/opt/ros/humble/share/image_proc/cmake)
[1.127s] -- Found grid_map_cmake_helpers: 2.0.0 (/opt/ros/humble/share/grid_map_cmake_helpers/cmake)
[1.132s] -- Found grid_map: 2.0.0 (/opt/ros/humble/share/grid_map/cmake)
[1.133s] -- Found grid_map_core: 2.0.0 (/opt/ros/humble/share/grid_map_core/cmake)
[1.135s] -- Found grid_map_ros: 2.0.0 (/opt/ros/humble/share/grid_map_ros/cmake)
[1.473s] -- Found grid_map_rviz_plugin: 2.0.0 (/opt/ros/humble/share/grid_map_rviz_plugin/cmake)
[1.486s] -- Setting OGRE_DIR to: '/opt/ros/humble/share/rviz_ogre_vendor/cmake/../../../opt/rviz_ogre_vendor/lib/OGRE/cmake'
[1.487s] -- Found OGRE
[1.487s] --   static     : OFF
[1.487s] --   components : HLMS;MeshLodGenerator;Overlay;Paging;Property;RTShaderSystem;Terrain;Volume
[1.487s] --   plugins    : Plugin_BSPSceneManager;Plugin_OctreeSceneManager;Plugin_PCZSceneManager;Plugin_ParticleFX;RenderSystem_GL;RenderSystem_GL3Plus;Codec_STBI
[1.487s] --   media      : /opt/ros/humble/opt/rviz_ogre_vendor/share/OGRE/Media
[1.488s] -- OGRE_LIBRARIES: OgreHLMS;OgreMeshLodGenerator;OgreOverlay;OgrePaging;OgreProperty;OgreRTShaderSystem;OgreTerrain;OgreVolume;OgreMain
[1.488s] -- OGRE_LIBRARY_DIRS: /opt/ros/humble/opt/rviz_ogre_vendor/lib
[1.488s] -- OGRE_PLUGINS: Plugin_BSPSceneManager;Plugin_OctreeSceneManager;Plugin_PCZSceneManager;Plugin_ParticleFX;RenderSystem_GL;RenderSystem_GL3Plus;Codec_STBI
[1.488s] -- OGRE_PLUGIN_DIR: /opt/ros/humble/opt/rviz_ogre_vendor/lib/OGRE
[1.488s] -- rviz_ogre_vendor::OgreOverlay for IMPORTED_LOCATION_RELEASE: /opt/ros/humble/opt/rviz_ogre_vendor/lib/libOgreOverlay.so
[1.488s] -- rviz_ogre_vendor::OgreOverlay for IMPORTED_LOCATION_DEBUG: /opt/ros/humble/opt/rviz_ogre_vendor/lib/libOgreOverlay.so
[1.488s] -- rviz_ogre_vendor::OgreMain for IMPORTED_LOCATION_RELEASE: /opt/ros/humble/opt/rviz_ogre_vendor/lib/libOgreMain.so
[1.488s] -- rviz_ogre_vendor::OgreMain for IMPORTED_LOCATION_DEBUG: /opt/ros/humble/opt/rviz_ogre_vendor/lib/libOgreMain.so
[1.499s] -- Found ZLIB: /usr/lib/x86_64-linux-gnu/libz.so (found version "1.2.11") 
[1.502s] -- Found OpenGL: /usr/lib/x86_64-linux-gnu/libOpenGL.so   
[1.557s] -- Found X11: /usr/include   
[1.557s] -- Looking for XOpenDisplay in /usr/lib/x86_64-linux-gnu/libX11.so;/usr/lib/x86_64-linux-gnu/libXext.so
[1.603s] -- Looking for XOpenDisplay in /usr/lib/x86_64-linux-gnu/libX11.so;/usr/lib/x86_64-linux-gnu/libXext.so - found
[1.603s] -- Looking for gethostbyname
[1.648s] -- Looking for gethostbyname - found
[1.648s] -- Looking for connect
[1.691s] -- Looking for connect - found
[1.692s] -- Looking for remove
[1.736s] -- Looking for remove - found
[1.736s] -- Looking for shmat
[1.780s] -- Looking for shmat - found
[1.780s] -- Looking for IceConnectionNumber in ICE
[1.822s] -- Looking for IceConnectionNumber in ICE - found
[1.824s] -- rviz_ogre_vendor::RenderSystem_GL for IMPORTED_LOCATION_RELEASE: _render_system_gl_static_library_abs-NOTFOUND
[1.824s] -- rviz_ogre_vendor::RenderSystem_GL for IMPORTED_LOCATION_DEBUG: _render_system_gl_static_library_abs-NOTFOUND
[1.878s] -- library: /usr/lib/x86_64-linux-gnu/libcurl.so
[1.906s] -- Found Eigen3: TRUE (found version "3.4.0") 
[1.906s] -- Ensuring Eigen3 include directory is part of orocos-kdl CMake target
[2.069s] -- Found grid_map_visualization: 2.0.0 (/opt/ros/humble/share/grid_map_visualization/cmake)
[2.334s] -- Setting build type to Release as none was specified.
[2.511s] -- Found ament_cmake_ros: 0.10.0 (/opt/ros/humble/share/ament_cmake_ros/cmake)
[2.752s] -- Using all available rosidl_typesupport_c: rosidl_typesupport_fastrtps_c;rosidl_typesupport_introspection_c
[2.848s] -- Using all available rosidl_typesupport_cpp: rosidl_typesupport_fastrtps_cpp;rosidl_typesupport_introspection_cpp
[2.862s] -- Found PythonInterp: /usr/bin/python3 (found suitable version "3.10.12", minimum required is "3.6") 
[2.863s] -- Found python_cmake_module: 0.10.0 (/opt/ros/humble/share/python_cmake_module/cmake)
[2.880s] -- Found PythonLibs: /usr/lib/x86_64-linux-gnu/libpython3.10.so (found suitable version "3.10.12", minimum required is "3.5") 
[2.880s] -- Using PYTHON_EXECUTABLE: /usr/bin/python3
[2.880s] -- Using PYTHON_INCLUDE_DIRS: /usr/include/python3.10
[2.880s] -- Using PYTHON_LIBRARIES: /usr/lib/x86_64-linux-gnu/libpython3.10.so
[2.893s] -- Found PythonExtra: .so  
[3.625s] -- Found ament_lint_auto: 0.12.10 (/opt/ros/humble/share/ament_lint_auto/cmake)
[3.642s] -- Added test 'cppcheck' to perform static code analysis on C / C++ code
[3.642s] -- Configured cppcheck include dirs: /home/laprp/Documents/ebug-network/ros/src/ebug_base/include
[3.642s] -- Configured cppcheck exclude dirs and/or files: 
[3.643s] -- Added test 'lint_cmake' to check CMake code style
[3.644s] -- Added test 'uncrustify' to check C / C++ code style
[3.644s] -- Configured uncrustify additional arguments: 
[3.644s] -- Added test 'xmllint' to check XML markup files
[3.646s] -- Configuring done
[3.708s] -- Generating done
[3.710s] -- Build files have been written to: /home/laprp/Documents/ebug-network/build/ebug_base
[3.722s] Invoked command in '/home/laprp/Documents/ebug-network/build/ebug_base' returned '0': CMAKE_PREFIX_PATH=/opt/ros/humble /usr/bin/cmake /home/laprp/Documents/ebug-network/ros/src/ebug_base -DCMAKE_INSTALL_PREFIX=/home/laprp/Documents/ebug-network/install/ebug_base
[3.723s] Invoking command in '/home/laprp/Documents/ebug-network/build/ebug_base': CMAKE_PREFIX_PATH=/opt/ros/humble /usr/bin/cmake --build /home/laprp/Documents/ebug-network/build/ebug_base -- -j8 -l8
[3.754s] [  1%] [34m[1mGenerating C code for ROS interfaces[0m
[3.763s] [ 10%] [32mBuilding CXX object CMakeFiles/gridmap_controller.dir/rclcpp_components/node_main_gridmap_controller.cpp.o[0m
[3.763s] [ 10%] [34m[1mGenerating C++ code for ROS interfaces[0m
[3.763s] [ 10%] [32mBuilding CXX object CMakeFiles/jpeg_republisher_component.dir/src/jpeg_republisher.cpp.o[0m
[3.763s] [ 10%] [32mBuilding CXX object CMakeFiles/byte_rectifier_component.dir/src/byte_rectifier.cpp.o[0m
[3.763s] [ 10%] [32mBuilding CXX object CMakeFiles/byte_rectifier.dir/rclcpp_components/node_main_byte_rectifier.cpp.o[0m
[3.771s] [ 11%] [32mBuilding CXX object CMakeFiles/jpeg_republisher.dir/rclcpp_components/node_main_jpeg_republisher.cpp.o[0m
[3.771s] [ 10%] Built target ament_cmake_python_copy_ebug_base
[4.013s] running egg_info
[4.014s] creating ebug_base.egg-info
[4.014s] writing ebug_base.egg-info/PKG-INFO
[4.015s] writing dependency_links to ebug_base.egg-info/dependency_links.txt
[4.015s] writing top-level names to ebug_base.egg-info/top_level.txt
[4.015s] writing manifest file 'ebug_base.egg-info/SOURCES.txt'
[4.017s] reading manifest file 'ebug_base.egg-info/SOURCES.txt'
[4.017s] writing manifest file 'ebug_base.egg-info/SOURCES.txt'
[4.043s] [ 11%] Built target ament_cmake_python_build_ebug_base_egg
[4.228s] [ 11%] Built target ebug_base__cpp
[4.244s] [ 13%] [34m[1mGenerating C++ type support dispatch for ROS interfaces[0m
[4.263s] [ 15%] [34m[1mGenerating C++ type support for eProsima Fast-RTPS[0m
[4.273s] [ 16%] [32mBuilding C object CMakeFiles/ebug_base__rosidl_generator_c.dir/rosidl_generator_c/ebug_base/srv/detail/compute_target__functions.c.o[0m
[4.440s] [ 18%] [32mBuilding C object CMakeFiles/ebug_base__rosidl_generator_c.dir/rosidl_generator_c/ebug_base/msg/detail/robot_pose__functions.c.o[0m
[4.539s] [ 20%] [32mBuilding C object CMakeFiles/ebug_base__rosidl_generator_c.dir/rosidl_generator_c/ebug_base/msg/detail/control_command__functions.c.o[0m
[4.598s] [ 22%] [32mBuilding CXX object CMakeFiles/ebug_base__rosidl_typesupport_cpp.dir/rosidl_typesupport_cpp/ebug_base/srv/compute_target__type_support.cpp.o[0m
[4.638s] [ 23%] [32m[1mLinking C shared library libebug_base__rosidl_generator_c.so[0m
[4.682s] [ 23%] Built target ebug_base__rosidl_generator_c
[4.693s] [ 25%] [34m[1mGenerating C++ introspection for ROS interfaces[0m
[4.727s] [ 27%] [32mBuilding CXX object CMakeFiles/ebug_base__rosidl_typesupport_fastrtps_cpp.dir/rosidl_typesupport_fastrtps_cpp/ebug_base/srv/detail/dds_fastrtps/compute_target__type_support.cpp.o[0m
[4.911s] [ 28%] [32mBuilding CXX object CMakeFiles/ebug_base__rosidl_typesupport_cpp.dir/rosidl_typesupport_cpp/ebug_base/msg/robot_pose__type_support.cpp.o[0m
[5.099s] [ 30%] [32mBuilding CXX object CMakeFiles/ebug_base__rosidl_typesupport_introspection_cpp.dir/rosidl_typesupport_introspection_cpp/ebug_base/srv/detail/compute_target__type_support.cpp.o[0m
[5.207s] [ 32%] [32mBuilding CXX object CMakeFiles/ebug_base__rosidl_typesupport_cpp.dir/rosidl_typesupport_cpp/ebug_base/msg/control_command__type_support.cpp.o[0m
[5.224s] [ 33%] [32mBuilding CXX object CMakeFiles/ebug_base__rosidl_typesupport_fastrtps_cpp.dir/rosidl_typesupport_fastrtps_cpp/ebug_base/msg/detail/dds_fastrtps/robot_pose__type_support.cpp.o[0m
[5.502s] [ 35%] [32m[1mLinking CXX shared library libebug_base__rosidl_typesupport_cpp.so[0m
[5.544s] [ 35%] Built target ebug_base__rosidl_typesupport_cpp
[5.559s] [ 37%] [34m[1mGenerating C type support for eProsima Fast-RTPS[0m
[5.561s] [ 38%] [32mBuilding CXX object CMakeFiles/ebug_base__rosidl_typesupport_introspection_cpp.dir/rosidl_typesupport_introspection_cpp/ebug_base/msg/detail/robot_pose__type_support.cpp.o[0m
[5.689s] [ 40%] [32mBuilding CXX object CMakeFiles/ebug_base__rosidl_typesupport_fastrtps_cpp.dir/rosidl_typesupport_fastrtps_cpp/ebug_base/msg/detail/dds_fastrtps/control_command__type_support.cpp.o[0m
[5.988s] [ 42%] [32mBuilding CXX object CMakeFiles/ebug_base__rosidl_typesupport_introspection_cpp.dir/rosidl_typesupport_introspection_cpp/ebug_base/msg/detail/control_command__type_support.cpp.o[0m
[5.997s] [ 44%] [32mBuilding CXX object CMakeFiles/ebug_base__rosidl_typesupport_fastrtps_c.dir/rosidl_typesupport_fastrtps_c/ebug_base/srv/detail/compute_target__type_support_c.cpp.o[0m
[6.103s] [ 45%] [32m[1mLinking CXX shared library libebug_base__rosidl_typesupport_fastrtps_cpp.so[0m
[6.189s] [ 45%] Built target ebug_base__rosidl_typesupport_fastrtps_cpp
[6.199s] [ 47%] [34m[1mGenerating C introspection for ROS interfaces[0m
[6.386s] [ 49%] [32m[1mLinking CXX shared library libebug_base__rosidl_typesupport_introspection_cpp.so[0m
[6.426s] [ 50%] [32mBuilding CXX object CMakeFiles/ebug_base__rosidl_typesupport_fastrtps_c.dir/rosidl_typesupport_fastrtps_c/ebug_base/msg/detail/robot_pose__type_support_c.cpp.o[0m
[6.450s] [ 50%] Built target ebug_base__rosidl_typesupport_introspection_cpp
[6.461s] [ 52%] [34m[1mGenerating C type support dispatch for ROS interfaces[0m
[6.608s] [ 54%] [32mBuilding C object CMakeFiles/ebug_base__rosidl_typesupport_introspection_c.dir/rosidl_typesupport_introspection_c/ebug_base/srv/detail/compute_target__type_support.c.o[0m
[6.672s] [ 55%] [32mBuilding C object CMakeFiles/ebug_base__rosidl_typesupport_introspection_c.dir/rosidl_typesupport_introspection_c/ebug_base/msg/detail/robot_pose__type_support.c.o[0m
[6.713s] [ 57%] [32mBuilding C object CMakeFiles/ebug_base__rosidl_typesupport_introspection_c.dir/rosidl_typesupport_introspection_c/ebug_base/msg/detail/control_command__type_support.c.o[0m
[6.753s] [ 59%] [32m[1mLinking C shared library libebug_base__rosidl_typesupport_introspection_c.so[0m
[6.783s] [ 61%] Built target ebug_base__rosidl_typesupport_introspection_c
[6.783s] [ 61%] [32mBuilding CXX object CMakeFiles/ebug_base__rosidl_typesupport_c.dir/rosidl_typesupport_c/ebug_base/srv/compute_target__type_support.cpp.o[0m
[6.805s] [ 62%] [32mBuilding CXX object CMakeFiles/gridmap_controller_component.dir/src/gridmap_controller.cpp.o[0m
[6.817s] [ 64%] [32mBuilding CXX object CMakeFiles/ebug_base__rosidl_typesupport_c.dir/rosidl_typesupport_c/ebug_base/msg/robot_pose__type_support.cpp.o[0m
[6.845s] [ 66%] [32mBuilding CXX object CMakeFiles/ebug_base__rosidl_typesupport_fastrtps_c.dir/rosidl_typesupport_fastrtps_c/ebug_base/msg/detail/control_command__type_support_c.cpp.o[0m
[6.849s] [ 67%] [32mBuilding CXX object CMakeFiles/ebug_base__rosidl_typesupport_c.dir/rosidl_typesupport_c/ebug_base/msg/control_command__type_support.cpp.o[0m
[6.879s] [ 69%] [32m[1mLinking CXX shared library libebug_base__rosidl_typesupport_c.so[0m
[6.920s] [ 69%] Built target ebug_base__rosidl_typesupport_c
[7.225s] [ 71%] [32m[1mLinking CXX shared library libebug_base__rosidl_typesupport_fastrtps_c.so[0m
[7.308s] [ 71%] Built target ebug_base__rosidl_typesupport_fastrtps_c
[7.328s] [ 71%] Built target ebug_base
[7.351s] [ 72%] [34m[1mGenerating Python code for ROS interfaces[0m
[7.575s] [ 74%] [32m[1mLinking CXX executable gridmap_controller[0m
[7.602s] [ 76%] [32m[1mLinking CXX executable byte_rectifier[0m
[7.702s] [ 76%] Built target gridmap_controller
[7.730s] [ 76%] Built target byte_rectifier
[7.763s] [ 77%] [32m[1mLinking CXX executable jpeg_republisher[0m
[7.890s] [ 77%] Built target jpeg_republisher
[7.899s] [ 77%] Built target ebug_base__py
[7.913s] [ 79%] [32mBuilding C object CMakeFiles/ebug_base__rosidl_generator_py.dir/rosidl_generator_py/ebug_base/srv/_compute_target_s.c.o[0m
[7.914s] [ 81%] [32mBuilding C object CMakeFiles/ebug_base__rosidl_generator_py.dir/rosidl_generator_py/ebug_base/msg/_control_command_s.c.o[0m
[7.914s] [ 83%] [32mBuilding C object CMakeFiles/ebug_base__rosidl_generator_py.dir/rosidl_generator_py/ebug_base/msg/_robot_pose_s.c.o[0m
[8.057s] [ 84%] [32m[1mLinking C shared library rosidl_generator_py/ebug_base/libebug_base__rosidl_generator_py.so[0m
[8.084s] [ 84%] Built target ebug_base__rosidl_generator_py
[8.100s] [ 86%] [32mBuilding C object CMakeFiles/ebug_base__rosidl_typesupport_fastrtps_c__pyext.dir/rosidl_generator_py/ebug_base/_ebug_base_s.ep.rosidl_typesupport_fastrtps_c.c.o[0m
[8.101s] [ 88%] [32mBuilding C object CMakeFiles/ebug_base__rosidl_typesupport_introspection_c__pyext.dir/rosidl_generator_py/ebug_base/_ebug_base_s.ep.rosidl_typesupport_introspection_c.c.o[0m
[8.101s] [ 89%] [32mBuilding C object CMakeFiles/ebug_base__rosidl_typesupport_c__pyext.dir/rosidl_generator_py/ebug_base/_ebug_base_s.ep.rosidl_typesupport_c.c.o[0m
[8.218s] [ 91%] [32m[1mLinking C shared library rosidl_generator_py/ebug_base/ebug_base_s__rosidl_typesupport_introspection_c.cpython-310-x86_64-linux-gnu.so[0m
[8.260s] [ 93%] [32m[1mLinking C shared library rosidl_generator_py/ebug_base/ebug_base_s__rosidl_typesupport_c.cpython-310-x86_64-linux-gnu.so[0m
[8.262s] [ 93%] Built target ebug_base__rosidl_typesupport_introspection_c__pyext
[8.271s] [ 94%] [32m[1mLinking C shared library rosidl_generator_py/ebug_base/ebug_base_s__rosidl_typesupport_fastrtps_c.cpython-310-x86_64-linux-gnu.so[0m
[8.296s] [ 94%] Built target ebug_base__rosidl_typesupport_c__pyext
[8.298s] [ 94%] Built target ebug_base__rosidl_typesupport_fastrtps_c__pyext
[11.312s] [ 96%] [32m[1mLinking CXX shared library libjpeg_republisher_component.so[0m
[11.394s] [ 96%] Built target jpeg_republisher_component
[12.676s] [ 98%] [32m[1mLinking CXX shared library libbyte_rectifier_component.so[0m
[12.775s] [ 98%] Built target byte_rectifier_component
[15.837s] [100%] [32m[1mLinking CXX shared library libgridmap_controller_component.so[0m
[16.066s] [100%] Built target gridmap_controller_component
[16.080s] Invoked command in '/home/laprp/Documents/ebug-network/build/ebug_base' returned '0': CMAKE_PREFIX_PATH=/opt/ros/humble /usr/bin/cmake --build /home/laprp/Documents/ebug-network/build/ebug_base -- -j8 -l8
[16.148s] Invoking command in '/home/laprp/Documents/ebug-network/build/ebug_base': CMAKE_PREFIX_PATH=/opt/ros/humble /usr/bin/cmake --install /home/laprp/Documents/ebug-network/build/ebug_base
[16.153s] -- Install configuration: "Release"
[16.153s] -- Installing: /home/laprp/Documents/ebug-network/install/ebug_base/share/ament_index/resource_index/rosidl_interfaces/ebug_base
[16.153s] -- Installing: /home/laprp/Documents/ebug-network/install/ebug_base/include/ebug_base/ebug_base
[16.154s] -- Installing: /home/laprp/Documents/ebug-network/install/ebug_base/include/ebug_base/ebug_base/srv
[16.154s] -- Installing: /home/laprp/Documents/ebug-network/install/ebug_base/include/ebug_base/ebug_base/srv/detail
[16.154s] -- Installing: /home/laprp/Documents/ebug-network/install/ebug_base/include/ebug_base/ebug_base/srv/detail/compute_target__functions.h
[16.154s] -- Installing: /home/laprp/Documents/ebug-network/install/ebug_base/include/ebug_base/ebug_base/srv/detail/compute_target__type_support.h
[16.154s] -- Installing: /home/laprp/Documents/ebug-network/install/ebug_base/include/ebug_base/ebug_base/srv/detail/compute_target__functions.c
[16.154s] -- Installing: /home/laprp/Documents/ebug-network/install/ebug_base/include/ebug_base/ebug_base/srv/detail/compute_target__struct.h
[16.154s] -- Installing: /home/laprp/Documents/ebug-network/install/ebug_base/include/ebug_base/ebug_base/srv/compute_target.h
[16.154s] -- Installing: /home/laprp/Documents/ebug-network/install/ebug_base/include/ebug_base/ebug_base/msg
[16.154s] -- Installing: /home/laprp/Documents/ebug-network/install/ebug_base/include/ebug_base/ebug_base/msg/control_command.h
[16.154s] -- Installing: /home/laprp/Documents/ebug-network/install/ebug_base/include/ebug_base/ebug_base/msg/robot_pose.h
[16.154s] -- Installing: /home/laprp/Documents/ebug-network/install/ebug_base/include/ebug_base/ebug_base/msg/rosidl_generator_c__visibility_control.h
[16.154s] -- Installing: /home/laprp/Documents/ebug-network/install/ebug_base/include/ebug_base/ebug_base/msg/detail
[16.154s] -- Installing: /home/laprp/Documents/ebug-network/install/ebug_base/include/ebug_base/ebug_base/msg/detail/robot_pose__functions.c
[16.154s] -- Installing: /home/laprp/Documents/ebug-network/install/ebug_base/include/ebug_base/ebug_base/msg/detail/robot_pose__functions.h
[16.154s] -- Installing: /home/laprp/Documents/ebug-network/install/ebug_base/include/ebug_base/ebug_base/msg/detail/control_command__struct.h
[16.154s] -- Installing: /home/laprp/Documents/ebug-network/install/ebug_base/include/ebug_base/ebug_base/msg/detail/control_command__type_support.h
[16.155s] -- Installing: /home/laprp/Documents/ebug-network/install/ebug_base/include/ebug_base/ebug_base/msg/detail/robot_pose__struct.h
[16.155s] -- Installing: /home/laprp/Documents/ebug-network/install/ebug_base/include/ebug_base/ebug_base/msg/detail/control_command__functions.c
[16.155s] -- Installing: /home/laprp/Documents/ebug-network/install/ebug_base/include/ebug_base/ebug_base/msg/detail/control_command__functions.h
[16.155s] -- Installing: /home/laprp/Documents/ebug-network/install/ebug_base/include/ebug_base/ebug_base/msg/detail/robot_pose__type_support.h
[16.155s] -- Installing: /home/laprp/Documents/ebug-network/install/ebug_base/share/ebug_base/environment/library_path.sh
[16.155s] -- Installing: /home/laprp/Documents/ebug-network/install/ebug_base/share/ebug_base/environment/library_path.dsv
[16.155s] -- Installing: /home/laprp/Documents/ebug-network/install/ebug_base/lib/libebug_base__rosidl_generator_c.so
[16.155s] -- Set runtime path of "/home/laprp/Documents/ebug-network/install/ebug_base/lib/libebug_base__rosidl_generator_c.so" to ""
[16.155s] -- Up-to-date: /home/laprp/Documents/ebug-network/install/ebug_base/include/ebug_base/ebug_base
[16.155s] -- Up-to-date: /home/laprp/Documents/ebug-network/install/ebug_base/include/ebug_base/ebug_base/srv
[16.155s] -- Up-to-date: /home/laprp/Documents/ebug-network/install/ebug_base/include/ebug_base/ebug_base/srv/detail
[16.155s] -- Installing: /home/laprp/Documents/ebug-network/install/ebug_base/include/ebug_base/ebug_base/srv/detail/compute_target__rosidl_typesupport_fastrtps_c.h
[16.155s] -- Up-to-date: /home/laprp/Documents/ebug-network/install/ebug_base/include/ebug_base/ebug_base/msg
[16.155s] -- Up-to-date: /home/laprp/Documents/ebug-network/install/ebug_base/include/ebug_base/ebug_base/msg/detail
[16.155s] -- Installing: /home/laprp/Documents/ebug-network/install/ebug_base/include/ebug_base/ebug_base/msg/detail/robot_pose__rosidl_typesupport_fastrtps_c.h
[16.155s] -- Installing: /home/laprp/Documents/ebug-network/install/ebug_base/include/ebug_base/ebug_base/msg/detail/control_command__rosidl_typesupport_fastrtps_c.h
[16.155s] -- Installing: /home/laprp/Documents/ebug-network/install/ebug_base/include/ebug_base/ebug_base/msg/rosidl_typesupport_fastrtps_c__visibility_control.h
[16.156s] -- Installing: /home/laprp/Documents/ebug-network/install/ebug_base/lib/libebug_base__rosidl_typesupport_fastrtps_c.so
[16.156s] -- Set runtime path of "/home/laprp/Documents/ebug-network/install/ebug_base/lib/libebug_base__rosidl_typesupport_fastrtps_c.so" to ""
[16.156s] -- Up-to-date: /home/laprp/Documents/ebug-network/install/ebug_base/include/ebug_base/ebug_base
[16.156s] -- Up-to-date: /home/laprp/Documents/ebug-network/install/ebug_base/include/ebug_base/ebug_base/srv
[16.156s] -- Up-to-date: /home/laprp/Documents/ebug-network/install/ebug_base/include/ebug_base/ebug_base/srv/detail
[16.156s] -- Installing: /home/laprp/Documents/ebug-network/install/ebug_base/include/ebug_base/ebug_base/srv/detail/compute_target__traits.hpp
[16.156s] -- Installing: /home/laprp/Documents/ebug-network/install/ebug_base/include/ebug_base/ebug_base/srv/detail/compute_target__builder.hpp
[16.156s] -- Installing: /home/laprp/Documents/ebug-network/install/ebug_base/include/ebug_base/ebug_base/srv/detail/compute_target__struct.hpp
[16.156s] -- Installing: /home/laprp/Documents/ebug-network/install/ebug_base/include/ebug_base/ebug_base/srv/compute_target.hpp
[16.156s] -- Up-to-date: /home/laprp/Documents/ebug-network/install/ebug_base/include/ebug_base/ebug_base/msg
[16.156s] -- Installing: /home/laprp/Documents/ebug-network/install/ebug_base/include/ebug_base/ebug_base/msg/robot_pose.hpp
[16.156s] -- Up-to-date: /home/laprp/Documents/ebug-network/install/ebug_base/include/ebug_base/ebug_base/msg/detail
[16.156s] -- Installing: /home/laprp/Documents/ebug-network/install/ebug_base/include/ebug_base/ebug_base/msg/detail/robot_pose__struct.hpp
[16.156s] -- Installing: /home/laprp/Documents/ebug-network/install/ebug_base/include/ebug_base/ebug_base/msg/detail/control_command__struct.hpp
[16.156s] -- Installing: /home/laprp/Documents/ebug-network/install/ebug_base/include/ebug_base/ebug_base/msg/detail/control_command__builder.hpp
[16.156s] -- Installing: /home/laprp/Documents/ebug-network/install/ebug_base/include/ebug_base/ebug_base/msg/detail/robot_pose__traits.hpp
[16.156s] -- Installing: /home/laprp/Documents/ebug-network/install/ebug_base/include/ebug_base/ebug_base/msg/detail/robot_pose__builder.hpp
[16.156s] -- Installing: /home/laprp/Documents/ebug-network/install/ebug_base/include/ebug_base/ebug_base/msg/detail/control_command__traits.hpp
[16.156s] -- Installing: /home/laprp/Documents/ebug-network/install/ebug_base/include/ebug_base/ebug_base/msg/control_command.hpp
[16.156s] -- Up-to-date: /home/laprp/Documents/ebug-network/install/ebug_base/include/ebug_base/ebug_base
[16.156s] -- Up-to-date: /home/laprp/Documents/ebug-network/install/ebug_base/include/ebug_base/ebug_base/srv
[16.156s] -- Up-to-date: /home/laprp/Documents/ebug-network/install/ebug_base/include/ebug_base/ebug_base/srv/detail
[16.157s] -- Installing: /home/laprp/Documents/ebug-network/install/ebug_base/include/ebug_base/ebug_base/srv/detail/compute_target__rosidl_typesupport_fastrtps_cpp.hpp
[16.157s] -- Installing: /home/laprp/Documents/ebug-network/install/ebug_base/include/ebug_base/ebug_base/srv/detail/dds_fastrtps
[16.157s] -- Up-to-date: /home/laprp/Documents/ebug-network/install/ebug_base/include/ebug_base/ebug_base/msg
[16.157s] -- Up-to-date: /home/laprp/Documents/ebug-network/install/ebug_base/include/ebug_base/ebug_base/msg/detail
[16.157s] -- Installing: /home/laprp/Documents/ebug-network/install/ebug_base/include/ebug_base/ebug_base/msg/detail/robot_pose__rosidl_typesupport_fastrtps_cpp.hpp
[16.157s] -- Installing: /home/laprp/Documents/ebug-network/install/ebug_base/include/ebug_base/ebug_base/msg/detail/control_command__rosidl_typesupport_fastrtps_cpp.hpp
[16.157s] -- Installing: /home/laprp/Documents/ebug-network/install/ebug_base/include/ebug_base/ebug_base/msg/detail/dds_fastrtps
[16.157s] -- Installing: /home/laprp/Documents/ebug-network/install/ebug_base/include/ebug_base/ebug_base/msg/rosidl_typesupport_fastrtps_cpp__visibility_control.h
[16.157s] -- Installing: /home/laprp/Documents/ebug-network/install/ebug_base/lib/libebug_base__rosidl_typesupport_fastrtps_cpp.so
[16.157s] -- Set runtime path of "/home/laprp/Documents/ebug-network/install/ebug_base/lib/libebug_base__rosidl_typesupport_fastrtps_cpp.so" to ""
[16.157s] -- Up-to-date: /home/laprp/Documents/ebug-network/install/ebug_base/include/ebug_base/ebug_base
[16.157s] -- Up-to-date: /home/laprp/Documents/ebug-network/install/ebug_base/include/ebug_base/ebug_base/srv
[16.157s] -- Up-to-date: /home/laprp/Documents/ebug-network/install/ebug_base/include/ebug_base/ebug_base/srv/detail
[16.157s] -- Installing: /home/laprp/Documents/ebug-network/install/ebug_base/include/ebug_base/ebug_base/srv/detail/compute_target__rosidl_typesupport_introspection_c.h
[16.157s] -- Installing: /home/laprp/Documents/ebug-network/install/ebug_base/include/ebug_base/ebug_base/srv/detail/compute_target__type_support.c
[16.157s] -- Up-to-date: /home/laprp/Documents/ebug-network/install/ebug_base/include/ebug_base/ebug_base/msg
[16.157s] -- Up-to-date: /home/laprp/Documents/ebug-network/install/ebug_base/include/ebug_base/ebug_base/msg/detail
[16.157s] -- Installing: /home/laprp/Documents/ebug-network/install/ebug_base/include/ebug_base/ebug_base/msg/detail/control_command__rosidl_typesupport_introspection_c.h
[16.157s] -- Installing: /home/laprp/Documents/ebug-network/install/ebug_base/include/ebug_base/ebug_base/msg/detail/robot_pose__type_support.c
[16.157s] -- Installing: /home/laprp/Documents/ebug-network/install/ebug_base/include/ebug_base/ebug_base/msg/detail/control_command__type_support.c
[16.157s] -- Installing: /home/laprp/Documents/ebug-network/install/ebug_base/include/ebug_base/ebug_base/msg/detail/robot_pose__rosidl_typesupport_introspection_c.h
[16.157s] -- Installing: /home/laprp/Documents/ebug-network/install/ebug_base/include/ebug_base/ebug_base/msg/rosidl_typesupport_introspection_c__visibility_control.h
[16.157s] -- Installing: /home/laprp/Documents/ebug-network/install/ebug_base/lib/libebug_base__rosidl_typesupport_introspection_c.so
[16.158s] -- Set runtime path of "/home/laprp/Documents/ebug-network/install/ebug_base/lib/libebug_base__rosidl_typesupport_introspection_c.so" to ""
[16.158s] -- Installing: /home/laprp/Documents/ebug-network/install/ebug_base/lib/libebug_base__rosidl_typesupport_c.so
[16.158s] -- Set runtime path of "/home/laprp/Documents/ebug-network/install/ebug_base/lib/libebug_base__rosidl_typesupport_c.so" to ""
[16.158s] -- Up-to-date: /home/laprp/Documents/ebug-network/install/ebug_base/include/ebug_base/ebug_base
[16.158s] -- Up-to-date: /home/laprp/Documents/ebug-network/install/ebug_base/include/ebug_base/ebug_base/srv
[16.158s] -- Up-to-date: /home/laprp/Documents/ebug-network/install/ebug_base/include/ebug_base/ebug_base/srv/detail
[16.158s] -- Installing: /home/laprp/Documents/ebug-network/install/ebug_base/include/ebug_base/ebug_base/srv/detail/compute_target__type_support.cpp
[16.158s] -- Installing: /home/laprp/Documents/ebug-network/install/ebug_base/include/ebug_base/ebug_base/srv/detail/compute_target__rosidl_typesupport_introspection_cpp.hpp
[16.158s] -- Up-to-date: /home/laprp/Documents/ebug-network/install/ebug_base/include/ebug_base/ebug_base/msg
[16.158s] -- Up-to-date: /home/laprp/Documents/ebug-network/install/ebug_base/include/ebug_base/ebug_base/msg/detail
[16.158s] -- Installing: /home/laprp/Documents/ebug-network/install/ebug_base/include/ebug_base/ebug_base/msg/detail/control_command__type_support.cpp
[16.158s] -- Installing: /home/laprp/Documents/ebug-network/install/ebug_base/include/ebug_base/ebug_base/msg/detail/robot_pose__rosidl_typesupport_introspection_cpp.hpp
[16.158s] -- Installing: /home/laprp/Documents/ebug-network/install/ebug_base/include/ebug_base/ebug_base/msg/detail/control_command__rosidl_typesupport_introspection_cpp.hpp
[16.158s] -- Installing: /home/laprp/Documents/ebug-network/install/ebug_base/include/ebug_base/ebug_base/msg/detail/robot_pose__type_support.cpp
[16.158s] -- Installing: /home/laprp/Documents/ebug-network/install/ebug_base/lib/libebug_base__rosidl_typesupport_introspection_cpp.so
[16.158s] -- Set runtime path of "/home/laprp/Documents/ebug-network/install/ebug_base/lib/libebug_base__rosidl_typesupport_introspection_cpp.so" to ""
[16.158s] -- Installing: /home/laprp/Documents/ebug-network/install/ebug_base/lib/libebug_base__rosidl_typesupport_cpp.so
[16.159s] -- Set runtime path of "/home/laprp/Documents/ebug-network/install/ebug_base/lib/libebug_base__rosidl_typesupport_cpp.so" to ""
[16.159s] -- Installing: /home/laprp/Documents/ebug-network/install/ebug_base/share/ebug_base/environment/pythonpath.sh
[16.159s] -- Installing: /home/laprp/Documents/ebug-network/install/ebug_base/share/ebug_base/environment/pythonpath.dsv
[16.159s] -- Installing: /home/laprp/Documents/ebug-network/install/ebug_base/local/lib/python3.10/dist-packages/ebug_base-0.0.0-py3.10.egg-info
[16.159s] -- Installing: /home/laprp/Documents/ebug-network/install/ebug_base/local/lib/python3.10/dist-packages/ebug_base-0.0.0-py3.10.egg-info/dependency_links.txt
[16.159s] -- Installing: /home/laprp/Documents/ebug-network/install/ebug_base/local/lib/python3.10/dist-packages/ebug_base-0.0.0-py3.10.egg-info/PKG-INFO
[16.159s] -- Installing: /home/laprp/Documents/ebug-network/install/ebug_base/local/lib/python3.10/dist-packages/ebug_base-0.0.0-py3.10.egg-info/top_level.txt
[16.159s] -- Installing: /home/laprp/Documents/ebug-network/install/ebug_base/local/lib/python3.10/dist-packages/ebug_base-0.0.0-py3.10.egg-info/SOURCES.txt
[16.159s] -- Installing: /home/laprp/Documents/ebug-network/install/ebug_base/local/lib/python3.10/dist-packages/ebug_base
[16.159s] -- Installing: /home/laprp/Documents/ebug-network/install/ebug_base/local/lib/python3.10/dist-packages/ebug_base/__init__.py
[16.159s] -- Installing: /home/laprp/Documents/ebug-network/install/ebug_base/local/lib/python3.10/dist-packages/ebug_base/ebug_base_s__rosidl_typesupport_fastrtps_c.cpython-310-x86_64-linux-gnu.so
[16.160s] -- Installing: /home/laprp/Documents/ebug-network/install/ebug_base/local/lib/python3.10/dist-packages/ebug_base/_ebug_base_s.ep.rosidl_typesupport_c.c
[16.160s] -- Installing: /home/laprp/Documents/ebug-network/install/ebug_base/local/lib/python3.10/dist-packages/ebug_base/ebug_base_s__rosidl_typesupport_introspection_c.cpython-310-x86_64-linux-gnu.so
[16.160s] -- Installing: /home/laprp/Documents/ebug-network/install/ebug_base/local/lib/python3.10/dist-packages/ebug_base/ebug_base_s__rosidl_typesupport_c.cpython-310-x86_64-linux-gnu.so
[16.160s] -- Installing: /home/laprp/Documents/ebug-network/install/ebug_base/local/lib/python3.10/dist-packages/ebug_base/_ebug_base_s.ep.rosidl_typesupport_introspection_c.c
[16.160s] -- Installing: /home/laprp/Documents/ebug-network/install/ebug_base/local/lib/python3.10/dist-packages/ebug_base/libebug_base__rosidl_generator_py.so
[16.160s] -- Installing: /home/laprp/Documents/ebug-network/install/ebug_base/local/lib/python3.10/dist-packages/ebug_base/_ebug_base_s.ep.rosidl_typesupport_fastrtps_c.c
[16.160s] -- Installing: /home/laprp/Documents/ebug-network/install/ebug_base/local/lib/python3.10/dist-packages/ebug_base/srv
[16.160s] -- Installing: /home/laprp/Documents/ebug-network/install/ebug_base/local/lib/python3.10/dist-packages/ebug_base/srv/__init__.py
[16.160s] -- Installing: /home/laprp/Documents/ebug-network/install/ebug_base/local/lib/python3.10/dist-packages/ebug_base/srv/_compute_target_s.c
[16.160s] -- Installing: /home/laprp/Documents/ebug-network/install/ebug_base/local/lib/python3.10/dist-packages/ebug_base/srv/_compute_target.py
[16.160s] -- Installing: /home/laprp/Documents/ebug-network/install/ebug_base/local/lib/python3.10/dist-packages/ebug_base/msg
[16.160s] -- Installing: /home/laprp/Documents/ebug-network/install/ebug_base/local/lib/python3.10/dist-packages/ebug_base/msg/__init__.py
[16.161s] -- Installing: /home/laprp/Documents/ebug-network/install/ebug_base/local/lib/python3.10/dist-packages/ebug_base/msg/_robot_pose_s.c
[16.161s] -- Installing: /home/laprp/Documents/ebug-network/install/ebug_base/local/lib/python3.10/dist-packages/ebug_base/msg/_control_command.py
[16.161s] -- Installing: /home/laprp/Documents/ebug-network/install/ebug_base/local/lib/python3.10/dist-packages/ebug_base/msg/_control_command_s.c
[16.161s] -- Installing: /home/laprp/Documents/ebug-network/install/ebug_base/local/lib/python3.10/dist-packages/ebug_base/msg/_robot_pose.py
[16.183s] Listing '/home/laprp/Documents/ebug-network/install/ebug_base/local/lib/python3.10/dist-packages/ebug_base'...
[16.184s] Compiling '/home/laprp/Documents/ebug-network/install/ebug_base/local/lib/python3.10/dist-packages/ebug_base/__init__.py'...
[16.184s] Listing '/home/laprp/Documents/ebug-network/install/ebug_base/local/lib/python3.10/dist-packages/ebug_base/msg'...
[16.184s] Compiling '/home/laprp/Documents/ebug-network/install/ebug_base/local/lib/python3.10/dist-packages/ebug_base/msg/__init__.py'...
[16.184s] Compiling '/home/laprp/Documents/ebug-network/install/ebug_base/local/lib/python3.10/dist-packages/ebug_base/msg/_control_command.py'...
[16.184s] Compiling '/home/laprp/Documents/ebug-network/install/ebug_base/local/lib/python3.10/dist-packages/ebug_base/msg/_robot_pose.py'...
[16.184s] Listing '/home/laprp/Documents/ebug-network/install/ebug_base/local/lib/python3.10/dist-packages/ebug_base/srv'...
[16.184s] Compiling '/home/laprp/Documents/ebug-network/install/ebug_base/local/lib/python3.10/dist-packages/ebug_base/srv/__init__.py'...
[16.184s] Compiling '/home/laprp/Documents/ebug-network/install/ebug_base/local/lib/python3.10/dist-packages/ebug_base/srv/_compute_target.py'...
[16.186s] -- Installing: /home/laprp/Documents/ebug-network/install/ebug_base/local/lib/python3.10/dist-packages/ebug_base/ebug_base_s__rosidl_typesupport_fastrtps_c.cpython-310-x86_64-linux-gnu.so
[16.186s] -- Set runtime path of "/home/laprp/Documents/ebug-network/install/ebug_base/local/lib/python3.10/dist-packages/ebug_base/ebug_base_s__rosidl_typesupport_fastrtps_c.cpython-310-x86_64-linux-gnu.so" to ""
[16.187s] -- Installing: /home/laprp/Documents/ebug-network/install/ebug_base/local/lib/python3.10/dist-packages/ebug_base/ebug_base_s__rosidl_typesupport_introspection_c.cpython-310-x86_64-linux-gnu.so
[16.187s] -- Set runtime path of "/home/laprp/Documents/ebug-network/install/ebug_base/local/lib/python3.10/dist-packages/ebug_base/ebug_base_s__rosidl_typesupport_introspection_c.cpython-310-x86_64-linux-gnu.so" to ""
[16.187s] -- Installing: /home/laprp/Documents/ebug-network/install/ebug_base/local/lib/python3.10/dist-packages/ebug_base/ebug_base_s__rosidl_typesupport_c.cpython-310-x86_64-linux-gnu.so
[16.187s] -- Set runtime path of "/home/laprp/Documents/ebug-network/install/ebug_base/local/lib/python3.10/dist-packages/ebug_base/ebug_base_s__rosidl_typesupport_c.cpython-310-x86_64-linux-gnu.so" to ""
[16.187s] -- Installing: /home/laprp/Documents/ebug-network/install/ebug_base/lib/libebug_base__rosidl_generator_py.so
[16.187s] -- Set runtime path of "/home/laprp/Documents/ebug-network/install/ebug_base/lib/libebug_base__rosidl_generator_py.so" to ""
[16.187s] -- Installing: /home/laprp/Documents/ebug-network/install/ebug_base/share/ebug_base/srv/ComputeTarget.idl
[16.187s] -- Installing: /home/laprp/Documents/ebug-network/install/ebug_base/share/ebug_base/msg/RobotPose.idl
[16.187s] -- Installing: /home/laprp/Documents/ebug-network/install/ebug_base/share/ebug_base/msg/ControlCommand.idl
[16.187s] -- Installing: /home/laprp/Documents/ebug-network/install/ebug_base/share/ebug_base/srv/ComputeTarget.srv
[16.187s] -- Installing: /home/laprp/Documents/ebug-network/install/ebug_base/share/ebug_base/srv/ComputeTarget_Request.msg
[16.188s] -- Installing: /home/laprp/Documents/ebug-network/install/ebug_base/share/ebug_base/srv/ComputeTarget_Response.msg
[16.188s] -- Installing: /home/laprp/Documents/ebug-network/install/ebug_base/share/ebug_base/msg/RobotPose.msg
[16.188s] -- Installing: /home/laprp/Documents/ebug-network/install/ebug_base/share/ebug_base/msg/ControlCommand.msg
[16.188s] -- Installing: /home/laprp/Documents/ebug-network/install/ebug_base/lib/ebug_base/byte_rectifier
[16.188s] -- Set runtime path of "/home/laprp/Documents/ebug-network/install/ebug_base/lib/ebug_base/byte_rectifier" to ""
[16.188s] -- Installing: /home/laprp/Documents/ebug-network/install/ebug_base/lib/ebug_base/jpeg_republisher
[16.188s] -- Set runtime path of "/home/laprp/Documents/ebug-network/install/ebug_base/lib/ebug_base/jpeg_republisher" to ""
[16.188s] -- Installing: /home/laprp/Documents/ebug-network/install/ebug_base/lib/ebug_base/gridmap_controller
[16.189s] -- Set runtime path of "/home/laprp/Documents/ebug-network/install/ebug_base/lib/ebug_base/gridmap_controller" to ""
[16.189s] -- Up-to-date: /home/laprp/Documents/ebug-network/install/ebug_base/include/ebug_base
[16.189s] -- Up-to-date: /home/laprp/Documents/ebug-network/install/ebug_base/include/ebug_base/ebug_base
[16.189s] -- Installing: /home/laprp/Documents/ebug-network/install/ebug_base/include/ebug_base/ebug_base/gridmap_controller.hpp
[16.189s] -- Installing: /home/laprp/Documents/ebug-network/install/ebug_base/include/ebug_base/ebug_base/jpeg_republisher.hpp
[16.189s] -- Installing: /home/laprp/Documents/ebug-network/install/ebug_base/include/ebug_base/ebug_base/byte_rectifier.hpp
[16.189s] -- Installing: /home/laprp/Documents/ebug-network/install/ebug_base/lib/libbyte_rectifier_component.so
[16.191s] -- Set runtime path of "/home/laprp/Documents/ebug-network/install/ebug_base/lib/libbyte_rectifier_component.so" to ""
[16.191s] -- Installing: /home/laprp/Documents/ebug-network/install/ebug_base/lib/libjpeg_republisher_component.so
[16.191s] -- Set runtime path of "/home/laprp/Documents/ebug-network/install/ebug_base/lib/libjpeg_republisher_component.so" to ""
[16.191s] -- Installing: /home/laprp/Documents/ebug-network/install/ebug_base/lib/libgridmap_controller_component.so
[16.192s] -- Set runtime path of "/home/laprp/Documents/ebug-network/install/ebug_base/lib/libgridmap_controller_component.so" to ""
[16.192s] -- Installing: /home/laprp/Documents/ebug-network/install/ebug_base/share/ament_index/resource_index/package_run_dependencies/ebug_base
[16.192s] -- Installing: /home/laprp/Documents/ebug-network/install/ebug_base/share/ament_index/resource_index/parent_prefix_path/ebug_base
[16.192s] -- Installing: /home/laprp/Documents/ebug-network/install/ebug_base/share/ebug_base/environment/ament_prefix_path.sh
[16.192s] -- Installing: /home/laprp/Documents/ebug-network/install/ebug_base/share/ebug_base/environment/ament_prefix_path.dsv
[16.192s] -- Installing: /home/laprp/Documents/ebug-network/install/ebug_base/share/ebug_base/environment/path.sh
[16.192s] -- Installing: /home/laprp/Documents/ebug-network/install/ebug_base/share/ebug_base/environment/path.dsv
[16.192s] -- Installing: /home/laprp/Documents/ebug-network/install/ebug_base/share/ebug_base/local_setup.bash
[16.192s] -- Installing: /home/laprp/Documents/ebug-network/install/ebug_base/share/ebug_base/local_setup.sh
[16.192s] -- Installing: /home/laprp/Documents/ebug-network/install/ebug_base/share/ebug_base/local_setup.zsh
[16.193s] -- Installing: /home/laprp/Documents/ebug-network/install/ebug_base/share/ebug_base/local_setup.dsv
[16.193s] -- Installing: /home/laprp/Documents/ebug-network/install/ebug_base/share/ebug_base/package.dsv
[16.193s] -- Installing: /home/laprp/Documents/ebug-network/install/ebug_base/share/ament_index/resource_index/packages/ebug_base
[16.193s] -- Installing: /home/laprp/Documents/ebug-network/install/ebug_base/share/ebug_base/cmake/export_ebug_base__rosidl_generator_cExport.cmake
[16.193s] -- Installing: /home/laprp/Documents/ebug-network/install/ebug_base/share/ebug_base/cmake/export_ebug_base__rosidl_generator_cExport-release.cmake
[16.193s] -- Installing: /home/laprp/Documents/ebug-network/install/ebug_base/share/ebug_base/cmake/export_ebug_base__rosidl_typesupport_fastrtps_cExport.cmake
[16.193s] -- Installing: /home/laprp/Documents/ebug-network/install/ebug_base/share/ebug_base/cmake/export_ebug_base__rosidl_typesupport_fastrtps_cExport-release.cmake
[16.193s] -- Installing: /home/laprp/Documents/ebug-network/install/ebug_base/share/ebug_base/cmake/export_ebug_base__rosidl_generator_cppExport.cmake
[16.193s] -- Installing: /home/laprp/Documents/ebug-network/install/ebug_base/share/ebug_base/cmake/export_ebug_base__rosidl_typesupport_fastrtps_cppExport.cmake
[16.193s] -- Installing: /home/laprp/Documents/ebug-network/install/ebug_base/share/ebug_base/cmake/export_ebug_base__rosidl_typesupport_fastrtps_cppExport-release.cmake
[16.193s] -- Installing: /home/laprp/Documents/ebug-network/install/ebug_base/share/ebug_base/cmake/ebug_base__rosidl_typesupport_introspection_cExport.cmake
[16.193s] -- Installing: /home/laprp/Documents/ebug-network/install/ebug_base/share/ebug_base/cmake/ebug_base__rosidl_typesupport_introspection_cExport-release.cmake
[16.193s] -- Installing: /home/laprp/Documents/ebug-network/install/ebug_base/share/ebug_base/cmake/ebug_base__rosidl_typesupport_cExport.cmake
[16.193s] -- Installing: /home/laprp/Documents/ebug-network/install/ebug_base/share/ebug_base/cmake/ebug_base__rosidl_typesupport_cExport-release.cmake
[16.193s] -- Installing: /home/laprp/Documents/ebug-network/install/ebug_base/share/ebug_base/cmake/ebug_base__rosidl_typesupport_introspection_cppExport.cmake
[16.193s] -- Installing: /home/laprp/Documents/ebug-network/install/ebug_base/share/ebug_base/cmake/ebug_base__rosidl_typesupport_introspection_cppExport-release.cmake
[16.194s] -- Installing: /home/laprp/Documents/ebug-network/install/ebug_base/share/ebug_base/cmake/ebug_base__rosidl_typesupport_cppExport.cmake
[16.194s] -- Installing: /home/laprp/Documents/ebug-network/install/ebug_base/share/ebug_base/cmake/ebug_base__rosidl_typesupport_cppExport-release.cmake
[16.194s] -- Installing: /home/laprp/Documents/ebug-network/install/ebug_base/share/ebug_base/cmake/export_ebug_base__rosidl_generator_pyExport.cmake
[16.194s] -- Installing: /home/laprp/Documents/ebug-network/install/ebug_base/share/ebug_base/cmake/export_ebug_base__rosidl_generator_pyExport-release.cmake
[16.194s] -- Installing: /home/laprp/Documents/ebug-network/install/ebug_base/share/ament_index/resource_index/rclcpp_components/ebug_base
[16.194s] -- Installing: /home/laprp/Documents/ebug-network/install/ebug_base/share/ebug_base/cmake/rosidl_cmake-extras.cmake
[16.194s] -- Installing: /home/laprp/Documents/ebug-network/install/ebug_base/share/ebug_base/cmake/ament_cmake_export_dependencies-extras.cmake
[16.194s] -- Installing: /home/laprp/Documents/ebug-network/install/ebug_base/share/ebug_base/cmake/ament_cmake_export_include_directories-extras.cmake
[16.194s] -- Installing: /home/laprp/Documents/ebug-network/install/ebug_base/share/ebug_base/cmake/ament_cmake_export_libraries-extras.cmake
[16.194s] -- Installing: /home/laprp/Documents/ebug-network/install/ebug_base/share/ebug_base/cmake/ament_cmake_export_targets-extras.cmake
[16.194s] -- Installing: /home/laprp/Documents/ebug-network/install/ebug_base/share/ebug_base/cmake/rosidl_cmake_export_typesupport_targets-extras.cmake
[16.194s] -- Installing: /home/laprp/Documents/ebug-network/install/ebug_base/share/ebug_base/cmake/rosidl_cmake_export_typesupport_libraries-extras.cmake
[16.194s] -- Installing: /home/laprp/Documents/ebug-network/install/ebug_base/share/ebug_base/cmake/ebug_baseConfig.cmake
[16.194s] -- Installing: /home/laprp/Documents/ebug-network/install/ebug_base/share/ebug_base/cmake/ebug_baseConfig-version.cmake
[16.195s] -- Installing: /home/laprp/Documents/ebug-network/install/ebug_base/share/ebug_base/package.xml
[16.196s] Invoked command in '/home/laprp/Documents/ebug-network/build/ebug_base' returned '0': CMAKE_PREFIX_PATH=/opt/ros/humble /usr/bin/cmake --install /home/laprp/Documents/ebug-network/build/ebug_base
