[3.107s] DEBUG:colcon:Command line arguments: ['/usr/bin/colcon', 'build']
[3.108s] DEBUG:colcon:Parsed command line arguments: Namespace(log_base=None, log_level=None, verb_name='build', build_base='build', install_base='install', merge_install=False, symlink_install=False, test_result_base=None, continue_on_error=False, executor='parallel', parallel_workers=4, event_handlers=None, ignore_user_meta=False, metas=['./colcon.meta'], base_paths=['.'], packages_ignore=None, packages_ignore_regex=None, paths=None, packages_up_to=None, packages_up_to_regex=None, packages_above=None, packages_above_and_dependencies=None, packages_above_depth=None, packages_select_by_dep=None, packages_skip_by_dep=None, packages_skip_up_to=None, packages_select_build_failed=False, packages_skip_build_finished=False, packages_select_test_failures=False, packages_skip_test_passed=False, packages_select=None, packages_skip=None, packages_select_regex=None, packages_skip_regex=None, packages_start=None, packages_end=None, allow_overriding=[], cmake_args=None, cmake_target=None, cmake_target_skip_unavailable=False, cmake_clean_cache=False, cmake_clean_first=False, cmake_force_configure=False, ament_cmake_args=None, catkin_cmake_args=None, catkin_skip_building_tests=False, verb_parser=<colcon_defaults.argument_parser.defaults.DefaultArgumentsDecorator object at 0xffffb8735fc0>, verb_extension=<colcon_core.verb.build.BuildVerb object at 0xffffb8735a50>, main=<bound method BuildVerb.main of <colcon_core.verb.build.BuildVerb object at 0xffffb8735a50>>)
[3.360s] Level 1:colcon.colcon_core.package_discovery:discover_packages(colcon_meta) check parameters
[3.361s] Level 1:colcon.colcon_core.package_discovery:discover_packages(recursive) check parameters
[3.362s] Level 1:colcon.colcon_core.package_discovery:discover_packages(ignore) check parameters
[3.362s] Level 1:colcon.colcon_core.package_discovery:discover_packages(path) check parameters
[3.362s] Level 1:colcon.colcon_core.package_discovery:discover_packages(colcon_meta) discover
[3.363s] Level 1:colcon.colcon_core.package_discovery:discover_packages(recursive) discover
[3.363s] INFO:colcon.colcon_core.package_discovery:Crawling recursively for packages in '/home/ubuntu/networked_robotics'
[3.365s] Level 1:colcon.colcon_core.package_identification:_identify(.) by extensions ['ignore', 'ignore_ament_install']
[3.366s] Level 1:colcon.colcon_core.package_identification:_identify(.) by extension 'ignore'
[3.367s] Level 1:colcon.colcon_core.package_identification:_identify(.) by extension 'ignore_ament_install'
[3.367s] Level 1:colcon.colcon_core.package_identification:_identify(.) by extensions ['colcon_pkg']
[3.368s] Level 1:colcon.colcon_core.package_identification:_identify(.) by extension 'colcon_pkg'
[3.368s] Level 1:colcon.colcon_core.package_identification:_identify(.) by extensions ['colcon_meta']
[3.369s] Level 1:colcon.colcon_core.package_identification:_identify(.) by extension 'colcon_meta'
[3.369s] Level 1:colcon.colcon_core.package_identification:_identify(.) by extensions ['ros']
[3.369s] Level 1:colcon.colcon_core.package_identification:_identify(.) by extension 'ros'
[3.482s] Level 1:colcon.colcon_core.package_identification:_identify(.) by extensions ['cmake', 'python']
[3.483s] Level 1:colcon.colcon_core.package_identification:_identify(.) by extension 'cmake'
[3.483s] Level 1:colcon.colcon_core.package_identification:_identify(.) by extension 'python'
[3.484s] Level 1:colcon.colcon_core.package_identification:_identify(.) by extensions ['python_setup_py']
[3.484s] Level 1:colcon.colcon_core.package_identification:_identify(.) by extension 'python_setup_py'
[3.488s] Level 1:colcon.colcon_core.package_identification:_identify(CAD) by extensions ['ignore', 'ignore_ament_install']
[3.490s] Level 1:colcon.colcon_core.package_identification:_identify(CAD) by extension 'ignore'
[3.491s] Level 1:colcon.colcon_core.package_identification:_identify(CAD) by extension 'ignore_ament_install'
[3.491s] Level 1:colcon.colcon_core.package_identification:_identify(CAD) by extensions ['colcon_pkg']
[3.491s] Level 1:colcon.colcon_core.package_identification:_identify(CAD) by extension 'colcon_pkg'
[3.492s] Level 1:colcon.colcon_core.package_identification:_identify(CAD) by extensions ['colcon_meta']
[3.492s] Level 1:colcon.colcon_core.package_identification:_identify(CAD) by extension 'colcon_meta'
[3.492s] Level 1:colcon.colcon_core.package_identification:_identify(CAD) by extensions ['ros']
[3.492s] Level 1:colcon.colcon_core.package_identification:_identify(CAD) by extension 'ros'
[3.493s] Level 1:colcon.colcon_core.package_identification:_identify(CAD) by extensions ['cmake', 'python']
[3.493s] Level 1:colcon.colcon_core.package_identification:_identify(CAD) by extension 'cmake'
[3.493s] Level 1:colcon.colcon_core.package_identification:_identify(CAD) by extension 'python'
[3.493s] Level 1:colcon.colcon_core.package_identification:_identify(CAD) by extensions ['python_setup_py']
[3.493s] Level 1:colcon.colcon_core.package_identification:_identify(CAD) by extension 'python_setup_py'
[3.495s] Level 1:colcon.colcon_core.package_identification:_identify(CAD/beacon) by extensions ['ignore', 'ignore_ament_install']
[3.495s] Level 1:colcon.colcon_core.package_identification:_identify(CAD/beacon) by extension 'ignore'
[3.495s] Level 1:colcon.colcon_core.package_identification:_identify(CAD/beacon) by extension 'ignore_ament_install'
[3.496s] Level 1:colcon.colcon_core.package_identification:_identify(CAD/beacon) by extensions ['colcon_pkg']
[3.496s] Level 1:colcon.colcon_core.package_identification:_identify(CAD/beacon) by extension 'colcon_pkg'
[3.496s] Level 1:colcon.colcon_core.package_identification:_identify(CAD/beacon) by extensions ['colcon_meta']
[3.496s] Level 1:colcon.colcon_core.package_identification:_identify(CAD/beacon) by extension 'colcon_meta'
[3.496s] Level 1:colcon.colcon_core.package_identification:_identify(CAD/beacon) by extensions ['ros']
[3.496s] Level 1:colcon.colcon_core.package_identification:_identify(CAD/beacon) by extension 'ros'
[3.497s] Level 1:colcon.colcon_core.package_identification:_identify(CAD/beacon) by extensions ['cmake', 'python']
[3.497s] Level 1:colcon.colcon_core.package_identification:_identify(CAD/beacon) by extension 'cmake'
[3.497s] Level 1:colcon.colcon_core.package_identification:_identify(CAD/beacon) by extension 'python'
[3.497s] Level 1:colcon.colcon_core.package_identification:_identify(CAD/beacon) by extensions ['python_setup_py']
[3.497s] Level 1:colcon.colcon_core.package_identification:_identify(CAD/beacon) by extension 'python_setup_py'
[3.499s] Level 1:colcon.colcon_core.package_identification:_identify(CAD/camera_chassis) by extensions ['ignore', 'ignore_ament_install']
[3.499s] Level 1:colcon.colcon_core.package_identification:_identify(CAD/camera_chassis) by extension 'ignore'
[3.499s] Level 1:colcon.colcon_core.package_identification:_identify(CAD/camera_chassis) by extension 'ignore_ament_install'
[3.500s] Level 1:colcon.colcon_core.package_identification:_identify(CAD/camera_chassis) by extensions ['colcon_pkg']
[3.500s] Level 1:colcon.colcon_core.package_identification:_identify(CAD/camera_chassis) by extension 'colcon_pkg'
[3.500s] Level 1:colcon.colcon_core.package_identification:_identify(CAD/camera_chassis) by extensions ['colcon_meta']
[3.500s] Level 1:colcon.colcon_core.package_identification:_identify(CAD/camera_chassis) by extension 'colcon_meta'
[3.501s] Level 1:colcon.colcon_core.package_identification:_identify(CAD/camera_chassis) by extensions ['ros']
[3.501s] Level 1:colcon.colcon_core.package_identification:_identify(CAD/camera_chassis) by extension 'ros'
[3.501s] Level 1:colcon.colcon_core.package_identification:_identify(CAD/camera_chassis) by extensions ['cmake', 'python']
[3.501s] Level 1:colcon.colcon_core.package_identification:_identify(CAD/camera_chassis) by extension 'cmake'
[3.501s] Level 1:colcon.colcon_core.package_identification:_identify(CAD/camera_chassis) by extension 'python'
[3.501s] Level 1:colcon.colcon_core.package_identification:_identify(CAD/camera_chassis) by extensions ['python_setup_py']
[3.502s] Level 1:colcon.colcon_core.package_identification:_identify(CAD/camera_chassis) by extension 'python_setup_py'
[3.503s] Level 1:colcon.colcon_core.package_identification:_identify(analysis) by extensions ['ignore', 'ignore_ament_install']
[3.503s] Level 1:colcon.colcon_core.package_identification:_identify(analysis) by extension 'ignore'
[3.503s] Level 1:colcon.colcon_core.package_identification:_identify(analysis) by extension 'ignore_ament_install'
[3.504s] Level 1:colcon.colcon_core.package_identification:_identify(analysis) by extensions ['colcon_pkg']
[3.504s] Level 1:colcon.colcon_core.package_identification:_identify(analysis) by extension 'colcon_pkg'
[3.504s] Level 1:colcon.colcon_core.package_identification:_identify(analysis) by extensions ['colcon_meta']
[3.504s] Level 1:colcon.colcon_core.package_identification:_identify(analysis) by extension 'colcon_meta'
[3.504s] Level 1:colcon.colcon_core.package_identification:_identify(analysis) by extensions ['ros']
[3.504s] Level 1:colcon.colcon_core.package_identification:_identify(analysis) by extension 'ros'
[3.505s] Level 1:colcon.colcon_core.package_identification:_identify(analysis) by extensions ['cmake', 'python']
[3.505s] Level 1:colcon.colcon_core.package_identification:_identify(analysis) by extension 'cmake'
[3.505s] Level 1:colcon.colcon_core.package_identification:_identify(analysis) by extension 'python'
[3.505s] Level 1:colcon.colcon_core.package_identification:_identify(analysis) by extensions ['python_setup_py']
[3.505s] Level 1:colcon.colcon_core.package_identification:_identify(analysis) by extension 'python_setup_py'
[3.506s] Level 1:colcon.colcon_core.package_identification:_identify(apriltags_localization) by extensions ['ignore', 'ignore_ament_install']
[3.507s] Level 1:colcon.colcon_core.package_identification:_identify(apriltags_localization) by extension 'ignore'
[3.507s] Level 1:colcon.colcon_core.package_identification:_identify(apriltags_localization) by extension 'ignore_ament_install'
[3.507s] Level 1:colcon.colcon_core.package_identification:_identify(apriltags_localization) by extensions ['colcon_pkg']
[3.507s] Level 1:colcon.colcon_core.package_identification:_identify(apriltags_localization) by extension 'colcon_pkg'
[3.508s] Level 1:colcon.colcon_core.package_identification:_identify(apriltags_localization) by extensions ['colcon_meta']
[3.508s] Level 1:colcon.colcon_core.package_identification:_identify(apriltags_localization) by extension 'colcon_meta'
[3.508s] Level 1:colcon.colcon_core.package_identification:_identify(apriltags_localization) by extensions ['ros']
[3.508s] Level 1:colcon.colcon_core.package_identification:_identify(apriltags_localization) by extension 'ros'
[3.508s] Level 1:colcon.colcon_core.package_identification:_identify(apriltags_localization) by extensions ['cmake', 'python']
[3.508s] Level 1:colcon.colcon_core.package_identification:_identify(apriltags_localization) by extension 'cmake'
[3.509s] Level 1:colcon.colcon_core.package_identification:_identify(apriltags_localization) by extension 'python'
[3.509s] Level 1:colcon.colcon_core.package_identification:_identify(apriltags_localization) by extensions ['python_setup_py']
[3.509s] Level 1:colcon.colcon_core.package_identification:_identify(apriltags_localization) by extension 'python_setup_py'
[3.510s] Level 1:colcon.colcon_core.package_identification:_identify(apriltags_localization/src) by extensions ['ignore', 'ignore_ament_install']
[3.511s] Level 1:colcon.colcon_core.package_identification:_identify(apriltags_localization/src) by extension 'ignore'
[3.511s] Level 1:colcon.colcon_core.package_identification:_identify(apriltags_localization/src) by extension 'ignore_ament_install'
[3.511s] Level 1:colcon.colcon_core.package_identification:_identify(apriltags_localization/src) by extensions ['colcon_pkg']
[3.511s] Level 1:colcon.colcon_core.package_identification:_identify(apriltags_localization/src) by extension 'colcon_pkg'
[3.512s] Level 1:colcon.colcon_core.package_identification:_identify(apriltags_localization/src) by extensions ['colcon_meta']
[3.512s] Level 1:colcon.colcon_core.package_identification:_identify(apriltags_localization/src) by extension 'colcon_meta'
[3.512s] Level 1:colcon.colcon_core.package_identification:_identify(apriltags_localization/src) by extensions ['ros']
[3.512s] Level 1:colcon.colcon_core.package_identification:_identify(apriltags_localization/src) by extension 'ros'
[3.513s] Level 1:colcon.colcon_core.package_identification:_identify(apriltags_localization/src) by extensions ['cmake', 'python']
[3.513s] Level 1:colcon.colcon_core.package_identification:_identify(apriltags_localization/src) by extension 'cmake'
[3.513s] Level 1:colcon.colcon_core.package_identification:_identify(apriltags_localization/src) by extension 'python'
[3.513s] Level 1:colcon.colcon_core.package_identification:_identify(apriltags_localization/src) by extensions ['python_setup_py']
[3.513s] Level 1:colcon.colcon_core.package_identification:_identify(apriltags_localization/src) by extension 'python_setup_py'
[3.514s] Level 1:colcon.colcon_core.package_identification:_identify(apriltags_localization/src/apriltag) by extensions ['ignore', 'ignore_ament_install']
[3.515s] Level 1:colcon.colcon_core.package_identification:_identify(apriltags_localization/src/apriltag) by extension 'ignore'
[3.515s] Level 1:colcon.colcon_core.package_identification:_identify(apriltags_localization/src/apriltag) by extension 'ignore_ament_install'
[3.515s] Level 1:colcon.colcon_core.package_identification:_identify(apriltags_localization/src/apriltag) by extensions ['colcon_pkg']
[3.516s] Level 1:colcon.colcon_core.package_identification:_identify(apriltags_localization/src/apriltag) by extension 'colcon_pkg'
[3.516s] Level 1:colcon.colcon_core.package_identification:_identify(apriltags_localization/src/apriltag) by extensions ['colcon_meta']
[3.516s] Level 1:colcon.colcon_core.package_identification:_identify(apriltags_localization/src/apriltag) by extension 'colcon_meta'
[3.516s] Level 1:colcon.colcon_core.package_identification:_identify(apriltags_localization/src/apriltag) by extensions ['ros']
[3.516s] Level 1:colcon.colcon_core.package_identification:_identify(apriltags_localization/src/apriltag) by extension 'ros'
[3.517s] Level 1:colcon.colcon_core.package_identification:_identify(apriltags_localization/src/apriltag) by extensions ['cmake', 'python']
[3.517s] Level 1:colcon.colcon_core.package_identification:_identify(apriltags_localization/src/apriltag) by extension 'cmake'
[3.517s] Level 1:colcon.colcon_core.package_identification:_identify(apriltags_localization/src/apriltag) by extension 'python'
[3.517s] Level 1:colcon.colcon_core.package_identification:_identify(apriltags_localization/src/apriltag) by extensions ['python_setup_py']
[3.517s] Level 1:colcon.colcon_core.package_identification:_identify(apriltags_localization/src/apriltag) by extension 'python_setup_py'
[3.519s] Level 1:colcon.colcon_core.package_identification:_identify(apriltags_localization/src/apriltag_msgs) by extensions ['ignore', 'ignore_ament_install']
[3.519s] Level 1:colcon.colcon_core.package_identification:_identify(apriltags_localization/src/apriltag_msgs) by extension 'ignore'
[3.519s] Level 1:colcon.colcon_core.package_identification:_identify(apriltags_localization/src/apriltag_msgs) by extension 'ignore_ament_install'
[3.519s] Level 1:colcon.colcon_core.package_identification:_identify(apriltags_localization/src/apriltag_msgs) by extensions ['colcon_pkg']
[3.520s] Level 1:colcon.colcon_core.package_identification:_identify(apriltags_localization/src/apriltag_msgs) by extension 'colcon_pkg'
[3.520s] Level 1:colcon.colcon_core.package_identification:_identify(apriltags_localization/src/apriltag_msgs) by extensions ['colcon_meta']
[3.520s] Level 1:colcon.colcon_core.package_identification:_identify(apriltags_localization/src/apriltag_msgs) by extension 'colcon_meta'
[3.520s] Level 1:colcon.colcon_core.package_identification:_identify(apriltags_localization/src/apriltag_msgs) by extensions ['ros']
[3.520s] Level 1:colcon.colcon_core.package_identification:_identify(apriltags_localization/src/apriltag_msgs) by extension 'ros'
[3.521s] Level 1:colcon.colcon_core.package_identification:_identify(apriltags_localization/src/apriltag_msgs) by extensions ['cmake', 'python']
[3.521s] Level 1:colcon.colcon_core.package_identification:_identify(apriltags_localization/src/apriltag_msgs) by extension 'cmake'
[3.521s] Level 1:colcon.colcon_core.package_identification:_identify(apriltags_localization/src/apriltag_msgs) by extension 'python'
[3.521s] Level 1:colcon.colcon_core.package_identification:_identify(apriltags_localization/src/apriltag_msgs) by extensions ['python_setup_py']
[3.521s] Level 1:colcon.colcon_core.package_identification:_identify(apriltags_localization/src/apriltag_msgs) by extension 'python_setup_py'
[3.523s] Level 1:colcon.colcon_core.package_identification:_identify(apriltags_localization/src/apriltag_ros) by extensions ['ignore', 'ignore_ament_install']
[3.523s] Level 1:colcon.colcon_core.package_identification:_identify(apriltags_localization/src/apriltag_ros) by extension 'ignore'
[3.523s] Level 1:colcon.colcon_core.package_identification:_identify(apriltags_localization/src/apriltag_ros) by extension 'ignore_ament_install'
[3.524s] Level 1:colcon.colcon_core.package_identification:_identify(apriltags_localization/src/apriltag_ros) by extensions ['colcon_pkg']
[3.524s] Level 1:colcon.colcon_core.package_identification:_identify(apriltags_localization/src/apriltag_ros) by extension 'colcon_pkg'
[3.524s] Level 1:colcon.colcon_core.package_identification:_identify(apriltags_localization/src/apriltag_ros) by extensions ['colcon_meta']
[3.524s] Level 1:colcon.colcon_core.package_identification:_identify(apriltags_localization/src/apriltag_ros) by extension 'colcon_meta'
[3.524s] Level 1:colcon.colcon_core.package_identification:_identify(apriltags_localization/src/apriltag_ros) by extensions ['ros']
[3.524s] Level 1:colcon.colcon_core.package_identification:_identify(apriltags_localization/src/apriltag_ros) by extension 'ros'
[3.525s] Level 1:colcon.colcon_core.package_identification:_identify(apriltags_localization/src/apriltag_ros) by extensions ['cmake', 'python']
[3.525s] Level 1:colcon.colcon_core.package_identification:_identify(apriltags_localization/src/apriltag_ros) by extension 'cmake'
[3.525s] Level 1:colcon.colcon_core.package_identification:_identify(apriltags_localization/src/apriltag_ros) by extension 'python'
[3.525s] Level 1:colcon.colcon_core.package_identification:_identify(apriltags_localization/src/apriltag_ros) by extensions ['python_setup_py']
[3.525s] Level 1:colcon.colcon_core.package_identification:_identify(apriltags_localization/src/apriltag_ros) by extension 'python_setup_py'
[3.527s] Level 1:colcon.colcon_core.package_identification:_identify(apriltags_localization/src/apriltags_localization) by extensions ['ignore', 'ignore_ament_install']
[3.527s] Level 1:colcon.colcon_core.package_identification:_identify(apriltags_localization/src/apriltags_localization) by extension 'ignore'
[3.527s] Level 1:colcon.colcon_core.package_identification:_identify(apriltags_localization/src/apriltags_localization) by extension 'ignore_ament_install'
[3.528s] Level 1:colcon.colcon_core.package_identification:_identify(apriltags_localization/src/apriltags_localization) by extensions ['colcon_pkg']
[3.528s] Level 1:colcon.colcon_core.package_identification:_identify(apriltags_localization/src/apriltags_localization) by extension 'colcon_pkg'
[3.528s] Level 1:colcon.colcon_core.package_identification:_identify(apriltags_localization/src/apriltags_localization) by extensions ['colcon_meta']
[3.528s] Level 1:colcon.colcon_core.package_identification:_identify(apriltags_localization/src/apriltags_localization) by extension 'colcon_meta'
[3.528s] Level 1:colcon.colcon_core.package_identification:_identify(apriltags_localization/src/apriltags_localization) by extensions ['ros']
[3.528s] Level 1:colcon.colcon_core.package_identification:_identify(apriltags_localization/src/apriltags_localization) by extension 'ros'
[3.540s] DEBUG:colcon.colcon_core.package_identification:Package 'apriltags_localization/src/apriltags_localization' with type 'ros.ament_python' and name 'apriltags_localization'
[3.544s] Level 1:colcon.colcon_core.package_identification:_identify(apriltags_localization/src/control) by extensions ['ignore', 'ignore_ament_install']
[3.544s] Level 1:colcon.colcon_core.package_identification:_identify(apriltags_localization/src/control) by extension 'ignore'
[3.544s] Level 1:colcon.colcon_core.package_identification:_identify(apriltags_localization/src/control) by extension 'ignore_ament_install'
[3.545s] Level 1:colcon.colcon_core.package_identification:_identify(apriltags_localization/src/control) by extensions ['colcon_pkg']
[3.545s] Level 1:colcon.colcon_core.package_identification:_identify(apriltags_localization/src/control) by extension 'colcon_pkg'
[3.545s] Level 1:colcon.colcon_core.package_identification:_identify(apriltags_localization/src/control) by extensions ['colcon_meta']
[3.545s] Level 1:colcon.colcon_core.package_identification:_identify(apriltags_localization/src/control) by extension 'colcon_meta'
[3.545s] Level 1:colcon.colcon_core.package_identification:_identify(apriltags_localization/src/control) by extensions ['ros']
[3.545s] Level 1:colcon.colcon_core.package_identification:_identify(apriltags_localization/src/control) by extension 'ros'
[3.548s] DEBUG:colcon.colcon_core.package_identification:Package 'apriltags_localization/src/control' with type 'ros.ament_python' and name 'control'
[3.550s] Level 1:colcon.colcon_core.package_identification:_identify(apriltags_localization/src/obstacles_msg) by extensions ['ignore', 'ignore_ament_install']
[3.550s] Level 1:colcon.colcon_core.package_identification:_identify(apriltags_localization/src/obstacles_msg) by extension 'ignore'
[3.550s] Level 1:colcon.colcon_core.package_identification:_identify(apriltags_localization/src/obstacles_msg) by extension 'ignore_ament_install'
[3.550s] Level 1:colcon.colcon_core.package_identification:_identify(apriltags_localization/src/obstacles_msg) by extensions ['colcon_pkg']
[3.550s] Level 1:colcon.colcon_core.package_identification:_identify(apriltags_localization/src/obstacles_msg) by extension 'colcon_pkg'
[3.551s] Level 1:colcon.colcon_core.package_identification:_identify(apriltags_localization/src/obstacles_msg) by extensions ['colcon_meta']
[3.551s] Level 1:colcon.colcon_core.package_identification:_identify(apriltags_localization/src/obstacles_msg) by extension 'colcon_meta'
[3.551s] Level 1:colcon.colcon_core.package_identification:_identify(apriltags_localization/src/obstacles_msg) by extensions ['ros']
[3.551s] Level 1:colcon.colcon_core.package_identification:_identify(apriltags_localization/src/obstacles_msg) by extension 'ros'
[3.554s] DEBUG:colcon.colcon_core.package_identification:Package 'apriltags_localization/src/obstacles_msg' with type 'ros.ament_cmake' and name 'obstacles_msg'
[3.556s] Level 1:colcon.colcon_core.package_identification:_identify(apriltags_localization/src/pure_pursuit) by extensions ['ignore', 'ignore_ament_install']
[3.556s] Level 1:colcon.colcon_core.package_identification:_identify(apriltags_localization/src/pure_pursuit) by extension 'ignore'
[3.557s] Level 1:colcon.colcon_core.package_identification:_identify(apriltags_localization/src/pure_pursuit) by extension 'ignore_ament_install'
[3.557s] Level 1:colcon.colcon_core.package_identification:_identify(apriltags_localization/src/pure_pursuit) by extensions ['colcon_pkg']
[3.557s] Level 1:colcon.colcon_core.package_identification:_identify(apriltags_localization/src/pure_pursuit) by extension 'colcon_pkg'
[3.557s] Level 1:colcon.colcon_core.package_identification:_identify(apriltags_localization/src/pure_pursuit) by extensions ['colcon_meta']
[3.558s] Level 1:colcon.colcon_core.package_identification:_identify(apriltags_localization/src/pure_pursuit) by extension 'colcon_meta'
[3.558s] Level 1:colcon.colcon_core.package_identification:_identify(apriltags_localization/src/pure_pursuit) by extensions ['ros']
[3.558s] Level 1:colcon.colcon_core.package_identification:_identify(apriltags_localization/src/pure_pursuit) by extension 'ros'
[3.561s] DEBUG:colcon.colcon_core.package_identification:Package 'apriltags_localization/src/pure_pursuit' with type 'ros.ament_cmake' and name 'pure_pursuit'
[3.563s] Level 1:colcon.colcon_core.package_identification:_identify(apriltags_localization/src/romi_msg) by extensions ['ignore', 'ignore_ament_install']
[3.563s] Level 1:colcon.colcon_core.package_identification:_identify(apriltags_localization/src/romi_msg) by extension 'ignore'
[3.563s] Level 1:colcon.colcon_core.package_identification:_identify(apriltags_localization/src/romi_msg) by extension 'ignore_ament_install'
[3.564s] Level 1:colcon.colcon_core.package_identification:_identify(apriltags_localization/src/romi_msg) by extensions ['colcon_pkg']
[3.564s] Level 1:colcon.colcon_core.package_identification:_identify(apriltags_localization/src/romi_msg) by extension 'colcon_pkg'
[3.564s] Level 1:colcon.colcon_core.package_identification:_identify(apriltags_localization/src/romi_msg) by extensions ['colcon_meta']
[3.564s] Level 1:colcon.colcon_core.package_identification:_identify(apriltags_localization/src/romi_msg) by extension 'colcon_meta'
[3.565s] Level 1:colcon.colcon_core.package_identification:_identify(apriltags_localization/src/romi_msg) by extensions ['ros']
[3.565s] Level 1:colcon.colcon_core.package_identification:_identify(apriltags_localization/src/romi_msg) by extension 'ros'
[3.568s] DEBUG:colcon.colcon_core.package_identification:Package 'apriltags_localization/src/romi_msg' with type 'ros.ament_cmake' and name 'romi_msg'
[3.568s] Level 1:colcon.colcon_core.package_identification:_identify(build) by extensions ['ignore', 'ignore_ament_install']
[3.569s] Level 1:colcon.colcon_core.package_identification:_identify(build) by extension 'ignore'
[3.569s] Level 1:colcon.colcon_core.package_identification:_identify(build) ignored
[3.570s] Level 1:colcon.colcon_core.package_identification:_identify(calibration) by extensions ['ignore', 'ignore_ament_install']
[3.571s] Level 1:colcon.colcon_core.package_identification:_identify(calibration) by extension 'ignore'
[3.571s] Level 1:colcon.colcon_core.package_identification:_identify(calibration) by extension 'ignore_ament_install'
[3.571s] Level 1:colcon.colcon_core.package_identification:_identify(calibration) by extensions ['colcon_pkg']
[3.571s] Level 1:colcon.colcon_core.package_identification:_identify(calibration) by extension 'colcon_pkg'
[3.572s] Level 1:colcon.colcon_core.package_identification:_identify(calibration) by extensions ['colcon_meta']
[3.572s] Level 1:colcon.colcon_core.package_identification:_identify(calibration) by extension 'colcon_meta'
[3.572s] Level 1:colcon.colcon_core.package_identification:_identify(calibration) by extensions ['ros']
[3.572s] Level 1:colcon.colcon_core.package_identification:_identify(calibration) by extension 'ros'
[3.572s] Level 1:colcon.colcon_core.package_identification:_identify(calibration) by extensions ['cmake', 'python']
[3.573s] Level 1:colcon.colcon_core.package_identification:_identify(calibration) by extension 'cmake'
[3.573s] Level 1:colcon.colcon_core.package_identification:_identify(calibration) by extension 'python'
[3.573s] Level 1:colcon.colcon_core.package_identification:_identify(calibration) by extensions ['python_setup_py']
[3.573s] Level 1:colcon.colcon_core.package_identification:_identify(calibration) by extension 'python_setup_py'
[3.574s] Level 1:colcon.colcon_core.package_identification:_identify(docs) by extensions ['ignore', 'ignore_ament_install']
[3.575s] Level 1:colcon.colcon_core.package_identification:_identify(docs) by extension 'ignore'
[3.575s] Level 1:colcon.colcon_core.package_identification:_identify(docs) by extension 'ignore_ament_install'
[3.575s] Level 1:colcon.colcon_core.package_identification:_identify(docs) by extensions ['colcon_pkg']
[3.575s] Level 1:colcon.colcon_core.package_identification:_identify(docs) by extension 'colcon_pkg'
[3.575s] Level 1:colcon.colcon_core.package_identification:_identify(docs) by extensions ['colcon_meta']
[3.576s] Level 1:colcon.colcon_core.package_identification:_identify(docs) by extension 'colcon_meta'
[3.576s] Level 1:colcon.colcon_core.package_identification:_identify(docs) by extensions ['ros']
[3.576s] Level 1:colcon.colcon_core.package_identification:_identify(docs) by extension 'ros'
[3.576s] Level 1:colcon.colcon_core.package_identification:_identify(docs) by extensions ['cmake', 'python']
[3.577s] Level 1:colcon.colcon_core.package_identification:_identify(docs) by extension 'cmake'
[3.577s] Level 1:colcon.colcon_core.package_identification:_identify(docs) by extension 'python'
[3.577s] Level 1:colcon.colcon_core.package_identification:_identify(docs) by extensions ['python_setup_py']
[3.577s] Level 1:colcon.colcon_core.package_identification:_identify(docs) by extension 'python_setup_py'
[3.577s] Level 1:colcon.colcon_core.package_identification:_identify(install) by extensions ['ignore', 'ignore_ament_install']
[3.578s] Level 1:colcon.colcon_core.package_identification:_identify(install) by extension 'ignore'
[3.578s] Level 1:colcon.colcon_core.package_identification:_identify(install) ignored
[3.578s] Level 1:colcon.colcon_core.package_identification:_identify(log) by extensions ['ignore', 'ignore_ament_install']
[3.579s] Level 1:colcon.colcon_core.package_identification:_identify(log) by extension 'ignore'
[3.579s] Level 1:colcon.colcon_core.package_identification:_identify(log) ignored
[3.580s] Level 1:colcon.colcon_core.package_identification:_identify(pre_gen_aprilTags) by extensions ['ignore', 'ignore_ament_install']
[3.581s] Level 1:colcon.colcon_core.package_identification:_identify(pre_gen_aprilTags) by extension 'ignore'
[3.581s] Level 1:colcon.colcon_core.package_identification:_identify(pre_gen_aprilTags) by extension 'ignore_ament_install'
[3.581s] Level 1:colcon.colcon_core.package_identification:_identify(pre_gen_aprilTags) by extensions ['colcon_pkg']
[3.581s] Level 1:colcon.colcon_core.package_identification:_identify(pre_gen_aprilTags) by extension 'colcon_pkg'
[3.581s] Level 1:colcon.colcon_core.package_identification:_identify(pre_gen_aprilTags) by extensions ['colcon_meta']
[3.581s] Level 1:colcon.colcon_core.package_identification:_identify(pre_gen_aprilTags) by extension 'colcon_meta'
[3.582s] Level 1:colcon.colcon_core.package_identification:_identify(pre_gen_aprilTags) by extensions ['ros']
[3.582s] Level 1:colcon.colcon_core.package_identification:_identify(pre_gen_aprilTags) by extension 'ros'
[3.582s] Level 1:colcon.colcon_core.package_identification:_identify(pre_gen_aprilTags) by extensions ['cmake', 'python']
[3.582s] Level 1:colcon.colcon_core.package_identification:_identify(pre_gen_aprilTags) by extension 'cmake'
[3.582s] Level 1:colcon.colcon_core.package_identification:_identify(pre_gen_aprilTags) by extension 'python'
[3.583s] Level 1:colcon.colcon_core.package_identification:_identify(pre_gen_aprilTags) by extensions ['python_setup_py']
[3.583s] Level 1:colcon.colcon_core.package_identification:_identify(pre_gen_aprilTags) by extension 'python_setup_py'
[3.584s] Level 1:colcon.colcon_core.package_identification:_identify(resource) by extensions ['ignore', 'ignore_ament_install']
[3.584s] Level 1:colcon.colcon_core.package_identification:_identify(resource) by extension 'ignore'
[3.585s] Level 1:colcon.colcon_core.package_identification:_identify(resource) by extension 'ignore_ament_install'
[3.585s] Level 1:colcon.colcon_core.package_identification:_identify(resource) by extensions ['colcon_pkg']
[3.585s] Level 1:colcon.colcon_core.package_identification:_identify(resource) by extension 'colcon_pkg'
[3.585s] Level 1:colcon.colcon_core.package_identification:_identify(resource) by extensions ['colcon_meta']
[3.585s] Level 1:colcon.colcon_core.package_identification:_identify(resource) by extension 'colcon_meta'
[3.585s] Level 1:colcon.colcon_core.package_identification:_identify(resource) by extensions ['ros']
[3.586s] Level 1:colcon.colcon_core.package_identification:_identify(resource) by extension 'ros'
[3.586s] Level 1:colcon.colcon_core.package_identification:_identify(resource) by extensions ['cmake', 'python']
[3.586s] Level 1:colcon.colcon_core.package_identification:_identify(resource) by extension 'cmake'
[3.586s] Level 1:colcon.colcon_core.package_identification:_identify(resource) by extension 'python'
[3.587s] Level 1:colcon.colcon_core.package_identification:_identify(resource) by extensions ['python_setup_py']
[3.587s] Level 1:colcon.colcon_core.package_identification:_identify(resource) by extension 'python_setup_py'
[3.588s] Level 1:colcon.colcon_core.package_identification:_identify(resource/img) by extensions ['ignore', 'ignore_ament_install']
[3.588s] Level 1:colcon.colcon_core.package_identification:_identify(resource/img) by extension 'ignore'
[3.589s] Level 1:colcon.colcon_core.package_identification:_identify(resource/img) by extension 'ignore_ament_install'
[3.589s] Level 1:colcon.colcon_core.package_identification:_identify(resource/img) by extensions ['colcon_pkg']
[3.589s] Level 1:colcon.colcon_core.package_identification:_identify(resource/img) by extension 'colcon_pkg'
[3.589s] Level 1:colcon.colcon_core.package_identification:_identify(resource/img) by extensions ['colcon_meta']
[3.589s] Level 1:colcon.colcon_core.package_identification:_identify(resource/img) by extension 'colcon_meta'
[3.589s] Level 1:colcon.colcon_core.package_identification:_identify(resource/img) by extensions ['ros']
[3.590s] Level 1:colcon.colcon_core.package_identification:_identify(resource/img) by extension 'ros'
[3.590s] Level 1:colcon.colcon_core.package_identification:_identify(resource/img) by extensions ['cmake', 'python']
[3.590s] Level 1:colcon.colcon_core.package_identification:_identify(resource/img) by extension 'cmake'
[3.590s] Level 1:colcon.colcon_core.package_identification:_identify(resource/img) by extension 'python'
[3.590s] Level 1:colcon.colcon_core.package_identification:_identify(resource/img) by extensions ['python_setup_py']
[3.591s] Level 1:colcon.colcon_core.package_identification:_identify(resource/img) by extension 'python_setup_py'
[3.591s] Level 1:colcon.colcon_core.package_identification:_identify(ros2_localization) by extensions ['ignore', 'ignore_ament_install']
[3.591s] Level 1:colcon.colcon_core.package_identification:_identify(ros2_localization) by extension 'ignore'
[3.592s] Level 1:colcon.colcon_core.package_identification:_identify(ros2_localization) by extension 'ignore_ament_install'
[3.592s] Level 1:colcon.colcon_core.package_identification:_identify(ros2_localization) by extensions ['colcon_pkg']
[3.592s] Level 1:colcon.colcon_core.package_identification:_identify(ros2_localization) by extension 'colcon_pkg'
[3.592s] Level 1:colcon.colcon_core.package_identification:_identify(ros2_localization) by extensions ['colcon_meta']
[3.592s] Level 1:colcon.colcon_core.package_identification:_identify(ros2_localization) by extension 'colcon_meta'
[3.592s] Level 1:colcon.colcon_core.package_identification:_identify(ros2_localization) by extensions ['ros']
[3.593s] Level 1:colcon.colcon_core.package_identification:_identify(ros2_localization) by extension 'ros'
[3.593s] Level 1:colcon.colcon_core.package_identification:_identify(ros2_localization) by extensions ['cmake', 'python']
[3.593s] Level 1:colcon.colcon_core.package_identification:_identify(ros2_localization) by extension 'cmake'
[3.593s] Level 1:colcon.colcon_core.package_identification:_identify(ros2_localization) by extension 'python'
[3.593s] Level 1:colcon.colcon_core.package_identification:_identify(ros2_localization) by extensions ['python_setup_py']
[3.593s] Level 1:colcon.colcon_core.package_identification:_identify(ros2_localization) by extension 'python_setup_py'
[3.594s] Level 1:colcon.colcon_core.package_identification:_identify(ros2_localization/build) by extensions ['ignore', 'ignore_ament_install']
[3.594s] Level 1:colcon.colcon_core.package_identification:_identify(ros2_localization/build) by extension 'ignore'
[3.594s] Level 1:colcon.colcon_core.package_identification:_identify(ros2_localization/build) ignored
[3.595s] Level 1:colcon.colcon_core.package_identification:_identify(ros2_localization/install) by extensions ['ignore', 'ignore_ament_install']
[3.595s] Level 1:colcon.colcon_core.package_identification:_identify(ros2_localization/install) by extension 'ignore'
[3.596s] Level 1:colcon.colcon_core.package_identification:_identify(ros2_localization/install) ignored
[3.596s] Level 1:colcon.colcon_core.package_identification:_identify(ros2_localization/log) by extensions ['ignore', 'ignore_ament_install']
[3.596s] Level 1:colcon.colcon_core.package_identification:_identify(ros2_localization/log) by extension 'ignore'
[3.597s] Level 1:colcon.colcon_core.package_identification:_identify(ros2_localization/log) ignored
[3.597s] Level 1:colcon.colcon_core.package_identification:_identify(ros2_localization/src) by extensions ['ignore', 'ignore_ament_install']
[3.597s] Level 1:colcon.colcon_core.package_identification:_identify(ros2_localization/src) by extension 'ignore'
[3.598s] Level 1:colcon.colcon_core.package_identification:_identify(ros2_localization/src) by extension 'ignore_ament_install'
[3.598s] Level 1:colcon.colcon_core.package_identification:_identify(ros2_localization/src) by extensions ['colcon_pkg']
[3.598s] Level 1:colcon.colcon_core.package_identification:_identify(ros2_localization/src) by extension 'colcon_pkg'
[3.598s] Level 1:colcon.colcon_core.package_identification:_identify(ros2_localization/src) by extensions ['colcon_meta']
[3.598s] Level 1:colcon.colcon_core.package_identification:_identify(ros2_localization/src) by extension 'colcon_meta'
[3.599s] Level 1:colcon.colcon_core.package_identification:_identify(ros2_localization/src) by extensions ['ros']
[3.599s] Level 1:colcon.colcon_core.package_identification:_identify(ros2_localization/src) by extension 'ros'
[3.599s] Level 1:colcon.colcon_core.package_identification:_identify(ros2_localization/src) by extensions ['cmake', 'python']
[3.599s] Level 1:colcon.colcon_core.package_identification:_identify(ros2_localization/src) by extension 'cmake'
[3.599s] Level 1:colcon.colcon_core.package_identification:_identify(ros2_localization/src) by extension 'python'
[3.599s] Level 1:colcon.colcon_core.package_identification:_identify(ros2_localization/src) by extensions ['python_setup_py']
[3.600s] Level 1:colcon.colcon_core.package_identification:_identify(ros2_localization/src) by extension 'python_setup_py'
[3.600s] Level 1:colcon.colcon_core.package_identification:_identify(ros2_localization/src/apriltag) by extensions ['ignore', 'ignore_ament_install']
[3.600s] Level 1:colcon.colcon_core.package_identification:_identify(ros2_localization/src/apriltag) by extension 'ignore'
[3.601s] Level 1:colcon.colcon_core.package_identification:_identify(ros2_localization/src/apriltag) by extension 'ignore_ament_install'
[3.601s] Level 1:colcon.colcon_core.package_identification:_identify(ros2_localization/src/apriltag) by extensions ['colcon_pkg']
[3.601s] Level 1:colcon.colcon_core.package_identification:_identify(ros2_localization/src/apriltag) by extension 'colcon_pkg'
[3.601s] Level 1:colcon.colcon_core.package_identification:_identify(ros2_localization/src/apriltag) by extensions ['colcon_meta']
[3.601s] Level 1:colcon.colcon_core.package_identification:_identify(ros2_localization/src/apriltag) by extension 'colcon_meta'
[3.601s] Level 1:colcon.colcon_core.package_identification:_identify(ros2_localization/src/apriltag) by extensions ['ros']
[3.601s] Level 1:colcon.colcon_core.package_identification:_identify(ros2_localization/src/apriltag) by extension 'ros'
[3.602s] Level 1:colcon.colcon_core.package_identification:_identify(ros2_localization/src/apriltag) by extensions ['cmake', 'python']
[3.602s] Level 1:colcon.colcon_core.package_identification:_identify(ros2_localization/src/apriltag) by extension 'cmake'
[3.602s] Level 1:colcon.colcon_core.package_identification:_identify(ros2_localization/src/apriltag) by extension 'python'
[3.602s] Level 1:colcon.colcon_core.package_identification:_identify(ros2_localization/src/apriltag) by extensions ['python_setup_py']
[3.602s] Level 1:colcon.colcon_core.package_identification:_identify(ros2_localization/src/apriltag) by extension 'python_setup_py'
[3.603s] Level 1:colcon.colcon_core.package_identification:_identify(ros2_localization/src/apriltag_msgs) by extensions ['ignore', 'ignore_ament_install']
[3.603s] Level 1:colcon.colcon_core.package_identification:_identify(ros2_localization/src/apriltag_msgs) by extension 'ignore'
[3.603s] Level 1:colcon.colcon_core.package_identification:_identify(ros2_localization/src/apriltag_msgs) by extension 'ignore_ament_install'
[3.604s] Level 1:colcon.colcon_core.package_identification:_identify(ros2_localization/src/apriltag_msgs) by extensions ['colcon_pkg']
[3.604s] Level 1:colcon.colcon_core.package_identification:_identify(ros2_localization/src/apriltag_msgs) by extension 'colcon_pkg'
[3.604s] Level 1:colcon.colcon_core.package_identification:_identify(ros2_localization/src/apriltag_msgs) by extensions ['colcon_meta']
[3.604s] Level 1:colcon.colcon_core.package_identification:_identify(ros2_localization/src/apriltag_msgs) by extension 'colcon_meta'
[3.604s] Level 1:colcon.colcon_core.package_identification:_identify(ros2_localization/src/apriltag_msgs) by extensions ['ros']
[3.604s] Level 1:colcon.colcon_core.package_identification:_identify(ros2_localization/src/apriltag_msgs) by extension 'ros'
[3.605s] Level 1:colcon.colcon_core.package_identification:_identify(ros2_localization/src/apriltag_msgs) by extensions ['cmake', 'python']
[3.605s] Level 1:colcon.colcon_core.package_identification:_identify(ros2_localization/src/apriltag_msgs) by extension 'cmake'
[3.605s] Level 1:colcon.colcon_core.package_identification:_identify(ros2_localization/src/apriltag_msgs) by extension 'python'
[3.605s] Level 1:colcon.colcon_core.package_identification:_identify(ros2_localization/src/apriltag_msgs) by extensions ['python_setup_py']
[3.605s] Level 1:colcon.colcon_core.package_identification:_identify(ros2_localization/src/apriltag_msgs) by extension 'python_setup_py'
[3.606s] Level 1:colcon.colcon_core.package_identification:_identify(ros2_localization/src/apriltag_ros) by extensions ['ignore', 'ignore_ament_install']
[3.606s] Level 1:colcon.colcon_core.package_identification:_identify(ros2_localization/src/apriltag_ros) by extension 'ignore'
[3.606s] Level 1:colcon.colcon_core.package_identification:_identify(ros2_localization/src/apriltag_ros) by extension 'ignore_ament_install'
[3.606s] Level 1:colcon.colcon_core.package_identification:_identify(ros2_localization/src/apriltag_ros) by extensions ['colcon_pkg']
[3.607s] Level 1:colcon.colcon_core.package_identification:_identify(ros2_localization/src/apriltag_ros) by extension 'colcon_pkg'
[3.607s] Level 1:colcon.colcon_core.package_identification:_identify(ros2_localization/src/apriltag_ros) by extensions ['colcon_meta']
[3.607s] Level 1:colcon.colcon_core.package_identification:_identify(ros2_localization/src/apriltag_ros) by extension 'colcon_meta'
[3.607s] Level 1:colcon.colcon_core.package_identification:_identify(ros2_localization/src/apriltag_ros) by extensions ['ros']
[3.607s] Level 1:colcon.colcon_core.package_identification:_identify(ros2_localization/src/apriltag_ros) by extension 'ros'
[3.608s] Level 1:colcon.colcon_core.package_identification:_identify(ros2_localization/src/apriltag_ros) by extensions ['cmake', 'python']
[3.608s] Level 1:colcon.colcon_core.package_identification:_identify(ros2_localization/src/apriltag_ros) by extension 'cmake'
[3.608s] Level 1:colcon.colcon_core.package_identification:_identify(ros2_localization/src/apriltag_ros) by extension 'python'
[3.608s] Level 1:colcon.colcon_core.package_identification:_identify(ros2_localization/src/apriltag_ros) by extensions ['python_setup_py']
[3.608s] Level 1:colcon.colcon_core.package_identification:_identify(ros2_localization/src/apriltag_ros) by extension 'python_setup_py'
[3.609s] Level 1:colcon.colcon_core.package_identification:_identify(ros2_localization/src/control) by extensions ['ignore', 'ignore_ament_install']
[3.609s] Level 1:colcon.colcon_core.package_identification:_identify(ros2_localization/src/control) by extension 'ignore'
[3.609s] Level 1:colcon.colcon_core.package_identification:_identify(ros2_localization/src/control) by extension 'ignore_ament_install'
[3.609s] Level 1:colcon.colcon_core.package_identification:_identify(ros2_localization/src/control) by extensions ['colcon_pkg']
[3.610s] Level 1:colcon.colcon_core.package_identification:_identify(ros2_localization/src/control) by extension 'colcon_pkg'
[3.610s] Level 1:colcon.colcon_core.package_identification:_identify(ros2_localization/src/control) by extensions ['colcon_meta']
[3.610s] Level 1:colcon.colcon_core.package_identification:_identify(ros2_localization/src/control) by extension 'colcon_meta'
[3.610s] Level 1:colcon.colcon_core.package_identification:_identify(ros2_localization/src/control) by extensions ['ros']
[3.610s] Level 1:colcon.colcon_core.package_identification:_identify(ros2_localization/src/control) by extension 'ros'
[3.616s] DEBUG:colcon.colcon_core.package_identification:Package 'ros2_localization/src/control' with type 'ros.ament_python' and name 'control'
[3.617s] Level 1:colcon.colcon_core.package_identification:_identify(ros2_localization/src/localization) by extensions ['ignore', 'ignore_ament_install']
[3.617s] Level 1:colcon.colcon_core.package_identification:_identify(ros2_localization/src/localization) by extension 'ignore'
[3.618s] Level 1:colcon.colcon_core.package_identification:_identify(ros2_localization/src/localization) by extension 'ignore_ament_install'
[3.618s] Level 1:colcon.colcon_core.package_identification:_identify(ros2_localization/src/localization) by extensions ['colcon_pkg']
[3.618s] Level 1:colcon.colcon_core.package_identification:_identify(ros2_localization/src/localization) by extension 'colcon_pkg'
[3.618s] Level 1:colcon.colcon_core.package_identification:_identify(ros2_localization/src/localization) by extensions ['colcon_meta']
[3.618s] Level 1:colcon.colcon_core.package_identification:_identify(ros2_localization/src/localization) by extension 'colcon_meta'
[3.618s] Level 1:colcon.colcon_core.package_identification:_identify(ros2_localization/src/localization) by extensions ['ros']
[3.619s] Level 1:colcon.colcon_core.package_identification:_identify(ros2_localization/src/localization) by extension 'ros'
[3.620s] DEBUG:colcon.colcon_core.package_identification:Package 'ros2_localization/src/localization' with type 'ros.ament_python' and name 'localization'
[3.624s] Level 1:colcon.colcon_core.package_identification:_identify(utilities) by extensions ['ignore', 'ignore_ament_install']
[3.624s] Level 1:colcon.colcon_core.package_identification:_identify(utilities) by extension 'ignore'
[3.624s] Level 1:colcon.colcon_core.package_identification:_identify(utilities) by extension 'ignore_ament_install'
[3.625s] Level 1:colcon.colcon_core.package_identification:_identify(utilities) by extensions ['colcon_pkg']
[3.625s] Level 1:colcon.colcon_core.package_identification:_identify(utilities) by extension 'colcon_pkg'
[3.625s] Level 1:colcon.colcon_core.package_identification:_identify(utilities) by extensions ['colcon_meta']
[3.625s] Level 1:colcon.colcon_core.package_identification:_identify(utilities) by extension 'colcon_meta'
[3.625s] Level 1:colcon.colcon_core.package_identification:_identify(utilities) by extensions ['ros']
[3.625s] Level 1:colcon.colcon_core.package_identification:_identify(utilities) by extension 'ros'
[3.626s] Level 1:colcon.colcon_core.package_identification:_identify(utilities) by extensions ['cmake', 'python']
[3.626s] Level 1:colcon.colcon_core.package_identification:_identify(utilities) by extension 'cmake'
[3.626s] Level 1:colcon.colcon_core.package_identification:_identify(utilities) by extension 'python'
[3.626s] Level 1:colcon.colcon_core.package_identification:_identify(utilities) by extensions ['python_setup_py']
[3.626s] Level 1:colcon.colcon_core.package_identification:_identify(utilities) by extension 'python_setup_py'
[3.626s] Level 1:colcon.colcon_core.package_discovery:discover_packages(recursive) using defaults
[3.626s] Level 1:colcon.colcon_core.package_discovery:discover_packages(ignore) discover
[3.627s] Level 1:colcon.colcon_core.package_discovery:discover_packages(ignore) using defaults
[3.627s] Level 1:colcon.colcon_core.package_discovery:discover_packages(path) discover
[3.627s] Level 1:colcon.colcon_core.package_discovery:discover_packages(path) using defaults
[3.722s] Level 1:colcon.colcon_core.package_discovery:discover_packages(prefix_path) check parameters
[3.722s] Level 1:colcon.colcon_core.package_discovery:discover_packages(prefix_path) discover
[3.738s] DEBUG:colcon.colcon_installed_package_information.package_discovery:Found 201 installed packages in /opt/ros/humble
[3.743s] Level 1:colcon.colcon_core.package_discovery:discover_packages(prefix_path) using defaults
[3.908s] ERROR:colcon:colcon build: Duplicate package names not supported:
- control:
  - apriltags_localization/src/control
  - ros2_localization/src/control
