[0.437s] DEBUG:colcon:Command line arguments: ['/usr/bin/colcon', 'build']
[0.437s] DEBUG:colcon:Parsed command line arguments: Namespace(log_base=None, log_level=None, verb_name='build', build_base='build', install_base='install', merge_install=False, symlink_install=False, test_result_base=None, continue_on_error=False, executor='parallel', parallel_workers=20, event_handlers=None, ignore_user_meta=False, metas=['./colcon.meta'], base_paths=['.'], packages_ignore=None, packages_ignore_regex=None, paths=None, packages_up_to=None, packages_up_to_regex=None, packages_above=None, packages_above_and_dependencies=None, packages_above_depth=None, packages_select_by_dep=None, packages_skip_by_dep=None, packages_skip_up_to=None, packages_select_build_failed=False, packages_skip_build_finished=False, packages_select_test_failures=False, packages_skip_test_passed=False, packages_select=None, packages_skip=None, packages_select_regex=None, packages_skip_regex=None, packages_start=None, packages_end=None, allow_overriding=[], cmake_args=None, cmake_target=None, cmake_target_skip_unavailable=False, cmake_clean_cache=False, cmake_clean_first=False, cmake_force_configure=False, ament_cmake_args=None, catkin_cmake_args=None, catkin_skip_building_tests=False, verb_parser=<colcon_defaults.argument_parser.defaults.DefaultArgumentsDecorator object at 0x7f1df9bb6440>, verb_extension=<colcon_core.verb.build.BuildVerb object at 0x7f1df9bb4100>, main=<bound method BuildVerb.main of <colcon_core.verb.build.BuildVerb object at 0x7f1df9bb4100>>)
[0.468s] Level 1:colcon.colcon_core.package_discovery:discover_packages(colcon_meta) check parameters
[0.468s] Level 1:colcon.colcon_core.package_discovery:discover_packages(recursive) check parameters
[0.468s] Level 1:colcon.colcon_core.package_discovery:discover_packages(ignore) check parameters
[0.468s] Level 1:colcon.colcon_core.package_discovery:discover_packages(path) check parameters
[0.468s] Level 1:colcon.colcon_core.package_discovery:discover_packages(colcon_meta) discover
[0.468s] Level 1:colcon.colcon_core.package_discovery:discover_packages(recursive) discover
[0.468s] INFO:colcon.colcon_core.package_discovery:Crawling recursively for packages in '/home/kelvinku/networked_robotics/ros2_localization'
[0.468s] Level 1:colcon.colcon_core.package_identification:_identify(.) by extensions ['ignore', 'ignore_ament_install']
[0.468s] Level 1:colcon.colcon_core.package_identification:_identify(.) by extension 'ignore'
[0.468s] Level 1:colcon.colcon_core.package_identification:_identify(.) by extension 'ignore_ament_install'
[0.468s] Level 1:colcon.colcon_core.package_identification:_identify(.) by extensions ['colcon_pkg']
[0.469s] Level 1:colcon.colcon_core.package_identification:_identify(.) by extension 'colcon_pkg'
[0.469s] Level 1:colcon.colcon_core.package_identification:_identify(.) by extensions ['colcon_meta']
[0.469s] Level 1:colcon.colcon_core.package_identification:_identify(.) by extension 'colcon_meta'
[0.469s] Level 1:colcon.colcon_core.package_identification:_identify(.) by extensions ['ros']
[0.469s] Level 1:colcon.colcon_core.package_identification:_identify(.) by extension 'ros'
[0.475s] Level 1:colcon.colcon_core.package_identification:_identify(.) by extensions ['cmake', 'python']
[0.475s] Level 1:colcon.colcon_core.package_identification:_identify(.) by extension 'cmake'
[0.475s] Level 1:colcon.colcon_core.package_identification:_identify(.) by extension 'python'
[0.475s] Level 1:colcon.colcon_core.package_identification:_identify(.) by extensions ['python_setup_py']
[0.475s] Level 1:colcon.colcon_core.package_identification:_identify(.) by extension 'python_setup_py'
[0.475s] Level 1:colcon.colcon_core.package_identification:_identify(build) by extensions ['ignore', 'ignore_ament_install']
[0.475s] Level 1:colcon.colcon_core.package_identification:_identify(build) by extension 'ignore'
[0.475s] Level 1:colcon.colcon_core.package_identification:_identify(build) ignored
[0.475s] Level 1:colcon.colcon_core.package_identification:_identify(install) by extensions ['ignore', 'ignore_ament_install']
[0.475s] Level 1:colcon.colcon_core.package_identification:_identify(install) by extension 'ignore'
[0.475s] Level 1:colcon.colcon_core.package_identification:_identify(install) ignored
[0.475s] Level 1:colcon.colcon_core.package_identification:_identify(log) by extensions ['ignore', 'ignore_ament_install']
[0.475s] Level 1:colcon.colcon_core.package_identification:_identify(log) by extension 'ignore'
[0.475s] Level 1:colcon.colcon_core.package_identification:_identify(log) ignored
[0.475s] Level 1:colcon.colcon_core.package_identification:_identify(src) by extensions ['ignore', 'ignore_ament_install']
[0.475s] Level 1:colcon.colcon_core.package_identification:_identify(src) by extension 'ignore'
[0.475s] Level 1:colcon.colcon_core.package_identification:_identify(src) by extension 'ignore_ament_install'
[0.475s] Level 1:colcon.colcon_core.package_identification:_identify(src) by extensions ['colcon_pkg']
[0.475s] Level 1:colcon.colcon_core.package_identification:_identify(src) by extension 'colcon_pkg'
[0.475s] Level 1:colcon.colcon_core.package_identification:_identify(src) by extensions ['colcon_meta']
[0.475s] Level 1:colcon.colcon_core.package_identification:_identify(src) by extension 'colcon_meta'
[0.475s] Level 1:colcon.colcon_core.package_identification:_identify(src) by extensions ['ros']
[0.475s] Level 1:colcon.colcon_core.package_identification:_identify(src) by extension 'ros'
[0.475s] Level 1:colcon.colcon_core.package_identification:_identify(src) by extensions ['cmake', 'python']
[0.475s] Level 1:colcon.colcon_core.package_identification:_identify(src) by extension 'cmake'
[0.475s] Level 1:colcon.colcon_core.package_identification:_identify(src) by extension 'python'
[0.475s] Level 1:colcon.colcon_core.package_identification:_identify(src) by extensions ['python_setup_py']
[0.475s] Level 1:colcon.colcon_core.package_identification:_identify(src) by extension 'python_setup_py'
[0.475s] Level 1:colcon.colcon_core.package_identification:_identify(src/apriltag) by extensions ['ignore', 'ignore_ament_install']
[0.476s] Level 1:colcon.colcon_core.package_identification:_identify(src/apriltag) by extension 'ignore'
[0.476s] Level 1:colcon.colcon_core.package_identification:_identify(src/apriltag) by extension 'ignore_ament_install'
[0.476s] Level 1:colcon.colcon_core.package_identification:_identify(src/apriltag) by extensions ['colcon_pkg']
[0.476s] Level 1:colcon.colcon_core.package_identification:_identify(src/apriltag) by extension 'colcon_pkg'
[0.476s] Level 1:colcon.colcon_core.package_identification:_identify(src/apriltag) by extensions ['colcon_meta']
[0.476s] Level 1:colcon.colcon_core.package_identification:_identify(src/apriltag) by extension 'colcon_meta'
[0.476s] Level 1:colcon.colcon_core.package_identification:_identify(src/apriltag) by extensions ['ros']
[0.476s] Level 1:colcon.colcon_core.package_identification:_identify(src/apriltag) by extension 'ros'
[0.476s] Level 1:colcon.colcon_core.package_identification:_identify(src/apriltag) by extensions ['cmake', 'python']
[0.476s] Level 1:colcon.colcon_core.package_identification:_identify(src/apriltag) by extension 'cmake'
[0.476s] Level 1:colcon.colcon_core.package_identification:_identify(src/apriltag) by extension 'python'
[0.476s] Level 1:colcon.colcon_core.package_identification:_identify(src/apriltag) by extensions ['python_setup_py']
[0.476s] Level 1:colcon.colcon_core.package_identification:_identify(src/apriltag) by extension 'python_setup_py'
[0.476s] Level 1:colcon.colcon_core.package_identification:_identify(src/apriltag_msgs) by extensions ['ignore', 'ignore_ament_install']
[0.476s] Level 1:colcon.colcon_core.package_identification:_identify(src/apriltag_msgs) by extension 'ignore'
[0.476s] Level 1:colcon.colcon_core.package_identification:_identify(src/apriltag_msgs) by extension 'ignore_ament_install'
[0.476s] Level 1:colcon.colcon_core.package_identification:_identify(src/apriltag_msgs) by extensions ['colcon_pkg']
[0.476s] Level 1:colcon.colcon_core.package_identification:_identify(src/apriltag_msgs) by extension 'colcon_pkg'
[0.476s] Level 1:colcon.colcon_core.package_identification:_identify(src/apriltag_msgs) by extensions ['colcon_meta']
[0.476s] Level 1:colcon.colcon_core.package_identification:_identify(src/apriltag_msgs) by extension 'colcon_meta'
[0.476s] Level 1:colcon.colcon_core.package_identification:_identify(src/apriltag_msgs) by extensions ['ros']
[0.476s] Level 1:colcon.colcon_core.package_identification:_identify(src/apriltag_msgs) by extension 'ros'
[0.476s] Level 1:colcon.colcon_core.package_identification:_identify(src/apriltag_msgs) by extensions ['cmake', 'python']
[0.476s] Level 1:colcon.colcon_core.package_identification:_identify(src/apriltag_msgs) by extension 'cmake'
[0.476s] Level 1:colcon.colcon_core.package_identification:_identify(src/apriltag_msgs) by extension 'python'
[0.476s] Level 1:colcon.colcon_core.package_identification:_identify(src/apriltag_msgs) by extensions ['python_setup_py']
[0.476s] Level 1:colcon.colcon_core.package_identification:_identify(src/apriltag_msgs) by extension 'python_setup_py'
[0.476s] Level 1:colcon.colcon_core.package_identification:_identify(src/apriltag_ros) by extensions ['ignore', 'ignore_ament_install']
[0.476s] Level 1:colcon.colcon_core.package_identification:_identify(src/apriltag_ros) by extension 'ignore'
[0.476s] Level 1:colcon.colcon_core.package_identification:_identify(src/apriltag_ros) by extension 'ignore_ament_install'
[0.476s] Level 1:colcon.colcon_core.package_identification:_identify(src/apriltag_ros) by extensions ['colcon_pkg']
[0.476s] Level 1:colcon.colcon_core.package_identification:_identify(src/apriltag_ros) by extension 'colcon_pkg'
[0.476s] Level 1:colcon.colcon_core.package_identification:_identify(src/apriltag_ros) by extensions ['colcon_meta']
[0.476s] Level 1:colcon.colcon_core.package_identification:_identify(src/apriltag_ros) by extension 'colcon_meta'
[0.476s] Level 1:colcon.colcon_core.package_identification:_identify(src/apriltag_ros) by extensions ['ros']
[0.476s] Level 1:colcon.colcon_core.package_identification:_identify(src/apriltag_ros) by extension 'ros'
[0.476s] Level 1:colcon.colcon_core.package_identification:_identify(src/apriltag_ros) by extensions ['cmake', 'python']
[0.476s] Level 1:colcon.colcon_core.package_identification:_identify(src/apriltag_ros) by extension 'cmake'
[0.476s] Level 1:colcon.colcon_core.package_identification:_identify(src/apriltag_ros) by extension 'python'
[0.476s] Level 1:colcon.colcon_core.package_identification:_identify(src/apriltag_ros) by extensions ['python_setup_py']
[0.476s] Level 1:colcon.colcon_core.package_identification:_identify(src/apriltag_ros) by extension 'python_setup_py'
[0.476s] Level 1:colcon.colcon_core.package_identification:_identify(src/control) by extensions ['ignore', 'ignore_ament_install']
[0.476s] Level 1:colcon.colcon_core.package_identification:_identify(src/control) by extension 'ignore'
[0.476s] Level 1:colcon.colcon_core.package_identification:_identify(src/control) by extension 'ignore_ament_install'
[0.476s] Level 1:colcon.colcon_core.package_identification:_identify(src/control) by extensions ['colcon_pkg']
[0.476s] Level 1:colcon.colcon_core.package_identification:_identify(src/control) by extension 'colcon_pkg'
[0.476s] Level 1:colcon.colcon_core.package_identification:_identify(src/control) by extensions ['colcon_meta']
[0.476s] Level 1:colcon.colcon_core.package_identification:_identify(src/control) by extension 'colcon_meta'
[0.477s] Level 1:colcon.colcon_core.package_identification:_identify(src/control) by extensions ['ros']
[0.477s] Level 1:colcon.colcon_core.package_identification:_identify(src/control) by extension 'ros'
[0.478s] DEBUG:colcon.colcon_core.package_identification:Package 'src/control' with type 'ros.ament_python' and name 'control'
[0.478s] Level 1:colcon.colcon_core.package_identification:_identify(src/localization) by extensions ['ignore', 'ignore_ament_install']
[0.478s] Level 1:colcon.colcon_core.package_identification:_identify(src/localization) by extension 'ignore'
[0.478s] Level 1:colcon.colcon_core.package_identification:_identify(src/localization) by extension 'ignore_ament_install'
[0.478s] Level 1:colcon.colcon_core.package_identification:_identify(src/localization) by extensions ['colcon_pkg']
[0.478s] Level 1:colcon.colcon_core.package_identification:_identify(src/localization) by extension 'colcon_pkg'
[0.478s] Level 1:colcon.colcon_core.package_identification:_identify(src/localization) by extensions ['colcon_meta']
[0.478s] Level 1:colcon.colcon_core.package_identification:_identify(src/localization) by extension 'colcon_meta'
[0.478s] Level 1:colcon.colcon_core.package_identification:_identify(src/localization) by extensions ['ros']
[0.478s] Level 1:colcon.colcon_core.package_identification:_identify(src/localization) by extension 'ros'
[0.478s] DEBUG:colcon.colcon_core.package_identification:Package 'src/localization' with type 'ros.ament_python' and name 'localization'
[0.478s] Level 1:colcon.colcon_core.package_discovery:discover_packages(recursive) using defaults
[0.478s] Level 1:colcon.colcon_core.package_discovery:discover_packages(ignore) discover
[0.478s] Level 1:colcon.colcon_core.package_discovery:discover_packages(ignore) using defaults
[0.478s] Level 1:colcon.colcon_core.package_discovery:discover_packages(path) discover
[0.478s] Level 1:colcon.colcon_core.package_discovery:discover_packages(path) using defaults
[0.518s] Level 1:colcon.colcon_core.package_discovery:discover_packages(prefix_path) check parameters
[0.518s] Level 1:colcon.colcon_core.package_discovery:discover_packages(prefix_path) discover
[0.530s] DEBUG:colcon.colcon_installed_package_information.package_discovery:Found 2 installed packages in /home/kelvinku/networked_robotics/ros2_localization/install
[0.536s] DEBUG:colcon.colcon_installed_package_information.package_discovery:Found 290 installed packages in /opt/ros/humble
[0.537s] Level 1:colcon.colcon_core.package_discovery:discover_packages(prefix_path) using defaults
[0.578s] Level 5:colcon.colcon_core.verb:set package 'control' build argument 'cmake_args' from command line to 'None'
[0.578s] Level 5:colcon.colcon_core.verb:set package 'control' build argument 'cmake_target' from command line to 'None'
[0.578s] Level 5:colcon.colcon_core.verb:set package 'control' build argument 'cmake_target_skip_unavailable' from command line to 'False'
[0.578s] Level 5:colcon.colcon_core.verb:set package 'control' build argument 'cmake_clean_cache' from command line to 'False'
[0.578s] Level 5:colcon.colcon_core.verb:set package 'control' build argument 'cmake_clean_first' from command line to 'False'
[0.578s] Level 5:colcon.colcon_core.verb:set package 'control' build argument 'cmake_force_configure' from command line to 'False'
[0.578s] Level 5:colcon.colcon_core.verb:set package 'control' build argument 'ament_cmake_args' from command line to 'None'
[0.578s] Level 5:colcon.colcon_core.verb:set package 'control' build argument 'catkin_cmake_args' from command line to 'None'
[0.578s] Level 5:colcon.colcon_core.verb:set package 'control' build argument 'catkin_skip_building_tests' from command line to 'False'
[0.578s] DEBUG:colcon.colcon_core.verb:Building package 'control' with the following arguments: {'ament_cmake_args': None, 'build_base': '/home/kelvinku/networked_robotics/ros2_localization/build/control', 'catkin_cmake_args': None, 'catkin_skip_building_tests': False, 'cmake_args': None, 'cmake_clean_cache': False, 'cmake_clean_first': False, 'cmake_force_configure': False, 'cmake_target': None, 'cmake_target_skip_unavailable': False, 'install_base': '/home/kelvinku/networked_robotics/ros2_localization/install/control', 'merge_install': False, 'path': '/home/kelvinku/networked_robotics/ros2_localization/src/control', 'symlink_install': False, 'test_result_base': None}
[0.584s] Level 5:colcon.colcon_core.verb:set package 'localization' build argument 'cmake_args' from command line to 'None'
[0.584s] Level 5:colcon.colcon_core.verb:set package 'localization' build argument 'cmake_target' from command line to 'None'
[0.584s] Level 5:colcon.colcon_core.verb:set package 'localization' build argument 'cmake_target_skip_unavailable' from command line to 'False'
[0.584s] Level 5:colcon.colcon_core.verb:set package 'localization' build argument 'cmake_clean_cache' from command line to 'False'
[0.584s] Level 5:colcon.colcon_core.verb:set package 'localization' build argument 'cmake_clean_first' from command line to 'False'
[0.584s] Level 5:colcon.colcon_core.verb:set package 'localization' build argument 'cmake_force_configure' from command line to 'False'
[0.584s] Level 5:colcon.colcon_core.verb:set package 'localization' build argument 'ament_cmake_args' from command line to 'None'
[0.584s] Level 5:colcon.colcon_core.verb:set package 'localization' build argument 'catkin_cmake_args' from command line to 'None'
[0.584s] Level 5:colcon.colcon_core.verb:set package 'localization' build argument 'catkin_skip_building_tests' from command line to 'False'
[0.584s] DEBUG:colcon.colcon_core.verb:Building package 'localization' with the following arguments: {'ament_cmake_args': None, 'build_base': '/home/kelvinku/networked_robotics/ros2_localization/build/localization', 'catkin_cmake_args': None, 'catkin_skip_building_tests': False, 'cmake_args': None, 'cmake_clean_cache': False, 'cmake_clean_first': False, 'cmake_force_configure': False, 'cmake_target': None, 'cmake_target_skip_unavailable': False, 'install_base': '/home/kelvinku/networked_robotics/ros2_localization/install/localization', 'merge_install': False, 'path': '/home/kelvinku/networked_robotics/ros2_localization/src/localization', 'symlink_install': False, 'test_result_base': None}
[0.590s] INFO:colcon.colcon_core.executor:Executing jobs using 'parallel' executor
[0.596s] DEBUG:colcon.colcon_parallel_executor.executor.parallel:run_until_complete
[0.596s] INFO:colcon.colcon_ros.task.ament_python.build:Building ROS package in '/home/kelvinku/networked_robotics/ros2_localization/src/control' with build type 'ament_python'
[0.596s] Level 1:colcon.colcon_core.shell:create_environment_hook('control', 'ament_prefix_path')
[0.603s] INFO:colcon.colcon_core.plugin_system:Skipping extension 'colcon_core.shell.bat': Not used on non-Windows systems
[0.603s] INFO:colcon.colcon_core.shell:Creating environment hook '/home/kelvinku/networked_robotics/ros2_localization/install/control/share/control/hook/ament_prefix_path.ps1'
[0.603s] INFO:colcon.colcon_core.shell:Creating environment descriptor '/home/kelvinku/networked_robotics/ros2_localization/install/control/share/control/hook/ament_prefix_path.dsv'
[0.604s] INFO:colcon.colcon_core.shell:Creating environment hook '/home/kelvinku/networked_robotics/ros2_localization/install/control/share/control/hook/ament_prefix_path.sh'
[0.610s] INFO:colcon.colcon_core.shell:Skip shell extension 'powershell' for command environment: Not usable outside of PowerShell
[0.610s] DEBUG:colcon.colcon_core.shell:Skip shell extension 'dsv' for command environment
[0.628s] INFO:colcon.colcon_ros.task.ament_python.build:Building ROS package in '/home/kelvinku/networked_robotics/ros2_localization/src/localization' with build type 'ament_python'
[0.629s] Level 1:colcon.colcon_core.shell:create_environment_hook('localization', 'ament_prefix_path')
[0.635s] INFO:colcon.colcon_core.shell:Creating environment hook '/home/kelvinku/networked_robotics/ros2_localization/install/localization/share/localization/hook/ament_prefix_path.ps1'
[0.635s] INFO:colcon.colcon_core.shell:Creating environment descriptor '/home/kelvinku/networked_robotics/ros2_localization/install/localization/share/localization/hook/ament_prefix_path.dsv'
[0.635s] INFO:colcon.colcon_core.shell:Creating environment hook '/home/kelvinku/networked_robotics/ros2_localization/install/localization/share/localization/hook/ament_prefix_path.sh'
[0.641s] INFO:colcon.colcon_core.shell:Skip shell extension 'powershell' for command environment: Not usable outside of PowerShell
[0.641s] DEBUG:colcon.colcon_core.shell:Skip shell extension 'dsv' for command environment
[0.788s] INFO:colcon.colcon_core.task.python.build:Building Python package in '/home/kelvinku/networked_robotics/ros2_localization/src/control'
[0.794s] INFO:colcon.colcon_core.shell:Skip shell extension 'powershell' for command environment: Not usable outside of PowerShell
[0.794s] DEBUG:colcon.colcon_core.shell:Skip shell extension 'dsv' for command environment
[0.946s] INFO:colcon.colcon_core.task.python.build:Building Python package in '/home/kelvinku/networked_robotics/ros2_localization/src/localization'
[0.958s] INFO:colcon.colcon_core.shell:Skip shell extension 'powershell' for command environment: Not usable outside of PowerShell
[0.958s] DEBUG:colcon.colcon_core.shell:Skip shell extension 'dsv' for command environment
[1.155s] DEBUG:colcon.colcon_core.event_handler.log_command:Invoking command in '/home/kelvinku/networked_robotics/ros2_localization/src/control': PYTHONPATH=/home/kelvinku/networked_robotics/ros2_localization/build/control/prefix_override:/home/kelvinku/networked_robotics/ros2_localization/install/control/lib/python3.10/site-packages:${PYTHONPATH} /usr/bin/python3 setup.py egg_info --egg-base ../../build/control build --build-base /home/kelvinku/networked_robotics/ros2_localization/build/control/build install --record /home/kelvinku/networked_robotics/ros2_localization/build/control/install.log --single-version-externally-managed
[1.158s] DEBUG:colcon.colcon_core.event_handler.log_command:Invoking command in '/home/kelvinku/networked_robotics/ros2_localization/src/localization': PYTHONPATH=/home/kelvinku/networked_robotics/ros2_localization/build/localization/prefix_override:/home/kelvinku/networked_robotics/ros2_localization/install/localization/lib/python3.10/site-packages:${PYTHONPATH} /usr/bin/python3 setup.py egg_info --egg-base ../../build/localization build --build-base /home/kelvinku/networked_robotics/ros2_localization/build/localization/build install --record /home/kelvinku/networked_robotics/ros2_localization/build/localization/install.log --single-version-externally-managed
[1.316s] DEBUG:colcon.colcon_core.event_handler.log_command:Invoked command in '/home/kelvinku/networked_robotics/ros2_localization/src/localization' returned '0': PYTHONPATH=/home/kelvinku/networked_robotics/ros2_localization/build/localization/prefix_override:/home/kelvinku/networked_robotics/ros2_localization/install/localization/lib/python3.10/site-packages:${PYTHONPATH} /usr/bin/python3 setup.py egg_info --egg-base ../../build/localization build --build-base /home/kelvinku/networked_robotics/ros2_localization/build/localization/build install --record /home/kelvinku/networked_robotics/ros2_localization/build/localization/install.log --single-version-externally-managed
[1.323s] Level 1:colcon.colcon_core.environment:checking '/home/kelvinku/networked_robotics/ros2_localization/install/localization' for CMake module files
[1.323s] Level 1:colcon.colcon_core.environment:checking '/home/kelvinku/networked_robotics/ros2_localization/install/localization' for CMake config files
[1.323s] Level 1:colcon.colcon_core.environment:checking '/home/kelvinku/networked_robotics/ros2_localization/install/localization/lib'
[1.324s] Level 1:colcon.colcon_core.environment:checking '/home/kelvinku/networked_robotics/ros2_localization/install/localization/bin'
[1.324s] Level 1:colcon.colcon_core.environment:checking '/home/kelvinku/networked_robotics/ros2_localization/install/localization/lib/pkgconfig/localization.pc'
[1.324s] Level 1:colcon.colcon_core.environment:checking '/home/kelvinku/networked_robotics/ros2_localization/install/localization/lib/python3.10/site-packages'
[1.324s] Level 1:colcon.colcon_core.shell:create_environment_hook('localization', 'pythonpath')
[1.330s] INFO:colcon.colcon_core.shell:Creating environment hook '/home/kelvinku/networked_robotics/ros2_localization/install/localization/share/localization/hook/pythonpath.ps1'
[1.330s] INFO:colcon.colcon_core.shell:Creating environment descriptor '/home/kelvinku/networked_robotics/ros2_localization/install/localization/share/localization/hook/pythonpath.dsv'
[1.330s] INFO:colcon.colcon_core.shell:Creating environment hook '/home/kelvinku/networked_robotics/ros2_localization/install/localization/share/localization/hook/pythonpath.sh'
[1.331s] Level 1:colcon.colcon_core.environment:checking '/home/kelvinku/networked_robotics/ros2_localization/install/localization/bin'
[1.331s] Level 1:colcon.colcon_core.environment:create_environment_scripts_only(localization)
[1.337s] INFO:colcon.colcon_core.shell:Creating package script '/home/kelvinku/networked_robotics/ros2_localization/install/localization/share/localization/package.ps1'
[1.337s] INFO:colcon.colcon_core.shell:Creating package descriptor '/home/kelvinku/networked_robotics/ros2_localization/install/localization/share/localization/package.dsv'
[1.337s] INFO:colcon.colcon_core.shell:Creating package script '/home/kelvinku/networked_robotics/ros2_localization/install/localization/share/localization/package.sh'
[1.338s] INFO:colcon.colcon_core.shell:Creating package script '/home/kelvinku/networked_robotics/ros2_localization/install/localization/share/localization/package.bash'
[1.338s] INFO:colcon.colcon_core.shell:Creating package script '/home/kelvinku/networked_robotics/ros2_localization/install/localization/share/localization/package.zsh'
[1.338s] Level 1:colcon.colcon_core.environment:create_file_with_runtime_dependencies(/home/kelvinku/networked_robotics/ros2_localization/install/localization/share/colcon-core/packages/localization)
[1.340s] DEBUG:colcon.colcon_core.event_handler.log_command:Invoked command in '/home/kelvinku/networked_robotics/ros2_localization/src/control' returned '0': PYTHONPATH=/home/kelvinku/networked_robotics/ros2_localization/build/control/prefix_override:/home/kelvinku/networked_robotics/ros2_localization/install/control/lib/python3.10/site-packages:${PYTHONPATH} /usr/bin/python3 setup.py egg_info --egg-base ../../build/control build --build-base /home/kelvinku/networked_robotics/ros2_localization/build/control/build install --record /home/kelvinku/networked_robotics/ros2_localization/build/control/install.log --single-version-externally-managed
[1.345s] Level 1:colcon.colcon_core.environment:checking '/home/kelvinku/networked_robotics/ros2_localization/install/control' for CMake module files
[1.346s] Level 1:colcon.colcon_core.environment:checking '/home/kelvinku/networked_robotics/ros2_localization/install/control' for CMake config files
[1.346s] Level 1:colcon.colcon_core.environment:checking '/home/kelvinku/networked_robotics/ros2_localization/install/control/lib'
[1.346s] Level 1:colcon.colcon_core.environment:checking '/home/kelvinku/networked_robotics/ros2_localization/install/control/bin'
[1.346s] Level 1:colcon.colcon_core.environment:checking '/home/kelvinku/networked_robotics/ros2_localization/install/control/lib/pkgconfig/control.pc'
[1.346s] Level 1:colcon.colcon_core.environment:checking '/home/kelvinku/networked_robotics/ros2_localization/install/control/lib/python3.10/site-packages'
[1.346s] Level 1:colcon.colcon_core.shell:create_environment_hook('control', 'pythonpath')
[1.352s] INFO:colcon.colcon_core.shell:Creating environment hook '/home/kelvinku/networked_robotics/ros2_localization/install/control/share/control/hook/pythonpath.ps1'
[1.352s] INFO:colcon.colcon_core.shell:Creating environment descriptor '/home/kelvinku/networked_robotics/ros2_localization/install/control/share/control/hook/pythonpath.dsv'
[1.352s] INFO:colcon.colcon_core.shell:Creating environment hook '/home/kelvinku/networked_robotics/ros2_localization/install/control/share/control/hook/pythonpath.sh'
[1.353s] Level 1:colcon.colcon_core.environment:checking '/home/kelvinku/networked_robotics/ros2_localization/install/control/bin'
[1.353s] Level 1:colcon.colcon_core.environment:create_environment_scripts_only(control)
[1.358s] INFO:colcon.colcon_core.shell:Creating package script '/home/kelvinku/networked_robotics/ros2_localization/install/control/share/control/package.ps1'
[1.359s] INFO:colcon.colcon_core.shell:Creating package descriptor '/home/kelvinku/networked_robotics/ros2_localization/install/control/share/control/package.dsv'
[1.359s] INFO:colcon.colcon_core.shell:Creating package script '/home/kelvinku/networked_robotics/ros2_localization/install/control/share/control/package.sh'
[1.359s] INFO:colcon.colcon_core.shell:Creating package script '/home/kelvinku/networked_robotics/ros2_localization/install/control/share/control/package.bash'
[1.359s] INFO:colcon.colcon_core.shell:Creating package script '/home/kelvinku/networked_robotics/ros2_localization/install/control/share/control/package.zsh'
[1.359s] Level 1:colcon.colcon_core.environment:create_file_with_runtime_dependencies(/home/kelvinku/networked_robotics/ros2_localization/install/control/share/colcon-core/packages/control)
[1.359s] DEBUG:colcon.colcon_parallel_executor.executor.parallel:closing loop
[1.360s] DEBUG:colcon.colcon_parallel_executor.executor.parallel:loop closed
[1.360s] DEBUG:colcon.colcon_parallel_executor.executor.parallel:run_until_complete finished with '0'
[1.360s] DEBUG:colcon.colcon_core.event_reactor:joining thread
[1.376s] INFO:colcon.colcon_core.plugin_system:Skipping extension 'colcon_notification.desktop_notification.terminal_notifier': Not used on non-Darwin systems
[1.376s] INFO:colcon.colcon_core.plugin_system:Skipping extension 'colcon_notification.desktop_notification.win32': Not used on non-Windows systems
[1.376s] INFO:colcon.colcon_notification.desktop_notification:Sending desktop notification using 'notify2'
[1.385s] DEBUG:colcon.colcon_core.event_reactor:joined thread
[1.393s] INFO:colcon.colcon_core.shell:Creating prefix script '/home/kelvinku/networked_robotics/ros2_localization/install/local_setup.ps1'
[1.394s] INFO:colcon.colcon_core.shell:Creating prefix util module '/home/kelvinku/networked_robotics/ros2_localization/install/_local_setup_util_ps1.py'
[1.394s] INFO:colcon.colcon_core.shell:Creating prefix chain script '/home/kelvinku/networked_robotics/ros2_localization/install/setup.ps1'
[1.400s] INFO:colcon.colcon_core.shell:Creating prefix script '/home/kelvinku/networked_robotics/ros2_localization/install/local_setup.sh'
[1.401s] INFO:colcon.colcon_core.shell:Creating prefix util module '/home/kelvinku/networked_robotics/ros2_localization/install/_local_setup_util_sh.py'
[1.401s] INFO:colcon.colcon_core.shell:Creating prefix chain script '/home/kelvinku/networked_robotics/ros2_localization/install/setup.sh'
[1.407s] INFO:colcon.colcon_core.shell:Creating prefix script '/home/kelvinku/networked_robotics/ros2_localization/install/local_setup.bash'
[1.407s] INFO:colcon.colcon_core.shell:Creating prefix chain script '/home/kelvinku/networked_robotics/ros2_localization/install/setup.bash'
[1.413s] INFO:colcon.colcon_core.shell:Creating prefix script '/home/kelvinku/networked_robotics/ros2_localization/install/local_setup.zsh'
[1.414s] INFO:colcon.colcon_core.shell:Creating prefix chain script '/home/kelvinku/networked_robotics/ros2_localization/install/setup.zsh'
