[0.068s] DEBUG:colcon:Command line arguments: ['/usr/local/bin/colcon', 'build']
[0.068s] DEBUG:colcon:Parsed command line arguments: Namespace(log_base=None, log_level=None, verb_name='build', build_base='build', install_base='install', merge_install=False, symlink_install=False, test_result_base=None, continue_on_error=False, executor='parallel', parallel_workers=8, event_handlers=None, ignore_user_meta=False, metas=['./colcon.meta'], base_paths=['.'], packages_ignore=None, packages_ignore_regex=None, paths=None, packages_up_to=None, packages_up_to_regex=None, packages_above=None, packages_above_and_dependencies=None, packages_above_depth=None, packages_select_by_dep=None, packages_skip_by_dep=None, packages_skip_up_to=None, packages_select_build_failed=False, packages_skip_build_finished=False, packages_select_test_failures=False, packages_skip_test_passed=False, packages_select=None, packages_skip=None, packages_select_regex=None, packages_skip_regex=None, packages_start=None, packages_end=None, cmake_args=None, cmake_target=None, cmake_target_skip_unavailable=False, cmake_clean_cache=False, cmake_clean_first=False, cmake_force_configure=False, ament_cmake_args=None, catkin_cmake_args=None, catkin_skip_building_tests=False, verb_parser=<colcon_defaults.argument_parser.defaults.DefaultArgumentsDecorator object at 0x7cce904ecc40>, verb_extension=<colcon_core.verb.build.BuildVerb object at 0x7cce9045ca00>, main=<bound method BuildVerb.main of <colcon_core.verb.build.BuildVerb object at 0x7cce9045ca00>>)
[0.144s] Level 1:colcon.colcon_core.package_discovery:discover_packages(colcon_meta) check parameters
[0.144s] Level 1:colcon.colcon_core.package_discovery:discover_packages(recursive) check parameters
[0.144s] Level 1:colcon.colcon_core.package_discovery:discover_packages(ignore) check parameters
[0.144s] Level 1:colcon.colcon_core.package_discovery:discover_packages(path) check parameters
[0.144s] Level 1:colcon.colcon_core.package_discovery:discover_packages(colcon_meta) discover
[0.144s] Level 1:colcon.colcon_core.package_discovery:discover_packages(recursive) discover
[0.144s] INFO:colcon.colcon_core.package_discovery:Crawling recursively for packages in '/home/laprp/Documents/ebug-network/ros/src'
[0.144s] Level 1:colcon.colcon_core.package_identification:_identify(.) by extensions ['ignore', 'ignore_ament_install']
[0.144s] Level 1:colcon.colcon_core.package_identification:_identify(.) by extension 'ignore'
[0.145s] Level 1:colcon.colcon_core.package_identification:_identify(.) by extension 'ignore_ament_install'
[0.145s] Level 1:colcon.colcon_core.package_identification:_identify(.) by extensions ['colcon_pkg']
[0.145s] Level 1:colcon.colcon_core.package_identification:_identify(.) by extension 'colcon_pkg'
[0.145s] Level 1:colcon.colcon_core.package_identification:_identify(.) by extensions ['colcon_meta']
[0.145s] Level 1:colcon.colcon_core.package_identification:_identify(.) by extension 'colcon_meta'
[0.145s] Level 1:colcon.colcon_core.package_identification:_identify(.) by extensions ['ros']
[0.145s] Level 1:colcon.colcon_core.package_identification:_identify(.) by extension 'ros'
[0.151s] Level 1:colcon.colcon_core.package_identification:_identify(.) by extensions ['cmake', 'python']
[0.151s] Level 1:colcon.colcon_core.package_identification:_identify(.) by extension 'cmake'
[0.151s] Level 1:colcon.colcon_core.package_identification:_identify(.) by extension 'python'
[0.151s] Level 1:colcon.colcon_core.package_identification:_identify(.) by extensions ['python_setup_py']
[0.151s] Level 1:colcon.colcon_core.package_identification:_identify(.) by extension 'python_setup_py'
[0.151s] Level 1:colcon.colcon_core.package_identification:_identify(build) by extensions ['ignore', 'ignore_ament_install']
[0.151s] Level 1:colcon.colcon_core.package_identification:_identify(build) by extension 'ignore'
[0.151s] Level 1:colcon.colcon_core.package_identification:_identify(build) ignored
[0.151s] Level 1:colcon.colcon_core.package_identification:_identify(ebug) by extensions ['ignore', 'ignore_ament_install']
[0.151s] Level 1:colcon.colcon_core.package_identification:_identify(ebug) by extension 'ignore'
[0.151s] Level 1:colcon.colcon_core.package_identification:_identify(ebug) by extension 'ignore_ament_install'
[0.151s] Level 1:colcon.colcon_core.package_identification:_identify(ebug) by extensions ['colcon_pkg']
[0.151s] Level 1:colcon.colcon_core.package_identification:_identify(ebug) by extension 'colcon_pkg'
[0.152s] Level 1:colcon.colcon_core.package_identification:_identify(ebug) by extensions ['colcon_meta']
[0.152s] Level 1:colcon.colcon_core.package_identification:_identify(ebug) by extension 'colcon_meta'
[0.152s] Level 1:colcon.colcon_core.package_identification:_identify(ebug) by extensions ['ros']
[0.152s] Level 1:colcon.colcon_core.package_identification:_identify(ebug) by extension 'ros'
[0.155s] DEBUG:colcon.colcon_core.package_identification:Package 'ebug' with type 'ros.ament_python' and name 'ebug'
[0.155s] Level 1:colcon.colcon_core.package_identification:_identify(ebug_base) by extensions ['ignore', 'ignore_ament_install']
[0.155s] Level 1:colcon.colcon_core.package_identification:_identify(ebug_base) by extension 'ignore'
[0.155s] Level 1:colcon.colcon_core.package_identification:_identify(ebug_base) by extension 'ignore_ament_install'
[0.155s] Level 1:colcon.colcon_core.package_identification:_identify(ebug_base) by extensions ['colcon_pkg']
[0.155s] Level 1:colcon.colcon_core.package_identification:_identify(ebug_base) by extension 'colcon_pkg'
[0.155s] Level 1:colcon.colcon_core.package_identification:_identify(ebug_base) by extensions ['colcon_meta']
[0.155s] Level 1:colcon.colcon_core.package_identification:_identify(ebug_base) by extension 'colcon_meta'
[0.155s] Level 1:colcon.colcon_core.package_identification:_identify(ebug_base) by extensions ['ros']
[0.156s] Level 1:colcon.colcon_core.package_identification:_identify(ebug_base) by extension 'ros'
[0.157s] DEBUG:colcon.colcon_core.package_identification:Package 'ebug_base' with type 'ros.ament_cmake' and name 'ebug_base'
[0.157s] Level 1:colcon.colcon_core.package_identification:_identify(install) by extensions ['ignore', 'ignore_ament_install']
[0.157s] Level 1:colcon.colcon_core.package_identification:_identify(install) by extension 'ignore'
[0.157s] Level 1:colcon.colcon_core.package_identification:_identify(install) ignored
[0.157s] Level 1:colcon.colcon_core.package_identification:_identify(log) by extensions ['ignore', 'ignore_ament_install']
[0.157s] Level 1:colcon.colcon_core.package_identification:_identify(log) by extension 'ignore'
[0.157s] Level 1:colcon.colcon_core.package_identification:_identify(log) ignored
[0.157s] Level 1:colcon.colcon_core.package_discovery:discover_packages(recursive) using defaults
[0.157s] Level 1:colcon.colcon_core.package_discovery:discover_packages(ignore) discover
[0.157s] Level 1:colcon.colcon_core.package_discovery:discover_packages(ignore) using defaults
[0.157s] Level 1:colcon.colcon_core.package_discovery:discover_packages(path) discover
[0.157s] Level 1:colcon.colcon_core.package_discovery:discover_packages(path) using defaults
[0.170s] Level 5:colcon.colcon_core.verb:set package 'ebug_base' build argument 'cmake_args' from command line to 'None'
[0.170s] Level 5:colcon.colcon_core.verb:set package 'ebug_base' build argument 'cmake_target' from command line to 'None'
[0.170s] Level 5:colcon.colcon_core.verb:set package 'ebug_base' build argument 'cmake_target_skip_unavailable' from command line to 'False'
[0.170s] Level 5:colcon.colcon_core.verb:set package 'ebug_base' build argument 'cmake_clean_cache' from command line to 'False'
[0.170s] Level 5:colcon.colcon_core.verb:set package 'ebug_base' build argument 'cmake_clean_first' from command line to 'False'
[0.170s] Level 5:colcon.colcon_core.verb:set package 'ebug_base' build argument 'cmake_force_configure' from command line to 'False'
[0.170s] Level 5:colcon.colcon_core.verb:set package 'ebug_base' build argument 'ament_cmake_args' from command line to 'None'
[0.170s] Level 5:colcon.colcon_core.verb:set package 'ebug_base' build argument 'catkin_cmake_args' from command line to 'None'
[0.170s] Level 5:colcon.colcon_core.verb:set package 'ebug_base' build argument 'catkin_skip_building_tests' from command line to 'False'
[0.170s] DEBUG:colcon.colcon_core.verb:Building package 'ebug_base' with the following arguments: {'ament_cmake_args': None, 'build_base': '/home/laprp/Documents/ebug-network/ros/src/build/ebug_base', 'catkin_cmake_args': None, 'catkin_skip_building_tests': False, 'cmake_args': None, 'cmake_clean_cache': False, 'cmake_clean_first': False, 'cmake_force_configure': False, 'cmake_target': None, 'cmake_target_skip_unavailable': False, 'install_base': '/home/laprp/Documents/ebug-network/ros/src/install/ebug_base', 'merge_install': False, 'path': '/home/laprp/Documents/ebug-network/ros/src/ebug_base', 'symlink_install': False, 'test_result_base': None}
[0.170s] Level 5:colcon.colcon_core.verb:set package 'ebug' build argument 'cmake_args' from command line to 'None'
[0.170s] Level 5:colcon.colcon_core.verb:set package 'ebug' build argument 'cmake_target' from command line to 'None'
[0.170s] Level 5:colcon.colcon_core.verb:set package 'ebug' build argument 'cmake_target_skip_unavailable' from command line to 'False'
[0.170s] Level 5:colcon.colcon_core.verb:set package 'ebug' build argument 'cmake_clean_cache' from command line to 'False'
[0.170s] Level 5:colcon.colcon_core.verb:set package 'ebug' build argument 'cmake_clean_first' from command line to 'False'
[0.170s] Level 5:colcon.colcon_core.verb:set package 'ebug' build argument 'cmake_force_configure' from command line to 'False'
[0.170s] Level 5:colcon.colcon_core.verb:set package 'ebug' build argument 'ament_cmake_args' from command line to 'None'
[0.170s] Level 5:colcon.colcon_core.verb:set package 'ebug' build argument 'catkin_cmake_args' from command line to 'None'
[0.170s] Level 5:colcon.colcon_core.verb:set package 'ebug' build argument 'catkin_skip_building_tests' from command line to 'False'
[0.170s] DEBUG:colcon.colcon_core.verb:Building package 'ebug' with the following arguments: {'ament_cmake_args': None, 'build_base': '/home/laprp/Documents/ebug-network/ros/src/build/ebug', 'catkin_cmake_args': None, 'catkin_skip_building_tests': False, 'cmake_args': None, 'cmake_clean_cache': False, 'cmake_clean_first': False, 'cmake_force_configure': False, 'cmake_target': None, 'cmake_target_skip_unavailable': False, 'install_base': '/home/laprp/Documents/ebug-network/ros/src/install/ebug', 'merge_install': False, 'path': '/home/laprp/Documents/ebug-network/ros/src/ebug', 'symlink_install': False, 'test_result_base': None}
[0.170s] INFO:colcon.colcon_core.executor:Executing jobs using 'parallel' executor
[0.171s] DEBUG:colcon.colcon_parallel_executor.executor.parallel:run_until_complete
[0.171s] INFO:colcon.colcon_ros.task.ament_cmake.build:Building ROS package in '/home/laprp/Documents/ebug-network/ros/src/ebug_base' with build type 'ament_cmake'
[0.171s] INFO:colcon.colcon_cmake.task.cmake.build:Building CMake package in '/home/laprp/Documents/ebug-network/ros/src/ebug_base'
[0.172s] INFO:colcon.colcon_core.plugin_system:Skipping extension 'colcon_core.shell.bat': Not used on non-Windows systems
[0.172s] INFO:colcon.colcon_core.shell:Skip shell extension 'powershell' for command environment: Not usable outside of PowerShell
[0.172s] DEBUG:colcon.colcon_core.shell:Skip shell extension 'dsv' for command environment
[0.177s] DEBUG:colcon.colcon_core.event_handler.log_command:Invoking command in '/home/laprp/Documents/ebug-network/ros/src/build/ebug_base': CMAKE_PREFIX_PATH=/opt/ros/humble /usr/bin/cmake /home/laprp/Documents/ebug-network/ros/src/ebug_base -DCMAKE_INSTALL_PREFIX=/home/laprp/Documents/ebug-network/ros/src/install/ebug_base
[3.714s] DEBUG:colcon.colcon_core.event_handler.log_command:Invoked command in '/home/laprp/Documents/ebug-network/ros/src/build/ebug_base' returned '0': CMAKE_PREFIX_PATH=/opt/ros/humble /usr/bin/cmake /home/laprp/Documents/ebug-network/ros/src/ebug_base -DCMAKE_INSTALL_PREFIX=/home/laprp/Documents/ebug-network/ros/src/install/ebug_base
[3.716s] DEBUG:colcon.colcon_core.event_handler.log_command:Invoking command in '/home/laprp/Documents/ebug-network/ros/src/build/ebug_base': CMAKE_PREFIX_PATH=/opt/ros/humble /usr/bin/cmake --build /home/laprp/Documents/ebug-network/ros/src/build/ebug_base -- -j8 -l8
[15.698s] DEBUG:colcon.colcon_core.event_handler.log_command:Invoked command in '/home/laprp/Documents/ebug-network/ros/src/build/ebug_base' returned '0': CMAKE_PREFIX_PATH=/opt/ros/humble /usr/bin/cmake --build /home/laprp/Documents/ebug-network/ros/src/build/ebug_base -- -j8 -l8
[15.770s] DEBUG:colcon.colcon_core.event_handler.log_command:Invoking command in '/home/laprp/Documents/ebug-network/ros/src/build/ebug_base': CMAKE_PREFIX_PATH=/opt/ros/humble /usr/bin/cmake --install /home/laprp/Documents/ebug-network/ros/src/build/ebug_base
[15.814s] Level 1:colcon.colcon_core.environment:create_environment_scripts_only(ebug_base)
[15.814s] DEBUG:colcon.colcon_core.event_handler.log_command:Invoked command in '/home/laprp/Documents/ebug-network/ros/src/build/ebug_base' returned '0': CMAKE_PREFIX_PATH=/opt/ros/humble /usr/bin/cmake --install /home/laprp/Documents/ebug-network/ros/src/build/ebug_base
[15.815s] Level 1:colcon.colcon_core.environment:checking '/home/laprp/Documents/ebug-network/ros/src/install/ebug_base' for CMake module files
[15.815s] Level 1:colcon.colcon_core.environment:checking '/home/laprp/Documents/ebug-network/ros/src/install/ebug_base' for CMake config files
[15.816s] Level 1:colcon.colcon_core.shell:create_environment_hook('ebug_base', 'cmake_prefix_path')
[15.816s] INFO:colcon.colcon_core.shell:Creating environment hook '/home/laprp/Documents/ebug-network/ros/src/install/ebug_base/share/ebug_base/hook/cmake_prefix_path.ps1'
[15.816s] INFO:colcon.colcon_core.shell:Creating environment descriptor '/home/laprp/Documents/ebug-network/ros/src/install/ebug_base/share/ebug_base/hook/cmake_prefix_path.dsv'
[15.816s] INFO:colcon.colcon_core.shell:Creating environment hook '/home/laprp/Documents/ebug-network/ros/src/install/ebug_base/share/ebug_base/hook/cmake_prefix_path.sh'
[15.817s] Level 1:colcon.colcon_core.environment:checking '/home/laprp/Documents/ebug-network/ros/src/install/ebug_base/lib'
[15.817s] Level 1:colcon.colcon_core.shell:create_environment_hook('ebug_base', 'ld_library_path_lib')
[15.817s] INFO:colcon.colcon_core.shell:Creating environment hook '/home/laprp/Documents/ebug-network/ros/src/install/ebug_base/share/ebug_base/hook/ld_library_path_lib.ps1'
[15.817s] INFO:colcon.colcon_core.shell:Creating environment descriptor '/home/laprp/Documents/ebug-network/ros/src/install/ebug_base/share/ebug_base/hook/ld_library_path_lib.dsv'
[15.817s] INFO:colcon.colcon_core.shell:Creating environment hook '/home/laprp/Documents/ebug-network/ros/src/install/ebug_base/share/ebug_base/hook/ld_library_path_lib.sh'
[15.817s] Level 1:colcon.colcon_core.environment:checking '/home/laprp/Documents/ebug-network/ros/src/install/ebug_base/bin'
[15.818s] Level 1:colcon.colcon_core.environment:checking '/home/laprp/Documents/ebug-network/ros/src/install/ebug_base/lib/pkgconfig/ebug_base.pc'
[15.818s] Level 1:colcon.colcon_core.environment:checking '/home/laprp/Documents/ebug-network/ros/src/install/ebug_base/lib/python3.10/site-packages'
[15.819s] Level 1:colcon.colcon_core.environment:checking '/home/laprp/Documents/ebug-network/ros/src/install/ebug_base/bin'
[15.819s] INFO:colcon.colcon_core.shell:Creating package script '/home/laprp/Documents/ebug-network/ros/src/install/ebug_base/share/ebug_base/package.ps1'
[15.819s] INFO:colcon.colcon_core.shell:Creating package descriptor '/home/laprp/Documents/ebug-network/ros/src/install/ebug_base/share/ebug_base/package.dsv'
[15.819s] INFO:colcon.colcon_core.shell:Creating package script '/home/laprp/Documents/ebug-network/ros/src/install/ebug_base/share/ebug_base/package.sh'
[15.820s] INFO:colcon.colcon_core.shell:Creating package script '/home/laprp/Documents/ebug-network/ros/src/install/ebug_base/share/ebug_base/package.bash'
[15.820s] INFO:colcon.colcon_core.shell:Creating package script '/home/laprp/Documents/ebug-network/ros/src/install/ebug_base/share/ebug_base/package.zsh'
[15.821s] Level 1:colcon.colcon_core.environment:create_file_with_runtime_dependencies(/home/laprp/Documents/ebug-network/ros/src/install/ebug_base/share/colcon-core/packages/ebug_base)
[15.885s] Level 1:colcon.colcon_core.environment:create_environment_scripts_only(ebug_base)
[15.885s] Level 1:colcon.colcon_core.environment:checking '/home/laprp/Documents/ebug-network/ros/src/install/ebug_base' for CMake module files
[15.885s] Level 1:colcon.colcon_core.environment:checking '/home/laprp/Documents/ebug-network/ros/src/install/ebug_base' for CMake config files
[15.886s] Level 1:colcon.colcon_core.shell:create_environment_hook('ebug_base', 'cmake_prefix_path')
[15.886s] INFO:colcon.colcon_core.shell:Creating environment hook '/home/laprp/Documents/ebug-network/ros/src/install/ebug_base/share/ebug_base/hook/cmake_prefix_path.ps1'
[15.886s] INFO:colcon.colcon_core.shell:Creating environment descriptor '/home/laprp/Documents/ebug-network/ros/src/install/ebug_base/share/ebug_base/hook/cmake_prefix_path.dsv'
[15.886s] INFO:colcon.colcon_core.shell:Creating environment hook '/home/laprp/Documents/ebug-network/ros/src/install/ebug_base/share/ebug_base/hook/cmake_prefix_path.sh'
[15.886s] Level 1:colcon.colcon_core.environment:checking '/home/laprp/Documents/ebug-network/ros/src/install/ebug_base/lib'
[15.886s] Level 1:colcon.colcon_core.shell:create_environment_hook('ebug_base', 'ld_library_path_lib')
[15.887s] INFO:colcon.colcon_core.shell:Creating environment hook '/home/laprp/Documents/ebug-network/ros/src/install/ebug_base/share/ebug_base/hook/ld_library_path_lib.ps1'
[15.887s] INFO:colcon.colcon_core.shell:Creating environment descriptor '/home/laprp/Documents/ebug-network/ros/src/install/ebug_base/share/ebug_base/hook/ld_library_path_lib.dsv'
[15.887s] INFO:colcon.colcon_core.shell:Creating environment hook '/home/laprp/Documents/ebug-network/ros/src/install/ebug_base/share/ebug_base/hook/ld_library_path_lib.sh'
[15.887s] Level 1:colcon.colcon_core.environment:checking '/home/laprp/Documents/ebug-network/ros/src/install/ebug_base/bin'
[15.887s] Level 1:colcon.colcon_core.environment:checking '/home/laprp/Documents/ebug-network/ros/src/install/ebug_base/lib/pkgconfig/ebug_base.pc'
[15.887s] Level 1:colcon.colcon_core.environment:checking '/home/laprp/Documents/ebug-network/ros/src/install/ebug_base/lib/python3.10/site-packages'
[15.887s] Level 1:colcon.colcon_core.environment:checking '/home/laprp/Documents/ebug-network/ros/src/install/ebug_base/bin'
[15.888s] INFO:colcon.colcon_core.shell:Creating package script '/home/laprp/Documents/ebug-network/ros/src/install/ebug_base/share/ebug_base/package.ps1'
[15.888s] INFO:colcon.colcon_core.shell:Creating package descriptor '/home/laprp/Documents/ebug-network/ros/src/install/ebug_base/share/ebug_base/package.dsv'
[15.888s] INFO:colcon.colcon_core.shell:Creating package script '/home/laprp/Documents/ebug-network/ros/src/install/ebug_base/share/ebug_base/package.sh'
[15.888s] INFO:colcon.colcon_core.shell:Creating package script '/home/laprp/Documents/ebug-network/ros/src/install/ebug_base/share/ebug_base/package.bash'
[15.889s] INFO:colcon.colcon_core.shell:Creating package script '/home/laprp/Documents/ebug-network/ros/src/install/ebug_base/share/ebug_base/package.zsh'
[15.889s] Level 1:colcon.colcon_core.environment:create_file_with_runtime_dependencies(/home/laprp/Documents/ebug-network/ros/src/install/ebug_base/share/colcon-core/packages/ebug_base)
[15.889s] INFO:colcon.colcon_ros.task.ament_python.build:Building ROS package in '/home/laprp/Documents/ebug-network/ros/src/ebug' with build type 'ament_python'
[15.889s] Level 1:colcon.colcon_core.shell:create_environment_hook('ebug', 'ament_prefix_path')
[15.889s] INFO:colcon.colcon_core.shell:Creating environment hook '/home/laprp/Documents/ebug-network/ros/src/install/ebug/share/ebug/hook/ament_prefix_path.ps1'
[15.890s] INFO:colcon.colcon_core.shell:Creating environment descriptor '/home/laprp/Documents/ebug-network/ros/src/install/ebug/share/ebug/hook/ament_prefix_path.dsv'
[15.890s] INFO:colcon.colcon_core.shell:Creating environment hook '/home/laprp/Documents/ebug-network/ros/src/install/ebug/share/ebug/hook/ament_prefix_path.sh'
[15.890s] INFO:colcon.colcon_core.shell:Skip shell extension 'powershell' for command environment: Not usable outside of PowerShell
[15.890s] DEBUG:colcon.colcon_core.shell:Skip shell extension 'dsv' for command environment
[16.039s] INFO:colcon.colcon_core.task.python.build:Building Python package in '/home/laprp/Documents/ebug-network/ros/src/ebug'
[16.039s] INFO:colcon.colcon_core.shell:Skip shell extension 'powershell' for command environment: Not usable outside of PowerShell
[16.039s] DEBUG:colcon.colcon_core.shell:Skip shell extension 'dsv' for command environment
[16.224s] DEBUG:colcon.colcon_core.event_handler.log_command:Invoking command in '/home/laprp/Documents/ebug-network/ros/src/ebug': AMENT_PREFIX_PATH=/home/laprp/Documents/ebug-network/ros/src/install/ebug_base:${AMENT_PREFIX_PATH} CMAKE_PREFIX_PATH=/home/laprp/Documents/ebug-network/ros/src/install/ebug_base LD_LIBRARY_PATH=/home/laprp/Documents/ebug-network/ros/src/install/ebug_base/lib:${LD_LIBRARY_PATH} PYTHONPATH=/home/laprp/Documents/ebug-network/ros/src/build/ebug/prefix_override:/home/laprp/Documents/ebug-network/ros/src/install/ebug/lib/python3.10/site-packages:/home/laprp/Documents/ebug-network/ros/src/install/ebug_base/local/lib/python3.10/dist-packages:${PYTHONPATH} /usr/bin/python3 -W ignore:setup.py install is deprecated setup.py egg_info --egg-base ../build/ebug build --build-base /home/laprp/Documents/ebug-network/ros/src/build/ebug/build install --record /home/laprp/Documents/ebug-network/ros/src/build/ebug/install.log --single-version-externally-managed install_data
[16.393s] Level 1:colcon.colcon_core.environment:checking '/home/laprp/Documents/ebug-network/ros/src/install/ebug' for CMake module files
[16.394s] DEBUG:colcon.colcon_core.event_handler.log_command:Invoked command in '/home/laprp/Documents/ebug-network/ros/src/ebug' returned '0': AMENT_PREFIX_PATH=/home/laprp/Documents/ebug-network/ros/src/install/ebug_base:${AMENT_PREFIX_PATH} CMAKE_PREFIX_PATH=/home/laprp/Documents/ebug-network/ros/src/install/ebug_base LD_LIBRARY_PATH=/home/laprp/Documents/ebug-network/ros/src/install/ebug_base/lib:${LD_LIBRARY_PATH} PYTHONPATH=/home/laprp/Documents/ebug-network/ros/src/build/ebug/prefix_override:/home/laprp/Documents/ebug-network/ros/src/install/ebug/lib/python3.10/site-packages:/home/laprp/Documents/ebug-network/ros/src/install/ebug_base/local/lib/python3.10/dist-packages:${PYTHONPATH} /usr/bin/python3 -W ignore:setup.py install is deprecated setup.py egg_info --egg-base ../build/ebug build --build-base /home/laprp/Documents/ebug-network/ros/src/build/ebug/build install --record /home/laprp/Documents/ebug-network/ros/src/build/ebug/install.log --single-version-externally-managed install_data
[16.394s] Level 1:colcon.colcon_core.environment:checking '/home/laprp/Documents/ebug-network/ros/src/install/ebug' for CMake config files
[16.394s] Level 1:colcon.colcon_core.environment:checking '/home/laprp/Documents/ebug-network/ros/src/install/ebug/lib'
[16.394s] Level 1:colcon.colcon_core.environment:checking '/home/laprp/Documents/ebug-network/ros/src/install/ebug/bin'
[16.394s] Level 1:colcon.colcon_core.environment:checking '/home/laprp/Documents/ebug-network/ros/src/install/ebug/lib/pkgconfig/ebug.pc'
[16.395s] Level 1:colcon.colcon_core.environment:checking '/home/laprp/Documents/ebug-network/ros/src/install/ebug/lib/python3.10/site-packages'
[16.395s] Level 1:colcon.colcon_core.shell:create_environment_hook('ebug', 'pythonpath')
[16.395s] INFO:colcon.colcon_core.shell:Creating environment hook '/home/laprp/Documents/ebug-network/ros/src/install/ebug/share/ebug/hook/pythonpath.ps1'
[16.395s] INFO:colcon.colcon_core.shell:Creating environment descriptor '/home/laprp/Documents/ebug-network/ros/src/install/ebug/share/ebug/hook/pythonpath.dsv'
[16.395s] INFO:colcon.colcon_core.shell:Creating environment hook '/home/laprp/Documents/ebug-network/ros/src/install/ebug/share/ebug/hook/pythonpath.sh'
[16.395s] Level 1:colcon.colcon_core.environment:checking '/home/laprp/Documents/ebug-network/ros/src/install/ebug/bin'
[16.395s] Level 1:colcon.colcon_core.environment:create_environment_scripts_only(ebug)
[16.396s] INFO:colcon.colcon_core.shell:Creating package script '/home/laprp/Documents/ebug-network/ros/src/install/ebug/share/ebug/package.ps1'
[16.396s] INFO:colcon.colcon_core.shell:Creating package descriptor '/home/laprp/Documents/ebug-network/ros/src/install/ebug/share/ebug/package.dsv'
[16.396s] INFO:colcon.colcon_core.shell:Creating package script '/home/laprp/Documents/ebug-network/ros/src/install/ebug/share/ebug/package.sh'
[16.396s] INFO:colcon.colcon_core.shell:Creating package script '/home/laprp/Documents/ebug-network/ros/src/install/ebug/share/ebug/package.bash'
[16.396s] INFO:colcon.colcon_core.shell:Creating package script '/home/laprp/Documents/ebug-network/ros/src/install/ebug/share/ebug/package.zsh'
[16.396s] Level 1:colcon.colcon_core.environment:create_file_with_runtime_dependencies(/home/laprp/Documents/ebug-network/ros/src/install/ebug/share/colcon-core/packages/ebug)
[16.397s] DEBUG:colcon.colcon_parallel_executor.executor.parallel:closing loop
[16.397s] DEBUG:colcon.colcon_parallel_executor.executor.parallel:loop closed
[16.397s] DEBUG:colcon.colcon_parallel_executor.executor.parallel:run_until_complete finished with '0'
[16.397s] DEBUG:colcon.colcon_core.event_reactor:joining thread
[16.400s] INFO:colcon.colcon_core.plugin_system:Skipping extension 'colcon_notification.desktop_notification.terminal_notifier': Not used on non-Darwin systems
[16.400s] INFO:colcon.colcon_core.plugin_system:Skipping extension 'colcon_notification.desktop_notification.win32': Not used on non-Windows systems
[16.400s] INFO:colcon.colcon_notification.desktop_notification:Sending desktop notification using 'notify2'
[16.408s] DEBUG:colcon.colcon_core.event_reactor:joined thread
[16.408s] INFO:colcon.colcon_core.shell:Creating prefix script '/home/laprp/Documents/ebug-network/ros/src/install/local_setup.ps1'
[16.409s] INFO:colcon.colcon_core.shell:Creating prefix util module '/home/laprp/Documents/ebug-network/ros/src/install/_local_setup_util_ps1.py'
[16.410s] INFO:colcon.colcon_core.shell:Creating prefix chain script '/home/laprp/Documents/ebug-network/ros/src/install/setup.ps1'
[16.410s] INFO:colcon.colcon_core.shell:Creating prefix script '/home/laprp/Documents/ebug-network/ros/src/install/local_setup.sh'
[16.411s] INFO:colcon.colcon_core.shell:Creating prefix util module '/home/laprp/Documents/ebug-network/ros/src/install/_local_setup_util_sh.py'
[16.411s] INFO:colcon.colcon_core.shell:Creating prefix chain script '/home/laprp/Documents/ebug-network/ros/src/install/setup.sh'
[16.411s] INFO:colcon.colcon_core.shell:Creating prefix script '/home/laprp/Documents/ebug-network/ros/src/install/local_setup.bash'
[16.411s] INFO:colcon.colcon_core.shell:Creating prefix chain script '/home/laprp/Documents/ebug-network/ros/src/install/setup.bash'
[16.412s] INFO:colcon.colcon_core.shell:Creating prefix script '/home/laprp/Documents/ebug-network/ros/src/install/local_setup.zsh'
[16.412s] INFO:colcon.colcon_core.shell:Creating prefix chain script '/home/laprp/Documents/ebug-network/ros/src/install/setup.zsh'
