[0.546s] Invoking command in '/home/laprp/Documents/ebug-network/ros/src/ebug': AMENT_PREFIX_PATH=/home/laprp/Documents/ebug-network/ros/src/install/ebug_base:${AMENT_PREFIX_PATH} CMAKE_PREFIX_PATH=/home/laprp/Documents/ebug-network/ros/src/install/ebug_base LD_LIBRARY_PATH=/home/laprp/Documents/ebug-network/ros/src/install/ebug_base/lib:${LD_LIBRARY_PATH} PYTHONPATH=/home/laprp/Documents/ebug-network/ros/src/build/ebug/prefix_override:/home/laprp/Documents/ebug-network/ros/src/install/ebug/lib/python3.10/site-packages:/home/laprp/Documents/ebug-network/ros/src/install/ebug_base/local/lib/python3.10/dist-packages:${PYTHONPATH} /usr/bin/python3 -W ignore:setup.py install is deprecated setup.py egg_info --egg-base ../build/ebug build --build-base /home/laprp/Documents/ebug-network/ros/src/build/ebug/build install --record /home/laprp/Documents/ebug-network/ros/src/build/ebug/install.log --single-version-externally-managed install_data
[0.761s] running egg_info
[0.761s] creating ../build/ebug/ebug.egg-info
[0.761s] writing ../build/ebug/ebug.egg-info/PKG-INFO
[0.761s] writing dependency_links to ../build/ebug/ebug.egg-info/dependency_links.txt
[0.761s] writing entry points to ../build/ebug/ebug.egg-info/entry_points.txt
[0.761s] writing requirements to ../build/ebug/ebug.egg-info/requires.txt
[0.762s] writing top-level names to ../build/ebug/ebug.egg-info/top_level.txt
[0.762s] writing manifest file '../build/ebug/ebug.egg-info/SOURCES.txt'
[0.763s] reading manifest file '../build/ebug/ebug.egg-info/SOURCES.txt'
[0.763s] adding license file 'LICENSE'
[0.764s] writing manifest file '../build/ebug/ebug.egg-info/SOURCES.txt'
[0.764s] running build
[0.764s] running build_py
[0.764s] creating /home/laprp/Documents/ebug-network/ros/src/build/ebug/build
[0.764s] creating /home/laprp/Documents/ebug-network/ros/src/build/ebug/build/lib
[0.764s] creating /home/laprp/Documents/ebug-network/ros/src/build/ebug/build/lib/ebug
[0.764s] copying ebug/BoidsService.py -> /home/laprp/Documents/ebug-network/ros/src/build/ebug/build/lib/ebug
[0.765s] copying ebug/PyGameDisplay.py -> /home/laprp/Documents/ebug-network/ros/src/build/ebug/build/lib/ebug
[0.765s] copying ebug/__init__.py -> /home/laprp/Documents/ebug-network/ros/src/build/ebug/build/lib/ebug
[0.765s] copying ebug/TransformConverter.py -> /home/laprp/Documents/ebug-network/ros/src/build/ebug/build/lib/ebug
[0.765s] copying ebug/DebugService.py -> /home/laprp/Documents/ebug-network/ros/src/build/ebug/build/lib/ebug
[0.765s] copying ebug/RobotController.py -> /home/laprp/Documents/ebug-network/ros/src/build/ebug/build/lib/ebug
[0.765s] copying ebug/MovementController.py -> /home/laprp/Documents/ebug-network/ros/src/build/ebug/build/lib/ebug
[0.765s] copying ebug/DiscoService.py -> /home/laprp/Documents/ebug-network/ros/src/build/ebug/build/lib/ebug
[0.765s] copying ebug/PseudoMovementController.py -> /home/laprp/Documents/ebug-network/ros/src/build/ebug/build/lib/ebug
[0.765s] creating /home/laprp/Documents/ebug-network/ros/src/build/ebug/build/lib/ebug/util
[0.765s] copying ebug/util/__init__.py -> /home/laprp/Documents/ebug-network/ros/src/build/ebug/build/lib/ebug/util
[0.765s] copying ebug/util/DiscoMode.py -> /home/laprp/Documents/ebug-network/ros/src/build/ebug/build/lib/ebug/util
[0.765s] copying ebug/util/BoidsFunction.py -> /home/laprp/Documents/ebug-network/ros/src/build/ebug/build/lib/ebug/util
[0.765s] copying ebug/util/PololuHardwareInterface.py -> /home/laprp/Documents/ebug-network/ros/src/build/ebug/build/lib/ebug/util
[0.766s] running install
[0.766s] running install_lib
[0.767s] creating /home/laprp/Documents/ebug-network/ros/src/install/ebug/lib/python3.10/site-packages/ebug
[0.767s] copying /home/laprp/Documents/ebug-network/ros/src/build/ebug/build/lib/ebug/BoidsService.py -> /home/laprp/Documents/ebug-network/ros/src/install/ebug/lib/python3.10/site-packages/ebug
[0.767s] copying /home/laprp/Documents/ebug-network/ros/src/build/ebug/build/lib/ebug/PyGameDisplay.py -> /home/laprp/Documents/ebug-network/ros/src/install/ebug/lib/python3.10/site-packages/ebug
[0.767s] copying /home/laprp/Documents/ebug-network/ros/src/build/ebug/build/lib/ebug/__init__.py -> /home/laprp/Documents/ebug-network/ros/src/install/ebug/lib/python3.10/site-packages/ebug
[0.767s] copying /home/laprp/Documents/ebug-network/ros/src/build/ebug/build/lib/ebug/TransformConverter.py -> /home/laprp/Documents/ebug-network/ros/src/install/ebug/lib/python3.10/site-packages/ebug
[0.767s] copying /home/laprp/Documents/ebug-network/ros/src/build/ebug/build/lib/ebug/DebugService.py -> /home/laprp/Documents/ebug-network/ros/src/install/ebug/lib/python3.10/site-packages/ebug
[0.767s] copying /home/laprp/Documents/ebug-network/ros/src/build/ebug/build/lib/ebug/RobotController.py -> /home/laprp/Documents/ebug-network/ros/src/install/ebug/lib/python3.10/site-packages/ebug
[0.767s] copying /home/laprp/Documents/ebug-network/ros/src/build/ebug/build/lib/ebug/MovementController.py -> /home/laprp/Documents/ebug-network/ros/src/install/ebug/lib/python3.10/site-packages/ebug
[0.767s] copying /home/laprp/Documents/ebug-network/ros/src/build/ebug/build/lib/ebug/DiscoService.py -> /home/laprp/Documents/ebug-network/ros/src/install/ebug/lib/python3.10/site-packages/ebug
[0.767s] copying /home/laprp/Documents/ebug-network/ros/src/build/ebug/build/lib/ebug/PseudoMovementController.py -> /home/laprp/Documents/ebug-network/ros/src/install/ebug/lib/python3.10/site-packages/ebug
[0.767s] creating /home/laprp/Documents/ebug-network/ros/src/install/ebug/lib/python3.10/site-packages/ebug/util
[0.767s] copying /home/laprp/Documents/ebug-network/ros/src/build/ebug/build/lib/ebug/util/__init__.py -> /home/laprp/Documents/ebug-network/ros/src/install/ebug/lib/python3.10/site-packages/ebug/util
[0.768s] copying /home/laprp/Documents/ebug-network/ros/src/build/ebug/build/lib/ebug/util/DiscoMode.py -> /home/laprp/Documents/ebug-network/ros/src/install/ebug/lib/python3.10/site-packages/ebug/util
[0.768s] copying /home/laprp/Documents/ebug-network/ros/src/build/ebug/build/lib/ebug/util/BoidsFunction.py -> /home/laprp/Documents/ebug-network/ros/src/install/ebug/lib/python3.10/site-packages/ebug/util
[0.768s] copying /home/laprp/Documents/ebug-network/ros/src/build/ebug/build/lib/ebug/util/PololuHardwareInterface.py -> /home/laprp/Documents/ebug-network/ros/src/install/ebug/lib/python3.10/site-packages/ebug/util
[0.768s] byte-compiling /home/laprp/Documents/ebug-network/ros/src/install/ebug/lib/python3.10/site-packages/ebug/BoidsService.py to BoidsService.cpython-310.pyc
[0.769s] byte-compiling /home/laprp/Documents/ebug-network/ros/src/install/ebug/lib/python3.10/site-packages/ebug/PyGameDisplay.py to PyGameDisplay.cpython-310.pyc
[0.770s] byte-compiling /home/laprp/Documents/ebug-network/ros/src/install/ebug/lib/python3.10/site-packages/ebug/__init__.py to __init__.cpython-310.pyc
[0.770s] byte-compiling /home/laprp/Documents/ebug-network/ros/src/install/ebug/lib/python3.10/site-packages/ebug/TransformConverter.py to TransformConverter.cpython-310.pyc
[0.771s] byte-compiling /home/laprp/Documents/ebug-network/ros/src/install/ebug/lib/python3.10/site-packages/ebug/DebugService.py to DebugService.cpython-310.pyc
[0.771s] byte-compiling /home/laprp/Documents/ebug-network/ros/src/install/ebug/lib/python3.10/site-packages/ebug/RobotController.py to RobotController.cpython-310.pyc
[0.773s] byte-compiling /home/laprp/Documents/ebug-network/ros/src/install/ebug/lib/python3.10/site-packages/ebug/MovementController.py to MovementController.cpython-310.pyc
[0.773s] byte-compiling /home/laprp/Documents/ebug-network/ros/src/install/ebug/lib/python3.10/site-packages/ebug/DiscoService.py to DiscoService.cpython-310.pyc
[0.774s] byte-compiling /home/laprp/Documents/ebug-network/ros/src/install/ebug/lib/python3.10/site-packages/ebug/PseudoMovementController.py to PseudoMovementController.cpython-310.pyc
[0.774s] byte-compiling /home/laprp/Documents/ebug-network/ros/src/install/ebug/lib/python3.10/site-packages/ebug/util/__init__.py to __init__.cpython-310.pyc
[0.775s] byte-compiling /home/laprp/Documents/ebug-network/ros/src/install/ebug/lib/python3.10/site-packages/ebug/util/DiscoMode.py to DiscoMode.cpython-310.pyc
[0.775s] byte-compiling /home/laprp/Documents/ebug-network/ros/src/install/ebug/lib/python3.10/site-packages/ebug/util/BoidsFunction.py to BoidsFunction.cpython-310.pyc
[0.776s] byte-compiling /home/laprp/Documents/ebug-network/ros/src/install/ebug/lib/python3.10/site-packages/ebug/util/PololuHardwareInterface.py to PololuHardwareInterface.cpython-310.pyc
[0.777s] running install_data
[0.777s] creating /home/laprp/Documents/ebug-network/ros/src/install/ebug/share/ament_index
[0.777s] creating /home/laprp/Documents/ebug-network/ros/src/install/ebug/share/ament_index/resource_index
[0.777s] creating /home/laprp/Documents/ebug-network/ros/src/install/ebug/share/ament_index/resource_index/packages
[0.777s] copying resource/ebug -> /home/laprp/Documents/ebug-network/ros/src/install/ebug/share/ament_index/resource_index/packages
[0.777s] copying package.xml -> /home/laprp/Documents/ebug-network/ros/src/install/ebug/share/ebug
[0.777s] creating /home/laprp/Documents/ebug-network/ros/src/install/ebug/share/ebug/rviz
[0.777s] copying rviz/gridmap.rviz -> /home/laprp/Documents/ebug-network/ros/src/install/ebug/share/ebug/rviz
[0.778s] creating /home/laprp/Documents/ebug-network/ros/src/install/ebug/share/ebug/config
[0.778s] copying config/ekfAbsolute.yaml -> /home/laprp/Documents/ebug-network/ros/src/install/ebug/share/ebug/config
[0.778s] copying config/aprilTag.yaml -> /home/laprp/Documents/ebug-network/ros/src/install/ebug/share/ebug/config
[0.778s] copying config/gridmap.yaml -> /home/laprp/Documents/ebug-network/ros/src/install/ebug/share/ebug/config
[0.778s] copying config/ekfRelative.yaml -> /home/laprp/Documents/ebug-network/ros/src/install/ebug/share/ebug/config
[0.779s] creating /home/laprp/Documents/ebug-network/ros/src/install/ebug/share/ebug/calibration
[0.779s] copying calibration/cam_2.yaml -> /home/laprp/Documents/ebug-network/ros/src/install/ebug/share/ebug/calibration
[0.779s] copying calibration/cam_3.yaml -> /home/laprp/Documents/ebug-network/ros/src/install/ebug/share/ebug/calibration
[0.779s] copying calibration/cam_1.yaml -> /home/laprp/Documents/ebug-network/ros/src/install/ebug/share/ebug/calibration
[0.779s] copying calibration/cam_0.yaml -> /home/laprp/Documents/ebug-network/ros/src/install/ebug/share/ebug/calibration
[0.779s] creating /home/laprp/Documents/ebug-network/ros/src/install/ebug/share/ebug/launch
[0.779s] copying launch/agent.launch.py -> /home/laprp/Documents/ebug-network/ros/src/install/ebug/share/ebug/launch
[0.779s] copying launch/visualiser.launch.py -> /home/laprp/Documents/ebug-network/ros/src/install/ebug/share/ebug/launch
[0.780s] copying launch/pseudo.launch.py -> /home/laprp/Documents/ebug-network/ros/src/install/ebug/share/ebug/launch
[0.780s] copying launch/gridmap.launch.py -> /home/laprp/Documents/ebug-network/ros/src/install/ebug/share/ebug/launch
[0.780s] copying launch/teleop.launch.py -> /home/laprp/Documents/ebug-network/ros/src/install/ebug/share/ebug/launch
[0.780s] copying launch/principal.launch.py -> /home/laprp/Documents/ebug-network/ros/src/install/ebug/share/ebug/launch
[0.780s] running install_egg_info
[0.781s] Copying ../build/ebug/ebug.egg-info to /home/laprp/Documents/ebug-network/ros/src/install/ebug/lib/python3.10/site-packages/ebug-0.0.0-py3.10.egg-info
[0.782s] running install_scripts
[0.801s] Installing BoidsService script to /home/laprp/Documents/ebug-network/ros/src/install/ebug/lib/ebug
[0.801s] Installing DebugService script to /home/laprp/Documents/ebug-network/ros/src/install/ebug/lib/ebug
[0.802s] Installing DiscoService script to /home/laprp/Documents/ebug-network/ros/src/install/ebug/lib/ebug
[0.802s] Installing MovementController script to /home/laprp/Documents/ebug-network/ros/src/install/ebug/lib/ebug
[0.802s] Installing PseudoMovementController script to /home/laprp/Documents/ebug-network/ros/src/install/ebug/lib/ebug
[0.802s] Installing PyGameDisplay script to /home/laprp/Documents/ebug-network/ros/src/install/ebug/lib/ebug
[0.802s] Installing RobotController script to /home/laprp/Documents/ebug-network/ros/src/install/ebug/lib/ebug
[0.802s] Installing TeleopController script to /home/laprp/Documents/ebug-network/ros/src/install/ebug/lib/ebug
[0.802s] Installing TransformConverter script to /home/laprp/Documents/ebug-network/ros/src/install/ebug/lib/ebug
[0.802s] writing list of installed files to '/home/laprp/Documents/ebug-network/ros/src/build/ebug/install.log'
[0.823s] Invoked command in '/home/laprp/Documents/ebug-network/ros/src/ebug' returned '0': AMENT_PREFIX_PATH=/home/laprp/Documents/ebug-network/ros/src/install/ebug_base:${AMENT_PREFIX_PATH} CMAKE_PREFIX_PATH=/home/laprp/Documents/ebug-network/ros/src/install/ebug_base LD_LIBRARY_PATH=/home/laprp/Documents/ebug-network/ros/src/install/ebug_base/lib:${LD_LIBRARY_PATH} PYTHONPATH=/home/laprp/Documents/ebug-network/ros/src/build/ebug/prefix_override:/home/laprp/Documents/ebug-network/ros/src/install/ebug/lib/python3.10/site-packages:/home/laprp/Documents/ebug-network/ros/src/install/ebug_base/local/lib/python3.10/dist-packages:${PYTHONPATH} /usr/bin/python3 -W ignore:setup.py install is deprecated setup.py egg_info --egg-base ../build/ebug build --build-base /home/laprp/Documents/ebug-network/ros/src/build/ebug/build install --record /home/laprp/Documents/ebug-network/ros/src/build/ebug/install.log --single-version-externally-managed install_data
