[0.006s] Invoking command in '/home/laprp/Documents/ebug-network/ros/src/build/ebug_base': CMAKE_PREFIX_PATH=/opt/ros/humble /usr/bin/cmake /home/laprp/Documents/ebug-network/ros/src/ebug_base -DCMAKE_INSTALL_PREFIX=/home/laprp/Documents/ebug-network/ros/src/install/ebug_base
[0.053s] -- The C compiler identification is GNU 11.4.0
[0.086s] -- The CXX compiler identification is GNU 11.4.0
[0.091s] -- Detecting C compiler ABI info
[0.133s] -- Detecting C compiler ABI info - done
[0.137s] -- Check for working C compiler: /usr/bin/cc - skipped
[0.137s] -- Detecting C compile features
[0.138s] -- Detecting C compile features - done
[0.139s] -- Detecting CXX compiler ABI info
[0.186s] -- Detecting CXX compiler ABI info - done
[0.191s] -- Check for working CXX compiler: /usr/bin/c++ - skipped
[0.191s] -- Detecting CXX compile features
[0.191s] -- Detecting CXX compile features - done
[0.203s] -- Found ament_cmake: 1.3.8 (/opt/ros/humble/share/ament_cmake/cmake)
[0.289s] -- Found Python3: /usr/bin/python3 (found version "3.10.12") found components: Interpreter 
[0.348s] -- Found rclcpp: 16.0.8 (/opt/ros/humble/share/rclcpp/cmake)
[0.365s] -- Found rosidl_generator_c: 3.1.5 (/opt/ros/humble/share/rosidl_generator_c/cmake)
[0.368s] -- Found rosidl_adapter: 3.1.5 (/opt/ros/humble/share/rosidl_adapter/cmake)
[0.373s] -- Found rosidl_generator_cpp: 3.1.5 (/opt/ros/humble/share/rosidl_generator_cpp/cmake)
[0.380s] -- Using all available rosidl_typesupport_c: rosidl_typesupport_fastrtps_c;rosidl_typesupport_introspection_c
[0.390s] -- Using all available rosidl_typesupport_cpp: rosidl_typesupport_fastrtps_cpp;rosidl_typesupport_introspection_cpp
[0.427s] -- Found rmw_implementation_cmake: 6.1.1 (/opt/ros/humble/share/rmw_implementation_cmake/cmake)
[0.429s] -- Found rmw_fastrtps_cpp: 6.2.6 (/opt/ros/humble/share/rmw_fastrtps_cpp/cmake)
[0.486s] -- Found OpenSSL: /usr/lib/x86_64-linux-gnu/libcrypto.so (found version "3.0.2")  
[0.503s] -- Found FastRTPS: /opt/ros/humble/include  
[0.534s] -- Using RMW implementation 'rmw_fastrtps_cpp' as default
[0.539s] -- Looking for pthread.h
[0.583s] -- Looking for pthread.h - found
[0.583s] -- Performing Test CMAKE_HAVE_LIBC_PTHREAD
[0.630s] -- Performing Test CMAKE_HAVE_LIBC_PTHREAD - Success
[0.630s] -- Found Threads: TRUE  
[0.717s] -- Found rclcpp_components: 16.0.8 (/opt/ros/humble/share/rclcpp_components/cmake)
[0.764s] -- Found rosidl_default_generators: 1.2.0 (/opt/ros/humble/share/rosidl_default_generators/cmake)
[0.769s] -- Found nav_msgs: 4.2.3 (/opt/ros/humble/share/nav_msgs/cmake)
[0.838s] -- Found sensor_msgs: 4.2.3 (/opt/ros/humble/share/sensor_msgs/cmake)
[0.895s] -- Found tf2: 0.25.6 (/opt/ros/humble/share/tf2/cmake)
[0.900s] -- Found tf2_msgs: 0.25.6 (/opt/ros/humble/share/tf2_msgs/cmake)
[0.980s] -- Found message_filters: 4.3.3 (/opt/ros/humble/share/message_filters/cmake)
[0.984s] -- Found image_transport: 3.1.8 (/opt/ros/humble/share/image_transport/cmake)
[0.998s] -- Found compressed_image_transport: 2.5.1 (/opt/ros/humble/share/compressed_image_transport/cmake)
[0.999s] -- Found image_proc: 3.0.4 (/opt/ros/humble/share/image_proc/cmake)
[1.054s] -- Found grid_map_cmake_helpers: 2.0.0 (/opt/ros/humble/share/grid_map_cmake_helpers/cmake)
[1.057s] -- Found grid_map: 2.0.0 (/opt/ros/humble/share/grid_map/cmake)
[1.058s] -- Found grid_map_core: 2.0.0 (/opt/ros/humble/share/grid_map_core/cmake)
[1.060s] -- Found grid_map_ros: 2.0.0 (/opt/ros/humble/share/grid_map_ros/cmake)
[1.389s] -- Found grid_map_rviz_plugin: 2.0.0 (/opt/ros/humble/share/grid_map_rviz_plugin/cmake)
[1.398s] -- Setting OGRE_DIR to: '/opt/ros/humble/share/rviz_ogre_vendor/cmake/../../../opt/rviz_ogre_vendor/lib/OGRE/cmake'
[1.398s] -- Found OGRE
[1.398s] --   static     : OFF
[1.398s] --   components : HLMS;MeshLodGenerator;Overlay;Paging;Property;RTShaderSystem;Terrain;Volume
[1.398s] --   plugins    : Plugin_BSPSceneManager;Plugin_OctreeSceneManager;Plugin_PCZSceneManager;Plugin_ParticleFX;RenderSystem_GL;RenderSystem_GL3Plus;Codec_STBI
[1.398s] --   media      : /opt/ros/humble/opt/rviz_ogre_vendor/share/OGRE/Media
[1.398s] -- OGRE_LIBRARIES: OgreHLMS;OgreMeshLodGenerator;OgreOverlay;OgrePaging;OgreProperty;OgreRTShaderSystem;OgreTerrain;OgreVolume;OgreMain
[1.399s] -- OGRE_LIBRARY_DIRS: /opt/ros/humble/opt/rviz_ogre_vendor/lib
[1.399s] -- OGRE_PLUGINS: Plugin_BSPSceneManager;Plugin_OctreeSceneManager;Plugin_PCZSceneManager;Plugin_ParticleFX;RenderSystem_GL;RenderSystem_GL3Plus;Codec_STBI
[1.399s] -- OGRE_PLUGIN_DIR: /opt/ros/humble/opt/rviz_ogre_vendor/lib/OGRE
[1.399s] -- rviz_ogre_vendor::OgreOverlay for IMPORTED_LOCATION_RELEASE: /opt/ros/humble/opt/rviz_ogre_vendor/lib/libOgreOverlay.so
[1.399s] -- rviz_ogre_vendor::OgreOverlay for IMPORTED_LOCATION_DEBUG: /opt/ros/humble/opt/rviz_ogre_vendor/lib/libOgreOverlay.so
[1.399s] -- rviz_ogre_vendor::OgreMain for IMPORTED_LOCATION_RELEASE: /opt/ros/humble/opt/rviz_ogre_vendor/lib/libOgreMain.so
[1.399s] -- rviz_ogre_vendor::OgreMain for IMPORTED_LOCATION_DEBUG: /opt/ros/humble/opt/rviz_ogre_vendor/lib/libOgreMain.so
[1.408s] -- Found ZLIB: /usr/lib/x86_64-linux-gnu/libz.so (found version "1.2.11") 
[1.410s] -- Found OpenGL: /usr/lib/x86_64-linux-gnu/libOpenGL.so   
[1.464s] -- Found X11: /usr/include   
[1.464s] -- Looking for XOpenDisplay in /usr/lib/x86_64-linux-gnu/libX11.so;/usr/lib/x86_64-linux-gnu/libXext.so
[1.510s] -- Looking for XOpenDisplay in /usr/lib/x86_64-linux-gnu/libX11.so;/usr/lib/x86_64-linux-gnu/libXext.so - found
[1.510s] -- Looking for gethostbyname
[1.552s] -- Looking for gethostbyname - found
[1.553s] -- Looking for connect
[1.595s] -- Looking for connect - found
[1.595s] -- Looking for remove
[1.639s] -- Looking for remove - found
[1.639s] -- Looking for shmat
[1.682s] -- Looking for shmat - found
[1.683s] -- Looking for IceConnectionNumber in ICE
[1.725s] -- Looking for IceConnectionNumber in ICE - found
[1.727s] -- rviz_ogre_vendor::RenderSystem_GL for IMPORTED_LOCATION_RELEASE: _render_system_gl_static_library_abs-NOTFOUND
[1.727s] -- rviz_ogre_vendor::RenderSystem_GL for IMPORTED_LOCATION_DEBUG: _render_system_gl_static_library_abs-NOTFOUND
[1.779s] -- library: /usr/lib/x86_64-linux-gnu/libcurl.so
[1.806s] -- Found Eigen3: TRUE (found version "3.4.0") 
[1.806s] -- Ensuring Eigen3 include directory is part of orocos-kdl CMake target
[1.964s] -- Found grid_map_visualization: 2.0.0 (/opt/ros/humble/share/grid_map_visualization/cmake)
[2.216s] -- Setting build type to Release as none was specified.
[2.381s] -- Found ament_cmake_ros: 0.10.0 (/opt/ros/humble/share/ament_cmake_ros/cmake)
[2.614s] -- Using all available rosidl_typesupport_c: rosidl_typesupport_fastrtps_c;rosidl_typesupport_introspection_c
[2.705s] -- Using all available rosidl_typesupport_cpp: rosidl_typesupport_fastrtps_cpp;rosidl_typesupport_introspection_cpp
[2.718s] -- Found PythonInterp: /usr/bin/python3 (found suitable version "3.10.12", minimum required is "3.6") 
[2.718s] -- Found python_cmake_module: 0.10.0 (/opt/ros/humble/share/python_cmake_module/cmake)
[2.733s] -- Found PythonLibs: /usr/lib/x86_64-linux-gnu/libpython3.10.so (found suitable version "3.10.12", minimum required is "3.5") 
[2.733s] -- Using PYTHON_EXECUTABLE: /usr/bin/python3
[2.733s] -- Using PYTHON_INCLUDE_DIRS: /usr/include/python3.10
[2.733s] -- Using PYTHON_LIBRARIES: /usr/lib/x86_64-linux-gnu/libpython3.10.so
[2.746s] -- Found PythonExtra: .so  
[3.447s] -- Found ament_lint_auto: 0.12.10 (/opt/ros/humble/share/ament_lint_auto/cmake)
[3.456s] -- Added test 'cppcheck' to perform static code analysis on C / C++ code
[3.456s] -- Configured cppcheck include dirs: /home/laprp/Documents/ebug-network/ros/src/ebug_base/include
[3.456s] -- Configured cppcheck exclude dirs and/or files: 
[3.457s] -- Added test 'lint_cmake' to check CMake code style
[3.457s] -- Added test 'uncrustify' to check C / C++ code style
[3.457s] -- Configured uncrustify additional arguments: 
[3.458s] -- Added test 'xmllint' to check XML markup files
[3.459s] -- Configuring done
[3.529s] -- Generating done
[3.531s] -- Build files have been written to: /home/laprp/Documents/ebug-network/ros/src/build/ebug_base
[3.543s] Invoked command in '/home/laprp/Documents/ebug-network/ros/src/build/ebug_base' returned '0': CMAKE_PREFIX_PATH=/opt/ros/humble /usr/bin/cmake /home/laprp/Documents/ebug-network/ros/src/ebug_base -DCMAKE_INSTALL_PREFIX=/home/laprp/Documents/ebug-network/ros/src/install/ebug_base
[3.544s] Invoking command in '/home/laprp/Documents/ebug-network/ros/src/build/ebug_base': CMAKE_PREFIX_PATH=/opt/ros/humble /usr/bin/cmake --build /home/laprp/Documents/ebug-network/ros/src/build/ebug_base -- -j8 -l8
[3.573s] [  1%] [34m[1mGenerating C code for ROS interfaces[0m
[3.581s] [  3%] [34m[1mGenerating C++ code for ROS interfaces[0m
[3.582s] [  6%] [32mBuilding CXX object CMakeFiles/byte_rectifier.dir/rclcpp_components/node_main_byte_rectifier.cpp.o[0m
[3.582s] [  8%] [32mBuilding CXX object CMakeFiles/jpeg_republisher.dir/rclcpp_components/node_main_jpeg_republisher.cpp.o[0m
[3.582s] [ 10%] [32mBuilding CXX object CMakeFiles/byte_rectifier_component.dir/src/byte_rectifier.cpp.o[0m
[3.582s] [ 11%] [32mBuilding CXX object CMakeFiles/gridmap_controller.dir/rclcpp_components/node_main_gridmap_controller.cpp.o[0m
[3.582s] [ 11%] [32mBuilding CXX object CMakeFiles/jpeg_republisher_component.dir/src/jpeg_republisher.cpp.o[0m
[3.589s] [ 11%] Built target ament_cmake_python_copy_ebug_base
[3.821s] running egg_info
[3.822s] creating ebug_base.egg-info
[3.822s] writing ebug_base.egg-info/PKG-INFO
[3.822s] writing dependency_links to ebug_base.egg-info/dependency_links.txt
[3.822s] writing top-level names to ebug_base.egg-info/top_level.txt
[3.822s] writing manifest file 'ebug_base.egg-info/SOURCES.txt'
[3.824s] reading manifest file 'ebug_base.egg-info/SOURCES.txt'
[3.825s] writing manifest file 'ebug_base.egg-info/SOURCES.txt'
[3.851s] [ 11%] Built target ament_cmake_python_build_ebug_base_egg
[4.046s] [ 11%] Built target ebug_base__cpp
[4.058s] [ 13%] [34m[1mGenerating C++ type support dispatch for ROS interfaces[0m
[4.067s] [ 15%] [34m[1mGenerating C++ type support for eProsima Fast-RTPS[0m
[4.078s] [ 16%] [32mBuilding C object CMakeFiles/ebug_base__rosidl_generator_c.dir/rosidl_generator_c/ebug_base/srv/detail/compute_target__functions.c.o[0m
[4.276s] [ 18%] [32mBuilding C object CMakeFiles/ebug_base__rosidl_generator_c.dir/rosidl_generator_c/ebug_base/msg/detail/robot_pose__functions.c.o[0m
[4.373s] [ 20%] [32mBuilding C object CMakeFiles/ebug_base__rosidl_generator_c.dir/rosidl_generator_c/ebug_base/msg/detail/control_command__functions.c.o[0m
[4.397s] [ 22%] [32mBuilding CXX object CMakeFiles/ebug_base__rosidl_typesupport_cpp.dir/rosidl_typesupport_cpp/ebug_base/srv/compute_target__type_support.cpp.o[0m
[4.470s] [ 23%] [32m[1mLinking C shared library libebug_base__rosidl_generator_c.so[0m
[4.506s] [ 23%] Built target ebug_base__rosidl_generator_c
[4.515s] [ 25%] [34m[1mGenerating C++ introspection for ROS interfaces[0m
[4.522s] [ 27%] [32mBuilding CXX object CMakeFiles/ebug_base__rosidl_typesupport_fastrtps_cpp.dir/rosidl_typesupport_fastrtps_cpp/ebug_base/srv/detail/dds_fastrtps/compute_target__type_support.cpp.o[0m
[4.692s] [ 28%] [32mBuilding CXX object CMakeFiles/ebug_base__rosidl_typesupport_cpp.dir/rosidl_typesupport_cpp/ebug_base/msg/robot_pose__type_support.cpp.o[0m
[4.912s] [ 30%] [32mBuilding CXX object CMakeFiles/ebug_base__rosidl_typesupport_introspection_cpp.dir/rosidl_typesupport_introspection_cpp/ebug_base/srv/detail/compute_target__type_support.cpp.o[0m
[4.980s] [ 32%] [32mBuilding CXX object CMakeFiles/ebug_base__rosidl_typesupport_cpp.dir/rosidl_typesupport_cpp/ebug_base/msg/control_command__type_support.cpp.o[0m
[5.000s] [ 33%] [32mBuilding CXX object CMakeFiles/ebug_base__rosidl_typesupport_fastrtps_cpp.dir/rosidl_typesupport_fastrtps_cpp/ebug_base/msg/detail/dds_fastrtps/robot_pose__type_support.cpp.o[0m
[5.267s] [ 35%] [32m[1mLinking CXX shared library libebug_base__rosidl_typesupport_cpp.so[0m
[5.307s] [ 35%] Built target ebug_base__rosidl_typesupport_cpp
[5.316s] [ 37%] [32mBuilding CXX object CMakeFiles/ebug_base__rosidl_typesupport_introspection_cpp.dir/rosidl_typesupport_introspection_cpp/ebug_base/msg/detail/robot_pose__type_support.cpp.o[0m
[5.349s] [ 38%] [32mBuilding CXX object CMakeFiles/ebug_base__rosidl_typesupport_introspection_cpp.dir/rosidl_typesupport_introspection_cpp/ebug_base/msg/detail/control_command__type_support.cpp.o[0m
[5.446s] [ 40%] [32mBuilding CXX object CMakeFiles/ebug_base__rosidl_typesupport_fastrtps_cpp.dir/rosidl_typesupport_fastrtps_cpp/ebug_base/msg/detail/dds_fastrtps/control_command__type_support.cpp.o[0m
[5.721s] [ 42%] [34m[1mGenerating C type support for eProsima Fast-RTPS[0m
[5.745s] [ 44%] [32m[1mLinking CXX shared library libebug_base__rosidl_typesupport_introspection_cpp.so[0m
[5.819s] [ 44%] Built target ebug_base__rosidl_typesupport_introspection_cpp
[5.829s] [ 45%] [34m[1mGenerating C introspection for ROS interfaces[0m
[5.850s] [ 47%] [32m[1mLinking CXX shared library libebug_base__rosidl_typesupport_fastrtps_cpp.so[0m
[5.939s] [ 47%] Built target ebug_base__rosidl_typesupport_fastrtps_cpp
[5.949s] [ 49%] [34m[1mGenerating C type support dispatch for ROS interfaces[0m
[6.113s] [ 50%] [32mBuilding CXX object CMakeFiles/ebug_base__rosidl_typesupport_fastrtps_c.dir/rosidl_typesupport_fastrtps_c/ebug_base/srv/detail/compute_target__type_support_c.cpp.o[0m
[6.213s] [ 52%] [32mBuilding C object CMakeFiles/ebug_base__rosidl_typesupport_introspection_c.dir/rosidl_typesupport_introspection_c/ebug_base/srv/detail/compute_target__type_support.c.o[0m
[6.264s] [ 54%] [32mBuilding C object CMakeFiles/ebug_base__rosidl_typesupport_introspection_c.dir/rosidl_typesupport_introspection_c/ebug_base/msg/detail/robot_pose__type_support.c.o[0m
[6.282s] [ 55%] [32mBuilding CXX object CMakeFiles/ebug_base__rosidl_typesupport_c.dir/rosidl_typesupport_c/ebug_base/srv/compute_target__type_support.cpp.o[0m
[6.303s] [ 57%] [32mBuilding C object CMakeFiles/ebug_base__rosidl_typesupport_introspection_c.dir/rosidl_typesupport_introspection_c/ebug_base/msg/detail/control_command__type_support.c.o[0m
[6.318s] [ 59%] [32mBuilding CXX object CMakeFiles/ebug_base__rosidl_typesupport_c.dir/rosidl_typesupport_c/ebug_base/msg/robot_pose__type_support.cpp.o[0m
[6.343s] [ 61%] [32m[1mLinking C shared library libebug_base__rosidl_typesupport_introspection_c.so[0m
[6.351s] [ 62%] [32mBuilding CXX object CMakeFiles/ebug_base__rosidl_typesupport_c.dir/rosidl_typesupport_c/ebug_base/msg/control_command__type_support.cpp.o[0m
[6.382s] [ 62%] Built target ebug_base__rosidl_typesupport_introspection_c
[6.383s] [ 64%] [32m[1mLinking CXX shared library libebug_base__rosidl_typesupport_c.so[0m
[6.420s] [ 66%] [32mBuilding CXX object CMakeFiles/gridmap_controller_component.dir/src/gridmap_controller.cpp.o[0m
[6.423s] [ 66%] Built target ebug_base__rosidl_typesupport_c
[6.432s] [ 67%] [32mBuilding CXX object CMakeFiles/ebug_base__rosidl_typesupport_fastrtps_c.dir/rosidl_typesupport_fastrtps_c/ebug_base/msg/detail/robot_pose__type_support_c.cpp.o[0m
[6.569s] [ 69%] [32mBuilding CXX object CMakeFiles/ebug_base__rosidl_typesupport_fastrtps_c.dir/rosidl_typesupport_fastrtps_c/ebug_base/msg/detail/control_command__type_support_c.cpp.o[0m
[6.944s] [ 71%] [32m[1mLinking CXX shared library libebug_base__rosidl_typesupport_fastrtps_c.so[0m
[7.024s] [ 71%] Built target ebug_base__rosidl_typesupport_fastrtps_c
[7.044s] [ 71%] Built target ebug_base
[7.064s] [ 72%] [34m[1mGenerating Python code for ROS interfaces[0m
[7.235s] [ 74%] [32m[1mLinking CXX executable gridmap_controller[0m
[7.365s] [ 74%] Built target gridmap_controller
[7.366s] [ 76%] [32m[1mLinking CXX executable byte_rectifier[0m
[7.442s] [ 77%] [32m[1mLinking CXX executable jpeg_republisher[0m
[7.475s] [ 77%] Built target byte_rectifier
[7.558s] [ 77%] Built target jpeg_republisher
[7.588s] [ 77%] Built target ebug_base__py
[7.602s] [ 79%] [32mBuilding C object CMakeFiles/ebug_base__rosidl_generator_py.dir/rosidl_generator_py/ebug_base/srv/_compute_target_s.c.o[0m
[7.603s] [ 83%] [32mBuilding C object CMakeFiles/ebug_base__rosidl_generator_py.dir/rosidl_generator_py/ebug_base/msg/_control_command_s.c.o[0m
[7.603s] [ 83%] [32mBuilding C object CMakeFiles/ebug_base__rosidl_generator_py.dir/rosidl_generator_py/ebug_base/msg/_robot_pose_s.c.o[0m
[7.756s] [ 84%] [32m[1mLinking C shared library rosidl_generator_py/ebug_base/libebug_base__rosidl_generator_py.so[0m
[7.783s] [ 84%] Built target ebug_base__rosidl_generator_py
[7.798s] [ 86%] [32mBuilding C object CMakeFiles/ebug_base__rosidl_typesupport_c__pyext.dir/rosidl_generator_py/ebug_base/_ebug_base_s.ep.rosidl_typesupport_c.c.o[0m
[7.799s] [ 88%] [32mBuilding C object CMakeFiles/ebug_base__rosidl_typesupport_fastrtps_c__pyext.dir/rosidl_generator_py/ebug_base/_ebug_base_s.ep.rosidl_typesupport_fastrtps_c.c.o[0m
[7.799s] [ 89%] [32mBuilding C object CMakeFiles/ebug_base__rosidl_typesupport_introspection_c__pyext.dir/rosidl_generator_py/ebug_base/_ebug_base_s.ep.rosidl_typesupport_introspection_c.c.o[0m
[7.971s] [ 94%] [32m[1mLinking C shared library rosidl_generator_py/ebug_base/ebug_base_s__rosidl_typesupport_fastrtps_c.cpython-310-x86_64-linux-gnu.so[0m
[7.971s] [ 94%] [32m[1mLinking C shared library rosidl_generator_py/ebug_base/ebug_base_s__rosidl_typesupport_c.cpython-310-x86_64-linux-gnu.so[0m
[7.971s] [ 94%] [32m[1mLinking C shared library rosidl_generator_py/ebug_base/ebug_base_s__rosidl_typesupport_introspection_c.cpython-310-x86_64-linux-gnu.so[0m
[7.997s] [ 94%] Built target ebug_base__rosidl_typesupport_c__pyext
[8.004s] [ 94%] Built target ebug_base__rosidl_typesupport_fastrtps_c__pyext
[8.005s] [ 94%] Built target ebug_base__rosidl_typesupport_introspection_c__pyext
[10.922s] [ 96%] [32m[1mLinking CXX shared library libjpeg_republisher_component.so[0m
[11.001s] [ 96%] Built target jpeg_republisher_component
[12.414s] [ 98%] [32m[1mLinking CXX shared library libbyte_rectifier_component.so[0m
[12.511s] [ 98%] Built target byte_rectifier_component
[15.296s] [100%] [32m[1mLinking CXX shared library libgridmap_controller_component.so[0m
[15.513s] [100%] Built target gridmap_controller_component
[15.527s] Invoked command in '/home/laprp/Documents/ebug-network/ros/src/build/ebug_base' returned '0': CMAKE_PREFIX_PATH=/opt/ros/humble /usr/bin/cmake --build /home/laprp/Documents/ebug-network/ros/src/build/ebug_base -- -j8 -l8
[15.598s] Invoking command in '/home/laprp/Documents/ebug-network/ros/src/build/ebug_base': CMAKE_PREFIX_PATH=/opt/ros/humble /usr/bin/cmake --install /home/laprp/Documents/ebug-network/ros/src/build/ebug_base
[15.603s] -- Install configuration: "Release"
[15.604s] -- Installing: /home/laprp/Documents/ebug-network/ros/src/install/ebug_base/share/ament_index/resource_index/rosidl_interfaces/ebug_base
[15.604s] -- Installing: /home/laprp/Documents/ebug-network/ros/src/install/ebug_base/include/ebug_base/ebug_base
[15.604s] -- Installing: /home/laprp/Documents/ebug-network/ros/src/install/ebug_base/include/ebug_base/ebug_base/srv
[15.604s] -- Installing: /home/laprp/Documents/ebug-network/ros/src/install/ebug_base/include/ebug_base/ebug_base/srv/detail
[15.604s] -- Installing: /home/laprp/Documents/ebug-network/ros/src/install/ebug_base/include/ebug_base/ebug_base/srv/detail/compute_target__functions.h
[15.604s] -- Installing: /home/laprp/Documents/ebug-network/ros/src/install/ebug_base/include/ebug_base/ebug_base/srv/detail/compute_target__type_support.h
[15.604s] -- Installing: /home/laprp/Documents/ebug-network/ros/src/install/ebug_base/include/ebug_base/ebug_base/srv/detail/compute_target__functions.c
[15.604s] -- Installing: /home/laprp/Documents/ebug-network/ros/src/install/ebug_base/include/ebug_base/ebug_base/srv/detail/compute_target__struct.h
[15.604s] -- Installing: /home/laprp/Documents/ebug-network/ros/src/install/ebug_base/include/ebug_base/ebug_base/srv/compute_target.h
[15.604s] -- Installing: /home/laprp/Documents/ebug-network/ros/src/install/ebug_base/include/ebug_base/ebug_base/msg
[15.604s] -- Installing: /home/laprp/Documents/ebug-network/ros/src/install/ebug_base/include/ebug_base/ebug_base/msg/control_command.h
[15.604s] -- Installing: /home/laprp/Documents/ebug-network/ros/src/install/ebug_base/include/ebug_base/ebug_base/msg/robot_pose.h
[15.604s] -- Installing: /home/laprp/Documents/ebug-network/ros/src/install/ebug_base/include/ebug_base/ebug_base/msg/rosidl_generator_c__visibility_control.h
[15.604s] -- Installing: /home/laprp/Documents/ebug-network/ros/src/install/ebug_base/include/ebug_base/ebug_base/msg/detail
[15.604s] -- Installing: /home/laprp/Documents/ebug-network/ros/src/install/ebug_base/include/ebug_base/ebug_base/msg/detail/robot_pose__functions.c
[15.604s] -- Installing: /home/laprp/Documents/ebug-network/ros/src/install/ebug_base/include/ebug_base/ebug_base/msg/detail/robot_pose__functions.h
[15.604s] -- Installing: /home/laprp/Documents/ebug-network/ros/src/install/ebug_base/include/ebug_base/ebug_base/msg/detail/control_command__struct.h
[15.604s] -- Installing: /home/laprp/Documents/ebug-network/ros/src/install/ebug_base/include/ebug_base/ebug_base/msg/detail/control_command__type_support.h
[15.604s] -- Installing: /home/laprp/Documents/ebug-network/ros/src/install/ebug_base/include/ebug_base/ebug_base/msg/detail/robot_pose__struct.h
[15.605s] -- Installing: /home/laprp/Documents/ebug-network/ros/src/install/ebug_base/include/ebug_base/ebug_base/msg/detail/control_command__functions.c
[15.605s] -- Installing: /home/laprp/Documents/ebug-network/ros/src/install/ebug_base/include/ebug_base/ebug_base/msg/detail/control_command__functions.h
[15.605s] -- Installing: /home/laprp/Documents/ebug-network/ros/src/install/ebug_base/include/ebug_base/ebug_base/msg/detail/robot_pose__type_support.h
[15.605s] -- Installing: /home/laprp/Documents/ebug-network/ros/src/install/ebug_base/share/ebug_base/environment/library_path.sh
[15.605s] -- Installing: /home/laprp/Documents/ebug-network/ros/src/install/ebug_base/share/ebug_base/environment/library_path.dsv
[15.605s] -- Installing: /home/laprp/Documents/ebug-network/ros/src/install/ebug_base/lib/libebug_base__rosidl_generator_c.so
[15.605s] -- Set runtime path of "/home/laprp/Documents/ebug-network/ros/src/install/ebug_base/lib/libebug_base__rosidl_generator_c.so" to ""
[15.605s] -- Up-to-date: /home/laprp/Documents/ebug-network/ros/src/install/ebug_base/include/ebug_base/ebug_base
[15.605s] -- Up-to-date: /home/laprp/Documents/ebug-network/ros/src/install/ebug_base/include/ebug_base/ebug_base/srv
[15.605s] -- Up-to-date: /home/laprp/Documents/ebug-network/ros/src/install/ebug_base/include/ebug_base/ebug_base/srv/detail
[15.605s] -- Installing: /home/laprp/Documents/ebug-network/ros/src/install/ebug_base/include/ebug_base/ebug_base/srv/detail/compute_target__rosidl_typesupport_fastrtps_c.h
[15.605s] -- Up-to-date: /home/laprp/Documents/ebug-network/ros/src/install/ebug_base/include/ebug_base/ebug_base/msg
[15.605s] -- Up-to-date: /home/laprp/Documents/ebug-network/ros/src/install/ebug_base/include/ebug_base/ebug_base/msg/detail
[15.605s] -- Installing: /home/laprp/Documents/ebug-network/ros/src/install/ebug_base/include/ebug_base/ebug_base/msg/detail/robot_pose__rosidl_typesupport_fastrtps_c.h
[15.605s] -- Installing: /home/laprp/Documents/ebug-network/ros/src/install/ebug_base/include/ebug_base/ebug_base/msg/detail/control_command__rosidl_typesupport_fastrtps_c.h
[15.605s] -- Installing: /home/laprp/Documents/ebug-network/ros/src/install/ebug_base/include/ebug_base/ebug_base/msg/rosidl_typesupport_fastrtps_c__visibility_control.h
[15.605s] -- Installing: /home/laprp/Documents/ebug-network/ros/src/install/ebug_base/lib/libebug_base__rosidl_typesupport_fastrtps_c.so
[15.605s] -- Set runtime path of "/home/laprp/Documents/ebug-network/ros/src/install/ebug_base/lib/libebug_base__rosidl_typesupport_fastrtps_c.so" to ""
[15.605s] -- Up-to-date: /home/laprp/Documents/ebug-network/ros/src/install/ebug_base/include/ebug_base/ebug_base
[15.605s] -- Up-to-date: /home/laprp/Documents/ebug-network/ros/src/install/ebug_base/include/ebug_base/ebug_base/srv
[15.605s] -- Up-to-date: /home/laprp/Documents/ebug-network/ros/src/install/ebug_base/include/ebug_base/ebug_base/srv/detail
[15.605s] -- Installing: /home/laprp/Documents/ebug-network/ros/src/install/ebug_base/include/ebug_base/ebug_base/srv/detail/compute_target__traits.hpp
[15.606s] -- Installing: /home/laprp/Documents/ebug-network/ros/src/install/ebug_base/include/ebug_base/ebug_base/srv/detail/compute_target__builder.hpp
[15.606s] -- Installing: /home/laprp/Documents/ebug-network/ros/src/install/ebug_base/include/ebug_base/ebug_base/srv/detail/compute_target__struct.hpp
[15.606s] -- Installing: /home/laprp/Documents/ebug-network/ros/src/install/ebug_base/include/ebug_base/ebug_base/srv/compute_target.hpp
[15.606s] -- Up-to-date: /home/laprp/Documents/ebug-network/ros/src/install/ebug_base/include/ebug_base/ebug_base/msg
[15.606s] -- Installing: /home/laprp/Documents/ebug-network/ros/src/install/ebug_base/include/ebug_base/ebug_base/msg/robot_pose.hpp
[15.606s] -- Up-to-date: /home/laprp/Documents/ebug-network/ros/src/install/ebug_base/include/ebug_base/ebug_base/msg/detail
[15.606s] -- Installing: /home/laprp/Documents/ebug-network/ros/src/install/ebug_base/include/ebug_base/ebug_base/msg/detail/robot_pose__struct.hpp
[15.606s] -- Installing: /home/laprp/Documents/ebug-network/ros/src/install/ebug_base/include/ebug_base/ebug_base/msg/detail/control_command__struct.hpp
[15.606s] -- Installing: /home/laprp/Documents/ebug-network/ros/src/install/ebug_base/include/ebug_base/ebug_base/msg/detail/control_command__builder.hpp
[15.606s] -- Installing: /home/laprp/Documents/ebug-network/ros/src/install/ebug_base/include/ebug_base/ebug_base/msg/detail/robot_pose__traits.hpp
[15.606s] -- Installing: /home/laprp/Documents/ebug-network/ros/src/install/ebug_base/include/ebug_base/ebug_base/msg/detail/robot_pose__builder.hpp
[15.606s] -- Installing: /home/laprp/Documents/ebug-network/ros/src/install/ebug_base/include/ebug_base/ebug_base/msg/detail/control_command__traits.hpp
[15.606s] -- Installing: /home/laprp/Documents/ebug-network/ros/src/install/ebug_base/include/ebug_base/ebug_base/msg/control_command.hpp
[15.606s] -- Up-to-date: /home/laprp/Documents/ebug-network/ros/src/install/ebug_base/include/ebug_base/ebug_base
[15.606s] -- Up-to-date: /home/laprp/Documents/ebug-network/ros/src/install/ebug_base/include/ebug_base/ebug_base/srv
[15.606s] -- Up-to-date: /home/laprp/Documents/ebug-network/ros/src/install/ebug_base/include/ebug_base/ebug_base/srv/detail
[15.606s] -- Installing: /home/laprp/Documents/ebug-network/ros/src/install/ebug_base/include/ebug_base/ebug_base/srv/detail/compute_target__rosidl_typesupport_fastrtps_cpp.hpp
[15.606s] -- Installing: /home/laprp/Documents/ebug-network/ros/src/install/ebug_base/include/ebug_base/ebug_base/srv/detail/dds_fastrtps
[15.606s] -- Up-to-date: /home/laprp/Documents/ebug-network/ros/src/install/ebug_base/include/ebug_base/ebug_base/msg
[15.606s] -- Up-to-date: /home/laprp/Documents/ebug-network/ros/src/install/ebug_base/include/ebug_base/ebug_base/msg/detail
[15.606s] -- Installing: /home/laprp/Documents/ebug-network/ros/src/install/ebug_base/include/ebug_base/ebug_base/msg/detail/robot_pose__rosidl_typesupport_fastrtps_cpp.hpp
[15.607s] -- Installing: /home/laprp/Documents/ebug-network/ros/src/install/ebug_base/include/ebug_base/ebug_base/msg/detail/control_command__rosidl_typesupport_fastrtps_cpp.hpp
[15.607s] -- Installing: /home/laprp/Documents/ebug-network/ros/src/install/ebug_base/include/ebug_base/ebug_base/msg/detail/dds_fastrtps
[15.607s] -- Installing: /home/laprp/Documents/ebug-network/ros/src/install/ebug_base/include/ebug_base/ebug_base/msg/rosidl_typesupport_fastrtps_cpp__visibility_control.h
[15.607s] -- Installing: /home/laprp/Documents/ebug-network/ros/src/install/ebug_base/lib/libebug_base__rosidl_typesupport_fastrtps_cpp.so
[15.607s] -- Set runtime path of "/home/laprp/Documents/ebug-network/ros/src/install/ebug_base/lib/libebug_base__rosidl_typesupport_fastrtps_cpp.so" to ""
[15.607s] -- Up-to-date: /home/laprp/Documents/ebug-network/ros/src/install/ebug_base/include/ebug_base/ebug_base
[15.607s] -- Up-to-date: /home/laprp/Documents/ebug-network/ros/src/install/ebug_base/include/ebug_base/ebug_base/srv
[15.607s] -- Up-to-date: /home/laprp/Documents/ebug-network/ros/src/install/ebug_base/include/ebug_base/ebug_base/srv/detail
[15.607s] -- Installing: /home/laprp/Documents/ebug-network/ros/src/install/ebug_base/include/ebug_base/ebug_base/srv/detail/compute_target__rosidl_typesupport_introspection_c.h
[15.607s] -- Installing: /home/laprp/Documents/ebug-network/ros/src/install/ebug_base/include/ebug_base/ebug_base/srv/detail/compute_target__type_support.c
[15.607s] -- Up-to-date: /home/laprp/Documents/ebug-network/ros/src/install/ebug_base/include/ebug_base/ebug_base/msg
[15.607s] -- Up-to-date: /home/laprp/Documents/ebug-network/ros/src/install/ebug_base/include/ebug_base/ebug_base/msg/detail
[15.607s] -- Installing: /home/laprp/Documents/ebug-network/ros/src/install/ebug_base/include/ebug_base/ebug_base/msg/detail/control_command__rosidl_typesupport_introspection_c.h
[15.607s] -- Installing: /home/laprp/Documents/ebug-network/ros/src/install/ebug_base/include/ebug_base/ebug_base/msg/detail/robot_pose__type_support.c
[15.607s] -- Installing: /home/laprp/Documents/ebug-network/ros/src/install/ebug_base/include/ebug_base/ebug_base/msg/detail/control_command__type_support.c
[15.607s] -- Installing: /home/laprp/Documents/ebug-network/ros/src/install/ebug_base/include/ebug_base/ebug_base/msg/detail/robot_pose__rosidl_typesupport_introspection_c.h
[15.607s] -- Installing: /home/laprp/Documents/ebug-network/ros/src/install/ebug_base/include/ebug_base/ebug_base/msg/rosidl_typesupport_introspection_c__visibility_control.h
[15.607s] -- Installing: /home/laprp/Documents/ebug-network/ros/src/install/ebug_base/lib/libebug_base__rosidl_typesupport_introspection_c.so
[15.607s] -- Set runtime path of "/home/laprp/Documents/ebug-network/ros/src/install/ebug_base/lib/libebug_base__rosidl_typesupport_introspection_c.so" to ""
[15.607s] -- Installing: /home/laprp/Documents/ebug-network/ros/src/install/ebug_base/lib/libebug_base__rosidl_typesupport_c.so
[15.607s] -- Set runtime path of "/home/laprp/Documents/ebug-network/ros/src/install/ebug_base/lib/libebug_base__rosidl_typesupport_c.so" to ""
[15.607s] -- Up-to-date: /home/laprp/Documents/ebug-network/ros/src/install/ebug_base/include/ebug_base/ebug_base
[15.608s] -- Up-to-date: /home/laprp/Documents/ebug-network/ros/src/install/ebug_base/include/ebug_base/ebug_base/srv
[15.608s] -- Up-to-date: /home/laprp/Documents/ebug-network/ros/src/install/ebug_base/include/ebug_base/ebug_base/srv/detail
[15.608s] -- Installing: /home/laprp/Documents/ebug-network/ros/src/install/ebug_base/include/ebug_base/ebug_base/srv/detail/compute_target__type_support.cpp
[15.608s] -- Installing: /home/laprp/Documents/ebug-network/ros/src/install/ebug_base/include/ebug_base/ebug_base/srv/detail/compute_target__rosidl_typesupport_introspection_cpp.hpp
[15.608s] -- Up-to-date: /home/laprp/Documents/ebug-network/ros/src/install/ebug_base/include/ebug_base/ebug_base/msg
[15.608s] -- Up-to-date: /home/laprp/Documents/ebug-network/ros/src/install/ebug_base/include/ebug_base/ebug_base/msg/detail
[15.608s] -- Installing: /home/laprp/Documents/ebug-network/ros/src/install/ebug_base/include/ebug_base/ebug_base/msg/detail/control_command__type_support.cpp
[15.608s] -- Installing: /home/laprp/Documents/ebug-network/ros/src/install/ebug_base/include/ebug_base/ebug_base/msg/detail/robot_pose__rosidl_typesupport_introspection_cpp.hpp
[15.608s] -- Installing: /home/laprp/Documents/ebug-network/ros/src/install/ebug_base/include/ebug_base/ebug_base/msg/detail/control_command__rosidl_typesupport_introspection_cpp.hpp
[15.608s] -- Installing: /home/laprp/Documents/ebug-network/ros/src/install/ebug_base/include/ebug_base/ebug_base/msg/detail/robot_pose__type_support.cpp
[15.608s] -- Installing: /home/laprp/Documents/ebug-network/ros/src/install/ebug_base/lib/libebug_base__rosidl_typesupport_introspection_cpp.so
[15.608s] -- Set runtime path of "/home/laprp/Documents/ebug-network/ros/src/install/ebug_base/lib/libebug_base__rosidl_typesupport_introspection_cpp.so" to ""
[15.608s] -- Installing: /home/laprp/Documents/ebug-network/ros/src/install/ebug_base/lib/libebug_base__rosidl_typesupport_cpp.so
[15.608s] -- Set runtime path of "/home/laprp/Documents/ebug-network/ros/src/install/ebug_base/lib/libebug_base__rosidl_typesupport_cpp.so" to ""
[15.608s] -- Installing: /home/laprp/Documents/ebug-network/ros/src/install/ebug_base/share/ebug_base/environment/pythonpath.sh
[15.608s] -- Installing: /home/laprp/Documents/ebug-network/ros/src/install/ebug_base/share/ebug_base/environment/pythonpath.dsv
[15.608s] -- Installing: /home/laprp/Documents/ebug-network/ros/src/install/ebug_base/local/lib/python3.10/dist-packages/ebug_base-0.0.0-py3.10.egg-info
[15.608s] -- Installing: /home/laprp/Documents/ebug-network/ros/src/install/ebug_base/local/lib/python3.10/dist-packages/ebug_base-0.0.0-py3.10.egg-info/dependency_links.txt
[15.608s] -- Installing: /home/laprp/Documents/ebug-network/ros/src/install/ebug_base/local/lib/python3.10/dist-packages/ebug_base-0.0.0-py3.10.egg-info/PKG-INFO
[15.608s] -- Installing: /home/laprp/Documents/ebug-network/ros/src/install/ebug_base/local/lib/python3.10/dist-packages/ebug_base-0.0.0-py3.10.egg-info/top_level.txt
[15.608s] -- Installing: /home/laprp/Documents/ebug-network/ros/src/install/ebug_base/local/lib/python3.10/dist-packages/ebug_base-0.0.0-py3.10.egg-info/SOURCES.txt
[15.608s] -- Installing: /home/laprp/Documents/ebug-network/ros/src/install/ebug_base/local/lib/python3.10/dist-packages/ebug_base
[15.608s] -- Installing: /home/laprp/Documents/ebug-network/ros/src/install/ebug_base/local/lib/python3.10/dist-packages/ebug_base/__init__.py
[15.609s] -- Installing: /home/laprp/Documents/ebug-network/ros/src/install/ebug_base/local/lib/python3.10/dist-packages/ebug_base/ebug_base_s__rosidl_typesupport_fastrtps_c.cpython-310-x86_64-linux-gnu.so
[15.609s] -- Installing: /home/laprp/Documents/ebug-network/ros/src/install/ebug_base/local/lib/python3.10/dist-packages/ebug_base/_ebug_base_s.ep.rosidl_typesupport_c.c
[15.609s] -- Installing: /home/laprp/Documents/ebug-network/ros/src/install/ebug_base/local/lib/python3.10/dist-packages/ebug_base/ebug_base_s__rosidl_typesupport_introspection_c.cpython-310-x86_64-linux-gnu.so
[15.609s] -- Installing: /home/laprp/Documents/ebug-network/ros/src/install/ebug_base/local/lib/python3.10/dist-packages/ebug_base/ebug_base_s__rosidl_typesupport_c.cpython-310-x86_64-linux-gnu.so
[15.609s] -- Installing: /home/laprp/Documents/ebug-network/ros/src/install/ebug_base/local/lib/python3.10/dist-packages/ebug_base/_ebug_base_s.ep.rosidl_typesupport_introspection_c.c
[15.609s] -- Installing: /home/laprp/Documents/ebug-network/ros/src/install/ebug_base/local/lib/python3.10/dist-packages/ebug_base/libebug_base__rosidl_generator_py.so
[15.609s] -- Installing: /home/laprp/Documents/ebug-network/ros/src/install/ebug_base/local/lib/python3.10/dist-packages/ebug_base/_ebug_base_s.ep.rosidl_typesupport_fastrtps_c.c
[15.609s] -- Installing: /home/laprp/Documents/ebug-network/ros/src/install/ebug_base/local/lib/python3.10/dist-packages/ebug_base/srv
[15.609s] -- Installing: /home/laprp/Documents/ebug-network/ros/src/install/ebug_base/local/lib/python3.10/dist-packages/ebug_base/srv/__init__.py
[15.609s] -- Installing: /home/laprp/Documents/ebug-network/ros/src/install/ebug_base/local/lib/python3.10/dist-packages/ebug_base/srv/_compute_target_s.c
[15.609s] -- Installing: /home/laprp/Documents/ebug-network/ros/src/install/ebug_base/local/lib/python3.10/dist-packages/ebug_base/srv/_compute_target.py
[15.609s] -- Installing: /home/laprp/Documents/ebug-network/ros/src/install/ebug_base/local/lib/python3.10/dist-packages/ebug_base/msg
[15.609s] -- Installing: /home/laprp/Documents/ebug-network/ros/src/install/ebug_base/local/lib/python3.10/dist-packages/ebug_base/msg/__init__.py
[15.609s] -- Installing: /home/laprp/Documents/ebug-network/ros/src/install/ebug_base/local/lib/python3.10/dist-packages/ebug_base/msg/_robot_pose_s.c
[15.609s] -- Installing: /home/laprp/Documents/ebug-network/ros/src/install/ebug_base/local/lib/python3.10/dist-packages/ebug_base/msg/_control_command.py
[15.609s] -- Installing: /home/laprp/Documents/ebug-network/ros/src/install/ebug_base/local/lib/python3.10/dist-packages/ebug_base/msg/_control_command_s.c
[15.609s] -- Installing: /home/laprp/Documents/ebug-network/ros/src/install/ebug_base/local/lib/python3.10/dist-packages/ebug_base/msg/_robot_pose.py
[15.630s] Listing '/home/laprp/Documents/ebug-network/ros/src/install/ebug_base/local/lib/python3.10/dist-packages/ebug_base'...
[15.630s] Compiling '/home/laprp/Documents/ebug-network/ros/src/install/ebug_base/local/lib/python3.10/dist-packages/ebug_base/__init__.py'...
[15.630s] Listing '/home/laprp/Documents/ebug-network/ros/src/install/ebug_base/local/lib/python3.10/dist-packages/ebug_base/msg'...
[15.630s] Compiling '/home/laprp/Documents/ebug-network/ros/src/install/ebug_base/local/lib/python3.10/dist-packages/ebug_base/msg/__init__.py'...
[15.630s] Compiling '/home/laprp/Documents/ebug-network/ros/src/install/ebug_base/local/lib/python3.10/dist-packages/ebug_base/msg/_control_command.py'...
[15.630s] Compiling '/home/laprp/Documents/ebug-network/ros/src/install/ebug_base/local/lib/python3.10/dist-packages/ebug_base/msg/_robot_pose.py'...
[15.630s] Listing '/home/laprp/Documents/ebug-network/ros/src/install/ebug_base/local/lib/python3.10/dist-packages/ebug_base/srv'...
[15.630s] Compiling '/home/laprp/Documents/ebug-network/ros/src/install/ebug_base/local/lib/python3.10/dist-packages/ebug_base/srv/__init__.py'...
[15.631s] Compiling '/home/laprp/Documents/ebug-network/ros/src/install/ebug_base/local/lib/python3.10/dist-packages/ebug_base/srv/_compute_target.py'...
[15.633s] -- Installing: /home/laprp/Documents/ebug-network/ros/src/install/ebug_base/local/lib/python3.10/dist-packages/ebug_base/ebug_base_s__rosidl_typesupport_fastrtps_c.cpython-310-x86_64-linux-gnu.so
[15.633s] -- Set runtime path of "/home/laprp/Documents/ebug-network/ros/src/install/ebug_base/local/lib/python3.10/dist-packages/ebug_base/ebug_base_s__rosidl_typesupport_fastrtps_c.cpython-310-x86_64-linux-gnu.so" to ""
[15.633s] -- Installing: /home/laprp/Documents/ebug-network/ros/src/install/ebug_base/local/lib/python3.10/dist-packages/ebug_base/ebug_base_s__rosidl_typesupport_introspection_c.cpython-310-x86_64-linux-gnu.so
[15.633s] -- Set runtime path of "/home/laprp/Documents/ebug-network/ros/src/install/ebug_base/local/lib/python3.10/dist-packages/ebug_base/ebug_base_s__rosidl_typesupport_introspection_c.cpython-310-x86_64-linux-gnu.so" to ""
[15.633s] -- Installing: /home/laprp/Documents/ebug-network/ros/src/install/ebug_base/local/lib/python3.10/dist-packages/ebug_base/ebug_base_s__rosidl_typesupport_c.cpython-310-x86_64-linux-gnu.so
[15.634s] -- Set runtime path of "/home/laprp/Documents/ebug-network/ros/src/install/ebug_base/local/lib/python3.10/dist-packages/ebug_base/ebug_base_s__rosidl_typesupport_c.cpython-310-x86_64-linux-gnu.so" to ""
[15.634s] -- Installing: /home/laprp/Documents/ebug-network/ros/src/install/ebug_base/lib/libebug_base__rosidl_generator_py.so
[15.634s] -- Set runtime path of "/home/laprp/Documents/ebug-network/ros/src/install/ebug_base/lib/libebug_base__rosidl_generator_py.so" to ""
[15.634s] -- Installing: /home/laprp/Documents/ebug-network/ros/src/install/ebug_base/share/ebug_base/srv/ComputeTarget.idl
[15.634s] -- Installing: /home/laprp/Documents/ebug-network/ros/src/install/ebug_base/share/ebug_base/msg/RobotPose.idl
[15.634s] -- Installing: /home/laprp/Documents/ebug-network/ros/src/install/ebug_base/share/ebug_base/msg/ControlCommand.idl
[15.634s] -- Installing: /home/laprp/Documents/ebug-network/ros/src/install/ebug_base/share/ebug_base/srv/ComputeTarget.srv
[15.634s] -- Installing: /home/laprp/Documents/ebug-network/ros/src/install/ebug_base/share/ebug_base/srv/ComputeTarget_Request.msg
[15.634s] -- Installing: /home/laprp/Documents/ebug-network/ros/src/install/ebug_base/share/ebug_base/srv/ComputeTarget_Response.msg
[15.635s] -- Installing: /home/laprp/Documents/ebug-network/ros/src/install/ebug_base/share/ebug_base/msg/RobotPose.msg
[15.635s] -- Installing: /home/laprp/Documents/ebug-network/ros/src/install/ebug_base/share/ebug_base/msg/ControlCommand.msg
[15.635s] -- Installing: /home/laprp/Documents/ebug-network/ros/src/install/ebug_base/lib/ebug_base/byte_rectifier
[15.635s] -- Set runtime path of "/home/laprp/Documents/ebug-network/ros/src/install/ebug_base/lib/ebug_base/byte_rectifier" to ""
[15.635s] -- Installing: /home/laprp/Documents/ebug-network/ros/src/install/ebug_base/lib/ebug_base/jpeg_republisher
[15.635s] -- Set runtime path of "/home/laprp/Documents/ebug-network/ros/src/install/ebug_base/lib/ebug_base/jpeg_republisher" to ""
[15.635s] -- Installing: /home/laprp/Documents/ebug-network/ros/src/install/ebug_base/lib/ebug_base/gridmap_controller
[15.636s] -- Set runtime path of "/home/laprp/Documents/ebug-network/ros/src/install/ebug_base/lib/ebug_base/gridmap_controller" to ""
[15.636s] -- Up-to-date: /home/laprp/Documents/ebug-network/ros/src/install/ebug_base/include/ebug_base
[15.636s] -- Up-to-date: /home/laprp/Documents/ebug-network/ros/src/install/ebug_base/include/ebug_base/ebug_base
[15.636s] -- Installing: /home/laprp/Documents/ebug-network/ros/src/install/ebug_base/include/ebug_base/ebug_base/gridmap_controller.hpp
[15.636s] -- Installing: /home/laprp/Documents/ebug-network/ros/src/install/ebug_base/include/ebug_base/ebug_base/jpeg_republisher.hpp
[15.636s] -- Installing: /home/laprp/Documents/ebug-network/ros/src/install/ebug_base/include/ebug_base/ebug_base/byte_rectifier.hpp
[15.636s] -- Installing: /home/laprp/Documents/ebug-network/ros/src/install/ebug_base/lib/libbyte_rectifier_component.so
[15.637s] -- Set runtime path of "/home/laprp/Documents/ebug-network/ros/src/install/ebug_base/lib/libbyte_rectifier_component.so" to ""
[15.637s] -- Installing: /home/laprp/Documents/ebug-network/ros/src/install/ebug_base/lib/libjpeg_republisher_component.so
[15.638s] -- Set runtime path of "/home/laprp/Documents/ebug-network/ros/src/install/ebug_base/lib/libjpeg_republisher_component.so" to ""
[15.638s] -- Installing: /home/laprp/Documents/ebug-network/ros/src/install/ebug_base/lib/libgridmap_controller_component.so
[15.639s] -- Set runtime path of "/home/laprp/Documents/ebug-network/ros/src/install/ebug_base/lib/libgridmap_controller_component.so" to ""
[15.639s] -- Installing: /home/laprp/Documents/ebug-network/ros/src/install/ebug_base/share/ament_index/resource_index/package_run_dependencies/ebug_base
[15.639s] -- Installing: /home/laprp/Documents/ebug-network/ros/src/install/ebug_base/share/ament_index/resource_index/parent_prefix_path/ebug_base
[15.639s] -- Installing: /home/laprp/Documents/ebug-network/ros/src/install/ebug_base/share/ebug_base/environment/ament_prefix_path.sh
[15.639s] -- Installing: /home/laprp/Documents/ebug-network/ros/src/install/ebug_base/share/ebug_base/environment/ament_prefix_path.dsv
[15.639s] -- Installing: /home/laprp/Documents/ebug-network/ros/src/install/ebug_base/share/ebug_base/environment/path.sh
[15.639s] -- Installing: /home/laprp/Documents/ebug-network/ros/src/install/ebug_base/share/ebug_base/environment/path.dsv
[15.639s] -- Installing: /home/laprp/Documents/ebug-network/ros/src/install/ebug_base/share/ebug_base/local_setup.bash
[15.639s] -- Installing: /home/laprp/Documents/ebug-network/ros/src/install/ebug_base/share/ebug_base/local_setup.sh
[15.639s] -- Installing: /home/laprp/Documents/ebug-network/ros/src/install/ebug_base/share/ebug_base/local_setup.zsh
[15.639s] -- Installing: /home/laprp/Documents/ebug-network/ros/src/install/ebug_base/share/ebug_base/local_setup.dsv
[15.639s] -- Installing: /home/laprp/Documents/ebug-network/ros/src/install/ebug_base/share/ebug_base/package.dsv
[15.639s] -- Installing: /home/laprp/Documents/ebug-network/ros/src/install/ebug_base/share/ament_index/resource_index/packages/ebug_base
[15.639s] -- Installing: /home/laprp/Documents/ebug-network/ros/src/install/ebug_base/share/ebug_base/cmake/export_ebug_base__rosidl_generator_cExport.cmake
[15.639s] -- Installing: /home/laprp/Documents/ebug-network/ros/src/install/ebug_base/share/ebug_base/cmake/export_ebug_base__rosidl_generator_cExport-release.cmake
[15.640s] -- Installing: /home/laprp/Documents/ebug-network/ros/src/install/ebug_base/share/ebug_base/cmake/export_ebug_base__rosidl_typesupport_fastrtps_cExport.cmake
[15.640s] -- Installing: /home/laprp/Documents/ebug-network/ros/src/install/ebug_base/share/ebug_base/cmake/export_ebug_base__rosidl_typesupport_fastrtps_cExport-release.cmake
[15.640s] -- Installing: /home/laprp/Documents/ebug-network/ros/src/install/ebug_base/share/ebug_base/cmake/export_ebug_base__rosidl_generator_cppExport.cmake
[15.640s] -- Installing: /home/laprp/Documents/ebug-network/ros/src/install/ebug_base/share/ebug_base/cmake/export_ebug_base__rosidl_typesupport_fastrtps_cppExport.cmake
[15.640s] -- Installing: /home/laprp/Documents/ebug-network/ros/src/install/ebug_base/share/ebug_base/cmake/export_ebug_base__rosidl_typesupport_fastrtps_cppExport-release.cmake
[15.640s] -- Installing: /home/laprp/Documents/ebug-network/ros/src/install/ebug_base/share/ebug_base/cmake/ebug_base__rosidl_typesupport_introspection_cExport.cmake
[15.640s] -- Installing: /home/laprp/Documents/ebug-network/ros/src/install/ebug_base/share/ebug_base/cmake/ebug_base__rosidl_typesupport_introspection_cExport-release.cmake
[15.640s] -- Installing: /home/laprp/Documents/ebug-network/ros/src/install/ebug_base/share/ebug_base/cmake/ebug_base__rosidl_typesupport_cExport.cmake
[15.640s] -- Installing: /home/laprp/Documents/ebug-network/ros/src/install/ebug_base/share/ebug_base/cmake/ebug_base__rosidl_typesupport_cExport-release.cmake
[15.640s] -- Installing: /home/laprp/Documents/ebug-network/ros/src/install/ebug_base/share/ebug_base/cmake/ebug_base__rosidl_typesupport_introspection_cppExport.cmake
[15.640s] -- Installing: /home/laprp/Documents/ebug-network/ros/src/install/ebug_base/share/ebug_base/cmake/ebug_base__rosidl_typesupport_introspection_cppExport-release.cmake
[15.640s] -- Installing: /home/laprp/Documents/ebug-network/ros/src/install/ebug_base/share/ebug_base/cmake/ebug_base__rosidl_typesupport_cppExport.cmake
[15.640s] -- Installing: /home/laprp/Documents/ebug-network/ros/src/install/ebug_base/share/ebug_base/cmake/ebug_base__rosidl_typesupport_cppExport-release.cmake
[15.640s] -- Installing: /home/laprp/Documents/ebug-network/ros/src/install/ebug_base/share/ebug_base/cmake/export_ebug_base__rosidl_generator_pyExport.cmake
[15.640s] -- Installing: /home/laprp/Documents/ebug-network/ros/src/install/ebug_base/share/ebug_base/cmake/export_ebug_base__rosidl_generator_pyExport-release.cmake
[15.641s] -- Installing: /home/laprp/Documents/ebug-network/ros/src/install/ebug_base/share/ament_index/resource_index/rclcpp_components/ebug_base
[15.641s] -- Installing: /home/laprp/Documents/ebug-network/ros/src/install/ebug_base/share/ebug_base/cmake/rosidl_cmake-extras.cmake
[15.641s] -- Installing: /home/laprp/Documents/ebug-network/ros/src/install/ebug_base/share/ebug_base/cmake/ament_cmake_export_dependencies-extras.cmake
[15.641s] -- Installing: /home/laprp/Documents/ebug-network/ros/src/install/ebug_base/share/ebug_base/cmake/ament_cmake_export_include_directories-extras.cmake
[15.641s] -- Installing: /home/laprp/Documents/ebug-network/ros/src/install/ebug_base/share/ebug_base/cmake/ament_cmake_export_libraries-extras.cmake
[15.641s] -- Installing: /home/laprp/Documents/ebug-network/ros/src/install/ebug_base/share/ebug_base/cmake/ament_cmake_export_targets-extras.cmake
[15.641s] -- Installing: /home/laprp/Documents/ebug-network/ros/src/install/ebug_base/share/ebug_base/cmake/rosidl_cmake_export_typesupport_targets-extras.cmake
[15.641s] -- Installing: /home/laprp/Documents/ebug-network/ros/src/install/ebug_base/share/ebug_base/cmake/rosidl_cmake_export_typesupport_libraries-extras.cmake
[15.641s] -- Installing: /home/laprp/Documents/ebug-network/ros/src/install/ebug_base/share/ebug_base/cmake/ebug_baseConfig.cmake
[15.641s] -- Installing: /home/laprp/Documents/ebug-network/ros/src/install/ebug_base/share/ebug_base/cmake/ebug_baseConfig-version.cmake
[15.641s] -- Installing: /home/laprp/Documents/ebug-network/ros/src/install/ebug_base/share/ebug_base/package.xml
[15.643s] Invoked command in '/home/laprp/Documents/ebug-network/ros/src/build/ebug_base' returned '0': CMAKE_PREFIX_PATH=/opt/ros/humble /usr/bin/cmake --install /home/laprp/Documents/ebug-network/ros/src/build/ebug_base
