/home/laprp/Documents/ebug-network/install/ebug/lib/python3.10/site-packages/ebug/BoidsService.py
/home/laprp/Documents/ebug-network/install/ebug/lib/python3.10/site-packages/ebug/PyGameDisplay.py
/home/laprp/Documents/ebug-network/install/ebug/lib/python3.10/site-packages/ebug/__init__.py
/home/laprp/Documents/ebug-network/install/ebug/lib/python3.10/site-packages/ebug/TransformConverter.py
/home/laprp/Documents/ebug-network/install/ebug/lib/python3.10/site-packages/ebug/sim_robot.py
/home/laprp/Documents/ebug-network/install/ebug/lib/python3.10/site-packages/ebug/TeleoperationController.py
/home/laprp/Documents/ebug-network/install/ebug/lib/python3.10/site-packages/ebug/DebugService.py
/home/laprp/Documents/ebug-network/install/ebug/lib/python3.10/site-packages/ebug/RobotController.py
/home/laprp/Documents/ebug-network/install/ebug/lib/python3.10/site-packages/ebug/MovementController.py
/home/laprp/Documents/ebug-network/install/ebug/lib/python3.10/site-packages/ebug/DiscoService.py
/home/laprp/Documents/ebug-network/install/ebug/lib/python3.10/site-packages/ebug/PseudoMovementController.py
/home/laprp/Documents/ebug-network/install/ebug/lib/python3.10/site-packages/ebug/util/__init__.py
/home/laprp/Documents/ebug-network/install/ebug/lib/python3.10/site-packages/ebug/util/AStar.py
/home/laprp/Documents/ebug-network/install/ebug/lib/python3.10/site-packages/ebug/util/DiscoMode.py
/home/laprp/Documents/ebug-network/install/ebug/lib/python3.10/site-packages/ebug/util/BoidsFunction.py
/home/laprp/Documents/ebug-network/install/ebug/lib/python3.10/site-packages/ebug/__pycache__/BoidsService.cpython-310.pyc
/home/laprp/Documents/ebug-network/install/ebug/lib/python3.10/site-packages/ebug/__pycache__/PyGameDisplay.cpython-310.pyc
/home/laprp/Documents/ebug-network/install/ebug/lib/python3.10/site-packages/ebug/__pycache__/__init__.cpython-310.pyc
/home/laprp/Documents/ebug-network/install/ebug/lib/python3.10/site-packages/ebug/__pycache__/TransformConverter.cpython-310.pyc
/home/laprp/Documents/ebug-network/install/ebug/lib/python3.10/site-packages/ebug/__pycache__/sim_robot.cpython-310.pyc
/home/laprp/Documents/ebug-network/install/ebug/lib/python3.10/site-packages/ebug/__pycache__/TeleoperationController.cpython-310.pyc
/home/laprp/Documents/ebug-network/install/ebug/lib/python3.10/site-packages/ebug/__pycache__/DebugService.cpython-310.pyc
/home/laprp/Documents/ebug-network/install/ebug/lib/python3.10/site-packages/ebug/__pycache__/RobotController.cpython-310.pyc
/home/laprp/Documents/ebug-network/install/ebug/lib/python3.10/site-packages/ebug/__pycache__/MovementController.cpython-310.pyc
/home/laprp/Documents/ebug-network/install/ebug/lib/python3.10/site-packages/ebug/__pycache__/DiscoService.cpython-310.pyc
/home/laprp/Documents/ebug-network/install/ebug/lib/python3.10/site-packages/ebug/__pycache__/PseudoMovementController.cpython-310.pyc
/home/laprp/Documents/ebug-network/install/ebug/lib/python3.10/site-packages/ebug/util/__pycache__/__init__.cpython-310.pyc
/home/laprp/Documents/ebug-network/install/ebug/lib/python3.10/site-packages/ebug/util/__pycache__/AStar.cpython-310.pyc
/home/laprp/Documents/ebug-network/install/ebug/lib/python3.10/site-packages/ebug/util/__pycache__/DiscoMode.cpython-310.pyc
/home/laprp/Documents/ebug-network/install/ebug/lib/python3.10/site-packages/ebug/util/__pycache__/BoidsFunction.cpython-310.pyc
/home/laprp/Documents/ebug-network/install/ebug/share/ament_index/resource_index/packages/ebug
/home/laprp/Documents/ebug-network/install/ebug/share/ebug/package.xml
/home/laprp/Documents/ebug-network/install/ebug/share/ebug/rviz/gridmap.rviz
/home/laprp/Documents/ebug-network/install/ebug/share/ebug/config/ekfAbsolute.yaml
/home/laprp/Documents/ebug-network/install/ebug/share/ebug/config/aprilTag.yaml
/home/laprp/Documents/ebug-network/install/ebug/share/ebug/config/gridmap.yaml
/home/laprp/Documents/ebug-network/install/ebug/share/ebug/config/ekfRelative.yaml
/home/laprp/Documents/ebug-network/install/ebug/share/ebug/calibration/cam_2.yaml
/home/laprp/Documents/ebug-network/install/ebug/share/ebug/calibration/cam_3.yaml
/home/laprp/Documents/ebug-network/install/ebug/share/ebug/calibration/cam_1.yaml
/home/laprp/Documents/ebug-network/install/ebug/share/ebug/calibration/cam_0.yaml
/home/laprp/Documents/ebug-network/install/ebug/share/ebug/launch/teleoperate.launch.py
/home/laprp/Documents/ebug-network/install/ebug/share/ebug/launch/agent.launch.py
/home/laprp/Documents/ebug-network/install/ebug/share/ebug/launch/visualiser.launch.py
/home/laprp/Documents/ebug-network/install/ebug/share/ebug/launch/pseudo.launch.py
/home/laprp/Documents/ebug-network/install/ebug/share/ebug/launch/gridmap.launch.py
/home/laprp/Documents/ebug-network/install/ebug/share/ebug/launch/principal.launch.py
/home/laprp/Documents/ebug-network/install/ebug/lib/python3.10/site-packages/ebug-0.0.0-py3.10.egg-info/requires.txt
/home/laprp/Documents/ebug-network/install/ebug/lib/python3.10/site-packages/ebug-0.0.0-py3.10.egg-info/dependency_links.txt
/home/laprp/Documents/ebug-network/install/ebug/lib/python3.10/site-packages/ebug-0.0.0-py3.10.egg-info/PKG-INFO
/home/laprp/Documents/ebug-network/install/ebug/lib/python3.10/site-packages/ebug-0.0.0-py3.10.egg-info/top_level.txt
/home/laprp/Documents/ebug-network/install/ebug/lib/python3.10/site-packages/ebug-0.0.0-py3.10.egg-info/entry_points.txt
/home/laprp/Documents/ebug-network/install/ebug/lib/python3.10/site-packages/ebug-0.0.0-py3.10.egg-info/zip-safe
/home/laprp/Documents/ebug-network/install/ebug/lib/python3.10/site-packages/ebug-0.0.0-py3.10.egg-info/SOURCES.txt
/home/laprp/Documents/ebug-network/install/ebug/lib/ebug/BoidsService
/home/laprp/Documents/ebug-network/install/ebug/lib/ebug/DebugService
/home/laprp/Documents/ebug-network/install/ebug/lib/ebug/DiscoService
/home/laprp/Documents/ebug-network/install/ebug/lib/ebug/MovementController
/home/laprp/Documents/ebug-network/install/ebug/lib/ebug/PseudoMovementController
/home/laprp/Documents/ebug-network/install/ebug/lib/ebug/PyGameDisplay
/home/laprp/Documents/ebug-network/install/ebug/lib/ebug/RobotController
/home/laprp/Documents/ebug-network/install/ebug/lib/ebug/TeleoperationController
/home/laprp/Documents/ebug-network/install/ebug/lib/ebug/TransformConverter
/home/laprp/Documents/ebug-network/install/ebug/lib/ebug/sim_robot
